<?xml version="1.0" encoding="UTF-8"?>
<testng-results skipped="0" failed="1" ignored="0" total="103" passed="102">
  <reporter-output>
  </reporter-output>
  <suite name="Suite" duration-ms="476194" started-at="2023-04-05T06:36:11 EDT" finished-at="2023-04-05T06:44:07 EDT">
    <groups>
      <group name="cucumber">
        <method signature="AbstractTestNGCucumberTests.runScenario(io.cucumber.testng.PickleWrapper,io.cucumber.testng.FeatureWrapper)[pri:0, instance:TestRunner.TestNGTestRunner@2a70a3d8]" name="runScenario" class="io.cucumber.testng.AbstractTestNGCucumberTests"/>
      </group> <!-- cucumber -->
    </groups>
    <test name="Test" duration-ms="476194" started-at="2023-04-05T06:36:11 EDT" finished-at="2023-04-05T06:44:07 EDT">
      <class name="TestRunner.TestNGTestRunner">
        <test-method status="PASS" signature="setUpClass(org.testng.ITestContext)[pri:0, instance:TestRunner.TestNGTestRunner@2a70a3d8]" name="setUpClass" is-config="true" duration-ms="880" started-at="2023-04-05T06:36:11 EDT" finished-at="2023-04-05T06:36:12 EDT">
          <params>
            <param index="0">
              <value>
                <![CDATA[org.testng.TestRunner@3b94d659]]>
              </value>
            </param>
          </params>
          <reporter-output>
          </reporter-output>
        </test-method> <!-- setUpClass -->
        <test-method status="PASS" signature="runScenario(io.cucumber.testng.PickleWrapper,io.cucumber.testng.FeatureWrapper)[pri:0, instance:TestRunner.TestNGTestRunner@2a70a3d8]" name="runScenario" duration-ms="6419" started-at="2023-04-05T06:36:12 EDT" description="Runs Cucumber Scenarios" data-provider="scenarios" finished-at="2023-04-05T06:36:18 EDT">
          <params>
            <param index="0">
              <value>
                <![CDATA["IR001"]]>
              </value>
            </param>
            <param index="1">
              <value>
                <![CDATA["InBoundReturn scenario check"]]>
              </value>
            </param>
          </params>
          <reporter-output>
          </reporter-output>
        </test-method> <!-- runScenario -->
        <test-method status="PASS" signature="runScenario(io.cucumber.testng.PickleWrapper,io.cucumber.testng.FeatureWrapper)[pri:0, instance:TestRunner.TestNGTestRunner@2a70a3d8]" name="runScenario" duration-ms="4345" started-at="2023-04-05T06:36:18 EDT" description="Runs Cucumber Scenarios" data-provider="scenarios" finished-at="2023-04-05T06:36:23 EDT">
          <params>
            <param index="0">
              <value>
                <![CDATA["IR002"]]>
              </value>
            </param>
            <param index="1">
              <value>
                <![CDATA["InBoundReturn scenario check"]]>
              </value>
            </param>
          </params>
          <reporter-output>
          </reporter-output>
        </test-method> <!-- runScenario -->
        <test-method status="PASS" signature="runScenario(io.cucumber.testng.PickleWrapper,io.cucumber.testng.FeatureWrapper)[pri:0, instance:TestRunner.TestNGTestRunner@2a70a3d8]" name="runScenario" duration-ms="4456" started-at="2023-04-05T06:36:23 EDT" description="Runs Cucumber Scenarios" data-provider="scenarios" finished-at="2023-04-05T06:36:27 EDT">
          <params>
            <param index="0">
              <value>
                <![CDATA["IR006 to IR0036"]]>
              </value>
            </param>
            <param index="1">
              <value>
                <![CDATA["InBoundReturn scenario check"]]>
              </value>
            </param>
          </params>
          <reporter-output>
          </reporter-output>
        </test-method> <!-- runScenario -->
        <test-method status="PASS" signature="runScenario(io.cucumber.testng.PickleWrapper,io.cucumber.testng.FeatureWrapper)[pri:0, instance:TestRunner.TestNGTestRunner@2a70a3d8]" name="runScenario" duration-ms="4625" started-at="2023-04-05T06:36:27 EDT" description="Runs Cucumber Scenarios" data-provider="scenarios" finished-at="2023-04-05T06:36:32 EDT">
          <params>
            <param index="0">
              <value>
                <![CDATA["IR006 to IR0036"]]>
              </value>
            </param>
            <param index="1">
              <value>
                <![CDATA["InBoundReturn scenario check"]]>
              </value>
            </param>
          </params>
          <reporter-output>
          </reporter-output>
        </test-method> <!-- runScenario -->
        <test-method status="PASS" signature="runScenario(io.cucumber.testng.PickleWrapper,io.cucumber.testng.FeatureWrapper)[pri:0, instance:TestRunner.TestNGTestRunner@2a70a3d8]" name="runScenario" duration-ms="4474" started-at="2023-04-05T06:36:32 EDT" description="Runs Cucumber Scenarios" data-provider="scenarios" finished-at="2023-04-05T06:36:36 EDT">
          <params>
            <param index="0">
              <value>
                <![CDATA["IR006 to IR0036"]]>
              </value>
            </param>
            <param index="1">
              <value>
                <![CDATA["InBoundReturn scenario check"]]>
              </value>
            </param>
          </params>
          <reporter-output>
          </reporter-output>
        </test-method> <!-- runScenario -->
        <test-method status="PASS" signature="runScenario(io.cucumber.testng.PickleWrapper,io.cucumber.testng.FeatureWrapper)[pri:0, instance:TestRunner.TestNGTestRunner@2a70a3d8]" name="runScenario" duration-ms="4881" started-at="2023-04-05T06:36:36 EDT" description="Runs Cucumber Scenarios" data-provider="scenarios" finished-at="2023-04-05T06:36:41 EDT">
          <params>
            <param index="0">
              <value>
                <![CDATA["IR006 to IR0036"]]>
              </value>
            </param>
            <param index="1">
              <value>
                <![CDATA["InBoundReturn scenario check"]]>
              </value>
            </param>
          </params>
          <reporter-output>
          </reporter-output>
        </test-method> <!-- runScenario -->
        <test-method status="PASS" signature="runScenario(io.cucumber.testng.PickleWrapper,io.cucumber.testng.FeatureWrapper)[pri:0, instance:TestRunner.TestNGTestRunner@2a70a3d8]" name="runScenario" duration-ms="4168" started-at="2023-04-05T06:36:41 EDT" description="Runs Cucumber Scenarios" data-provider="scenarios" finished-at="2023-04-05T06:36:45 EDT">
          <params>
            <param index="0">
              <value>
                <![CDATA["IR006 to IR0036"]]>
              </value>
            </param>
            <param index="1">
              <value>
                <![CDATA["InBoundReturn scenario check"]]>
              </value>
            </param>
          </params>
          <reporter-output>
          </reporter-output>
        </test-method> <!-- runScenario -->
        <test-method status="PASS" signature="runScenario(io.cucumber.testng.PickleWrapper,io.cucumber.testng.FeatureWrapper)[pri:0, instance:TestRunner.TestNGTestRunner@2a70a3d8]" name="runScenario" duration-ms="4565" started-at="2023-04-05T06:36:45 EDT" description="Runs Cucumber Scenarios" data-provider="scenarios" finished-at="2023-04-05T06:36:50 EDT">
          <params>
            <param index="0">
              <value>
                <![CDATA["IR006 to IR0036"]]>
              </value>
            </param>
            <param index="1">
              <value>
                <![CDATA["InBoundReturn scenario check"]]>
              </value>
            </param>
          </params>
          <reporter-output>
          </reporter-output>
        </test-method> <!-- runScenario -->
        <test-method status="PASS" signature="runScenario(io.cucumber.testng.PickleWrapper,io.cucumber.testng.FeatureWrapper)[pri:0, instance:TestRunner.TestNGTestRunner@2a70a3d8]" name="runScenario" duration-ms="5562" started-at="2023-04-05T06:36:50 EDT" description="Runs Cucumber Scenarios" data-provider="scenarios" finished-at="2023-04-05T06:36:55 EDT">
          <params>
            <param index="0">
              <value>
                <![CDATA["IR006 to IR0036"]]>
              </value>
            </param>
            <param index="1">
              <value>
                <![CDATA["InBoundReturn scenario check"]]>
              </value>
            </param>
          </params>
          <reporter-output>
          </reporter-output>
        </test-method> <!-- runScenario -->
        <test-method status="PASS" signature="runScenario(io.cucumber.testng.PickleWrapper,io.cucumber.testng.FeatureWrapper)[pri:0, instance:TestRunner.TestNGTestRunner@2a70a3d8]" name="runScenario" duration-ms="4428" started-at="2023-04-05T06:36:55 EDT" description="Runs Cucumber Scenarios" data-provider="scenarios" finished-at="2023-04-05T06:37:00 EDT">
          <params>
            <param index="0">
              <value>
                <![CDATA["IR006 to IR0036"]]>
              </value>
            </param>
            <param index="1">
              <value>
                <![CDATA["InBoundReturn scenario check"]]>
              </value>
            </param>
          </params>
          <reporter-output>
          </reporter-output>
        </test-method> <!-- runScenario -->
        <test-method status="PASS" signature="runScenario(io.cucumber.testng.PickleWrapper,io.cucumber.testng.FeatureWrapper)[pri:0, instance:TestRunner.TestNGTestRunner@2a70a3d8]" name="runScenario" duration-ms="5026" started-at="2023-04-05T06:37:00 EDT" description="Runs Cucumber Scenarios" data-provider="scenarios" finished-at="2023-04-05T06:37:05 EDT">
          <params>
            <param index="0">
              <value>
                <![CDATA["IR006 to IR0036"]]>
              </value>
            </param>
            <param index="1">
              <value>
                <![CDATA["InBoundReturn scenario check"]]>
              </value>
            </param>
          </params>
          <reporter-output>
          </reporter-output>
        </test-method> <!-- runScenario -->
        <test-method status="PASS" signature="runScenario(io.cucumber.testng.PickleWrapper,io.cucumber.testng.FeatureWrapper)[pri:0, instance:TestRunner.TestNGTestRunner@2a70a3d8]" name="runScenario" duration-ms="5125" started-at="2023-04-05T06:37:05 EDT" description="Runs Cucumber Scenarios" data-provider="scenarios" finished-at="2023-04-05T06:37:10 EDT">
          <params>
            <param index="0">
              <value>
                <![CDATA["IR006 to IR0036"]]>
              </value>
            </param>
            <param index="1">
              <value>
                <![CDATA["InBoundReturn scenario check"]]>
              </value>
            </param>
          </params>
          <reporter-output>
          </reporter-output>
        </test-method> <!-- runScenario -->
        <test-method status="PASS" signature="runScenario(io.cucumber.testng.PickleWrapper,io.cucumber.testng.FeatureWrapper)[pri:0, instance:TestRunner.TestNGTestRunner@2a70a3d8]" name="runScenario" duration-ms="4567" started-at="2023-04-05T06:37:10 EDT" description="Runs Cucumber Scenarios" data-provider="scenarios" finished-at="2023-04-05T06:37:15 EDT">
          <params>
            <param index="0">
              <value>
                <![CDATA["IR006 to IR0036"]]>
              </value>
            </param>
            <param index="1">
              <value>
                <![CDATA["InBoundReturn scenario check"]]>
              </value>
            </param>
          </params>
          <reporter-output>
          </reporter-output>
        </test-method> <!-- runScenario -->
        <test-method status="PASS" signature="runScenario(io.cucumber.testng.PickleWrapper,io.cucumber.testng.FeatureWrapper)[pri:0, instance:TestRunner.TestNGTestRunner@2a70a3d8]" name="runScenario" duration-ms="5388" started-at="2023-04-05T06:37:15 EDT" description="Runs Cucumber Scenarios" data-provider="scenarios" finished-at="2023-04-05T06:37:20 EDT">
          <params>
            <param index="0">
              <value>
                <![CDATA["IR006 to IR0036"]]>
              </value>
            </param>
            <param index="1">
              <value>
                <![CDATA["InBoundReturn scenario check"]]>
              </value>
            </param>
          </params>
          <reporter-output>
          </reporter-output>
        </test-method> <!-- runScenario -->
        <test-method status="PASS" signature="runScenario(io.cucumber.testng.PickleWrapper,io.cucumber.testng.FeatureWrapper)[pri:0, instance:TestRunner.TestNGTestRunner@2a70a3d8]" name="runScenario" duration-ms="4167" started-at="2023-04-05T06:37:20 EDT" description="Runs Cucumber Scenarios" data-provider="scenarios" finished-at="2023-04-05T06:37:24 EDT">
          <params>
            <param index="0">
              <value>
                <![CDATA["IR006 to IR0036"]]>
              </value>
            </param>
            <param index="1">
              <value>
                <![CDATA["InBoundReturn scenario check"]]>
              </value>
            </param>
          </params>
          <reporter-output>
          </reporter-output>
        </test-method> <!-- runScenario -->
        <test-method status="PASS" signature="runScenario(io.cucumber.testng.PickleWrapper,io.cucumber.testng.FeatureWrapper)[pri:0, instance:TestRunner.TestNGTestRunner@2a70a3d8]" name="runScenario" duration-ms="4875" started-at="2023-04-05T06:37:24 EDT" description="Runs Cucumber Scenarios" data-provider="scenarios" finished-at="2023-04-05T06:37:29 EDT">
          <params>
            <param index="0">
              <value>
                <![CDATA["IR006 to IR0036"]]>
              </value>
            </param>
            <param index="1">
              <value>
                <![CDATA["InBoundReturn scenario check"]]>
              </value>
            </param>
          </params>
          <reporter-output>
          </reporter-output>
        </test-method> <!-- runScenario -->
        <test-method status="PASS" signature="runScenario(io.cucumber.testng.PickleWrapper,io.cucumber.testng.FeatureWrapper)[pri:0, instance:TestRunner.TestNGTestRunner@2a70a3d8]" name="runScenario" duration-ms="5716" started-at="2023-04-05T06:37:29 EDT" description="Runs Cucumber Scenarios" data-provider="scenarios" finished-at="2023-04-05T06:37:35 EDT">
          <params>
            <param index="0">
              <value>
                <![CDATA["IR006 to IR0036"]]>
              </value>
            </param>
            <param index="1">
              <value>
                <![CDATA["InBoundReturn scenario check"]]>
              </value>
            </param>
          </params>
          <reporter-output>
          </reporter-output>
        </test-method> <!-- runScenario -->
        <test-method status="PASS" signature="runScenario(io.cucumber.testng.PickleWrapper,io.cucumber.testng.FeatureWrapper)[pri:0, instance:TestRunner.TestNGTestRunner@2a70a3d8]" name="runScenario" duration-ms="4343" started-at="2023-04-05T06:37:35 EDT" description="Runs Cucumber Scenarios" data-provider="scenarios" finished-at="2023-04-05T06:37:39 EDT">
          <params>
            <param index="0">
              <value>
                <![CDATA["IR006 to IR0036"]]>
              </value>
            </param>
            <param index="1">
              <value>
                <![CDATA["InBoundReturn scenario check"]]>
              </value>
            </param>
          </params>
          <reporter-output>
          </reporter-output>
        </test-method> <!-- runScenario -->
        <test-method status="PASS" signature="runScenario(io.cucumber.testng.PickleWrapper,io.cucumber.testng.FeatureWrapper)[pri:0, instance:TestRunner.TestNGTestRunner@2a70a3d8]" name="runScenario" duration-ms="4162" started-at="2023-04-05T06:37:39 EDT" description="Runs Cucumber Scenarios" data-provider="scenarios" finished-at="2023-04-05T06:37:43 EDT">
          <params>
            <param index="0">
              <value>
                <![CDATA["IR006 to IR0036"]]>
              </value>
            </param>
            <param index="1">
              <value>
                <![CDATA["InBoundReturn scenario check"]]>
              </value>
            </param>
          </params>
          <reporter-output>
          </reporter-output>
        </test-method> <!-- runScenario -->
        <test-method status="PASS" signature="runScenario(io.cucumber.testng.PickleWrapper,io.cucumber.testng.FeatureWrapper)[pri:0, instance:TestRunner.TestNGTestRunner@2a70a3d8]" name="runScenario" duration-ms="4294" started-at="2023-04-05T06:37:43 EDT" description="Runs Cucumber Scenarios" data-provider="scenarios" finished-at="2023-04-05T06:37:48 EDT">
          <params>
            <param index="0">
              <value>
                <![CDATA["IR006 to IR0036"]]>
              </value>
            </param>
            <param index="1">
              <value>
                <![CDATA["InBoundReturn scenario check"]]>
              </value>
            </param>
          </params>
          <reporter-output>
          </reporter-output>
        </test-method> <!-- runScenario -->
        <test-method status="PASS" signature="runScenario(io.cucumber.testng.PickleWrapper,io.cucumber.testng.FeatureWrapper)[pri:0, instance:TestRunner.TestNGTestRunner@2a70a3d8]" name="runScenario" duration-ms="4322" started-at="2023-04-05T06:37:48 EDT" description="Runs Cucumber Scenarios" data-provider="scenarios" finished-at="2023-04-05T06:37:52 EDT">
          <params>
            <param index="0">
              <value>
                <![CDATA["IR006 to IR0036"]]>
              </value>
            </param>
            <param index="1">
              <value>
                <![CDATA["InBoundReturn scenario check"]]>
              </value>
            </param>
          </params>
          <reporter-output>
          </reporter-output>
        </test-method> <!-- runScenario -->
        <test-method status="PASS" signature="runScenario(io.cucumber.testng.PickleWrapper,io.cucumber.testng.FeatureWrapper)[pri:0, instance:TestRunner.TestNGTestRunner@2a70a3d8]" name="runScenario" duration-ms="4511" started-at="2023-04-05T06:37:52 EDT" description="Runs Cucumber Scenarios" data-provider="scenarios" finished-at="2023-04-05T06:37:56 EDT">
          <params>
            <param index="0">
              <value>
                <![CDATA["IR006 to IR0036"]]>
              </value>
            </param>
            <param index="1">
              <value>
                <![CDATA["InBoundReturn scenario check"]]>
              </value>
            </param>
          </params>
          <reporter-output>
          </reporter-output>
        </test-method> <!-- runScenario -->
        <test-method status="PASS" signature="runScenario(io.cucumber.testng.PickleWrapper,io.cucumber.testng.FeatureWrapper)[pri:0, instance:TestRunner.TestNGTestRunner@2a70a3d8]" name="runScenario" duration-ms="4207" started-at="2023-04-05T06:37:56 EDT" description="Runs Cucumber Scenarios" data-provider="scenarios" finished-at="2023-04-05T06:38:01 EDT">
          <params>
            <param index="0">
              <value>
                <![CDATA["IR006 to IR0036"]]>
              </value>
            </param>
            <param index="1">
              <value>
                <![CDATA["InBoundReturn scenario check"]]>
              </value>
            </param>
          </params>
          <reporter-output>
          </reporter-output>
        </test-method> <!-- runScenario -->
        <test-method status="PASS" signature="runScenario(io.cucumber.testng.PickleWrapper,io.cucumber.testng.FeatureWrapper)[pri:0, instance:TestRunner.TestNGTestRunner@2a70a3d8]" name="runScenario" duration-ms="4316" started-at="2023-04-05T06:38:01 EDT" description="Runs Cucumber Scenarios" data-provider="scenarios" finished-at="2023-04-05T06:38:05 EDT">
          <params>
            <param index="0">
              <value>
                <![CDATA["IR006 to IR0036"]]>
              </value>
            </param>
            <param index="1">
              <value>
                <![CDATA["InBoundReturn scenario check"]]>
              </value>
            </param>
          </params>
          <reporter-output>
          </reporter-output>
        </test-method> <!-- runScenario -->
        <test-method status="PASS" signature="runScenario(io.cucumber.testng.PickleWrapper,io.cucumber.testng.FeatureWrapper)[pri:0, instance:TestRunner.TestNGTestRunner@2a70a3d8]" name="runScenario" duration-ms="6412" started-at="2023-04-05T06:38:05 EDT" description="Runs Cucumber Scenarios" data-provider="scenarios" finished-at="2023-04-05T06:38:11 EDT">
          <params>
            <param index="0">
              <value>
                <![CDATA["IC001"]]>
              </value>
            </param>
            <param index="1">
              <value>
                <![CDATA["InReturn Cashletters scenario check"]]>
              </value>
            </param>
          </params>
          <reporter-output>
          </reporter-output>
        </test-method> <!-- runScenario -->
        <test-method status="PASS" signature="runScenario(io.cucumber.testng.PickleWrapper,io.cucumber.testng.FeatureWrapper)[pri:0, instance:TestRunner.TestNGTestRunner@2a70a3d8]" name="runScenario" duration-ms="4085" started-at="2023-04-05T06:38:11 EDT" description="Runs Cucumber Scenarios" data-provider="scenarios" finished-at="2023-04-05T06:38:15 EDT">
          <params>
            <param index="0">
              <value>
                <![CDATA["IC002"]]>
              </value>
            </param>
            <param index="1">
              <value>
                <![CDATA["InReturn Cashletters scenario check"]]>
              </value>
            </param>
          </params>
          <reporter-output>
          </reporter-output>
        </test-method> <!-- runScenario -->
        <test-method status="PASS" signature="runScenario(io.cucumber.testng.PickleWrapper,io.cucumber.testng.FeatureWrapper)[pri:0, instance:TestRunner.TestNGTestRunner@2a70a3d8]" name="runScenario" duration-ms="4288" started-at="2023-04-05T06:38:15 EDT" description="Runs Cucumber Scenarios" data-provider="scenarios" finished-at="2023-04-05T06:38:20 EDT">
          <params>
            <param index="0">
              <value>
                <![CDATA["IC003"]]>
              </value>
            </param>
            <param index="1">
              <value>
                <![CDATA["InReturn Cashletters scenario check"]]>
              </value>
            </param>
          </params>
          <reporter-output>
          </reporter-output>
        </test-method> <!-- runScenario -->
        <test-method status="PASS" signature="runScenario(io.cucumber.testng.PickleWrapper,io.cucumber.testng.FeatureWrapper)[pri:0, instance:TestRunner.TestNGTestRunner@2a70a3d8]" name="runScenario" duration-ms="5047" started-at="2023-04-05T06:38:20 EDT" description="Runs Cucumber Scenarios" data-provider="scenarios" finished-at="2023-04-05T06:38:25 EDT">
          <params>
            <param index="0">
              <value>
                <![CDATA["IC004 IC005"]]>
              </value>
            </param>
            <param index="1">
              <value>
                <![CDATA["InReturn Cashletters scenario check"]]>
              </value>
            </param>
          </params>
          <reporter-output>
          </reporter-output>
        </test-method> <!-- runScenario -->
        <test-method status="PASS" signature="runScenario(io.cucumber.testng.PickleWrapper,io.cucumber.testng.FeatureWrapper)[pri:0, instance:TestRunner.TestNGTestRunner@2a70a3d8]" name="runScenario" duration-ms="4618" started-at="2023-04-05T06:38:25 EDT" description="Runs Cucumber Scenarios" data-provider="scenarios" finished-at="2023-04-05T06:38:29 EDT">
          <params>
            <param index="0">
              <value>
                <![CDATA["IC0033"]]>
              </value>
            </param>
            <param index="1">
              <value>
                <![CDATA["InReturn Cashletters scenario check"]]>
              </value>
            </param>
          </params>
          <reporter-output>
          </reporter-output>
        </test-method> <!-- runScenario -->
        <test-method status="PASS" signature="runScenario(io.cucumber.testng.PickleWrapper,io.cucumber.testng.FeatureWrapper)[pri:0, instance:TestRunner.TestNGTestRunner@2a70a3d8]" name="runScenario" duration-ms="5467" started-at="2023-04-05T06:38:29 EDT" description="Runs Cucumber Scenarios" data-provider="scenarios" finished-at="2023-04-05T06:38:35 EDT">
          <params>
            <param index="0">
              <value>
                <![CDATA["IC0034"]]>
              </value>
            </param>
            <param index="1">
              <value>
                <![CDATA["InReturn Cashletters scenario check"]]>
              </value>
            </param>
          </params>
          <reporter-output>
          </reporter-output>
        </test-method> <!-- runScenario -->
        <test-method status="PASS" signature="runScenario(io.cucumber.testng.PickleWrapper,io.cucumber.testng.FeatureWrapper)[pri:0, instance:TestRunner.TestNGTestRunner@2a70a3d8]" name="runScenario" duration-ms="4269" started-at="2023-04-05T06:38:35 EDT" description="Runs Cucumber Scenarios" data-provider="scenarios" finished-at="2023-04-05T06:38:39 EDT">
          <params>
            <param index="0">
              <value>
                <![CDATA["IC0035"]]>
              </value>
            </param>
            <param index="1">
              <value>
                <![CDATA["InReturn Cashletters scenario check"]]>
              </value>
            </param>
          </params>
          <reporter-output>
          </reporter-output>
        </test-method> <!-- runScenario -->
        <test-method status="PASS" signature="runScenario(io.cucumber.testng.PickleWrapper,io.cucumber.testng.FeatureWrapper)[pri:0, instance:TestRunner.TestNGTestRunner@2a70a3d8]" name="runScenario" duration-ms="4519" started-at="2023-04-05T06:38:39 EDT" description="Runs Cucumber Scenarios" data-provider="scenarios" finished-at="2023-04-05T06:38:44 EDT">
          <params>
            <param index="0">
              <value>
                <![CDATA["IC038"]]>
              </value>
            </param>
            <param index="1">
              <value>
                <![CDATA["InReturn Cashletters scenario check"]]>
              </value>
            </param>
          </params>
          <reporter-output>
          </reporter-output>
        </test-method> <!-- runScenario -->
        <test-method status="PASS" signature="runScenario(io.cucumber.testng.PickleWrapper,io.cucumber.testng.FeatureWrapper)[pri:0, instance:TestRunner.TestNGTestRunner@2a70a3d8]" name="runScenario" duration-ms="4186" started-at="2023-04-05T06:38:44 EDT" description="Runs Cucumber Scenarios" data-provider="scenarios" finished-at="2023-04-05T06:38:48 EDT">
          <params>
            <param index="0">
              <value>
                <![CDATA["IC006 to IC0036"]]>
              </value>
            </param>
            <param index="1">
              <value>
                <![CDATA["InReturn Cashletters scenario check"]]>
              </value>
            </param>
          </params>
          <reporter-output>
          </reporter-output>
        </test-method> <!-- runScenario -->
        <test-method status="PASS" signature="runScenario(io.cucumber.testng.PickleWrapper,io.cucumber.testng.FeatureWrapper)[pri:0, instance:TestRunner.TestNGTestRunner@2a70a3d8]" name="runScenario" duration-ms="4038" started-at="2023-04-05T06:38:48 EDT" description="Runs Cucumber Scenarios" data-provider="scenarios" finished-at="2023-04-05T06:38:52 EDT">
          <params>
            <param index="0">
              <value>
                <![CDATA["IC006 to IC0036"]]>
              </value>
            </param>
            <param index="1">
              <value>
                <![CDATA["InReturn Cashletters scenario check"]]>
              </value>
            </param>
          </params>
          <reporter-output>
          </reporter-output>
        </test-method> <!-- runScenario -->
        <test-method status="PASS" signature="runScenario(io.cucumber.testng.PickleWrapper,io.cucumber.testng.FeatureWrapper)[pri:0, instance:TestRunner.TestNGTestRunner@2a70a3d8]" name="runScenario" duration-ms="4378" started-at="2023-04-05T06:38:52 EDT" description="Runs Cucumber Scenarios" data-provider="scenarios" finished-at="2023-04-05T06:38:56 EDT">
          <params>
            <param index="0">
              <value>
                <![CDATA["IC006 to IC0036"]]>
              </value>
            </param>
            <param index="1">
              <value>
                <![CDATA["InReturn Cashletters scenario check"]]>
              </value>
            </param>
          </params>
          <reporter-output>
          </reporter-output>
        </test-method> <!-- runScenario -->
        <test-method status="PASS" signature="runScenario(io.cucumber.testng.PickleWrapper,io.cucumber.testng.FeatureWrapper)[pri:0, instance:TestRunner.TestNGTestRunner@2a70a3d8]" name="runScenario" duration-ms="4564" started-at="2023-04-05T06:38:56 EDT" description="Runs Cucumber Scenarios" data-provider="scenarios" finished-at="2023-04-05T06:39:01 EDT">
          <params>
            <param index="0">
              <value>
                <![CDATA["IC006 to IC0036"]]>
              </value>
            </param>
            <param index="1">
              <value>
                <![CDATA["InReturn Cashletters scenario check"]]>
              </value>
            </param>
          </params>
          <reporter-output>
          </reporter-output>
        </test-method> <!-- runScenario -->
        <test-method status="PASS" signature="runScenario(io.cucumber.testng.PickleWrapper,io.cucumber.testng.FeatureWrapper)[pri:0, instance:TestRunner.TestNGTestRunner@2a70a3d8]" name="runScenario" duration-ms="4890" started-at="2023-04-05T06:39:01 EDT" description="Runs Cucumber Scenarios" data-provider="scenarios" finished-at="2023-04-05T06:39:06 EDT">
          <params>
            <param index="0">
              <value>
                <![CDATA["IC006 to IC0036"]]>
              </value>
            </param>
            <param index="1">
              <value>
                <![CDATA["InReturn Cashletters scenario check"]]>
              </value>
            </param>
          </params>
          <reporter-output>
          </reporter-output>
        </test-method> <!-- runScenario -->
        <test-method status="PASS" signature="runScenario(io.cucumber.testng.PickleWrapper,io.cucumber.testng.FeatureWrapper)[pri:0, instance:TestRunner.TestNGTestRunner@2a70a3d8]" name="runScenario" duration-ms="5011" started-at="2023-04-05T06:39:06 EDT" description="Runs Cucumber Scenarios" data-provider="scenarios" finished-at="2023-04-05T06:39:11 EDT">
          <params>
            <param index="0">
              <value>
                <![CDATA["IC006 to IC0036"]]>
              </value>
            </param>
            <param index="1">
              <value>
                <![CDATA["InReturn Cashletters scenario check"]]>
              </value>
            </param>
          </params>
          <reporter-output>
          </reporter-output>
        </test-method> <!-- runScenario -->
        <test-method status="PASS" signature="runScenario(io.cucumber.testng.PickleWrapper,io.cucumber.testng.FeatureWrapper)[pri:0, instance:TestRunner.TestNGTestRunner@2a70a3d8]" name="runScenario" duration-ms="4132" started-at="2023-04-05T06:39:11 EDT" description="Runs Cucumber Scenarios" data-provider="scenarios" finished-at="2023-04-05T06:39:15 EDT">
          <params>
            <param index="0">
              <value>
                <![CDATA["IC006 to IC0036"]]>
              </value>
            </param>
            <param index="1">
              <value>
                <![CDATA["InReturn Cashletters scenario check"]]>
              </value>
            </param>
          </params>
          <reporter-output>
          </reporter-output>
        </test-method> <!-- runScenario -->
        <test-method status="PASS" signature="runScenario(io.cucumber.testng.PickleWrapper,io.cucumber.testng.FeatureWrapper)[pri:0, instance:TestRunner.TestNGTestRunner@2a70a3d8]" name="runScenario" duration-ms="4158" started-at="2023-04-05T06:39:15 EDT" description="Runs Cucumber Scenarios" data-provider="scenarios" finished-at="2023-04-05T06:39:19 EDT">
          <params>
            <param index="0">
              <value>
                <![CDATA["IC006 to IC0036"]]>
              </value>
            </param>
            <param index="1">
              <value>
                <![CDATA["InReturn Cashletters scenario check"]]>
              </value>
            </param>
          </params>
          <reporter-output>
          </reporter-output>
        </test-method> <!-- runScenario -->
        <test-method status="PASS" signature="runScenario(io.cucumber.testng.PickleWrapper,io.cucumber.testng.FeatureWrapper)[pri:0, instance:TestRunner.TestNGTestRunner@2a70a3d8]" name="runScenario" duration-ms="5079" started-at="2023-04-05T06:39:19 EDT" description="Runs Cucumber Scenarios" data-provider="scenarios" finished-at="2023-04-05T06:39:24 EDT">
          <params>
            <param index="0">
              <value>
                <![CDATA["IC006 to IC0036"]]>
              </value>
            </param>
            <param index="1">
              <value>
                <![CDATA["InReturn Cashletters scenario check"]]>
              </value>
            </param>
          </params>
          <reporter-output>
          </reporter-output>
        </test-method> <!-- runScenario -->
        <test-method status="PASS" signature="runScenario(io.cucumber.testng.PickleWrapper,io.cucumber.testng.FeatureWrapper)[pri:0, instance:TestRunner.TestNGTestRunner@2a70a3d8]" name="runScenario" duration-ms="4075" started-at="2023-04-05T06:39:24 EDT" description="Runs Cucumber Scenarios" data-provider="scenarios" finished-at="2023-04-05T06:39:28 EDT">
          <params>
            <param index="0">
              <value>
                <![CDATA["IC006 to IC0036"]]>
              </value>
            </param>
            <param index="1">
              <value>
                <![CDATA["InReturn Cashletters scenario check"]]>
              </value>
            </param>
          </params>
          <reporter-output>
          </reporter-output>
        </test-method> <!-- runScenario -->
        <test-method status="PASS" signature="runScenario(io.cucumber.testng.PickleWrapper,io.cucumber.testng.FeatureWrapper)[pri:0, instance:TestRunner.TestNGTestRunner@2a70a3d8]" name="runScenario" duration-ms="4047" started-at="2023-04-05T06:39:28 EDT" description="Runs Cucumber Scenarios" data-provider="scenarios" finished-at="2023-04-05T06:39:32 EDT">
          <params>
            <param index="0">
              <value>
                <![CDATA["IC006 to IC0036"]]>
              </value>
            </param>
            <param index="1">
              <value>
                <![CDATA["InReturn Cashletters scenario check"]]>
              </value>
            </param>
          </params>
          <reporter-output>
          </reporter-output>
        </test-method> <!-- runScenario -->
        <test-method status="PASS" signature="runScenario(io.cucumber.testng.PickleWrapper,io.cucumber.testng.FeatureWrapper)[pri:0, instance:TestRunner.TestNGTestRunner@2a70a3d8]" name="runScenario" duration-ms="4329" started-at="2023-04-05T06:39:32 EDT" description="Runs Cucumber Scenarios" data-provider="scenarios" finished-at="2023-04-05T06:39:37 EDT">
          <params>
            <param index="0">
              <value>
                <![CDATA["IC006 to IC0036"]]>
              </value>
            </param>
            <param index="1">
              <value>
                <![CDATA["InReturn Cashletters scenario check"]]>
              </value>
            </param>
          </params>
          <reporter-output>
          </reporter-output>
        </test-method> <!-- runScenario -->
        <test-method status="PASS" signature="runScenario(io.cucumber.testng.PickleWrapper,io.cucumber.testng.FeatureWrapper)[pri:0, instance:TestRunner.TestNGTestRunner@2a70a3d8]" name="runScenario" duration-ms="4046" started-at="2023-04-05T06:39:37 EDT" description="Runs Cucumber Scenarios" data-provider="scenarios" finished-at="2023-04-05T06:39:41 EDT">
          <params>
            <param index="0">
              <value>
                <![CDATA["IC006 to IC0036"]]>
              </value>
            </param>
            <param index="1">
              <value>
                <![CDATA["InReturn Cashletters scenario check"]]>
              </value>
            </param>
          </params>
          <reporter-output>
          </reporter-output>
        </test-method> <!-- runScenario -->
        <test-method status="PASS" signature="runScenario(io.cucumber.testng.PickleWrapper,io.cucumber.testng.FeatureWrapper)[pri:0, instance:TestRunner.TestNGTestRunner@2a70a3d8]" name="runScenario" duration-ms="4087" started-at="2023-04-05T06:39:41 EDT" description="Runs Cucumber Scenarios" data-provider="scenarios" finished-at="2023-04-05T06:39:45 EDT">
          <params>
            <param index="0">
              <value>
                <![CDATA["IC006 to IC0036"]]>
              </value>
            </param>
            <param index="1">
              <value>
                <![CDATA["InReturn Cashletters scenario check"]]>
              </value>
            </param>
          </params>
          <reporter-output>
          </reporter-output>
        </test-method> <!-- runScenario -->
        <test-method status="PASS" signature="runScenario(io.cucumber.testng.PickleWrapper,io.cucumber.testng.FeatureWrapper)[pri:0, instance:TestRunner.TestNGTestRunner@2a70a3d8]" name="runScenario" duration-ms="4490" started-at="2023-04-05T06:39:45 EDT" description="Runs Cucumber Scenarios" data-provider="scenarios" finished-at="2023-04-05T06:39:49 EDT">
          <params>
            <param index="0">
              <value>
                <![CDATA["IC006 to IC0036"]]>
              </value>
            </param>
            <param index="1">
              <value>
                <![CDATA["InReturn Cashletters scenario check"]]>
              </value>
            </param>
          </params>
          <reporter-output>
          </reporter-output>
        </test-method> <!-- runScenario -->
        <test-method status="PASS" signature="runScenario(io.cucumber.testng.PickleWrapper,io.cucumber.testng.FeatureWrapper)[pri:0, instance:TestRunner.TestNGTestRunner@2a70a3d8]" name="runScenario" duration-ms="4194" started-at="2023-04-05T06:39:49 EDT" description="Runs Cucumber Scenarios" data-provider="scenarios" finished-at="2023-04-05T06:39:53 EDT">
          <params>
            <param index="0">
              <value>
                <![CDATA["IC006 to IC0036"]]>
              </value>
            </param>
            <param index="1">
              <value>
                <![CDATA["InReturn Cashletters scenario check"]]>
              </value>
            </param>
          </params>
          <reporter-output>
          </reporter-output>
        </test-method> <!-- runScenario -->
        <test-method status="PASS" signature="runScenario(io.cucumber.testng.PickleWrapper,io.cucumber.testng.FeatureWrapper)[pri:0, instance:TestRunner.TestNGTestRunner@2a70a3d8]" name="runScenario" duration-ms="4558" started-at="2023-04-05T06:39:53 EDT" description="Runs Cucumber Scenarios" data-provider="scenarios" finished-at="2023-04-05T06:39:58 EDT">
          <params>
            <param index="0">
              <value>
                <![CDATA["IC006 to IC0036"]]>
              </value>
            </param>
            <param index="1">
              <value>
                <![CDATA["InReturn Cashletters scenario check"]]>
              </value>
            </param>
          </params>
          <reporter-output>
          </reporter-output>
        </test-method> <!-- runScenario -->
        <test-method status="PASS" signature="runScenario(io.cucumber.testng.PickleWrapper,io.cucumber.testng.FeatureWrapper)[pri:0, instance:TestRunner.TestNGTestRunner@2a70a3d8]" name="runScenario" duration-ms="4670" started-at="2023-04-05T06:39:58 EDT" description="Runs Cucumber Scenarios" data-provider="scenarios" finished-at="2023-04-05T06:40:03 EDT">
          <params>
            <param index="0">
              <value>
                <![CDATA["IC006 to IC0036"]]>
              </value>
            </param>
            <param index="1">
              <value>
                <![CDATA["InReturn Cashletters scenario check"]]>
              </value>
            </param>
          </params>
          <reporter-output>
          </reporter-output>
        </test-method> <!-- runScenario -->
        <test-method status="PASS" signature="runScenario(io.cucumber.testng.PickleWrapper,io.cucumber.testng.FeatureWrapper)[pri:0, instance:TestRunner.TestNGTestRunner@2a70a3d8]" name="runScenario" duration-ms="4564" started-at="2023-04-05T06:40:03 EDT" description="Runs Cucumber Scenarios" data-provider="scenarios" finished-at="2023-04-05T06:40:07 EDT">
          <params>
            <param index="0">
              <value>
                <![CDATA["IC006 to IC0036"]]>
              </value>
            </param>
            <param index="1">
              <value>
                <![CDATA["InReturn Cashletters scenario check"]]>
              </value>
            </param>
          </params>
          <reporter-output>
          </reporter-output>
        </test-method> <!-- runScenario -->
        <test-method status="PASS" signature="runScenario(io.cucumber.testng.PickleWrapper,io.cucumber.testng.FeatureWrapper)[pri:0, instance:TestRunner.TestNGTestRunner@2a70a3d8]" name="runScenario" duration-ms="5267" started-at="2023-04-05T06:40:07 EDT" description="Runs Cucumber Scenarios" data-provider="scenarios" finished-at="2023-04-05T06:40:12 EDT">
          <params>
            <param index="0">
              <value>
                <![CDATA["IC006 to IC0036"]]>
              </value>
            </param>
            <param index="1">
              <value>
                <![CDATA["InReturn Cashletters scenario check"]]>
              </value>
            </param>
          </params>
          <reporter-output>
          </reporter-output>
        </test-method> <!-- runScenario -->
        <test-method status="PASS" signature="runScenario(io.cucumber.testng.PickleWrapper,io.cucumber.testng.FeatureWrapper)[pri:0, instance:TestRunner.TestNGTestRunner@2a70a3d8]" name="runScenario" duration-ms="3977" started-at="2023-04-05T06:40:12 EDT" description="Runs Cucumber Scenarios" data-provider="scenarios" finished-at="2023-04-05T06:40:16 EDT">
          <params>
            <param index="0">
              <value>
                <![CDATA["IC006 to IC0036"]]>
              </value>
            </param>
            <param index="1">
              <value>
                <![CDATA["InReturn Cashletters scenario check"]]>
              </value>
            </param>
          </params>
          <reporter-output>
          </reporter-output>
        </test-method> <!-- runScenario -->
        <test-method status="PASS" signature="runScenario(io.cucumber.testng.PickleWrapper,io.cucumber.testng.FeatureWrapper)[pri:0, instance:TestRunner.TestNGTestRunner@2a70a3d8]" name="runScenario" duration-ms="3984" started-at="2023-04-05T06:40:16 EDT" description="Runs Cucumber Scenarios" data-provider="scenarios" finished-at="2023-04-05T06:40:20 EDT">
          <params>
            <param index="0">
              <value>
                <![CDATA["IC006 to IC0036"]]>
              </value>
            </param>
            <param index="1">
              <value>
                <![CDATA["InReturn Cashletters scenario check"]]>
              </value>
            </param>
          </params>
          <reporter-output>
          </reporter-output>
        </test-method> <!-- runScenario -->
        <test-method status="PASS" signature="runScenario(io.cucumber.testng.PickleWrapper,io.cucumber.testng.FeatureWrapper)[pri:0, instance:TestRunner.TestNGTestRunner@2a70a3d8]" name="runScenario" duration-ms="3939" started-at="2023-04-05T06:40:20 EDT" description="Runs Cucumber Scenarios" data-provider="scenarios" finished-at="2023-04-05T06:40:24 EDT">
          <params>
            <param index="0">
              <value>
                <![CDATA["IC006 to IC0036"]]>
              </value>
            </param>
            <param index="1">
              <value>
                <![CDATA["InReturn Cashletters scenario check"]]>
              </value>
            </param>
          </params>
          <reporter-output>
          </reporter-output>
        </test-method> <!-- runScenario -->
        <test-method status="PASS" signature="runScenario(io.cucumber.testng.PickleWrapper,io.cucumber.testng.FeatureWrapper)[pri:0, instance:TestRunner.TestNGTestRunner@2a70a3d8]" name="runScenario" duration-ms="4158" started-at="2023-04-05T06:40:24 EDT" description="Runs Cucumber Scenarios" data-provider="scenarios" finished-at="2023-04-05T06:40:28 EDT">
          <params>
            <param index="0">
              <value>
                <![CDATA["IC006 to IC0036"]]>
              </value>
            </param>
            <param index="1">
              <value>
                <![CDATA["InReturn Cashletters scenario check"]]>
              </value>
            </param>
          </params>
          <reporter-output>
          </reporter-output>
        </test-method> <!-- runScenario -->
        <test-method status="PASS" signature="runScenario(io.cucumber.testng.PickleWrapper,io.cucumber.testng.FeatureWrapper)[pri:0, instance:TestRunner.TestNGTestRunner@2a70a3d8]" name="runScenario" duration-ms="4914" started-at="2023-04-05T06:40:28 EDT" description="Runs Cucumber Scenarios" data-provider="scenarios" finished-at="2023-04-05T06:40:33 EDT">
          <params>
            <param index="0">
              <value>
                <![CDATA["IC006 to IC0036"]]>
              </value>
            </param>
            <param index="1">
              <value>
                <![CDATA["InReturn Cashletters scenario check"]]>
              </value>
            </param>
          </params>
          <reporter-output>
          </reporter-output>
        </test-method> <!-- runScenario -->
        <test-method status="PASS" signature="runScenario(io.cucumber.testng.PickleWrapper,io.cucumber.testng.FeatureWrapper)[pri:0, instance:TestRunner.TestNGTestRunner@2a70a3d8]" name="runScenario" duration-ms="4013" started-at="2023-04-05T06:40:33 EDT" description="Runs Cucumber Scenarios" data-provider="scenarios" finished-at="2023-04-05T06:40:37 EDT">
          <params>
            <param index="0">
              <value>
                <![CDATA["IC006 to IC0036"]]>
              </value>
            </param>
            <param index="1">
              <value>
                <![CDATA["InReturn Cashletters scenario check"]]>
              </value>
            </param>
          </params>
          <reporter-output>
          </reporter-output>
        </test-method> <!-- runScenario -->
        <test-method status="PASS" signature="runScenario(io.cucumber.testng.PickleWrapper,io.cucumber.testng.FeatureWrapper)[pri:0, instance:TestRunner.TestNGTestRunner@2a70a3d8]" name="runScenario" duration-ms="4616" started-at="2023-04-05T06:40:37 EDT" description="Runs Cucumber Scenarios" data-provider="scenarios" finished-at="2023-04-05T06:40:42 EDT">
          <params>
            <param index="0">
              <value>
                <![CDATA["INC001"]]>
              </value>
            </param>
            <param index="1">
              <value>
                <![CDATA["Incoming scenario check"]]>
              </value>
            </param>
          </params>
          <reporter-output>
          </reporter-output>
        </test-method> <!-- runScenario -->
        <test-method status="PASS" signature="runScenario(io.cucumber.testng.PickleWrapper,io.cucumber.testng.FeatureWrapper)[pri:0, instance:TestRunner.TestNGTestRunner@2a70a3d8]" name="runScenario" duration-ms="4946" started-at="2023-04-05T06:40:42 EDT" description="Runs Cucumber Scenarios" data-provider="scenarios" finished-at="2023-04-05T06:40:47 EDT">
          <params>
            <param index="0">
              <value>
                <![CDATA["INC002"]]>
              </value>
            </param>
            <param index="1">
              <value>
                <![CDATA["Incoming scenario check"]]>
              </value>
            </param>
          </params>
          <reporter-output>
          </reporter-output>
        </test-method> <!-- runScenario -->
        <test-method status="PASS" signature="runScenario(io.cucumber.testng.PickleWrapper,io.cucumber.testng.FeatureWrapper)[pri:0, instance:TestRunner.TestNGTestRunner@2a70a3d8]" name="runScenario" duration-ms="5784" started-at="2023-04-05T06:40:47 EDT" description="Runs Cucumber Scenarios" data-provider="scenarios" finished-at="2023-04-05T06:40:53 EDT">
          <params>
            <param index="0">
              <value>
                <![CDATA["INC003"]]>
              </value>
            </param>
            <param index="1">
              <value>
                <![CDATA["Incoming scenario check"]]>
              </value>
            </param>
          </params>
          <reporter-output>
          </reporter-output>
        </test-method> <!-- runScenario -->
        <test-method status="PASS" signature="runScenario(io.cucumber.testng.PickleWrapper,io.cucumber.testng.FeatureWrapper)[pri:0, instance:TestRunner.TestNGTestRunner@2a70a3d8]" name="runScenario" duration-ms="4627" started-at="2023-04-05T06:40:53 EDT" description="Runs Cucumber Scenarios" data-provider="scenarios" finished-at="2023-04-05T06:40:57 EDT">
          <params>
            <param index="0">
              <value>
                <![CDATA["INC004"]]>
              </value>
            </param>
            <param index="1">
              <value>
                <![CDATA["Incoming scenario check"]]>
              </value>
            </param>
          </params>
          <reporter-output>
          </reporter-output>
        </test-method> <!-- runScenario -->
        <test-method status="PASS" signature="runScenario(io.cucumber.testng.PickleWrapper,io.cucumber.testng.FeatureWrapper)[pri:0, instance:TestRunner.TestNGTestRunner@2a70a3d8]" name="runScenario" duration-ms="5281" started-at="2023-04-05T06:40:57 EDT" description="Runs Cucumber Scenarios" data-provider="scenarios" finished-at="2023-04-05T06:41:03 EDT">
          <params>
            <param index="0">
              <value>
                <![CDATA["INC005"]]>
              </value>
            </param>
            <param index="1">
              <value>
                <![CDATA["Incoming scenario check"]]>
              </value>
            </param>
          </params>
          <reporter-output>
          </reporter-output>
        </test-method> <!-- runScenario -->
        <test-method status="PASS" signature="runScenario(io.cucumber.testng.PickleWrapper,io.cucumber.testng.FeatureWrapper)[pri:0, instance:TestRunner.TestNGTestRunner@2a70a3d8]" name="runScenario" duration-ms="8286" started-at="2023-04-05T06:41:03 EDT" description="Runs Cucumber Scenarios" data-provider="scenarios" finished-at="2023-04-05T06:41:11 EDT">
          <params>
            <param index="0">
              <value>
                <![CDATA["INC007"]]>
              </value>
            </param>
            <param index="1">
              <value>
                <![CDATA["Incoming scenario check"]]>
              </value>
            </param>
          </params>
          <reporter-output>
          </reporter-output>
        </test-method> <!-- runScenario -->
        <test-method status="PASS" signature="runScenario(io.cucumber.testng.PickleWrapper,io.cucumber.testng.FeatureWrapper)[pri:0, instance:TestRunner.TestNGTestRunner@2a70a3d8]" name="runScenario" duration-ms="4040" started-at="2023-04-05T06:41:11 EDT" description="Runs Cucumber Scenarios" data-provider="scenarios" finished-at="2023-04-05T06:41:15 EDT">
          <params>
            <param index="0">
              <value>
                <![CDATA["OC001"]]>
              </value>
            </param>
            <param index="1">
              <value>
                <![CDATA["Outbond return Cashletters"]]>
              </value>
            </param>
          </params>
          <reporter-output>
          </reporter-output>
        </test-method> <!-- runScenario -->
        <test-method status="PASS" signature="runScenario(io.cucumber.testng.PickleWrapper,io.cucumber.testng.FeatureWrapper)[pri:0, instance:TestRunner.TestNGTestRunner@2a70a3d8]" name="runScenario" duration-ms="4222" started-at="2023-04-05T06:41:15 EDT" description="Runs Cucumber Scenarios" data-provider="scenarios" finished-at="2023-04-05T06:41:19 EDT">
          <params>
            <param index="0">
              <value>
                <![CDATA["OC002"]]>
              </value>
            </param>
            <param index="1">
              <value>
                <![CDATA["Outbond return Cashletters"]]>
              </value>
            </param>
          </params>
          <reporter-output>
          </reporter-output>
        </test-method> <!-- runScenario -->
        <test-method status="PASS" signature="runScenario(io.cucumber.testng.PickleWrapper,io.cucumber.testng.FeatureWrapper)[pri:0, instance:TestRunner.TestNGTestRunner@2a70a3d8]" name="runScenario" duration-ms="4313" started-at="2023-04-05T06:41:19 EDT" description="Runs Cucumber Scenarios" data-provider="scenarios" finished-at="2023-04-05T06:41:23 EDT">
          <params>
            <param index="0">
              <value>
                <![CDATA["OC003"]]>
              </value>
            </param>
            <param index="1">
              <value>
                <![CDATA["Outbond return Cashletters"]]>
              </value>
            </param>
          </params>
          <reporter-output>
          </reporter-output>
        </test-method> <!-- runScenario -->
        <test-method status="PASS" signature="runScenario(io.cucumber.testng.PickleWrapper,io.cucumber.testng.FeatureWrapper)[pri:0, instance:TestRunner.TestNGTestRunner@2a70a3d8]" name="runScenario" duration-ms="4141" started-at="2023-04-05T06:41:23 EDT" description="Runs Cucumber Scenarios" data-provider="scenarios" finished-at="2023-04-05T06:41:28 EDT">
          <params>
            <param index="0">
              <value>
                <![CDATA["OC004"]]>
              </value>
            </param>
            <param index="1">
              <value>
                <![CDATA["Outbond return Cashletters"]]>
              </value>
            </param>
          </params>
          <reporter-output>
          </reporter-output>
        </test-method> <!-- runScenario -->
        <test-method status="PASS" signature="runScenario(io.cucumber.testng.PickleWrapper,io.cucumber.testng.FeatureWrapper)[pri:0, instance:TestRunner.TestNGTestRunner@2a70a3d8]" name="runScenario" duration-ms="4651" started-at="2023-04-05T06:41:28 EDT" description="Runs Cucumber Scenarios" data-provider="scenarios" finished-at="2023-04-05T06:41:32 EDT">
          <params>
            <param index="0">
              <value>
                <![CDATA["OC005"]]>
              </value>
            </param>
            <param index="1">
              <value>
                <![CDATA["Outbond return Cashletters"]]>
              </value>
            </param>
          </params>
          <reporter-output>
          </reporter-output>
        </test-method> <!-- runScenario -->
        <test-method status="PASS" signature="runScenario(io.cucumber.testng.PickleWrapper,io.cucumber.testng.FeatureWrapper)[pri:0, instance:TestRunner.TestNGTestRunner@2a70a3d8]" name="runScenario" duration-ms="4491" started-at="2023-04-05T06:41:32 EDT" description="Runs Cucumber Scenarios" data-provider="scenarios" finished-at="2023-04-05T06:41:37 EDT">
          <params>
            <param index="0">
              <value>
                <![CDATA["OC006 to IC0036"]]>
              </value>
            </param>
            <param index="1">
              <value>
                <![CDATA["Outbond return Cashletters"]]>
              </value>
            </param>
          </params>
          <reporter-output>
          </reporter-output>
        </test-method> <!-- runScenario -->
        <test-method status="PASS" signature="runScenario(io.cucumber.testng.PickleWrapper,io.cucumber.testng.FeatureWrapper)[pri:0, instance:TestRunner.TestNGTestRunner@2a70a3d8]" name="runScenario" duration-ms="4262" started-at="2023-04-05T06:41:37 EDT" description="Runs Cucumber Scenarios" data-provider="scenarios" finished-at="2023-04-05T06:41:41 EDT">
          <params>
            <param index="0">
              <value>
                <![CDATA["OC006 to IC0036"]]>
              </value>
            </param>
            <param index="1">
              <value>
                <![CDATA["Outbond return Cashletters"]]>
              </value>
            </param>
          </params>
          <reporter-output>
          </reporter-output>
        </test-method> <!-- runScenario -->
        <test-method status="PASS" signature="runScenario(io.cucumber.testng.PickleWrapper,io.cucumber.testng.FeatureWrapper)[pri:0, instance:TestRunner.TestNGTestRunner@2a70a3d8]" name="runScenario" duration-ms="4728" started-at="2023-04-05T06:41:41 EDT" description="Runs Cucumber Scenarios" data-provider="scenarios" finished-at="2023-04-05T06:41:46 EDT">
          <params>
            <param index="0">
              <value>
                <![CDATA["OC006 to IC0036"]]>
              </value>
            </param>
            <param index="1">
              <value>
                <![CDATA["Outbond return Cashletters"]]>
              </value>
            </param>
          </params>
          <reporter-output>
          </reporter-output>
        </test-method> <!-- runScenario -->
        <test-method status="PASS" signature="runScenario(io.cucumber.testng.PickleWrapper,io.cucumber.testng.FeatureWrapper)[pri:0, instance:TestRunner.TestNGTestRunner@2a70a3d8]" name="runScenario" duration-ms="4845" started-at="2023-04-05T06:41:46 EDT" description="Runs Cucumber Scenarios" data-provider="scenarios" finished-at="2023-04-05T06:41:51 EDT">
          <params>
            <param index="0">
              <value>
                <![CDATA["OC006 to IC0036"]]>
              </value>
            </param>
            <param index="1">
              <value>
                <![CDATA["Outbond return Cashletters"]]>
              </value>
            </param>
          </params>
          <reporter-output>
          </reporter-output>
        </test-method> <!-- runScenario -->
        <test-method status="PASS" signature="runScenario(io.cucumber.testng.PickleWrapper,io.cucumber.testng.FeatureWrapper)[pri:0, instance:TestRunner.TestNGTestRunner@2a70a3d8]" name="runScenario" duration-ms="5149" started-at="2023-04-05T06:41:51 EDT" description="Runs Cucumber Scenarios" data-provider="scenarios" finished-at="2023-04-05T06:41:56 EDT">
          <params>
            <param index="0">
              <value>
                <![CDATA["OC006 to IC0036"]]>
              </value>
            </param>
            <param index="1">
              <value>
                <![CDATA["Outbond return Cashletters"]]>
              </value>
            </param>
          </params>
          <reporter-output>
          </reporter-output>
        </test-method> <!-- runScenario -->
        <test-method status="PASS" signature="runScenario(io.cucumber.testng.PickleWrapper,io.cucumber.testng.FeatureWrapper)[pri:0, instance:TestRunner.TestNGTestRunner@2a70a3d8]" name="runScenario" duration-ms="4319" started-at="2023-04-05T06:41:56 EDT" description="Runs Cucumber Scenarios" data-provider="scenarios" finished-at="2023-04-05T06:42:00 EDT">
          <params>
            <param index="0">
              <value>
                <![CDATA["OC006 to IC0036"]]>
              </value>
            </param>
            <param index="1">
              <value>
                <![CDATA["Outbond return Cashletters"]]>
              </value>
            </param>
          </params>
          <reporter-output>
          </reporter-output>
        </test-method> <!-- runScenario -->
        <test-method status="PASS" signature="runScenario(io.cucumber.testng.PickleWrapper,io.cucumber.testng.FeatureWrapper)[pri:0, instance:TestRunner.TestNGTestRunner@2a70a3d8]" name="runScenario" duration-ms="3647" started-at="2023-04-05T06:42:00 EDT" description="Runs Cucumber Scenarios" data-provider="scenarios" finished-at="2023-04-05T06:42:04 EDT">
          <params>
            <param index="0">
              <value>
                <![CDATA["OC006 to IC0036"]]>
              </value>
            </param>
            <param index="1">
              <value>
                <![CDATA["Outbond return Cashletters"]]>
              </value>
            </param>
          </params>
          <reporter-output>
          </reporter-output>
        </test-method> <!-- runScenario -->
        <test-method status="PASS" signature="runScenario(io.cucumber.testng.PickleWrapper,io.cucumber.testng.FeatureWrapper)[pri:0, instance:TestRunner.TestNGTestRunner@2a70a3d8]" name="runScenario" duration-ms="5396" started-at="2023-04-05T06:42:04 EDT" description="Runs Cucumber Scenarios" data-provider="scenarios" finished-at="2023-04-05T06:42:09 EDT">
          <params>
            <param index="0">
              <value>
                <![CDATA["OC006 to IC0036"]]>
              </value>
            </param>
            <param index="1">
              <value>
                <![CDATA["Outbond return Cashletters"]]>
              </value>
            </param>
          </params>
          <reporter-output>
          </reporter-output>
        </test-method> <!-- runScenario -->
        <test-method status="PASS" signature="runScenario(io.cucumber.testng.PickleWrapper,io.cucumber.testng.FeatureWrapper)[pri:0, instance:TestRunner.TestNGTestRunner@2a70a3d8]" name="runScenario" duration-ms="4631" started-at="2023-04-05T06:42:09 EDT" description="Runs Cucumber Scenarios" data-provider="scenarios" finished-at="2023-04-05T06:42:14 EDT">
          <params>
            <param index="0">
              <value>
                <![CDATA["OC006 to IC0036"]]>
              </value>
            </param>
            <param index="1">
              <value>
                <![CDATA["Outbond return Cashletters"]]>
              </value>
            </param>
          </params>
          <reporter-output>
          </reporter-output>
        </test-method> <!-- runScenario -->
        <test-method status="PASS" signature="runScenario(io.cucumber.testng.PickleWrapper,io.cucumber.testng.FeatureWrapper)[pri:0, instance:TestRunner.TestNGTestRunner@2a70a3d8]" name="runScenario" duration-ms="4262" started-at="2023-04-05T06:42:14 EDT" description="Runs Cucumber Scenarios" data-provider="scenarios" finished-at="2023-04-05T06:42:18 EDT">
          <params>
            <param index="0">
              <value>
                <![CDATA["OC006 to IC0036"]]>
              </value>
            </param>
            <param index="1">
              <value>
                <![CDATA["Outbond return Cashletters"]]>
              </value>
            </param>
          </params>
          <reporter-output>
          </reporter-output>
        </test-method> <!-- runScenario -->
        <test-method status="PASS" signature="runScenario(io.cucumber.testng.PickleWrapper,io.cucumber.testng.FeatureWrapper)[pri:0, instance:TestRunner.TestNGTestRunner@2a70a3d8]" name="runScenario" duration-ms="4542" started-at="2023-04-05T06:42:18 EDT" description="Runs Cucumber Scenarios" data-provider="scenarios" finished-at="2023-04-05T06:42:23 EDT">
          <params>
            <param index="0">
              <value>
                <![CDATA["OC006 to IC0036"]]>
              </value>
            </param>
            <param index="1">
              <value>
                <![CDATA["Outbond return Cashletters"]]>
              </value>
            </param>
          </params>
          <reporter-output>
          </reporter-output>
        </test-method> <!-- runScenario -->
        <test-method status="PASS" signature="runScenario(io.cucumber.testng.PickleWrapper,io.cucumber.testng.FeatureWrapper)[pri:0, instance:TestRunner.TestNGTestRunner@2a70a3d8]" name="runScenario" duration-ms="4084" started-at="2023-04-05T06:42:23 EDT" description="Runs Cucumber Scenarios" data-provider="scenarios" finished-at="2023-04-05T06:42:27 EDT">
          <params>
            <param index="0">
              <value>
                <![CDATA["OC006 to IC0036"]]>
              </value>
            </param>
            <param index="1">
              <value>
                <![CDATA["Outbond return Cashletters"]]>
              </value>
            </param>
          </params>
          <reporter-output>
          </reporter-output>
        </test-method> <!-- runScenario -->
        <test-method status="PASS" signature="runScenario(io.cucumber.testng.PickleWrapper,io.cucumber.testng.FeatureWrapper)[pri:0, instance:TestRunner.TestNGTestRunner@2a70a3d8]" name="runScenario" duration-ms="3948" started-at="2023-04-05T06:42:27 EDT" description="Runs Cucumber Scenarios" data-provider="scenarios" finished-at="2023-04-05T06:42:31 EDT">
          <params>
            <param index="0">
              <value>
                <![CDATA["OC006 to IC0036"]]>
              </value>
            </param>
            <param index="1">
              <value>
                <![CDATA["Outbond return Cashletters"]]>
              </value>
            </param>
          </params>
          <reporter-output>
          </reporter-output>
        </test-method> <!-- runScenario -->
        <test-method status="PASS" signature="runScenario(io.cucumber.testng.PickleWrapper,io.cucumber.testng.FeatureWrapper)[pri:0, instance:TestRunner.TestNGTestRunner@2a70a3d8]" name="runScenario" duration-ms="4673" started-at="2023-04-05T06:42:31 EDT" description="Runs Cucumber Scenarios" data-provider="scenarios" finished-at="2023-04-05T06:42:35 EDT">
          <params>
            <param index="0">
              <value>
                <![CDATA["OC006 to IC0036"]]>
              </value>
            </param>
            <param index="1">
              <value>
                <![CDATA["Outbond return Cashletters"]]>
              </value>
            </param>
          </params>
          <reporter-output>
          </reporter-output>
        </test-method> <!-- runScenario -->
        <test-method status="PASS" signature="runScenario(io.cucumber.testng.PickleWrapper,io.cucumber.testng.FeatureWrapper)[pri:0, instance:TestRunner.TestNGTestRunner@2a70a3d8]" name="runScenario" duration-ms="4381" started-at="2023-04-05T06:42:35 EDT" description="Runs Cucumber Scenarios" data-provider="scenarios" finished-at="2023-04-05T06:42:40 EDT">
          <params>
            <param index="0">
              <value>
                <![CDATA["OC006 to IC0036"]]>
              </value>
            </param>
            <param index="1">
              <value>
                <![CDATA["Outbond return Cashletters"]]>
              </value>
            </param>
          </params>
          <reporter-output>
          </reporter-output>
        </test-method> <!-- runScenario -->
        <test-method status="PASS" signature="runScenario(io.cucumber.testng.PickleWrapper,io.cucumber.testng.FeatureWrapper)[pri:0, instance:TestRunner.TestNGTestRunner@2a70a3d8]" name="runScenario" duration-ms="4327" started-at="2023-04-05T06:42:40 EDT" description="Runs Cucumber Scenarios" data-provider="scenarios" finished-at="2023-04-05T06:42:44 EDT">
          <params>
            <param index="0">
              <value>
                <![CDATA["OC006 to IC0036"]]>
              </value>
            </param>
            <param index="1">
              <value>
                <![CDATA["Outbond return Cashletters"]]>
              </value>
            </param>
          </params>
          <reporter-output>
          </reporter-output>
        </test-method> <!-- runScenario -->
        <test-method status="PASS" signature="runScenario(io.cucumber.testng.PickleWrapper,io.cucumber.testng.FeatureWrapper)[pri:0, instance:TestRunner.TestNGTestRunner@2a70a3d8]" name="runScenario" duration-ms="4812" started-at="2023-04-05T06:42:44 EDT" description="Runs Cucumber Scenarios" data-provider="scenarios" finished-at="2023-04-05T06:42:49 EDT">
          <params>
            <param index="0">
              <value>
                <![CDATA["OC006 to IC0036"]]>
              </value>
            </param>
            <param index="1">
              <value>
                <![CDATA["Outbond return Cashletters"]]>
              </value>
            </param>
          </params>
          <reporter-output>
          </reporter-output>
        </test-method> <!-- runScenario -->
        <test-method status="PASS" signature="runScenario(io.cucumber.testng.PickleWrapper,io.cucumber.testng.FeatureWrapper)[pri:0, instance:TestRunner.TestNGTestRunner@2a70a3d8]" name="runScenario" duration-ms="4286" started-at="2023-04-05T06:42:49 EDT" description="Runs Cucumber Scenarios" data-provider="scenarios" finished-at="2023-04-05T06:42:53 EDT">
          <params>
            <param index="0">
              <value>
                <![CDATA["OC006 to IC0036"]]>
              </value>
            </param>
            <param index="1">
              <value>
                <![CDATA["Outbond return Cashletters"]]>
              </value>
            </param>
          </params>
          <reporter-output>
          </reporter-output>
        </test-method> <!-- runScenario -->
        <test-method status="PASS" signature="runScenario(io.cucumber.testng.PickleWrapper,io.cucumber.testng.FeatureWrapper)[pri:0, instance:TestRunner.TestNGTestRunner@2a70a3d8]" name="runScenario" duration-ms="4222" started-at="2023-04-05T06:42:53 EDT" description="Runs Cucumber Scenarios" data-provider="scenarios" finished-at="2023-04-05T06:42:57 EDT">
          <params>
            <param index="0">
              <value>
                <![CDATA["OC006 to IC0036"]]>
              </value>
            </param>
            <param index="1">
              <value>
                <![CDATA["Outbond return Cashletters"]]>
              </value>
            </param>
          </params>
          <reporter-output>
          </reporter-output>
        </test-method> <!-- runScenario -->
        <test-method status="PASS" signature="runScenario(io.cucumber.testng.PickleWrapper,io.cucumber.testng.FeatureWrapper)[pri:0, instance:TestRunner.TestNGTestRunner@2a70a3d8]" name="runScenario" duration-ms="4224" started-at="2023-04-05T06:42:57 EDT" description="Runs Cucumber Scenarios" data-provider="scenarios" finished-at="2023-04-05T06:43:02 EDT">
          <params>
            <param index="0">
              <value>
                <![CDATA["OC006 to IC0036"]]>
              </value>
            </param>
            <param index="1">
              <value>
                <![CDATA["Outbond return Cashletters"]]>
              </value>
            </param>
          </params>
          <reporter-output>
          </reporter-output>
        </test-method> <!-- runScenario -->
        <test-method status="PASS" signature="runScenario(io.cucumber.testng.PickleWrapper,io.cucumber.testng.FeatureWrapper)[pri:0, instance:TestRunner.TestNGTestRunner@2a70a3d8]" name="runScenario" duration-ms="4447" started-at="2023-04-05T06:43:02 EDT" description="Runs Cucumber Scenarios" data-provider="scenarios" finished-at="2023-04-05T06:43:06 EDT">
          <params>
            <param index="0">
              <value>
                <![CDATA["OC006 to IC0036"]]>
              </value>
            </param>
            <param index="1">
              <value>
                <![CDATA["Outbond return Cashletters"]]>
              </value>
            </param>
          </params>
          <reporter-output>
          </reporter-output>
        </test-method> <!-- runScenario -->
        <test-method status="PASS" signature="runScenario(io.cucumber.testng.PickleWrapper,io.cucumber.testng.FeatureWrapper)[pri:0, instance:TestRunner.TestNGTestRunner@2a70a3d8]" name="runScenario" duration-ms="4818" started-at="2023-04-05T06:43:06 EDT" description="Runs Cucumber Scenarios" data-provider="scenarios" finished-at="2023-04-05T06:43:11 EDT">
          <params>
            <param index="0">
              <value>
                <![CDATA["OC006 to IC0036"]]>
              </value>
            </param>
            <param index="1">
              <value>
                <![CDATA["Outbond return Cashletters"]]>
              </value>
            </param>
          </params>
          <reporter-output>
          </reporter-output>
        </test-method> <!-- runScenario -->
        <test-method status="PASS" signature="runScenario(io.cucumber.testng.PickleWrapper,io.cucumber.testng.FeatureWrapper)[pri:0, instance:TestRunner.TestNGTestRunner@2a70a3d8]" name="runScenario" duration-ms="4218" started-at="2023-04-05T06:43:11 EDT" description="Runs Cucumber Scenarios" data-provider="scenarios" finished-at="2023-04-05T06:43:15 EDT">
          <params>
            <param index="0">
              <value>
                <![CDATA["OC006 to IC0036"]]>
              </value>
            </param>
            <param index="1">
              <value>
                <![CDATA["Outbond return Cashletters"]]>
              </value>
            </param>
          </params>
          <reporter-output>
          </reporter-output>
        </test-method> <!-- runScenario -->
        <test-method status="PASS" signature="runScenario(io.cucumber.testng.PickleWrapper,io.cucumber.testng.FeatureWrapper)[pri:0, instance:TestRunner.TestNGTestRunner@2a70a3d8]" name="runScenario" duration-ms="4037" started-at="2023-04-05T06:43:15 EDT" description="Runs Cucumber Scenarios" data-provider="scenarios" finished-at="2023-04-05T06:43:19 EDT">
          <params>
            <param index="0">
              <value>
                <![CDATA["OC006 to IC0036"]]>
              </value>
            </param>
            <param index="1">
              <value>
                <![CDATA["Outbond return Cashletters"]]>
              </value>
            </param>
          </params>
          <reporter-output>
          </reporter-output>
        </test-method> <!-- runScenario -->
        <test-method status="PASS" signature="runScenario(io.cucumber.testng.PickleWrapper,io.cucumber.testng.FeatureWrapper)[pri:0, instance:TestRunner.TestNGTestRunner@2a70a3d8]" name="runScenario" duration-ms="4493" started-at="2023-04-05T06:43:19 EDT" description="Runs Cucumber Scenarios" data-provider="scenarios" finished-at="2023-04-05T06:43:24 EDT">
          <params>
            <param index="0">
              <value>
                <![CDATA["OC006 to IC0036"]]>
              </value>
            </param>
            <param index="1">
              <value>
                <![CDATA["Outbond return Cashletters"]]>
              </value>
            </param>
          </params>
          <reporter-output>
          </reporter-output>
        </test-method> <!-- runScenario -->
        <test-method status="PASS" signature="runScenario(io.cucumber.testng.PickleWrapper,io.cucumber.testng.FeatureWrapper)[pri:0, instance:TestRunner.TestNGTestRunner@2a70a3d8]" name="runScenario" duration-ms="4372" started-at="2023-04-05T06:43:24 EDT" description="Runs Cucumber Scenarios" data-provider="scenarios" finished-at="2023-04-05T06:43:28 EDT">
          <params>
            <param index="0">
              <value>
                <![CDATA["OC039"]]>
              </value>
            </param>
            <param index="1">
              <value>
                <![CDATA["Outbond return Cashletters"]]>
              </value>
            </param>
          </params>
          <reporter-output>
          </reporter-output>
        </test-method> <!-- runScenario -->
        <test-method status="PASS" signature="runScenario(io.cucumber.testng.PickleWrapper,io.cucumber.testng.FeatureWrapper)[pri:0, instance:TestRunner.TestNGTestRunner@2a70a3d8]" name="runScenario" duration-ms="5362" started-at="2023-04-05T06:43:28 EDT" description="Runs Cucumber Scenarios" data-provider="scenarios" finished-at="2023-04-05T06:43:33 EDT">
          <params>
            <param index="0">
              <value>
                <![CDATA["OC040"]]>
              </value>
            </param>
            <param index="1">
              <value>
                <![CDATA["Outbond return Cashletters"]]>
              </value>
            </param>
          </params>
          <reporter-output>
          </reporter-output>
        </test-method> <!-- runScenario -->
        <test-method status="PASS" signature="runScenario(io.cucumber.testng.PickleWrapper,io.cucumber.testng.FeatureWrapper)[pri:0, instance:TestRunner.TestNGTestRunner@2a70a3d8]" name="runScenario" duration-ms="6209" started-at="2023-04-05T06:43:33 EDT" description="Runs Cucumber Scenarios" data-provider="scenarios" finished-at="2023-04-05T06:43:39 EDT">
          <params>
            <param index="0">
              <value>
                <![CDATA["OC041"]]>
              </value>
            </param>
            <param index="1">
              <value>
                <![CDATA["Outbond return Cashletters"]]>
              </value>
            </param>
          </params>
          <reporter-output>
          </reporter-output>
        </test-method> <!-- runScenario -->
        <test-method status="PASS" signature="runScenario(io.cucumber.testng.PickleWrapper,io.cucumber.testng.FeatureWrapper)[pri:0, instance:TestRunner.TestNGTestRunner@2a70a3d8]" name="runScenario" duration-ms="4837" started-at="2023-04-05T06:43:39 EDT" description="Runs Cucumber Scenarios" data-provider="scenarios" finished-at="2023-04-05T06:43:44 EDT">
          <params>
            <param index="0">
              <value>
                <![CDATA["OC042"]]>
              </value>
            </param>
            <param index="1">
              <value>
                <![CDATA["Outbond return Cashletters"]]>
              </value>
            </param>
          </params>
          <reporter-output>
          </reporter-output>
        </test-method> <!-- runScenario -->
        <test-method status="PASS" signature="runScenario(io.cucumber.testng.PickleWrapper,io.cucumber.testng.FeatureWrapper)[pri:0, instance:TestRunner.TestNGTestRunner@2a70a3d8]" name="runScenario" duration-ms="4329" started-at="2023-04-05T06:43:44 EDT" description="Runs Cucumber Scenarios" data-provider="scenarios" finished-at="2023-04-05T06:43:49 EDT">
          <params>
            <param index="0">
              <value>
                <![CDATA["OC0044"]]>
              </value>
            </param>
            <param index="1">
              <value>
                <![CDATA["Outbond return Cashletters"]]>
              </value>
            </param>
          </params>
          <reporter-output>
          </reporter-output>
        </test-method> <!-- runScenario -->
        <test-method status="PASS" signature="runScenario(io.cucumber.testng.PickleWrapper,io.cucumber.testng.FeatureWrapper)[pri:0, instance:TestRunner.TestNGTestRunner@2a70a3d8]" name="runScenario" duration-ms="3523" started-at="2023-04-05T06:43:49 EDT" description="Runs Cucumber Scenarios" data-provider="scenarios" finished-at="2023-04-05T06:43:52 EDT">
          <params>
            <param index="0">
              <value>
                <![CDATA["valid login check"]]>
              </value>
            </param>
            <param index="1">
              <value>
                <![CDATA["ATF login check"]]>
              </value>
            </param>
          </params>
          <reporter-output>
          </reporter-output>
        </test-method> <!-- runScenario -->
        <test-method status="PASS" signature="runScenario(io.cucumber.testng.PickleWrapper,io.cucumber.testng.FeatureWrapper)[pri:0, instance:TestRunner.TestNGTestRunner@2a70a3d8]" name="runScenario" duration-ms="3345" started-at="2023-04-05T06:43:52 EDT" description="Runs Cucumber Scenarios" data-provider="scenarios" finished-at="2023-04-05T06:43:56 EDT">
          <params>
            <param index="0">
              <value>
                <![CDATA["invalid user check"]]>
              </value>
            </param>
            <param index="1">
              <value>
                <![CDATA["ATF login check"]]>
              </value>
            </param>
          </params>
          <reporter-output>
          </reporter-output>
        </test-method> <!-- runScenario -->
        <test-method status="PASS" signature="runScenario(io.cucumber.testng.PickleWrapper,io.cucumber.testng.FeatureWrapper)[pri:0, instance:TestRunner.TestNGTestRunner@2a70a3d8]" name="runScenario" duration-ms="3530" started-at="2023-04-05T06:43:56 EDT" description="Runs Cucumber Scenarios" data-provider="scenarios" finished-at="2023-04-05T06:43:59 EDT">
          <params>
            <param index="0">
              <value>
                <![CDATA["invalid user check"]]>
              </value>
            </param>
            <param index="1">
              <value>
                <![CDATA["ATF login check"]]>
              </value>
            </param>
          </params>
          <reporter-output>
          </reporter-output>
        </test-method> <!-- runScenario -->
        <test-method status="FAIL" signature="runScenario(io.cucumber.testng.PickleWrapper,io.cucumber.testng.FeatureWrapper)[pri:0, instance:TestRunner.TestNGTestRunner@2a70a3d8]" name="runScenario" duration-ms="3678" started-at="2023-04-05T06:43:59 EDT" description="Runs Cucumber Scenarios" data-provider="scenarios" finished-at="2023-04-05T06:44:03 EDT">
          <params>
            <param index="0">
              <value>
                <![CDATA["OC043"]]>
              </value>
            </param>
            <param index="1">
              <value>
                <![CDATA["test feature"]]>
              </value>
            </param>
          </params>
          <exception class="org.openqa.selenium.ElementNotInteractableException">
            <message>
              <![CDATA[element not interactable
  (Session info: chrome=109.0.5414.129)
Build info: version: '4.8.1', revision: '8ebccac989'
System info: os.name: 'Windows Server 2012 R2', os.arch: 'amd64', os.version: '6.3', java.version: '1.8.0_60'
Driver info: org.openqa.selenium.chrome.ChromeDriver
Command: [8e483ac1c89de0042871b03397b05356, sendKeysToElement {id=cef1cdab-26e7-4f49-9884-b980f93474b4, value=[Ljava.lang.CharSequence;@aa1b9ef}]
Capabilities {acceptInsecureCerts: true, browserName: chrome, browserVersion: 109.0.5414.129, chrome: {chromedriverVersion: 108.0.5359.71 (1e0e3868ee06..., userDataDir: C:\Users\F3K8U4L\AppData\Lo...}, goog:chromeOptions: {debuggerAddress: localhost:54733}, networkConnectionEnabled: false, pageLoadStrategy: normal, platformName: WINDOWS, proxy: Proxy(), se:cdp: ws://localhost:54733/devtoo..., se:cdpVersion: 109.0.5414.129, setWindowRect: true, strictFileInteractability: false, timeouts: {implicit: 0, pageLoad: 300000, script: 30000}, unhandledPromptBehavior: dismiss and notify, webauthn:extension:credBlob: true, webauthn:extension:largeBlob: true, webauthn:virtualAuthenticators: true}
Element: [[ChromeDriver: chrome on WINDOWS (8e483ac1c89de0042871b03397b05356)] -> name: RCEndpointNumber_to]
Session ID: 8e483ac1c89de0042871b03397b05356]]>
            </message>
            <full-stacktrace>
              <![CDATA[org.openqa.selenium.ElementNotInteractableException: element not interactable
  (Session info: chrome=109.0.5414.129)
Build info: version: '4.8.1', revision: '8ebccac989'
System info: os.name: 'Windows Server 2012 R2', os.arch: 'amd64', os.version: '6.3', java.version: '1.8.0_60'
Driver info: org.openqa.selenium.chrome.ChromeDriver
Command: [8e483ac1c89de0042871b03397b05356, sendKeysToElement {id=cef1cdab-26e7-4f49-9884-b980f93474b4, value=[Ljava.lang.CharSequence;@aa1b9ef}]
Capabilities {acceptInsecureCerts: true, browserName: chrome, browserVersion: 109.0.5414.129, chrome: {chromedriverVersion: 108.0.5359.71 (1e0e3868ee06..., userDataDir: C:\Users\F3K8U4L\AppData\Lo...}, goog:chromeOptions: {debuggerAddress: localhost:54733}, networkConnectionEnabled: false, pageLoadStrategy: normal, platformName: WINDOWS, proxy: Proxy(), se:cdp: ws://localhost:54733/devtoo..., se:cdpVersion: 109.0.5414.129, setWindowRect: true, strictFileInteractability: false, timeouts: {implicit: 0, pageLoad: 300000, script: 30000}, unhandledPromptBehavior: dismiss and notify, webauthn:extension:credBlob: true, webauthn:extension:largeBlob: true, webauthn:virtualAuthenticators: true}
Element: [[ChromeDriver: chrome on WINDOWS (8e483ac1c89de0042871b03397b05356)] -> name: RCEndpointNumber_to]
Session ID: 8e483ac1c89de0042871b03397b05356
at sun.reflect.NativeConstructorAccessorImpl.newInstance0(Native Method)
at sun.reflect.NativeConstructorAccessorImpl.newInstance(NativeConstructorAccessorImpl.java:62)
at sun.reflect.DelegatingConstructorAccessorImpl.newInstance(DelegatingConstructorAccessorImpl.java:45)
at java.lang.reflect.Constructor.newInstance(Constructor.java:422)
at org.openqa.selenium.remote.codec.w3c.W3CHttpResponseCodec.createException(W3CHttpResponseCodec.java:200)
at org.openqa.selenium.remote.codec.w3c.W3CHttpResponseCodec.decode(W3CHttpResponseCodec.java:133)
at org.openqa.selenium.remote.codec.w3c.W3CHttpResponseCodec.decode(W3CHttpResponseCodec.java:53)
at org.openqa.selenium.remote.HttpCommandExecutor.execute(HttpCommandExecutor.java:184)
at org.openqa.selenium.remote.service.DriverCommandExecutor.invokeExecute(DriverCommandExecutor.java:167)
at org.openqa.selenium.remote.service.DriverCommandExecutor.execute(DriverCommandExecutor.java:142)
at org.openqa.selenium.remote.RemoteWebDriver.execute(RemoteWebDriver.java:543)
at org.openqa.selenium.remote.RemoteWebElement.execute(RemoteWebElement.java:257)
at org.openqa.selenium.remote.RemoteWebElement.sendKeys(RemoteWebElement.java:113)
at sun.reflect.GeneratedMethodAccessor81.invoke(Unknown Source)
at sun.reflect.DelegatingMethodAccessorImpl.invoke(DelegatingMethodAccessorImpl.java:43)
at java.lang.reflect.Method.invoke(Method.java:497)
at org.openqa.selenium.support.pagefactory.internal.LocatingElementHandler.invoke(LocatingElementHandler.java:52)
at com.sun.proxy.$Proxy24.sendKeys(Unknown Source)
at pageObjects.OutboundReturnCashlettesPage.EnterEndpointdetails(OutboundReturnCashlettesPage.java:54)
at StepDefinations.OutbondreturnCashlettersStep.user_enter_ob_endpoint_details_as_something_and_something(OutbondreturnCashlettersStep.java:97)
at ✽.user enter OB Endpoint details as "5000.00" and "1000.00"(file:///F:/SumitWorkspace_new/Cucumber_ATF/src/test/resources/features/test.feature:10)
]]>
            </full-stacktrace>
          </exception> <!-- org.openqa.selenium.ElementNotInteractableException -->
          <reporter-output>
          </reporter-output>
        </test-method> <!-- runScenario -->
        <test-method status="PASS" signature="tearDownClass()[pri:0, instance:TestRunner.TestNGTestRunner@2a70a3d8]" name="tearDownClass" is-config="true" duration-ms="4519" started-at="2023-04-05T06:44:03 EDT" finished-at="2023-04-05T06:44:07 EDT">
          <reporter-output>
          </reporter-output>
        </test-method> <!-- tearDownClass -->
      </class> <!-- TestRunner.TestNGTestRunner -->
    </test> <!-- Test -->
  </suite> <!-- Suite -->
</testng-results>
