<?xml version="1.0" encoding="UTF-8"?>
<testsuite xmlns:xsi="http://www.w3.org/2001/XMLSchema-instance" xsi:noNamespaceSchemaLocation="https://maven.apache.org/surefire/maven-surefire-plugin/xsd/surefire-test-report-3.0.xsd" version="3.0" name="TestSuite" time="477.607" tests="103" errors="0" skipped="0" failures="1">
  <properties>
[...]
</properties>
  <testcase name="runScenario[&quot;IR001&quot;, &quot;InBoundReturn scenario check&quot;](1)" classname="TestRunner.TestNGTestRunner" time="6.431">
    <system-out><![CDATA[
Scenario: IR001                                    # src/test/resources/features/InBoundReturn.feature:8
  Given user is on application home page           # StepDefinations.IncomingStepDef.user_is_on_application_home_page()
  When user click on InBoundReturn                 # StepDefinations.InBoundReturnStepDef.user_click_on_inboundreturn()
  And user enter process startdate as "10/23/2008" # StepDefinations.InreturnCAshlettrsStepDef.user_enter_process_startdate_as_something(java.lang.String)
  And user enter RBamount as "20.00" and "5000.00" # StepDefinations.InBoundReturnStepDef.user_enter_amount_as_something_and_something(java.lang.String,java.lang.String)
  And user click on Cashlettrs                     # StepDefinations.InreturnCAshlettrsStepDef.user_click_on_cashlettrs()
  Then verify "100" items are displyed on screen   # StepDefinations.IncomingStepDef.verify_something_items_are_displyed_on_screen(java.lang.String)
  And user log out of application                  # StepDefinations.logincheck.user_log_out_of_application()
]]></system-out>
    <system-err><![CDATA[SLF4J: Failed to load class "org.slf4j.impl.StaticLoggerBinder".
SLF4J: Defaulting to no-operation (NOP) logger implementation
SLF4J: See http://www.slf4j.org/codes.html#StaticLoggerBinder for further details.
ERROR StatusLogger Log4j2 could not find a logging implementation. Please add log4j-core to the classpath. Using SimpleLogger to log to the console...
Starting ChromeDriver 108.0.5359.71 (1e0e3868ee06e91ad636a874420e3ca3ae3756ac-refs/branch-heads/5359@{#1016}) on port 32112
Only local connections are allowed.
Please see https://chromedriver.chromium.org/security-considerations for suggestions on keeping ChromeDriver safe.
ChromeDriver was started successfully.
[1680690975.848][WARNING]: This version of ChromeDriver has not been tested with Chrome version 109.
]]></system-err>
  </testcase>
  <testcase name="runScenario[&quot;IR002&quot;, &quot;InBoundReturn scenario check&quot;](2)" classname="TestRunner.TestNGTestRunner" time="4.329">
    <system-out><![CDATA[
Scenario: IR002                                      # src/test/resources/features/InBoundReturn.feature:15
  Given user is on application home page             # StepDefinations.IncomingStepDef.user_is_on_application_home_page()
  When user click on InBoundReturn                   # StepDefinations.InBoundReturnStepDef.user_click_on_inboundreturn()
  And user enter process startdate as "10/23/2008"   # StepDefinations.InreturnCAshlettrsStepDef.user_enter_process_startdate_as_something(java.lang.String)
  And user enter RBamount as "002000" and "00500000" # StepDefinations.InBoundReturnStepDef.user_enter_amount_as_something_and_something(java.lang.String,java.lang.String)
  And user click on Cashlettrs                       # StepDefinations.InreturnCAshlettrsStepDef.user_click_on_cashlettrs()
  And user nevigate to back page                     # StepDefinations.InreturnCAshlettrsStepDef.user_nevigate_back_to_inreturn_cashletter_page()
  And user log out of application                    # StepDefinations.logincheck.user_log_out_of_application()
]]></system-out>
    <system-err><![CDATA[Starting ChromeDriver 108.0.5359.71 (1e0e3868ee06e91ad636a874420e3ca3ae3756ac-refs/branch-heads/5359@{#1016}) on port 1568
Only local connections are allowed.
Please see https://chromedriver.chromium.org/security-considerations for suggestions on keeping ChromeDriver safe.
ChromeDriver was started successfully.
[1680690980.921][WARNING]: This version of ChromeDriver has not been tested with Chrome version 109.
]]></system-err>
  </testcase>
  <testcase name="runScenario[&quot;IR006 to IR0036&quot;, &quot;InBoundReturn scenario check&quot;](3)" classname="TestRunner.TestNGTestRunner" time="4.452">
    <system-out><![CDATA[
Scenario Outline: IR006 to IR0036                       # src/test/resources/features/InBoundReturn.feature:31
  Given user is on application home page                # StepDefinations.IncomingStepDef.user_is_on_application_home_page()
  When user click on InBoundReturn                      # StepDefinations.InBoundReturnStepDef.user_click_on_inboundreturn()
  When user enter startdate as 2008-10-23               # StepDefinations.InreturnCAshlettrsStepDef.user_enter_startdate_as(java.lang.String)
  And user click on Cashlettrs                          # StepDefinations.InreturnCAshlettrsStepDef.user_click_on_cashlettrs()
  Then verify auto generated date formate as 2008-10-23 # StepDefinations.InreturnCAshlettrsStepDef.verify_auto_generated_date_formate_as(java.lang.String)
  And user log out of application                       # StepDefinations.logincheck.user_log_out_of_application()
]]></system-out>
    <system-err><![CDATA[Starting ChromeDriver 108.0.5359.71 (1e0e3868ee06e91ad636a874420e3ca3ae3756ac-refs/branch-heads/5359@{#1016}) on port 20913
Only local connections are allowed.
Please see https://chromedriver.chromium.org/security-considerations for suggestions on keeping ChromeDriver safe.
ChromeDriver was started successfully.
[1680690985.244][WARNING]: This version of ChromeDriver has not been tested with Chrome version 109.
]]></system-err>
  </testcase>
  <testcase name="runScenario[&quot;IR006 to IR0036&quot;, &quot;InBoundReturn scenario check&quot;](4)" classname="TestRunner.TestNGTestRunner" time="4.625">
    <system-out><![CDATA[
Scenario Outline: IR006 to IR0036                       # src/test/resources/features/InBoundReturn.feature:32
  Given user is on application home page                # StepDefinations.IncomingStepDef.user_is_on_application_home_page()
  When user click on InBoundReturn                      # StepDefinations.InBoundReturnStepDef.user_click_on_inboundreturn()
  When user enter startdate as 2008/10/23               # StepDefinations.InreturnCAshlettrsStepDef.user_enter_startdate_as(java.lang.String)
  And user click on Cashlettrs                          # StepDefinations.InreturnCAshlettrsStepDef.user_click_on_cashlettrs()
  Then verify auto generated date formate as 2008-10-23 # StepDefinations.InreturnCAshlettrsStepDef.verify_auto_generated_date_formate_as(java.lang.String)
  And user log out of application                       # StepDefinations.logincheck.user_log_out_of_application()
]]></system-out>
    <system-err><![CDATA[Starting ChromeDriver 108.0.5359.71 (1e0e3868ee06e91ad636a874420e3ca3ae3756ac-refs/branch-heads/5359@{#1016}) on port 15748
Only local connections are allowed.
Please see https://chromedriver.chromium.org/security-considerations for suggestions on keeping ChromeDriver safe.
ChromeDriver was started successfully.
[1680690990.129][WARNING]: This version of ChromeDriver has not been tested with Chrome version 109.
]]></system-err>
  </testcase>
  <testcase name="runScenario[&quot;IR006 to IR0036&quot;, &quot;InBoundReturn scenario check&quot;](5)" classname="TestRunner.TestNGTestRunner" time="4.474">
    <system-out><![CDATA[
Scenario Outline: IR006 to IR0036                       # src/test/resources/features/InBoundReturn.feature:33
  Given user is on application home page                # StepDefinations.IncomingStepDef.user_is_on_application_home_page()
  When user click on InBoundReturn                      # StepDefinations.InBoundReturnStepDef.user_click_on_inboundreturn()
  When user enter startdate as 2008.10.23               # StepDefinations.InreturnCAshlettrsStepDef.user_enter_startdate_as(java.lang.String)
  And user click on Cashlettrs                          # StepDefinations.InreturnCAshlettrsStepDef.user_click_on_cashlettrs()
  Then verify auto generated date formate as 2008-10-23 # StepDefinations.InreturnCAshlettrsStepDef.verify_auto_generated_date_formate_as(java.lang.String)
  And user log out of application                       # StepDefinations.logincheck.user_log_out_of_application()
]]></system-out>
    <system-err><![CDATA[Starting ChromeDriver 108.0.5359.71 (1e0e3868ee06e91ad636a874420e3ca3ae3756ac-refs/branch-heads/5359@{#1016}) on port 30406
Only local connections are allowed.
Please see https://chromedriver.chromium.org/security-considerations for suggestions on keeping ChromeDriver safe.
ChromeDriver was started successfully.
[1680690994.546][WARNING]: This version of ChromeDriver has not been tested with Chrome version 109.
]]></system-err>
  </testcase>
  <testcase name="runScenario[&quot;IR006 to IR0036&quot;, &quot;InBoundReturn scenario check&quot;](6)" classname="TestRunner.TestNGTestRunner" time="4.882">
    <system-out><![CDATA[
Scenario Outline: IR006 to IR0036                       # src/test/resources/features/InBoundReturn.feature:34
  Given user is on application home page                # StepDefinations.IncomingStepDef.user_is_on_application_home_page()
  When user click on InBoundReturn                      # StepDefinations.InBoundReturnStepDef.user_click_on_inboundreturn()
  When user enter startdate as 2008 10 23               # StepDefinations.InreturnCAshlettrsStepDef.user_enter_startdate_as(java.lang.String)
  And user click on Cashlettrs                          # StepDefinations.InreturnCAshlettrsStepDef.user_click_on_cashlettrs()
  Then verify auto generated date formate as 2008-10-23 # StepDefinations.InreturnCAshlettrsStepDef.verify_auto_generated_date_formate_as(java.lang.String)
  And user log out of application                       # StepDefinations.logincheck.user_log_out_of_application()
]]></system-out>
    <system-err><![CDATA[Starting ChromeDriver 108.0.5359.71 (1e0e3868ee06e91ad636a874420e3ca3ae3756ac-refs/branch-heads/5359@{#1016}) on port 9871
Only local connections are allowed.
Please see https://chromedriver.chromium.org/security-considerations for suggestions on keeping ChromeDriver safe.
ChromeDriver was started successfully.
[1680690998.798][WARNING]: This version of ChromeDriver has not been tested with Chrome version 109.
]]></system-err>
  </testcase>
  <testcase name="runScenario[&quot;IR006 to IR0036&quot;, &quot;InBoundReturn scenario check&quot;](7)" classname="TestRunner.TestNGTestRunner" time="4.168">
    <system-out><![CDATA[
Scenario Outline: IR006 to IR0036                       # src/test/resources/features/InBoundReturn.feature:35
  Given user is on application home page                # StepDefinations.IncomingStepDef.user_is_on_application_home_page()
  When user click on InBoundReturn                      # StepDefinations.InBoundReturnStepDef.user_click_on_inboundreturn()
  When user enter startdate as 2008 Oct 23              # StepDefinations.InreturnCAshlettrsStepDef.user_enter_startdate_as(java.lang.String)
  And user click on Cashlettrs                          # StepDefinations.InreturnCAshlettrsStepDef.user_click_on_cashlettrs()
  Then verify auto generated date formate as 2008-10-23 # StepDefinations.InreturnCAshlettrsStepDef.verify_auto_generated_date_formate_as(java.lang.String)
  And user log out of application                       # StepDefinations.logincheck.user_log_out_of_application()
]]></system-out>
    <system-err><![CDATA[Starting ChromeDriver 108.0.5359.71 (1e0e3868ee06e91ad636a874420e3ca3ae3756ac-refs/branch-heads/5359@{#1016}) on port 28663
Only local connections are allowed.
Please see https://chromedriver.chromium.org/security-considerations for suggestions on keeping ChromeDriver safe.
ChromeDriver was started successfully.
[1680691003.562][WARNING]: This version of ChromeDriver has not been tested with Chrome version 109.
]]></system-err>
  </testcase>
  <testcase name="runScenario[&quot;IR006 to IR0036&quot;, &quot;InBoundReturn scenario check&quot;](8)" classname="TestRunner.TestNGTestRunner" time="4.565">
    <system-out><![CDATA[
Scenario Outline: IR006 to IR0036                       # src/test/resources/features/InBoundReturn.feature:36
  Given user is on application home page                # StepDefinations.IncomingStepDef.user_is_on_application_home_page()
  When user click on InBoundReturn                      # StepDefinations.InBoundReturnStepDef.user_click_on_inboundreturn()
  When user enter startdate as 10-23-2008               # StepDefinations.InreturnCAshlettrsStepDef.user_enter_startdate_as(java.lang.String)
  And user click on Cashlettrs                          # StepDefinations.InreturnCAshlettrsStepDef.user_click_on_cashlettrs()
  Then verify auto generated date formate as 2008-10-23 # StepDefinations.InreturnCAshlettrsStepDef.verify_auto_generated_date_formate_as(java.lang.String)
  And user log out of application                       # StepDefinations.logincheck.user_log_out_of_application()
]]></system-out>
    <system-err><![CDATA[Starting ChromeDriver 108.0.5359.71 (1e0e3868ee06e91ad636a874420e3ca3ae3756ac-refs/branch-heads/5359@{#1016}) on port 18934
Only local connections are allowed.
Please see https://chromedriver.chromium.org/security-considerations for suggestions on keeping ChromeDriver safe.
ChromeDriver was started successfully.
[1680691008.068][WARNING]: This version of ChromeDriver has not been tested with Chrome version 109.
]]></system-err>
  </testcase>
  <testcase name="runScenario[&quot;IR006 to IR0036&quot;, &quot;InBoundReturn scenario check&quot;](9)" classname="TestRunner.TestNGTestRunner" time="5.562">
    <system-out><![CDATA[
Scenario Outline: IR006 to IR0036                       # src/test/resources/features/InBoundReturn.feature:37
  Given user is on application home page                # StepDefinations.IncomingStepDef.user_is_on_application_home_page()
  When user click on InBoundReturn                      # StepDefinations.InBoundReturnStepDef.user_click_on_inboundreturn()
  When user enter startdate as 10.23.2008               # StepDefinations.InreturnCAshlettrsStepDef.user_enter_startdate_as(java.lang.String)
  And user click on Cashlettrs                          # StepDefinations.InreturnCAshlettrsStepDef.user_click_on_cashlettrs()
  Then verify auto generated date formate as 2008-10-23 # StepDefinations.InreturnCAshlettrsStepDef.verify_auto_generated_date_formate_as(java.lang.String)
  And user log out of application                       # StepDefinations.logincheck.user_log_out_of_application()
]]></system-out>
    <system-err><![CDATA[Starting ChromeDriver 108.0.5359.71 (1e0e3868ee06e91ad636a874420e3ca3ae3756ac-refs/branch-heads/5359@{#1016}) on port 36863
Only local connections are allowed.
Please see https://chromedriver.chromium.org/security-considerations for suggestions on keeping ChromeDriver safe.
ChromeDriver was started successfully.
[1680691012.828][WARNING]: This version of ChromeDriver has not been tested with Chrome version 109.
]]></system-err>
  </testcase>
  <testcase name="runScenario[&quot;IR006 to IR0036&quot;, &quot;InBoundReturn scenario check&quot;](10)" classname="TestRunner.TestNGTestRunner" time="4.428">
    <system-out><![CDATA[
Scenario Outline: IR006 to IR0036                       # src/test/resources/features/InBoundReturn.feature:38
  Given user is on application home page                # StepDefinations.IncomingStepDef.user_is_on_application_home_page()
  When user click on InBoundReturn                      # StepDefinations.InBoundReturnStepDef.user_click_on_inboundreturn()
  When user enter startdate as 10 23 2008               # StepDefinations.InreturnCAshlettrsStepDef.user_enter_startdate_as(java.lang.String)
  And user click on Cashlettrs                          # StepDefinations.InreturnCAshlettrsStepDef.user_click_on_cashlettrs()
  Then verify auto generated date formate as 2008-10-23 # StepDefinations.InreturnCAshlettrsStepDef.verify_auto_generated_date_formate_as(java.lang.String)
  And user log out of application                       # StepDefinations.logincheck.user_log_out_of_application()
]]></system-out>
    <system-err><![CDATA[Starting ChromeDriver 108.0.5359.71 (1e0e3868ee06e91ad636a874420e3ca3ae3756ac-refs/branch-heads/5359@{#1016}) on port 33443
Only local connections are allowed.
Please see https://chromedriver.chromium.org/security-considerations for suggestions on keeping ChromeDriver safe.
ChromeDriver was started successfully.
[1680691017.777][WARNING]: This version of ChromeDriver has not been tested with Chrome version 109.
]]></system-err>
  </testcase>
  <testcase name="runScenario[&quot;IR006 to IR0036&quot;, &quot;InBoundReturn scenario check&quot;](11)" classname="TestRunner.TestNGTestRunner" time="5.039">
    <system-out><![CDATA[
Scenario Outline: IR006 to IR0036                       # src/test/resources/features/InBoundReturn.feature:39
  Given user is on application home page                # StepDefinations.IncomingStepDef.user_is_on_application_home_page()
  When user click on InBoundReturn                      # StepDefinations.InBoundReturnStepDef.user_click_on_inboundreturn()
  When user enter startdate as Oct 23 2008              # StepDefinations.InreturnCAshlettrsStepDef.user_enter_startdate_as(java.lang.String)
  And user click on Cashlettrs                          # StepDefinations.InreturnCAshlettrsStepDef.user_click_on_cashlettrs()
  Then verify auto generated date formate as 2008-10-23 # StepDefinations.InreturnCAshlettrsStepDef.verify_auto_generated_date_formate_as(java.lang.String)
  And user log out of application                       # StepDefinations.logincheck.user_log_out_of_application()
]]></system-out>
    <system-err><![CDATA[Starting ChromeDriver 108.0.5359.71 (1e0e3868ee06e91ad636a874420e3ca3ae3756ac-refs/branch-heads/5359@{#1016}) on port 6097
Only local connections are allowed.
Please see https://chromedriver.chromium.org/security-considerations for suggestions on keeping ChromeDriver safe.
ChromeDriver was started successfully.
[1680691022.245][WARNING]: This version of ChromeDriver has not been tested with Chrome version 109.
]]></system-err>
  </testcase>
  <testcase name="runScenario[&quot;IR006 to IR0036&quot;, &quot;InBoundReturn scenario check&quot;](12)" classname="TestRunner.TestNGTestRunner" time="5.136">
    <system-out><![CDATA[
Scenario Outline: IR006 to IR0036                       # src/test/resources/features/InBoundReturn.feature:40
  Given user is on application home page                # StepDefinations.IncomingStepDef.user_is_on_application_home_page()
  When user click on InBoundReturn                      # StepDefinations.InBoundReturnStepDef.user_click_on_inboundreturn()
  When user enter startdate as 10-23-08                 # StepDefinations.InreturnCAshlettrsStepDef.user_enter_startdate_as(java.lang.String)
  And user click on Cashlettrs                          # StepDefinations.InreturnCAshlettrsStepDef.user_click_on_cashlettrs()
  Then verify auto generated date formate as 2008-10-23 # StepDefinations.InreturnCAshlettrsStepDef.verify_auto_generated_date_formate_as(java.lang.String)
  And user log out of application                       # StepDefinations.logincheck.user_log_out_of_application()
]]></system-out>
    <system-err><![CDATA[Starting ChromeDriver 108.0.5359.71 (1e0e3868ee06e91ad636a874420e3ca3ae3756ac-refs/branch-heads/5359@{#1016}) on port 1247
Only local connections are allowed.
Please see https://chromedriver.chromium.org/security-considerations for suggestions on keeping ChromeDriver safe.
ChromeDriver was started successfully.
[1680691027.675][WARNING]: This version of ChromeDriver has not been tested with Chrome version 109.
]]></system-err>
  </testcase>
  <testcase name="runScenario[&quot;IR006 to IR0036&quot;, &quot;InBoundReturn scenario check&quot;](13)" classname="TestRunner.TestNGTestRunner" time="4.546">
    <system-out><![CDATA[
Scenario Outline: IR006 to IR0036                       # src/test/resources/features/InBoundReturn.feature:41
  Given user is on application home page                # StepDefinations.IncomingStepDef.user_is_on_application_home_page()
  When user click on InBoundReturn                      # StepDefinations.InBoundReturnStepDef.user_click_on_inboundreturn()
  When user enter startdate as 10/23/08                 # StepDefinations.InreturnCAshlettrsStepDef.user_enter_startdate_as(java.lang.String)
  And user click on Cashlettrs                          # StepDefinations.InreturnCAshlettrsStepDef.user_click_on_cashlettrs()
  Then verify auto generated date formate as 2008-10-23 # StepDefinations.InreturnCAshlettrsStepDef.verify_auto_generated_date_formate_as(java.lang.String)
  And user log out of application                       # StepDefinations.logincheck.user_log_out_of_application()
]]></system-out>
    <system-err><![CDATA[Starting ChromeDriver 108.0.5359.71 (1e0e3868ee06e91ad636a874420e3ca3ae3756ac-refs/branch-heads/5359@{#1016}) on port 40187
Only local connections are allowed.
Please see https://chromedriver.chromium.org/security-considerations for suggestions on keeping ChromeDriver safe.
ChromeDriver was started successfully.
[1680691032.690][WARNING]: This version of ChromeDriver has not been tested with Chrome version 109.
]]></system-err>
  </testcase>
  <testcase name="runScenario[&quot;IR006 to IR0036&quot;, &quot;InBoundReturn scenario check&quot;](14)" classname="TestRunner.TestNGTestRunner" time="5.388">
    <system-out><![CDATA[
Scenario Outline: IR006 to IR0036                       # src/test/resources/features/InBoundReturn.feature:42
  Given user is on application home page                # StepDefinations.IncomingStepDef.user_is_on_application_home_page()
  When user click on InBoundReturn                      # StepDefinations.InBoundReturnStepDef.user_click_on_inboundreturn()
  When user enter startdate as 10.23.08                 # StepDefinations.InreturnCAshlettrsStepDef.user_enter_startdate_as(java.lang.String)
  And user click on Cashlettrs                          # StepDefinations.InreturnCAshlettrsStepDef.user_click_on_cashlettrs()
  Then verify auto generated date formate as 2008-10-23 # StepDefinations.InreturnCAshlettrsStepDef.verify_auto_generated_date_formate_as(java.lang.String)
  And user log out of application                       # StepDefinations.logincheck.user_log_out_of_application()
]]></system-out>
    <system-err><![CDATA[Starting ChromeDriver 108.0.5359.71 (1e0e3868ee06e91ad636a874420e3ca3ae3756ac-refs/branch-heads/5359@{#1016}) on port 48187
Only local connections are allowed.
Please see https://chromedriver.chromium.org/security-considerations for suggestions on keeping ChromeDriver safe.
ChromeDriver was started successfully.
[1680691037.028][WARNING]: This version of ChromeDriver has not been tested with Chrome version 109.
]]></system-err>
  </testcase>
  <testcase name="runScenario[&quot;IR006 to IR0036&quot;, &quot;InBoundReturn scenario check&quot;](15)" classname="TestRunner.TestNGTestRunner" time="4.169">
    <system-out><![CDATA[
Scenario Outline: IR006 to IR0036                       # src/test/resources/features/InBoundReturn.feature:43
  Given user is on application home page                # StepDefinations.IncomingStepDef.user_is_on_application_home_page()
  When user click on InBoundReturn                      # StepDefinations.InBoundReturnStepDef.user_click_on_inboundreturn()
  When user enter startdate as Oct 23 08                # StepDefinations.InreturnCAshlettrsStepDef.user_enter_startdate_as(java.lang.String)
  And user click on Cashlettrs                          # StepDefinations.InreturnCAshlettrsStepDef.user_click_on_cashlettrs()
  Then verify auto generated date formate as 2008-10-23 # StepDefinations.InreturnCAshlettrsStepDef.verify_auto_generated_date_formate_as(java.lang.String)
  And user log out of application                       # StepDefinations.logincheck.user_log_out_of_application()
]]></system-out>
    <system-err><![CDATA[Starting ChromeDriver 108.0.5359.71 (1e0e3868ee06e91ad636a874420e3ca3ae3756ac-refs/branch-heads/5359@{#1016}) on port 32298
Only local connections are allowed.
Please see https://chromedriver.chromium.org/security-considerations for suggestions on keeping ChromeDriver safe.
ChromeDriver was started successfully.
[1680691042.542][WARNING]: This version of ChromeDriver has not been tested with Chrome version 109.
]]></system-err>
  </testcase>
  <testcase name="runScenario[&quot;IR006 to IR0036&quot;, &quot;InBoundReturn scenario check&quot;](16)" classname="TestRunner.TestNGTestRunner" time="4.873">
    <system-out><![CDATA[
Scenario Outline: IR006 to IR0036                       # src/test/resources/features/InBoundReturn.feature:44
  Given user is on application home page                # StepDefinations.IncomingStepDef.user_is_on_application_home_page()
  When user click on InBoundReturn                      # StepDefinations.InBoundReturnStepDef.user_click_on_inboundreturn()
  When user enter startdate as 10 23 2008               # StepDefinations.InreturnCAshlettrsStepDef.user_enter_startdate_as(java.lang.String)
  And user click on Cashlettrs                          # StepDefinations.InreturnCAshlettrsStepDef.user_click_on_cashlettrs()
  Then verify auto generated date formate as 2008-10-23 # StepDefinations.InreturnCAshlettrsStepDef.verify_auto_generated_date_formate_as(java.lang.String)
  And user log out of application                       # StepDefinations.logincheck.user_log_out_of_application()
]]></system-out>
    <system-err><![CDATA[Starting ChromeDriver 108.0.5359.71 (1e0e3868ee06e91ad636a874420e3ca3ae3756ac-refs/branch-heads/5359@{#1016}) on port 29281
Only local connections are allowed.
Please see https://chromedriver.chromium.org/security-considerations for suggestions on keeping ChromeDriver safe.
ChromeDriver was started successfully.
[1680691046.634][WARNING]: This version of ChromeDriver has not been tested with Chrome version 109.
]]></system-err>
  </testcase>
  <testcase name="runScenario[&quot;IR006 to IR0036&quot;, &quot;InBoundReturn scenario check&quot;](17)" classname="TestRunner.TestNGTestRunner" time="5.716">
    <system-out><![CDATA[
Scenario Outline: IR006 to IR0036                       # src/test/resources/features/InBoundReturn.feature:45
  Given user is on application home page                # StepDefinations.IncomingStepDef.user_is_on_application_home_page()
  When user click on InBoundReturn                      # StepDefinations.InBoundReturnStepDef.user_click_on_inboundreturn()
  When user enter startdate as 10 23 08                 # StepDefinations.InreturnCAshlettrsStepDef.user_enter_startdate_as(java.lang.String)
  And user click on Cashlettrs                          # StepDefinations.InreturnCAshlettrsStepDef.user_click_on_cashlettrs()
  Then verify auto generated date formate as 2008-10-23 # StepDefinations.InreturnCAshlettrsStepDef.verify_auto_generated_date_formate_as(java.lang.String)
  And user log out of application                       # StepDefinations.logincheck.user_log_out_of_application()
]]></system-out>
    <system-err><![CDATA[Starting ChromeDriver 108.0.5359.71 (1e0e3868ee06e91ad636a874420e3ca3ae3756ac-refs/branch-heads/5359@{#1016}) on port 4624
Only local connections are allowed.
Please see https://chromedriver.chromium.org/security-considerations for suggestions on keeping ChromeDriver safe.
ChromeDriver was started successfully.
[1680691051.994][WARNING]: This version of ChromeDriver has not been tested with Chrome version 109.
]]></system-err>
  </testcase>
  <testcase name="runScenario[&quot;IR006 to IR0036&quot;, &quot;InBoundReturn scenario check&quot;](18)" classname="TestRunner.TestNGTestRunner" time="4.348">
    <system-out><![CDATA[
Scenario Outline: IR006 to IR0036                       # src/test/resources/features/InBoundReturn.feature:46
  Given user is on application home page                # StepDefinations.IncomingStepDef.user_is_on_application_home_page()
  When user click on InBoundReturn                      # StepDefinations.InBoundReturnStepDef.user_click_on_inboundreturn()
  When user enter startdate as 10-23-2008               # StepDefinations.InreturnCAshlettrsStepDef.user_enter_startdate_as(java.lang.String)
  And user click on Cashlettrs                          # StepDefinations.InreturnCAshlettrsStepDef.user_click_on_cashlettrs()
  Then verify auto generated date formate as 2008-10-23 # StepDefinations.InreturnCAshlettrsStepDef.verify_auto_generated_date_formate_as(java.lang.String)
  And user log out of application                       # StepDefinations.logincheck.user_log_out_of_application()
]]></system-out>
    <system-err><![CDATA[Starting ChromeDriver 108.0.5359.71 (1e0e3868ee06e91ad636a874420e3ca3ae3756ac-refs/branch-heads/5359@{#1016}) on port 35372
Only local connections are allowed.
Please see https://chromedriver.chromium.org/security-considerations for suggestions on keeping ChromeDriver safe.
ChromeDriver was started successfully.
[1680691057.324][WARNING]: This version of ChromeDriver has not been tested with Chrome version 109.
]]></system-err>
  </testcase>
  <testcase name="runScenario[&quot;IR006 to IR0036&quot;, &quot;InBoundReturn scenario check&quot;](19)" classname="TestRunner.TestNGTestRunner" time="4.16">
    <system-out><![CDATA[
Scenario Outline: IR006 to IR0036                       # src/test/resources/features/InBoundReturn.feature:47
  Given user is on application home page                # StepDefinations.IncomingStepDef.user_is_on_application_home_page()
  When user click on InBoundReturn                      # StepDefinations.InBoundReturnStepDef.user_click_on_inboundreturn()
  When user enter startdate as 10/23/2008               # StepDefinations.InreturnCAshlettrsStepDef.user_enter_startdate_as(java.lang.String)
  And user click on Cashlettrs                          # StepDefinations.InreturnCAshlettrsStepDef.user_click_on_cashlettrs()
  Then verify auto generated date formate as 2008-10-23 # StepDefinations.InreturnCAshlettrsStepDef.verify_auto_generated_date_formate_as(java.lang.String)
  And user log out of application                       # StepDefinations.logincheck.user_log_out_of_application()
]]></system-out>
    <system-err><![CDATA[Starting ChromeDriver 108.0.5359.71 (1e0e3868ee06e91ad636a874420e3ca3ae3756ac-refs/branch-heads/5359@{#1016}) on port 34317
Only local connections are allowed.
Please see https://chromedriver.chromium.org/security-considerations for suggestions on keeping ChromeDriver safe.
ChromeDriver was started successfully.
[1680691061.590][WARNING]: This version of ChromeDriver has not been tested with Chrome version 109.
]]></system-err>
  </testcase>
  <testcase name="runScenario[&quot;IR006 to IR0036&quot;, &quot;InBoundReturn scenario check&quot;](20)" classname="TestRunner.TestNGTestRunner" time="4.291">
    <system-out><![CDATA[
Scenario Outline: IR006 to IR0036                       # src/test/resources/features/InBoundReturn.feature:48
  Given user is on application home page                # StepDefinations.IncomingStepDef.user_is_on_application_home_page()
  When user click on InBoundReturn                      # StepDefinations.InBoundReturnStepDef.user_click_on_inboundreturn()
  When user enter startdate as 10.23.2008               # StepDefinations.InreturnCAshlettrsStepDef.user_enter_startdate_as(java.lang.String)
  And user click on Cashlettrs                          # StepDefinations.InreturnCAshlettrsStepDef.user_click_on_cashlettrs()
  Then verify auto generated date formate as 2008-10-23 # StepDefinations.InreturnCAshlettrsStepDef.verify_auto_generated_date_formate_as(java.lang.String)
  And user log out of application                       # StepDefinations.logincheck.user_log_out_of_application()
]]></system-out>
    <system-err><![CDATA[Starting ChromeDriver 108.0.5359.71 (1e0e3868ee06e91ad636a874420e3ca3ae3756ac-refs/branch-heads/5359@{#1016}) on port 19672
Only local connections are allowed.
Please see https://chromedriver.chromium.org/security-considerations for suggestions on keeping ChromeDriver safe.
ChromeDriver was started successfully.
[1680691065.783][WARNING]: This version of ChromeDriver has not been tested with Chrome version 109.
]]></system-err>
  </testcase>
  <testcase name="runScenario[&quot;IR006 to IR0036&quot;, &quot;InBoundReturn scenario check&quot;](21)" classname="TestRunner.TestNGTestRunner" time="4.325">
    <system-out><![CDATA[
Scenario Outline: IR006 to IR0036                       # src/test/resources/features/InBoundReturn.feature:49
  Given user is on application home page                # StepDefinations.IncomingStepDef.user_is_on_application_home_page()
  When user click on InBoundReturn                      # StepDefinations.InBoundReturnStepDef.user_click_on_inboundreturn()
  When user enter startdate as 10.23.2008               # StepDefinations.InreturnCAshlettrsStepDef.user_enter_startdate_as(java.lang.String)
  And user click on Cashlettrs                          # StepDefinations.InreturnCAshlettrsStepDef.user_click_on_cashlettrs()
  Then verify auto generated date formate as 2008-10-23 # StepDefinations.InreturnCAshlettrsStepDef.verify_auto_generated_date_formate_as(java.lang.String)
  And user log out of application                       # StepDefinations.logincheck.user_log_out_of_application()
]]></system-out>
    <system-err><![CDATA[Starting ChromeDriver 108.0.5359.71 (1e0e3868ee06e91ad636a874420e3ca3ae3756ac-refs/branch-heads/5359@{#1016}) on port 43694
Only local connections are allowed.
Please see https://chromedriver.chromium.org/security-considerations for suggestions on keeping ChromeDriver safe.
ChromeDriver was started successfully.
[1680691070.104][WARNING]: This version of ChromeDriver has not been tested with Chrome version 109.
]]></system-err>
  </testcase>
  <testcase name="runScenario[&quot;IR006 to IR0036&quot;, &quot;InBoundReturn scenario check&quot;](22)" classname="TestRunner.TestNGTestRunner" time="4.508">
    <system-out><![CDATA[
Scenario Outline: IR006 to IR0036                       # src/test/resources/features/InBoundReturn.feature:50
  Given user is on application home page                # StepDefinations.IncomingStepDef.user_is_on_application_home_page()
  When user click on InBoundReturn                      # StepDefinations.InBoundReturnStepDef.user_click_on_inboundreturn()
  When user enter startdate as 10 23 2008               # StepDefinations.InreturnCAshlettrsStepDef.user_enter_startdate_as(java.lang.String)
  And user click on Cashlettrs                          # StepDefinations.InreturnCAshlettrsStepDef.user_click_on_cashlettrs()
  Then verify auto generated date formate as 2008-10-23 # StepDefinations.InreturnCAshlettrsStepDef.verify_auto_generated_date_formate_as(java.lang.String)
  And user log out of application                       # StepDefinations.logincheck.user_log_out_of_application()
]]></system-out>
    <system-err><![CDATA[Starting ChromeDriver 108.0.5359.71 (1e0e3868ee06e91ad636a874420e3ca3ae3756ac-refs/branch-heads/5359@{#1016}) on port 33856
Only local connections are allowed.
Please see https://chromedriver.chromium.org/security-considerations for suggestions on keeping ChromeDriver safe.
ChromeDriver was started successfully.
[1680691074.370][WARNING]: This version of ChromeDriver has not been tested with Chrome version 109.
]]></system-err>
  </testcase>
  <testcase name="runScenario[&quot;IR006 to IR0036&quot;, &quot;InBoundReturn scenario check&quot;](23)" classname="TestRunner.TestNGTestRunner" time="4.207">
    <system-out><![CDATA[
Scenario Outline: IR006 to IR0036                       # src/test/resources/features/InBoundReturn.feature:51
  Given user is on application home page                # StepDefinations.IncomingStepDef.user_is_on_application_home_page()
  When user click on InBoundReturn                      # StepDefinations.InBoundReturnStepDef.user_click_on_inboundreturn()
  When user enter startdate as 10.23.08                 # StepDefinations.InreturnCAshlettrsStepDef.user_enter_startdate_as(java.lang.String)
  And user click on Cashlettrs                          # StepDefinations.InreturnCAshlettrsStepDef.user_click_on_cashlettrs()
  Then verify auto generated date formate as 2008-10-23 # StepDefinations.InreturnCAshlettrsStepDef.verify_auto_generated_date_formate_as(java.lang.String)
  And user log out of application                       # StepDefinations.logincheck.user_log_out_of_application()
]]></system-out>
    <system-err><![CDATA[Starting ChromeDriver 108.0.5359.71 (1e0e3868ee06e91ad636a874420e3ca3ae3756ac-refs/branch-heads/5359@{#1016}) on port 11288
Only local connections are allowed.
Please see https://chromedriver.chromium.org/security-considerations for suggestions on keeping ChromeDriver safe.
ChromeDriver was started successfully.
[1680691078.683][WARNING]: This version of ChromeDriver has not been tested with Chrome version 109.
]]></system-err>
  </testcase>
  <testcase name="runScenario[&quot;IR006 to IR0036&quot;, &quot;InBoundReturn scenario check&quot;](24)" classname="TestRunner.TestNGTestRunner" time="4.349">
    <system-out><![CDATA[
Scenario Outline: IR006 to IR0036                       # src/test/resources/features/InBoundReturn.feature:52
  Given user is on application home page                # StepDefinations.IncomingStepDef.user_is_on_application_home_page()
  When user click on InBoundReturn                      # StepDefinations.InBoundReturnStepDef.user_click_on_inboundreturn()
  When user enter startdate as Oct 23 08                # StepDefinations.InreturnCAshlettrsStepDef.user_enter_startdate_as(java.lang.String)
  And user click on Cashlettrs                          # StepDefinations.InreturnCAshlettrsStepDef.user_click_on_cashlettrs()
  Then verify auto generated date formate as 2008-10-23 # StepDefinations.InreturnCAshlettrsStepDef.verify_auto_generated_date_formate_as(java.lang.String)
  And user log out of application                       # StepDefinations.logincheck.user_log_out_of_application()
]]></system-out>
    <system-err><![CDATA[Starting ChromeDriver 108.0.5359.71 (1e0e3868ee06e91ad636a874420e3ca3ae3756ac-refs/branch-heads/5359@{#1016}) on port 5961
Only local connections are allowed.
Please see https://chromedriver.chromium.org/security-considerations for suggestions on keeping ChromeDriver safe.
ChromeDriver was started successfully.
[1680691083.141][WARNING]: This version of ChromeDriver has not been tested with Chrome version 109.
]]></system-err>
  </testcase>
  <testcase name="runScenario[&quot;IC001&quot;, &quot;InReturn Cashletters scenario check&quot;](25)" classname="TestRunner.TestNGTestRunner" time="6.391">
    <system-out><![CDATA[
Scenario: IC001                                                       # src/test/resources/features/InReturnCashlettrs.feature:8
  Given user is on application home page                              # StepDefinations.IncomingStepDef.user_is_on_application_home_page()
  When user click on InreturnCashletters                              # StepDefinations.InreturnCAshlettrsStepDef.user_click_on_inreturncashletters()
  And user click on Cashlettrs                                        # StepDefinations.InreturnCAshlettrsStepDef.user_click_on_cashlettrs()
  Then popup alert check "Process Date is required for all searches." # StepDefinations.InreturnCAshlettrsStepDef.popup_alert_check_something(java.lang.String)
  And user log out of application                                     # StepDefinations.logincheck.user_log_out_of_application()
]]></system-out>
    <system-err><![CDATA[Starting ChromeDriver 108.0.5359.71 (1e0e3868ee06e91ad636a874420e3ca3ae3756ac-refs/branch-heads/5359@{#1016}) on port 25801
Only local connections are allowed.
Please see https://chromedriver.chromium.org/security-considerations for suggestions on keeping ChromeDriver safe.
ChromeDriver was started successfully.
[1680691087.909][WARNING]: This version of ChromeDriver has not been tested with Chrome version 109.
]]></system-err>
  </testcase>
  <testcase name="runScenario[&quot;IC002&quot;, &quot;InReturn Cashletters scenario check&quot;](26)" classname="TestRunner.TestNGTestRunner" time="4.075">
    <system-out><![CDATA[
Scenario: IC002                                    # src/test/resources/features/InReturnCashlettrs.feature:13
  Given user is on application home page           # StepDefinations.IncomingStepDef.user_is_on_application_home_page()
  When user click on InreturnCashletters           # StepDefinations.InreturnCAshlettrsStepDef.user_click_on_inreturncashletters()
  And user enter max result details as " "         # StepDefinations.InreturnCAshlettrsStepDef.user_enter_max_result_details_as_something(java.lang.String)
  And user enter process startdate as "10/23/2008" # StepDefinations.InreturnCAshlettrsStepDef.user_enter_process_startdate_as_something(java.lang.String)
  And user click on Cashlettrs                     # StepDefinations.InreturnCAshlettrsStepDef.user_click_on_cashlettrs()
  Then verify "50" items are displyed on screen    # StepDefinations.IncomingStepDef.verify_something_items_are_displyed_on_screen(java.lang.String)
  And user log out of application                  # StepDefinations.logincheck.user_log_out_of_application()
]]></system-out>
    <system-err><![CDATA[Starting ChromeDriver 108.0.5359.71 (1e0e3868ee06e91ad636a874420e3ca3ae3756ac-refs/branch-heads/5359@{#1016}) on port 33364
Only local connections are allowed.
Please see https://chromedriver.chromium.org/security-considerations for suggestions on keeping ChromeDriver safe.
ChromeDriver was started successfully.
[1680691093.873][WARNING]: This version of ChromeDriver has not been tested with Chrome version 109.
]]></system-err>
  </testcase>
  <testcase name="runScenario[&quot;IC003&quot;, &quot;InReturn Cashletters scenario check&quot;](27)" classname="TestRunner.TestNGTestRunner" time="4.297">
    <system-out><![CDATA[
Scenario: IC003                                    # src/test/resources/features/InReturnCashlettrs.feature:20
  Given user is on application home page           # StepDefinations.IncomingStepDef.user_is_on_application_home_page()
  When user click on InreturnCashletters           # StepDefinations.InreturnCAshlettrsStepDef.user_click_on_inreturncashletters()
  And user enter max result details as "10"        # StepDefinations.InreturnCAshlettrsStepDef.user_enter_max_result_details_as_something(java.lang.String)
  And user enter process startdate as "10/23/2008" # StepDefinations.InreturnCAshlettrsStepDef.user_enter_process_startdate_as_something(java.lang.String)
  And user click on Cashlettrs                     # StepDefinations.InreturnCAshlettrsStepDef.user_click_on_cashlettrs()
  Then verify "10" items are displyed on screen    # StepDefinations.IncomingStepDef.verify_something_items_are_displyed_on_screen(java.lang.String)
  And user log out of application                  # StepDefinations.logincheck.user_log_out_of_application()
]]></system-out>
    <system-err><![CDATA[Starting ChromeDriver 108.0.5359.71 (1e0e3868ee06e91ad636a874420e3ca3ae3756ac-refs/branch-heads/5359@{#1016}) on port 30712
Only local connections are allowed.
Please see https://chromedriver.chromium.org/security-considerations for suggestions on keeping ChromeDriver safe.
ChromeDriver was started successfully.
[1680691097.883][WARNING]: This version of ChromeDriver has not been tested with Chrome version 109.
]]></system-err>
  </testcase>
  <testcase name="runScenario[&quot;IC004 IC005&quot;, &quot;InReturn Cashletters scenario check&quot;](28)" classname="TestRunner.TestNGTestRunner" time="5.038">
    <system-out><![CDATA[
Scenario: IC004 IC005                              # src/test/resources/features/InReturnCashlettrs.feature:27
  Given user is on application home page           # StepDefinations.IncomingStepDef.user_is_on_application_home_page()
  When user click on InreturnCashletters           # StepDefinations.InreturnCAshlettrsStepDef.user_click_on_inreturncashletters()
  And user enter max result details as "50"        # StepDefinations.InreturnCAshlettrsStepDef.user_enter_max_result_details_as_something(java.lang.String)
  And user enter process startdate as "10/23/2008" # StepDefinations.InreturnCAshlettrsStepDef.user_enter_process_startdate_as_something(java.lang.String)
  And user click on Cashlettrs                     # StepDefinations.InreturnCAshlettrsStepDef.user_click_on_cashlettrs()
  Then verify "50" items are displyed on screen    # StepDefinations.IncomingStepDef.verify_something_items_are_displyed_on_screen(java.lang.String)
  And user nevigate to back page                   # StepDefinations.InreturnCAshlettrsStepDef.user_nevigate_back_to_inreturn_cashletter_page()
  And user enter amount as "500.00" and ""         # StepDefinations.InreturnCAshlettrsStepDef.user_enter_amount_as_something_and_something(java.lang.String,java.lang.String)
  And user click on Cashlettrs                     # StepDefinations.InreturnCAshlettrsStepDef.user_click_on_cashlettrs()
  Then verify "1" items are displyed on screen     # StepDefinations.IncomingStepDef.verify_something_items_are_displyed_on_screen(java.lang.String)
  And user log out of application                  # StepDefinations.logincheck.user_log_out_of_application()
]]></system-out>
    <system-err><![CDATA[Starting ChromeDriver 108.0.5359.71 (1e0e3868ee06e91ad636a874420e3ca3ae3756ac-refs/branch-heads/5359@{#1016}) on port 34516
Only local connections are allowed.
Please see https://chromedriver.chromium.org/security-considerations for suggestions on keeping ChromeDriver safe.
ChromeDriver was started successfully.
[1680691102.260][WARNING]: This version of ChromeDriver has not been tested with Chrome version 109.
]]></system-err>
  </testcase>
  <testcase name="runScenario[&quot;IC0033&quot;, &quot;InReturn Cashletters scenario check&quot;](29)" classname="TestRunner.TestNGTestRunner" time="4.628">
    <system-out><![CDATA[
Scenario: IC0033                                   # src/test/resources/features/InReturnCashlettrs.feature:38
  Given user is on application home page           # StepDefinations.IncomingStepDef.user_is_on_application_home_page()
  When user click on InreturnCashletters           # StepDefinations.InreturnCAshlettrsStepDef.user_click_on_inreturncashletters()
  And user enter max result details as "50"        # StepDefinations.InreturnCAshlettrsStepDef.user_enter_max_result_details_as_something(java.lang.String)
  And user enter process startdate as "10/23/2008" # StepDefinations.InreturnCAshlettrsStepDef.user_enter_process_startdate_as_something(java.lang.String)
  And user click on Cashlettrs                     # StepDefinations.InreturnCAshlettrsStepDef.user_click_on_cashlettrs()
  Then verify "50" items are displyed on screen    # StepDefinations.IncomingStepDef.verify_something_items_are_displyed_on_screen(java.lang.String)
List is Scrollable
  And verify result list is scrollable             # StepDefinations.InreturnCAshlettrsStepDef.verify_result_list_is_scrollable()
  And user log out of application                  # StepDefinations.logincheck.user_log_out_of_application()
]]></system-out>
    <system-err><![CDATA[Starting ChromeDriver 108.0.5359.71 (1e0e3868ee06e91ad636a874420e3ca3ae3756ac-refs/branch-heads/5359@{#1016}) on port 19873
Only local connections are allowed.
Please see https://chromedriver.chromium.org/security-considerations for suggestions on keeping ChromeDriver safe.
ChromeDriver was started successfully.
[1680691107.278][WARNING]: This version of ChromeDriver has not been tested with Chrome version 109.
]]></system-err>
  </testcase>
  <testcase name="runScenario[&quot;IC0034&quot;, &quot;InReturn Cashletters scenario check&quot;](30)" classname="TestRunner.TestNGTestRunner" time="5.457">
    <system-out><![CDATA[
Scenario: IC0034                                                   # src/test/resources/features/InReturnCashlettrs.feature:46
  Given user is on application home page                           # StepDefinations.IncomingStepDef.user_is_on_application_home_page()
  When user click on InreturnCashletters                           # StepDefinations.InreturnCAshlettrsStepDef.user_click_on_inreturncashletters()
  And user enter max result details as "50"                        # StepDefinations.InreturnCAshlettrsStepDef.user_enter_max_result_details_as_something(java.lang.String)
  And user enter process startdate as "10/23/2008"                 # StepDefinations.InreturnCAshlettrsStepDef.user_enter_process_startdate_as_something(java.lang.String)
  And user click on Cashlettrs                                     # StepDefinations.InreturnCAshlettrsStepDef.user_click_on_cashlettrs()
  Then verify coloum heading should scroll with the items by pages # StepDefinations.InreturnCAshlettrsStepDef.verify_coloum_heading_should_scroll_with_the_items_by_pages()
  And user log out of application                                  # StepDefinations.logincheck.user_log_out_of_application()
]]></system-out>
    <system-err><![CDATA[Starting ChromeDriver 108.0.5359.71 (1e0e3868ee06e91ad636a874420e3ca3ae3756ac-refs/branch-heads/5359@{#1016}) on port 39667
Only local connections are allowed.
Please see https://chromedriver.chromium.org/security-considerations for suggestions on keeping ChromeDriver safe.
ChromeDriver was started successfully.
[1680691112.127][WARNING]: This version of ChromeDriver has not been tested with Chrome version 109.
]]></system-err>
  </testcase>
  <testcase name="runScenario[&quot;IC0035&quot;, &quot;InReturn Cashletters scenario check&quot;](31)" classname="TestRunner.TestNGTestRunner" time="4.273">
    <system-out><![CDATA[
Scenario: IC0035                                   # src/test/resources/features/InReturnCashlettrs.feature:53
  Given user is on application home page           # StepDefinations.IncomingStepDef.user_is_on_application_home_page()
  When user click on InreturnCashletters           # StepDefinations.InreturnCAshlettrsStepDef.user_click_on_inreturncashletters()
  And user enter max result details as "50"        # StepDefinations.InreturnCAshlettrsStepDef.user_enter_max_result_details_as_something(java.lang.String)
  And user enter process startdate as "10/23/2008" # StepDefinations.InreturnCAshlettrsStepDef.user_enter_process_startdate_as_something(java.lang.String)
  And user click on Cashlettrs                     # StepDefinations.InreturnCAshlettrsStepDef.user_click_on_cashlettrs()
  And user log out of application                  # StepDefinations.logincheck.user_log_out_of_application()
]]></system-out>
    <system-err><![CDATA[Starting ChromeDriver 108.0.5359.71 (1e0e3868ee06e91ad636a874420e3ca3ae3756ac-refs/branch-heads/5359@{#1016}) on port 45664
Only local connections are allowed.
Please see https://chromedriver.chromium.org/security-considerations for suggestions on keeping ChromeDriver safe.
ChromeDriver was started successfully.
[1680691117.044][WARNING]: This version of ChromeDriver has not been tested with Chrome version 109.
]]></system-err>
  </testcase>
  <testcase name="runScenario[&quot;IC038&quot;, &quot;InReturn Cashletters scenario check&quot;](32)" classname="TestRunner.TestNGTestRunner" time="4.515">
    <system-out><![CDATA[
Scenario: IC038                                                  # src/test/resources/features/InReturnCashlettrs.feature:67
  Given user is on application home page                         # StepDefinations.IncomingStepDef.user_is_on_application_home_page()
  When user click on InreturnCashletters                         # StepDefinations.InreturnCAshlettrsStepDef.user_click_on_inreturncashletters()
  When user enter process date from "10/23/2008" to "10/24/2008" # StepDefinations.InreturnCAshlettrsStepDef.user_enter_process_date_from_something_to_something(java.lang.String,java.lang.String)
  And user click on Cashlettrs                                   # StepDefinations.InreturnCAshlettrsStepDef.user_click_on_cashlettrs()
  And user nevigate to back page                                 # StepDefinations.InreturnCAshlettrsStepDef.user_nevigate_back_to_inreturn_cashletter_page()
  Then opertaor field changes to "range"                         # StepDefinations.InreturnCAshlettrsStepDef.opertaor_field_changes_to_something(java.lang.String)
  And user log out of application                                # StepDefinations.logincheck.user_log_out_of_application()
]]></system-out>
    <system-err><![CDATA[Starting ChromeDriver 108.0.5359.71 (1e0e3868ee06e91ad636a874420e3ca3ae3756ac-refs/branch-heads/5359@{#1016}) on port 31862
Only local connections are allowed.
Please see https://chromedriver.chromium.org/security-considerations for suggestions on keeping ChromeDriver safe.
ChromeDriver was started successfully.
[1680691121.948][WARNING]: This version of ChromeDriver has not been tested with Chrome version 109.
]]></system-err>
  </testcase>
  <testcase name="runScenario[&quot;IC006 to IC0036&quot;, &quot;InReturn Cashletters scenario check&quot;](33)" classname="TestRunner.TestNGTestRunner" time="4.186">
    <system-out><![CDATA[
Scenario Outline: IC006 to IC0036                       # src/test/resources/features/InReturnCashlettrs.feature:83
  Given user is on application home page                # StepDefinations.IncomingStepDef.user_is_on_application_home_page()
  When user click on InreturnCashletters                # StepDefinations.InreturnCAshlettrsStepDef.user_click_on_inreturncashletters()
  When user enter startdate as 2008-10-23               # StepDefinations.InreturnCAshlettrsStepDef.user_enter_startdate_as(java.lang.String)
  And user click on Cashlettrs                          # StepDefinations.InreturnCAshlettrsStepDef.user_click_on_cashlettrs()
  Then verify auto generated date formate as 2008-10-23 # StepDefinations.InreturnCAshlettrsStepDef.verify_auto_generated_date_formate_as(java.lang.String)
  And user log out of application                       # StepDefinations.logincheck.user_log_out_of_application()
]]></system-out>
    <system-err><![CDATA[Starting ChromeDriver 108.0.5359.71 (1e0e3868ee06e91ad636a874420e3ca3ae3756ac-refs/branch-heads/5359@{#1016}) on port 40468
Only local connections are allowed.
Please see https://chromedriver.chromium.org/security-considerations for suggestions on keeping ChromeDriver safe.
ChromeDriver was started successfully.
[1680691126.063][WARNING]: This version of ChromeDriver has not been tested with Chrome version 109.
]]></system-err>
  </testcase>
  <testcase name="runScenario[&quot;IC006 to IC0036&quot;, &quot;InReturn Cashletters scenario check&quot;](34)" classname="TestRunner.TestNGTestRunner" time="4.038">
    <system-out><![CDATA[
Scenario Outline: IC006 to IC0036                       # src/test/resources/features/InReturnCashlettrs.feature:84
  Given user is on application home page                # StepDefinations.IncomingStepDef.user_is_on_application_home_page()
  When user click on InreturnCashletters                # StepDefinations.InreturnCAshlettrsStepDef.user_click_on_inreturncashletters()
  When user enter startdate as 2008/10/23               # StepDefinations.InreturnCAshlettrsStepDef.user_enter_startdate_as(java.lang.String)
  And user click on Cashlettrs                          # StepDefinations.InreturnCAshlettrsStepDef.user_click_on_cashlettrs()
  Then verify auto generated date formate as 2008-10-23 # StepDefinations.InreturnCAshlettrsStepDef.verify_auto_generated_date_formate_as(java.lang.String)
  And user log out of application                       # StepDefinations.logincheck.user_log_out_of_application()
]]></system-out>
    <system-err><![CDATA[Starting ChromeDriver 108.0.5359.71 (1e0e3868ee06e91ad636a874420e3ca3ae3756ac-refs/branch-heads/5359@{#1016}) on port 44257
Only local connections are allowed.
Please see https://chromedriver.chromium.org/security-considerations for suggestions on keeping ChromeDriver safe.
ChromeDriver was started successfully.
[1680691130.280][WARNING]: This version of ChromeDriver has not been tested with Chrome version 109.
]]></system-err>
  </testcase>
  <testcase name="runScenario[&quot;IC006 to IC0036&quot;, &quot;InReturn Cashletters scenario check&quot;](35)" classname="TestRunner.TestNGTestRunner" time="4.379">
    <system-out><![CDATA[
Scenario Outline: IC006 to IC0036                       # src/test/resources/features/InReturnCashlettrs.feature:85
  Given user is on application home page                # StepDefinations.IncomingStepDef.user_is_on_application_home_page()
  When user click on InreturnCashletters                # StepDefinations.InreturnCAshlettrsStepDef.user_click_on_inreturncashletters()
  When user enter startdate as 2008.10.23               # StepDefinations.InreturnCAshlettrsStepDef.user_enter_startdate_as(java.lang.String)
  And user click on Cashlettrs                          # StepDefinations.InreturnCAshlettrsStepDef.user_click_on_cashlettrs()
  Then verify auto generated date formate as 2008-10-23 # StepDefinations.InreturnCAshlettrsStepDef.verify_auto_generated_date_formate_as(java.lang.String)
  And user log out of application                       # StepDefinations.logincheck.user_log_out_of_application()
]]></system-out>
    <system-err><![CDATA[Starting ChromeDriver 108.0.5359.71 (1e0e3868ee06e91ad636a874420e3ca3ae3756ac-refs/branch-heads/5359@{#1016}) on port 42791
Only local connections are allowed.
Please see https://chromedriver.chromium.org/security-considerations for suggestions on keeping ChromeDriver safe.
ChromeDriver was started successfully.
[1680691134.462][WARNING]: This version of ChromeDriver has not been tested with Chrome version 109.
]]></system-err>
  </testcase>
  <testcase name="runScenario[&quot;IC006 to IC0036&quot;, &quot;InReturn Cashletters scenario check&quot;](36)" classname="TestRunner.TestNGTestRunner" time="4.563">
    <system-out><![CDATA[
Scenario Outline: IC006 to IC0036                       # src/test/resources/features/InReturnCashlettrs.feature:86
  Given user is on application home page                # StepDefinations.IncomingStepDef.user_is_on_application_home_page()
  When user click on InreturnCashletters                # StepDefinations.InreturnCAshlettrsStepDef.user_click_on_inreturncashletters()
  When user enter startdate as 2008 10 23               # StepDefinations.InreturnCAshlettrsStepDef.user_enter_startdate_as(java.lang.String)
  And user click on Cashlettrs                          # StepDefinations.InreturnCAshlettrsStepDef.user_click_on_cashlettrs()
  Then verify auto generated date formate as 2008-10-23 # StepDefinations.InreturnCAshlettrsStepDef.verify_auto_generated_date_formate_as(java.lang.String)
  And user log out of application                       # StepDefinations.logincheck.user_log_out_of_application()
]]></system-out>
    <system-err><![CDATA[Starting ChromeDriver 108.0.5359.71 (1e0e3868ee06e91ad636a874420e3ca3ae3756ac-refs/branch-heads/5359@{#1016}) on port 43036
Only local connections are allowed.
Please see https://chromedriver.chromium.org/security-considerations for suggestions on keeping ChromeDriver safe.
ChromeDriver was started successfully.
[1680691138.757][WARNING]: This version of ChromeDriver has not been tested with Chrome version 109.
]]></system-err>
  </testcase>
  <testcase name="runScenario[&quot;IC006 to IC0036&quot;, &quot;InReturn Cashletters scenario check&quot;](37)" classname="TestRunner.TestNGTestRunner" time="4.89">
    <system-out><![CDATA[
Scenario Outline: IC006 to IC0036                       # src/test/resources/features/InReturnCashlettrs.feature:87
  Given user is on application home page                # StepDefinations.IncomingStepDef.user_is_on_application_home_page()
  When user click on InreturnCashletters                # StepDefinations.InreturnCAshlettrsStepDef.user_click_on_inreturncashletters()
  When user enter startdate as 2008 Oct 23              # StepDefinations.InreturnCAshlettrsStepDef.user_enter_startdate_as(java.lang.String)
  And user click on Cashlettrs                          # StepDefinations.InreturnCAshlettrsStepDef.user_click_on_cashlettrs()
  Then verify auto generated date formate as 2008-10-23 # StepDefinations.InreturnCAshlettrsStepDef.verify_auto_generated_date_formate_as(java.lang.String)
  And user log out of application                       # StepDefinations.logincheck.user_log_out_of_application()
]]></system-out>
    <system-err><![CDATA[Starting ChromeDriver 108.0.5359.71 (1e0e3868ee06e91ad636a874420e3ca3ae3756ac-refs/branch-heads/5359@{#1016}) on port 36479
Only local connections are allowed.
Please see https://chromedriver.chromium.org/security-considerations for suggestions on keeping ChromeDriver safe.
ChromeDriver was started successfully.
[1680691143.976][WARNING]: This version of ChromeDriver has not been tested with Chrome version 109.
]]></system-err>
  </testcase>
  <testcase name="runScenario[&quot;IC006 to IC0036&quot;, &quot;InReturn Cashletters scenario check&quot;](38)" classname="TestRunner.TestNGTestRunner" time="5.017">
    <system-out><![CDATA[
Scenario Outline: IC006 to IC0036                       # src/test/resources/features/InReturnCashlettrs.feature:88
  Given user is on application home page                # StepDefinations.IncomingStepDef.user_is_on_application_home_page()
  When user click on InreturnCashletters                # StepDefinations.InreturnCAshlettrsStepDef.user_click_on_inreturncashletters()
  When user enter startdate as 10-23-2008               # StepDefinations.InreturnCAshlettrsStepDef.user_enter_startdate_as(java.lang.String)
  And user click on Cashlettrs                          # StepDefinations.InreturnCAshlettrsStepDef.user_click_on_cashlettrs()
  Then verify auto generated date formate as 2008-10-23 # StepDefinations.InreturnCAshlettrsStepDef.verify_auto_generated_date_formate_as(java.lang.String)
  And user log out of application                       # StepDefinations.logincheck.user_log_out_of_application()
]]></system-out>
    <system-err><![CDATA[Starting ChromeDriver 108.0.5359.71 (1e0e3868ee06e91ad636a874420e3ca3ae3756ac-refs/branch-heads/5359@{#1016}) on port 40313
Only local connections are allowed.
Please see https://chromedriver.chromium.org/security-considerations for suggestions on keeping ChromeDriver safe.
ChromeDriver was started successfully.
[1680691148.411][WARNING]: This version of ChromeDriver has not been tested with Chrome version 109.
]]></system-err>
  </testcase>
  <testcase name="runScenario[&quot;IC006 to IC0036&quot;, &quot;InReturn Cashletters scenario check&quot;](39)" classname="TestRunner.TestNGTestRunner" time="4.125">
    <system-out><![CDATA[
Scenario Outline: IC006 to IC0036                       # src/test/resources/features/InReturnCashlettrs.feature:89
  Given user is on application home page                # StepDefinations.IncomingStepDef.user_is_on_application_home_page()
  When user click on InreturnCashletters                # StepDefinations.InreturnCAshlettrsStepDef.user_click_on_inreturncashletters()
  When user enter startdate as 10.23.2008               # StepDefinations.InreturnCAshlettrsStepDef.user_enter_startdate_as(java.lang.String)
  And user click on Cashlettrs                          # StepDefinations.InreturnCAshlettrsStepDef.user_click_on_cashlettrs()
  Then verify auto generated date formate as 2008-10-23 # StepDefinations.InreturnCAshlettrsStepDef.verify_auto_generated_date_formate_as(java.lang.String)
  And user log out of application                       # StepDefinations.logincheck.user_log_out_of_application()
]]></system-out>
    <system-err><![CDATA[Starting ChromeDriver 108.0.5359.71 (1e0e3868ee06e91ad636a874420e3ca3ae3756ac-refs/branch-heads/5359@{#1016}) on port 32038
Only local connections are allowed.
Please see https://chromedriver.chromium.org/security-considerations for suggestions on keeping ChromeDriver safe.
ChromeDriver was started successfully.
[1680691153.256][WARNING]: This version of ChromeDriver has not been tested with Chrome version 109.
]]></system-err>
  </testcase>
  <testcase name="runScenario[&quot;IC006 to IC0036&quot;, &quot;InReturn Cashletters scenario check&quot;](40)" classname="TestRunner.TestNGTestRunner" time="4.162">
    <system-out><![CDATA[
Scenario Outline: IC006 to IC0036                       # src/test/resources/features/InReturnCashlettrs.feature:90
  Given user is on application home page                # StepDefinations.IncomingStepDef.user_is_on_application_home_page()
  When user click on InreturnCashletters                # StepDefinations.InreturnCAshlettrsStepDef.user_click_on_inreturncashletters()
  When user enter startdate as 10 23 2008               # StepDefinations.InreturnCAshlettrsStepDef.user_enter_startdate_as(java.lang.String)
  And user click on Cashlettrs                          # StepDefinations.InreturnCAshlettrsStepDef.user_click_on_cashlettrs()
  Then verify auto generated date formate as 2008-10-23 # StepDefinations.InreturnCAshlettrsStepDef.verify_auto_generated_date_formate_as(java.lang.String)
  And user log out of application                       # StepDefinations.logincheck.user_log_out_of_application()
]]></system-out>
    <system-err><![CDATA[Starting ChromeDriver 108.0.5359.71 (1e0e3868ee06e91ad636a874420e3ca3ae3756ac-refs/branch-heads/5359@{#1016}) on port 22480
Only local connections are allowed.
Please see https://chromedriver.chromium.org/security-considerations for suggestions on keeping ChromeDriver safe.
ChromeDriver was started successfully.
[1680691157.315][WARNING]: This version of ChromeDriver has not been tested with Chrome version 109.
]]></system-err>
  </testcase>
  <testcase name="runScenario[&quot;IC006 to IC0036&quot;, &quot;InReturn Cashletters scenario check&quot;](41)" classname="TestRunner.TestNGTestRunner" time="5.077">
    <system-out><![CDATA[
Scenario Outline: IC006 to IC0036                       # src/test/resources/features/InReturnCashlettrs.feature:91
  Given user is on application home page                # StepDefinations.IncomingStepDef.user_is_on_application_home_page()
  When user click on InreturnCashletters                # StepDefinations.InreturnCAshlettrsStepDef.user_click_on_inreturncashletters()
  When user enter startdate as Oct 23 2008              # StepDefinations.InreturnCAshlettrsStepDef.user_enter_startdate_as(java.lang.String)
  And user click on Cashlettrs                          # StepDefinations.InreturnCAshlettrsStepDef.user_click_on_cashlettrs()
  Then verify auto generated date formate as 2008-10-23 # StepDefinations.InreturnCAshlettrsStepDef.verify_auto_generated_date_formate_as(java.lang.String)
  And user log out of application                       # StepDefinations.logincheck.user_log_out_of_application()
]]></system-out>
    <system-err><![CDATA[Starting ChromeDriver 108.0.5359.71 (1e0e3868ee06e91ad636a874420e3ca3ae3756ac-refs/branch-heads/5359@{#1016}) on port 8901
Only local connections are allowed.
Please see https://chromedriver.chromium.org/security-considerations for suggestions on keeping ChromeDriver safe.
ChromeDriver was started successfully.
[1680691161.738][WARNING]: This version of ChromeDriver has not been tested with Chrome version 109.
]]></system-err>
  </testcase>
  <testcase name="runScenario[&quot;IC006 to IC0036&quot;, &quot;InReturn Cashletters scenario check&quot;](42)" classname="TestRunner.TestNGTestRunner" time="4.075">
    <system-out><![CDATA[
Scenario Outline: IC006 to IC0036                       # src/test/resources/features/InReturnCashlettrs.feature:92
  Given user is on application home page                # StepDefinations.IncomingStepDef.user_is_on_application_home_page()
  When user click on InreturnCashletters                # StepDefinations.InreturnCAshlettrsStepDef.user_click_on_inreturncashletters()
  When user enter startdate as 10-23-08                 # StepDefinations.InreturnCAshlettrsStepDef.user_enter_startdate_as(java.lang.String)
  And user click on Cashlettrs                          # StepDefinations.InreturnCAshlettrsStepDef.user_click_on_cashlettrs()
  Then verify auto generated date formate as 2008-10-23 # StepDefinations.InreturnCAshlettrsStepDef.verify_auto_generated_date_formate_as(java.lang.String)
  And user log out of application                       # StepDefinations.logincheck.user_log_out_of_application()
]]></system-out>
    <system-err><![CDATA[Starting ChromeDriver 108.0.5359.71 (1e0e3868ee06e91ad636a874420e3ca3ae3756ac-refs/branch-heads/5359@{#1016}) on port 46242
Only local connections are allowed.
Please see https://chromedriver.chromium.org/security-considerations for suggestions on keeping ChromeDriver safe.
ChromeDriver was started successfully.
[1680691166.571][WARNING]: This version of ChromeDriver has not been tested with Chrome version 109.
]]></system-err>
  </testcase>
  <testcase name="runScenario[&quot;IC006 to IC0036&quot;, &quot;InReturn Cashletters scenario check&quot;](43)" classname="TestRunner.TestNGTestRunner" time="4.051">
    <system-out><![CDATA[
Scenario Outline: IC006 to IC0036                       # src/test/resources/features/InReturnCashlettrs.feature:93
  Given user is on application home page                # StepDefinations.IncomingStepDef.user_is_on_application_home_page()
  When user click on InreturnCashletters                # StepDefinations.InreturnCAshlettrsStepDef.user_click_on_inreturncashletters()
  When user enter startdate as 10/23/08                 # StepDefinations.InreturnCAshlettrsStepDef.user_enter_startdate_as(java.lang.String)
  And user click on Cashlettrs                          # StepDefinations.InreturnCAshlettrsStepDef.user_click_on_cashlettrs()
  Then verify auto generated date formate as 2008-10-23 # StepDefinations.InreturnCAshlettrsStepDef.verify_auto_generated_date_formate_as(java.lang.String)
  And user log out of application                       # StepDefinations.logincheck.user_log_out_of_application()
]]></system-out>
    <system-err><![CDATA[Starting ChromeDriver 108.0.5359.71 (1e0e3868ee06e91ad636a874420e3ca3ae3756ac-refs/branch-heads/5359@{#1016}) on port 41530
Only local connections are allowed.
Please see https://chromedriver.chromium.org/security-considerations for suggestions on keeping ChromeDriver safe.
ChromeDriver was started successfully.
[1680691170.530][WARNING]: This version of ChromeDriver has not been tested with Chrome version 109.
]]></system-err>
  </testcase>
  <testcase name="runScenario[&quot;IC006 to IC0036&quot;, &quot;InReturn Cashletters scenario check&quot;](44)" classname="TestRunner.TestNGTestRunner" time="4.324">
    <system-out><![CDATA[
Scenario Outline: IC006 to IC0036                       # src/test/resources/features/InReturnCashlettrs.feature:94
  Given user is on application home page                # StepDefinations.IncomingStepDef.user_is_on_application_home_page()
  When user click on InreturnCashletters                # StepDefinations.InreturnCAshlettrsStepDef.user_click_on_inreturncashletters()
  When user enter startdate as 10.23.08                 # StepDefinations.InreturnCAshlettrsStepDef.user_enter_startdate_as(java.lang.String)
  And user click on Cashlettrs                          # StepDefinations.InreturnCAshlettrsStepDef.user_click_on_cashlettrs()
  Then verify auto generated date formate as 2008-10-23 # StepDefinations.InreturnCAshlettrsStepDef.verify_auto_generated_date_formate_as(java.lang.String)
  And user log out of application                       # StepDefinations.logincheck.user_log_out_of_application()
]]></system-out>
    <system-err><![CDATA[Starting ChromeDriver 108.0.5359.71 (1e0e3868ee06e91ad636a874420e3ca3ae3756ac-refs/branch-heads/5359@{#1016}) on port 42813
Only local connections are allowed.
Please see https://chromedriver.chromium.org/security-considerations for suggestions on keeping ChromeDriver safe.
ChromeDriver was started successfully.
[1680691175.035][WARNING]: This version of ChromeDriver has not been tested with Chrome version 109.
]]></system-err>
  </testcase>
  <testcase name="runScenario[&quot;IC006 to IC0036&quot;, &quot;InReturn Cashletters scenario check&quot;](45)" classname="TestRunner.TestNGTestRunner" time="4.047">
    <system-out><![CDATA[
Scenario Outline: IC006 to IC0036                       # src/test/resources/features/InReturnCashlettrs.feature:95
  Given user is on application home page                # StepDefinations.IncomingStepDef.user_is_on_application_home_page()
  When user click on InreturnCashletters                # StepDefinations.InreturnCAshlettrsStepDef.user_click_on_inreturncashletters()
  When user enter startdate as Oct 23 08                # StepDefinations.InreturnCAshlettrsStepDef.user_enter_startdate_as(java.lang.String)
  And user click on Cashlettrs                          # StepDefinations.InreturnCAshlettrsStepDef.user_click_on_cashlettrs()
  Then verify auto generated date formate as 2008-10-23 # StepDefinations.InreturnCAshlettrsStepDef.verify_auto_generated_date_formate_as(java.lang.String)
  And user log out of application                       # StepDefinations.logincheck.user_log_out_of_application()
]]></system-out>
    <system-err><![CDATA[Starting ChromeDriver 108.0.5359.71 (1e0e3868ee06e91ad636a874420e3ca3ae3756ac-refs/branch-heads/5359@{#1016}) on port 48346
Only local connections are allowed.
Please see https://chromedriver.chromium.org/security-considerations for suggestions on keeping ChromeDriver safe.
ChromeDriver was started successfully.
[1680691178.912][WARNING]: This version of ChromeDriver has not been tested with Chrome version 109.
]]></system-err>
  </testcase>
  <testcase name="runScenario[&quot;IC006 to IC0036&quot;, &quot;InReturn Cashletters scenario check&quot;](46)" classname="TestRunner.TestNGTestRunner" time="4.087">
    <system-out><![CDATA[
Scenario Outline: IC006 to IC0036                       # src/test/resources/features/InReturnCashlettrs.feature:96
  Given user is on application home page                # StepDefinations.IncomingStepDef.user_is_on_application_home_page()
  When user click on InreturnCashletters                # StepDefinations.InreturnCAshlettrsStepDef.user_click_on_inreturncashletters()
  When user enter startdate as 10 23 2008               # StepDefinations.InreturnCAshlettrsStepDef.user_enter_startdate_as(java.lang.String)
  And user click on Cashlettrs                          # StepDefinations.InreturnCAshlettrsStepDef.user_click_on_cashlettrs()
  Then verify auto generated date formate as 2008-10-23 # StepDefinations.InreturnCAshlettrsStepDef.verify_auto_generated_date_formate_as(java.lang.String)
  And user log out of application                       # StepDefinations.logincheck.user_log_out_of_application()
]]></system-out>
    <system-err><![CDATA[Starting ChromeDriver 108.0.5359.71 (1e0e3868ee06e91ad636a874420e3ca3ae3756ac-refs/branch-heads/5359@{#1016}) on port 33236
Only local connections are allowed.
Please see https://chromedriver.chromium.org/security-considerations for suggestions on keeping ChromeDriver safe.
ChromeDriver was started successfully.
[1680691183.070][WARNING]: This version of ChromeDriver has not been tested with Chrome version 109.
]]></system-err>
  </testcase>
  <testcase name="runScenario[&quot;IC006 to IC0036&quot;, &quot;InReturn Cashletters scenario check&quot;](47)" classname="TestRunner.TestNGTestRunner" time="4.491">
    <system-out><![CDATA[
Scenario Outline: IC006 to IC0036                       # src/test/resources/features/InReturnCashlettrs.feature:97
  Given user is on application home page                # StepDefinations.IncomingStepDef.user_is_on_application_home_page()
  When user click on InreturnCashletters                # StepDefinations.InreturnCAshlettrsStepDef.user_click_on_inreturncashletters()
  When user enter startdate as 10 23 08                 # StepDefinations.InreturnCAshlettrsStepDef.user_enter_startdate_as(java.lang.String)
  And user click on Cashlettrs                          # StepDefinations.InreturnCAshlettrsStepDef.user_click_on_cashlettrs()
  Then verify auto generated date formate as 2008-10-23 # StepDefinations.InreturnCAshlettrsStepDef.verify_auto_generated_date_formate_as(java.lang.String)
  And user log out of application                       # StepDefinations.logincheck.user_log_out_of_application()
]]></system-out>
    <system-err><![CDATA[Starting ChromeDriver 108.0.5359.71 (1e0e3868ee06e91ad636a874420e3ca3ae3756ac-refs/branch-heads/5359@{#1016}) on port 16934
Only local connections are allowed.
Please see https://chromedriver.chromium.org/security-considerations for suggestions on keeping ChromeDriver safe.
ChromeDriver was started successfully.
[1680691187.115][WARNING]: This version of ChromeDriver has not been tested with Chrome version 109.
]]></system-err>
  </testcase>
  <testcase name="runScenario[&quot;IC006 to IC0036&quot;, &quot;InReturn Cashletters scenario check&quot;](48)" classname="TestRunner.TestNGTestRunner" time="4.193">
    <system-out><![CDATA[
Scenario Outline: IC006 to IC0036                       # src/test/resources/features/InReturnCashlettrs.feature:98
  Given user is on application home page                # StepDefinations.IncomingStepDef.user_is_on_application_home_page()
  When user click on InreturnCashletters                # StepDefinations.InreturnCAshlettrsStepDef.user_click_on_inreturncashletters()
  When user enter startdate as 10-23-2008               # StepDefinations.InreturnCAshlettrsStepDef.user_enter_startdate_as(java.lang.String)
  And user click on Cashlettrs                          # StepDefinations.InreturnCAshlettrsStepDef.user_click_on_cashlettrs()
  Then verify auto generated date formate as 2008-10-23 # StepDefinations.InreturnCAshlettrsStepDef.verify_auto_generated_date_formate_as(java.lang.String)
  And user log out of application                       # StepDefinations.logincheck.user_log_out_of_application()
]]></system-out>
    <system-err><![CDATA[Starting ChromeDriver 108.0.5359.71 (1e0e3868ee06e91ad636a874420e3ca3ae3756ac-refs/branch-heads/5359@{#1016}) on port 18146
Only local connections are allowed.
Please see https://chromedriver.chromium.org/security-considerations for suggestions on keeping ChromeDriver safe.
ChromeDriver was started successfully.
[1680691191.656][WARNING]: This version of ChromeDriver has not been tested with Chrome version 109.
]]></system-err>
  </testcase>
  <testcase name="runScenario[&quot;IC006 to IC0036&quot;, &quot;InReturn Cashletters scenario check&quot;](49)" classname="TestRunner.TestNGTestRunner" time="4.562">
    <system-out><![CDATA[
Scenario Outline: IC006 to IC0036                       # src/test/resources/features/InReturnCashlettrs.feature:99
  Given user is on application home page                # StepDefinations.IncomingStepDef.user_is_on_application_home_page()
  When user click on InreturnCashletters                # StepDefinations.InreturnCAshlettrsStepDef.user_click_on_inreturncashletters()
  When user enter startdate as 10/23/2008               # StepDefinations.InreturnCAshlettrsStepDef.user_enter_startdate_as(java.lang.String)
  And user click on Cashlettrs                          # StepDefinations.InreturnCAshlettrsStepDef.user_click_on_cashlettrs()
  Then verify auto generated date formate as 2008-10-23 # StepDefinations.InreturnCAshlettrsStepDef.verify_auto_generated_date_formate_as(java.lang.String)
  And user log out of application                       # StepDefinations.logincheck.user_log_out_of_application()
]]></system-out>
[...]
  And user enter process start date as "012306" and end date as "102308" # StepDefinations.OutbondreturnCashlettersStep.user_enter_process_start_date_as_something_and_end_date_as_something(java.lang.String,java.lang.String)
  And user set the operator field to "="                                 # StepDefinations.OutbondreturnCashlettersStep.user_set_the_operator_field_to_something(java.lang.String)
  And user click on Cashlettrs                                           # StepDefinations.InreturnCAshlettrsStepDef.user_click_on_cashlettrs()
  And user nevigate to back page                                         # StepDefinations.InreturnCAshlettrsStepDef.user_nevigate_back_to_inreturn_cashletter_page()
.......
  Then verify upper range field of processdate "date" is cleared         # StepDefinations.OutbondreturnCashlettersStep.verify_upper_range_field_of_processdate_something_is_cleared(java.lang.String)
  And user log out of application                                        # StepDefinations.logincheck.user_log_out_of_application()
]]></system-out>
    <system-err><![CDATA[Starting ChromeDriver 108.0.5359.71 (1e0e3868ee06e91ad636a874420e3ca3ae3756ac-refs/branch-heads/5359@{#1016}) on port 44320
Only local connections are allowed.
Please see https://chromedriver.chromium.org/security-considerations for suggestions on keeping ChromeDriver safe.
ChromeDriver was started successfully.
[1680691422.282][WARNING]: This version of ChromeDriver has not been tested with Chrome version 109.
]]></system-err>
  </testcase>
  <testcase name="runScenario[&quot;OC0044&quot;, &quot;Outbond return Cashletters&quot;](99)" classname="TestRunner.TestNGTestRunner" time="4.329">
    <system-out><![CDATA[
Scenario: OC0044                                                                                         # src/test/resources/features/OutbondreturnCasletters.feature:122
  Given user is on application home page                                                                 # StepDefinations.IncomingStepDef.user_is_on_application_home_page()
  When user click on Outbond return Cashletters                                                          # StepDefinations.OutbondreturnCashlettersStep.user_click_on_outbond_return_cashletters()
  And user enter process startdate as "022306"                                                           # StepDefinations.InreturnCAshlettrsStepDef.user_enter_process_startdate_as_something(java.lang.String)
  And user enter OB Amount as "5000.00" and "1000.00"                                                    # StepDefinations.OutbondreturnCashlettersStep.user_enter_ob_amount_as_something_and_something(java.lang.String,java.lang.String)
  And user click on Cashlettrs                                                                           # StepDefinations.InreturnCAshlettrsStepDef.user_click_on_cashlettrs()
  Then verify popup alert message as "The Amount Begin Value must be smaller than the Amount End Value." # StepDefinations.IncomingStepDef.verify_popup_alert_message_as_something(java.lang.String)
  And user log out of application                                                                        # StepDefinations.logincheck.user_log_out_of_application()
]]></system-out>
    <system-err><![CDATA[Starting ChromeDriver 108.0.5359.71 (1e0e3868ee06e91ad636a874420e3ca3ae3756ac-refs/branch-heads/5359@{#1016}) on port 25017
Only local connections are allowed.
Please see https://chromedriver.chromium.org/security-considerations for suggestions on keeping ChromeDriver safe.
ChromeDriver was started successfully.
[1680691426.803][WARNING]: This version of ChromeDriver has not been tested with Chrome version 109.
]]></system-err>
  </testcase>
  <testcase name="runScenario[&quot;valid login check&quot;, &quot;ATF login check&quot;](100)" classname="TestRunner.TestNGTestRunner" time="3.523">
    <system-out><![CDATA[
Scenario: valid login check                                           # src/test/resources/features/login.feature:3
  Given user is on ATF login Page                                     # StepDefinations.logincheck.user_is_on_atf_login_page()
  When user enter valid username as "manager" and password "P@ssw0rd" # StepDefinations.logincheck.user_enter_valid_username_as_something_and_password_something(java.lang.String,java.lang.String)
  Then user nevigate to home page                                     # StepDefinations.logincheck.user_nevigate_to_home_page()
  And user log out of application                                     # StepDefinations.logincheck.user_log_out_of_application()
]]></system-out>
    <system-err><![CDATA[Starting ChromeDriver 108.0.5359.71 (1e0e3868ee06e91ad636a874420e3ca3ae3756ac-refs/branch-heads/5359@{#1016}) on port 15908
Only local connections are allowed.
Please see https://chromedriver.chromium.org/security-considerations for suggestions on keeping ChromeDriver safe.
ChromeDriver was started successfully.
[1680691431.265][WARNING]: This version of ChromeDriver has not been tested with Chrome version 109.
]]></system-err>
  </testcase>
  <testcase name="runScenario[&quot;invalid user check&quot;, &quot;ATF login check&quot;](101)" classname="TestRunner.TestNGTestRunner" time="3.345">
    <system-out><![CDATA[
Scenario Outline: invalid user check                            # src/test/resources/features/login.feature:17
  Given user is on ATF login Page                               # StepDefinations.logincheck.user_is_on_atf_login_page()
  When user enter Invalid username  user and password  password # StepDefinations.logincheck.user_enter_invalid_username_and_password(java.lang.String,java.lang.String)
  Then error msg occurs on login page                           # StepDefinations.logincheck.error_msg_occurs_on_login_page()
]]></system-out>
    <system-err><![CDATA[Starting ChromeDriver 108.0.5359.71 (1e0e3868ee06e91ad636a874420e3ca3ae3756ac-refs/branch-heads/5359@{#1016}) on port 46322
Only local connections are allowed.
Please see https://chromedriver.chromium.org/security-considerations for suggestions on keeping ChromeDriver safe.
ChromeDriver was started successfully.
[1680691434.581][WARNING]: This version of ChromeDriver has not been tested with Chrome version 109.
]]></system-err>
  </testcase>
  <testcase name="runScenario[&quot;invalid user check&quot;, &quot;ATF login check&quot;](102)" classname="TestRunner.TestNGTestRunner" time="3.53">
    <system-out><![CDATA[
Scenario Outline: invalid user check                            # src/test/resources/features/login.feature:18
  Given user is on ATF login Page                               # StepDefinations.logincheck.user_is_on_atf_login_page()
  When user enter Invalid username  username and password  user # StepDefinations.logincheck.user_enter_invalid_username_and_password(java.lang.String,java.lang.String)
  Then error msg occurs on login page                           # StepDefinations.logincheck.error_msg_occurs_on_login_page()
]]></system-out>
    <system-err><![CDATA[Starting ChromeDriver 108.0.5359.71 (1e0e3868ee06e91ad636a874420e3ca3ae3756ac-refs/branch-heads/5359@{#1016}) on port 4193
Only local connections are allowed.
Please see https://chromedriver.chromium.org/security-considerations for suggestions on keeping ChromeDriver safe.
ChromeDriver was started successfully.
[1680691437.944][WARNING]: This version of ChromeDriver has not been tested with Chrome version 109.
]]></system-err>
  </testcase>
  <testcase name="runScenario[&quot;OC043&quot;, &quot;test feature&quot;](103)" classname="TestRunner.TestNGTestRunner" time="3.681">
    <failure message="element not interactable&#10;  (Session info: chrome=109.0.5414.129)&#10;Build info: version: &apos;4.8.1&apos;, revision: &apos;8ebccac989&apos;&#10;System info: os.name: &apos;Windows Server 2012 R2&apos;, os.arch: &apos;amd64&apos;, os.version: &apos;6.3&apos;, java.version: &apos;1.8.0_60&apos;&#10;Driver info: org.openqa.selenium.chrome.ChromeDriver&#10;Command: [8e483ac1c89de0042871b03397b05356, sendKeysToElement {id=cef1cdab-26e7-4f49-9884-b980f93474b4, value=[Ljava.lang.CharSequence;@aa1b9ef}]&#10;Capabilities {acceptInsecureCerts: true, browserName: chrome, browserVersion: 109.0.5414.129, chrome: {chromedriverVersion: 108.0.5359.71 (1e0e3868ee06..., userDataDir: C:\Users\F3K8U4L\AppData\Lo...}, goog:chromeOptions: {debuggerAddress: localhost:54733}, networkConnectionEnabled: false, pageLoadStrategy: normal, platformName: WINDOWS, proxy: Proxy(), se:cdp: ws://localhost:54733/devtoo..., se:cdpVersion: 109.0.5414.129, setWindowRect: true, strictFileInteractability: false, timeouts: {implicit: 0, pageLoad: 300000, script: 30000}, unhandledPromptBehavior: dismiss and notify, webauthn:extension:credBlob: true, webauthn:extension:largeBlob: true, webauthn:virtualAuthenticators: true}&#10;Element: [[ChromeDriver: chrome on WINDOWS (8e483ac1c89de0042871b03397b05356)] -&gt; name: RCEndpointNumber_to]&#10;Session ID: 8e483ac1c89de0042871b03397b05356" type="org.openqa.selenium.ElementNotInteractableException"><![CDATA[org.openqa.selenium.ElementNotInteractableException: 
element not interactable
  (Session info: chrome=109.0.5414.129)
Build info: version: '4.8.1', revision: '8ebccac989'
System info: os.name: 'Windows Server 2012 R2', os.arch: 'amd64', os.version: '6.3', java.version: '1.8.0_60'
Driver info: org.openqa.selenium.chrome.ChromeDriver
Command: [8e483ac1c89de0042871b03397b05356, sendKeysToElement {id=cef1cdab-26e7-4f49-9884-b980f93474b4, value=[Ljava.lang.CharSequence;@aa1b9ef}]
Capabilities {acceptInsecureCerts: true, browserName: chrome, browserVersion: 109.0.5414.129, chrome: {chromedriverVersion: 108.0.5359.71 (1e0e3868ee06..., userDataDir: C:\Users\F3K8U4L\AppData\Lo...}, goog:chromeOptions: {debuggerAddress: localhost:54733}, networkConnectionEnabled: false, pageLoadStrategy: normal, platformName: WINDOWS, proxy: Proxy(), se:cdp: ws://localhost:54733/devtoo..., se:cdpVersion: 109.0.5414.129, setWindowRect: true, strictFileInteractability: false, timeouts: {implicit: 0, pageLoad: 300000, script: 30000}, unhandledPromptBehavior: dismiss and notify, webauthn:extension:credBlob: true, webauthn:extension:largeBlob: true, webauthn:virtualAuthenticators: true}
Element: [[ChromeDriver: chrome on WINDOWS (8e483ac1c89de0042871b03397b05356)] -> name: RCEndpointNumber_to]
Session ID: 8e483ac1c89de0042871b03397b05356
	at sun.reflect.NativeConstructorAccessorImpl.newInstance0(Native Method)
	at sun.reflect.NativeConstructorAccessorImpl.newInstance(NativeConstructorAccessorImpl.java:62)
	at sun.reflect.DelegatingConstructorAccessorImpl.newInstance(DelegatingConstructorAccessorImpl.java:45)
	at java.lang.reflect.Constructor.newInstance(Constructor.java:422)
	at org.openqa.selenium.remote.codec.w3c.W3CHttpResponseCodec.createException(W3CHttpResponseCodec.java:200)
	at org.openqa.selenium.remote.codec.w3c.W3CHttpResponseCodec.decode(W3CHttpResponseCodec.java:133)
	at org.openqa.selenium.remote.codec.w3c.W3CHttpResponseCodec.decode(W3CHttpResponseCodec.java:53)
	at org.openqa.selenium.remote.HttpCommandExecutor.execute(HttpCommandExecutor.java:184)
	at org.openqa.selenium.remote.service.DriverCommandExecutor.invokeExecute(DriverCommandExecutor.java:167)
	at org.openqa.selenium.remote.service.DriverCommandExecutor.execute(DriverCommandExecutor.java:142)
	at org.openqa.selenium.remote.RemoteWebDriver.execute(RemoteWebDriver.java:543)
	at org.openqa.selenium.remote.RemoteWebElement.execute(RemoteWebElement.java:257)
	at org.openqa.selenium.remote.RemoteWebElement.sendKeys(RemoteWebElement.java:113)
	at sun.reflect.GeneratedMethodAccessor81.invoke(Unknown Source)
	at sun.reflect.DelegatingMethodAccessorImpl.invoke(DelegatingMethodAccessorImpl.java:43)
	at java.lang.reflect.Method.invoke(Method.java:497)
	at org.openqa.selenium.support.pagefactory.internal.LocatingElementHandler.invoke(LocatingElementHandler.java:52)
	at com.sun.proxy.$Proxy24.sendKeys(Unknown Source)
	at pageObjects.OutboundReturnCashlettesPage.EnterEndpointdetails(OutboundReturnCashlettesPage.java:54)
	at StepDefinations.OutbondreturnCashlettersStep.user_enter_ob_endpoint_details_as_something_and_something(OutbondreturnCashlettersStep.java:97)
	at ✽.user enter OB Endpoint details as "5000.00" and "1000.00"(file:///F:/SumitWorkspace_new/Cucumber_ATF/src/test/resources/features/test.feature:10)
]]></failure>
    <system-out><![CDATA[
Scenario: OC043                                                                                                            # src/test/resources/features/test.feature:8
  Given user is on application home page                                                                                   # StepDefinations.IncomingStepDef.user_is_on_application_home_page()
  When user click on Outbond return Cashletters                                                                            # StepDefinations.OutbondreturnCashlettersStep.user_click_on_outbond_return_cashletters()
  And user enter process startdate as "022306"                                                                             # StepDefinations.InreturnCAshlettrsStepDef.user_enter_process_startdate_as_something(java.lang.String)
  And user enter OB Endpoint details as "5000.00" and "1000.00"                                                            # StepDefinations.OutbondreturnCashlettersStep.user_enter_ob_endpoint_details_as_something_and_something(java.lang.String,java.lang.String)
      org.openqa.selenium.ElementNotInteractableException: element not interactable
  (Session info: chrome=109.0.5414.129)
Build info: version: '4.8.1', revision: '8ebccac989'
System info: os.name: 'Windows Server 2012 R2', os.arch: 'amd64', os.version: '6.3', java.version: '1.8.0_60'
Driver info: org.openqa.selenium.chrome.ChromeDriver
Command: [8e483ac1c89de0042871b03397b05356, sendKeysToElement {id=cef1cdab-26e7-4f49-9884-b980f93474b4, value=[Ljava.lang.CharSequence;@aa1b9ef}]
Capabilities {acceptInsecureCerts: true, browserName: chrome, browserVersion: 109.0.5414.129, chrome: {chromedriverVersion: 108.0.5359.71 (1e0e3868ee06..., userDataDir: C:\Users\F3K8U4L\AppData\Lo...}, goog:chromeOptions: {debuggerAddress: localhost:54733}, networkConnectionEnabled: false, pageLoadStrategy: normal, platformName: WINDOWS, proxy: Proxy(), se:cdp: ws://localhost:54733/devtoo..., se:cdpVersion: 109.0.5414.129, setWindowRect: true, strictFileInteractability: false, timeouts: {implicit: 0, pageLoad: 300000, script: 30000}, unhandledPromptBehavior: dismiss and notify, webauthn:extension:credBlob: true, webauthn:extension:largeBlob: true, webauthn:virtualAuthenticators: true}
Element: [[ChromeDriver: chrome on WINDOWS (8e483ac1c89de0042871b03397b05356)] -> name: RCEndpointNumber_to]
Session ID: 8e483ac1c89de0042871b03397b05356
	at sun.reflect.NativeConstructorAccessorImpl.newInstance0(Native Method)
	at sun.reflect.NativeConstructorAccessorImpl.newInstance(NativeConstructorAccessorImpl.java:62)
	at sun.reflect.DelegatingConstructorAccessorImpl.newInstance(DelegatingConstructorAccessorImpl.java:45)
	at java.lang.reflect.Constructor.newInstance(Constructor.java:422)
	at org.openqa.selenium.remote.codec.w3c.W3CHttpResponseCodec.createException(W3CHttpResponseCodec.java:200)
	at org.openqa.selenium.remote.codec.w3c.W3CHttpResponseCodec.decode(W3CHttpResponseCodec.java:133)
	at org.openqa.selenium.remote.codec.w3c.W3CHttpResponseCodec.decode(W3CHttpResponseCodec.java:53)
	at org.openqa.selenium.remote.HttpCommandExecutor.execute(HttpCommandExecutor.java:184)
	at org.openqa.selenium.remote.service.DriverCommandExecutor.invokeExecute(DriverCommandExecutor.java:167)
	at org.openqa.selenium.remote.service.DriverCommandExecutor.execute(DriverCommandExecutor.java:142)
	at org.openqa.selenium.remote.RemoteWebDriver.execute(RemoteWebDriver.java:543)
	at org.openqa.selenium.remote.RemoteWebElement.execute(RemoteWebElement.java:257)
	at org.openqa.selenium.remote.RemoteWebElement.sendKeys(RemoteWebElement.java:113)
	at sun.reflect.GeneratedMethodAccessor81.invoke(Unknown Source)
	at sun.reflect.DelegatingMethodAccessorImpl.invoke(DelegatingMethodAccessorImpl.java:43)
	at java.lang.reflect.Method.invoke(Method.java:497)
	at org.openqa.selenium.support.pagefactory.internal.LocatingElementHandler.invoke(LocatingElementHandler.java:52)
	at com.sun.proxy.$Proxy24.sendKeys(Unknown Source)
	at pageObjects.OutboundReturnCashlettesPage.EnterEndpointdetails(OutboundReturnCashlettesPage.java:54)
	at StepDefinations.OutbondreturnCashlettersStep.user_enter_ob_endpoint_details_as_something_and_something(OutbondreturnCashlettersStep.java:97)
	at âœ½.user enter OB Endpoint details as "5000.00" and "1000.00"(file:///F:/SumitWorkspace_new/Cucumber_ATF/src/test/resources/features/test.feature:10)

      org.openqa.selenium.UnhandledAlertException: unexpected alert open: {Alert text : Please enter a valid number.}
  (Session info: chrome=109.0.5414.129): Please enter a valid number.
Build info: version: '4.8.1', revision: '8ebccac989'
System info: os.name: 'Windows Server 2012 R2', os.arch: 'amd64', os.version: '6.3', java.version: '1.8.0_60'
Driver info: org.openqa.selenium.chrome.ChromeDriver
Command: [8e483ac1c89de0042871b03397b05356, screenshot {}]
Capabilities {acceptInsecureCerts: true, browserName: chrome, browserVersion: 109.0.5414.129, chrome: {chromedriverVersion: 108.0.5359.71 (1e0e3868ee06..., userDataDir: C:\Users\F3K8U4L\AppData\Lo...}, goog:chromeOptions: {debuggerAddress: localhost:54733}, networkConnectionEnabled: false, pageLoadStrategy: normal, platformName: WINDOWS, proxy: Proxy(), se:cdp: ws://localhost:54733/devtoo..., se:cdpVersion: 109.0.5414.129, setWindowRect: true, strictFileInteractability: false, timeouts: {implicit: 0, pageLoad: 300000, script: 30000}, unhandledPromptBehavior: dismiss and notify, webauthn:extension:credBlob: true, webauthn:extension:largeBlob: true, webauthn:virtualAuthenticators: true}
Session ID: 8e483ac1c89de0042871b03397b05356
	at org.openqa.selenium.remote.codec.w3c.W3CHttpResponseCodec.decode(W3CHttpResponseCodec.java:131)
	at org.openqa.selenium.remote.codec.w3c.W3CHttpResponseCodec.decode(W3CHttpResponseCodec.java:53)
	at org.openqa.selenium.remote.HttpCommandExecutor.execute(HttpCommandExecutor.java:184)
	at org.openqa.selenium.remote.service.DriverCommandExecutor.invokeExecute(DriverCommandExecutor.java:167)
	at org.openqa.selenium.remote.service.DriverCommandExecutor.execute(DriverCommandExecutor.java:142)
	at org.openqa.selenium.remote.RemoteWebDriver.execute(RemoteWebDriver.java:543)
	at org.openqa.selenium.remote.RemoteWebDriver.execute(RemoteWebDriver.java:598)
	at org.openqa.selenium.remote.RemoteWebDriver.execute(RemoteWebDriver.java:602)
	at org.openqa.selenium.remote.RemoteWebDriver.getScreenshotAs(RemoteWebDriver.java:318)
	at StepDefinations.Hooks.getScreenshots(Hooks.java:35)

  And user click on Cashlettrs                                                                                             # StepDefinations.InreturnCAshlettrsStepDef.user_click_on_cashlettrs()
  Then verify popup alert message as "The Endpoint number Begin Value must be smaller then the Endpoint Number End Value." # StepDefinations.IncomingStepDef.verify_popup_alert_message_as_something(java.lang.String)
  And user log out of application                                                                                          # StepDefinations.logincheck.user_log_out_of_application()
]]></system-out>
    <system-err><![CDATA[Starting ChromeDriver 108.0.5359.71 (1e0e3868ee06e91ad636a874420e3ca3ae3756ac-refs/branch-heads/5359@{#1016}) on port 30192
Only local connections are allowed.
Please see https://chromedriver.chromium.org/security-considerations for suggestions on keeping ChromeDriver safe.
ChromeDriver was started successfully.
[1680691441.526][WARNING]: This version of ChromeDriver has not been tested with Chrome version 109.
]]></system-err>
  </testcase>
</testsuite>