<?xml version="1.0" encoding="UTF-8"?>
<testsuite xmlns:xsi="http://www.w3.org/2001/XMLSchema-instance" xsi:noNamespaceSchemaLocation="https://maven.apache.org/surefire/maven-surefire-plugin/xsd/surefire-test-report-3.0.xsd" version="3.0" name="TestSuite" time="477.607" tests="103" errors="0" skipped="0" failures="1">
  <properties>
    <property name="sun.desktop" value="windows"/>
    <property name="awt.toolkit" value="sun.awt.windows.WToolkit"/>
    <property name="file.encoding.pkg" value="sun.io"/>
    <property name="java.specification.version" value="1.8"/>
    <property name="webdriver.chrome.driver" value="F:\eclipse\chromedriver.exe"/>
    <property name="sun.cpu.isalist" value="amd64"/>
    <property name="sun.jnu.encoding" value="Cp1252"/>
    <property name="java.class.path" value="F:\SumitWorkspace_new\Cucumber_ATF\target\test-classes;F:\SumitWorkspace_new\Cucumber_ATF\target\classes;C:\Users\F3K8U4L\.m2\repository\org\seleniumhq\selenium\selenium-java\4.8.1\selenium-java-4.8.1.jar;C:\Users\F3K8U4L\.m2\repository\org\seleniumhq\selenium\selenium-api\4.8.1\selenium-api-4.8.1.jar;C:\Users\F3K8U4L\.m2\repository\org\seleniumhq\selenium\selenium-chrome-driver\4.8.1\selenium-chrome-driver-4.8.1.jar;C:\Users\F3K8U4L\.m2\repository\com\google\auto\service\auto-service-annotations\1.0.1\auto-service-annotations-1.0.1.jar;C:\Users\F3K8U4L\.m2\repository\com\google\auto\service\auto-service\1.0.1\auto-service-1.0.1.jar;C:\Users\F3K8U4L\.m2\repository\com\google\auto\auto-common\1.2\auto-common-1.2.jar;C:\Users\F3K8U4L\.m2\repository\com\google\guava\guava\31.1-jre\guava-31.1-jre.jar;C:\Users\F3K8U4L\.m2\repository\com\google\guava\failureaccess\1.0.1\failureaccess-1.0.1.jar;C:\Users\F3K8U4L\.m2\repository\com\google\guava\listenablefuture\9999.0-empty-to-avoid-conflict-with-guava\listenablefuture-9999.0-empty-to-avoid-conflict-with-guava.jar;C:\Users\F3K8U4L\.m2\repository\com\google\code\findbugs\jsr305\3.0.2\jsr305-3.0.2.jar;C:\Users\F3K8U4L\.m2\repository\org\checkerframework\checker-qual\3.12.0\checker-qual-3.12.0.jar;C:\Users\F3K8U4L\.m2\repository\com\google\errorprone\error_prone_annotations\2.11.0\error_prone_annotations-2.11.0.jar;C:\Users\F3K8U4L\.m2\repository\com\google\j2objc\j2objc-annotations\1.3\j2objc-annotations-1.3.jar;C:\Users\F3K8U4L\.m2\repository\org\seleniumhq\selenium\selenium-chromium-driver\4.8.1\selenium-chromium-driver-4.8.1.jar;C:\Users\F3K8U4L\.m2\repository\org\seleniumhq\selenium\selenium-json\4.8.1\selenium-json-4.8.1.jar;C:\Users\F3K8U4L\.m2\repository\org\seleniumhq\selenium\selenium-devtools-v108\4.8.1\selenium-devtools-v108-4.8.1.jar;C:\Users\F3K8U4L\.m2\repository\org\seleniumhq\selenium\selenium-devtools-v109\4.8.1\selenium-devtools-v109-4.8.1.jar;C:\Users\F3K8U4L\.m2\repository\org\seleniumhq\selenium\selenium-devtools-v110\4.8.1\selenium-devtools-v110-4.8.1.jar;C:\Users\F3K8U4L\.m2\repository\org\seleniumhq\selenium\selenium-devtools-v85\4.8.1\selenium-devtools-v85-4.8.1.jar;C:\Users\F3K8U4L\.m2\repository\org\seleniumhq\selenium\selenium-edge-driver\4.8.1\selenium-edge-driver-4.8.1.jar;C:\Users\F3K8U4L\.m2\repository\org\seleniumhq\selenium\selenium-firefox-driver\4.8.1\selenium-firefox-driver-4.8.1.jar;C:\Users\F3K8U4L\.m2\repository\org\seleniumhq\selenium\selenium-http\4.8.1\selenium-http-4.8.1.jar;C:\Users\F3K8U4L\.m2\repository\dev\failsafe\failsafe\3.3.0\failsafe-3.3.0.jar;C:\Users\F3K8U4L\.m2\repository\org\seleniumhq\selenium\selenium-ie-driver\4.8.1\selenium-ie-driver-4.8.1.jar;C:\Users\F3K8U4L\.m2\repository\org\seleniumhq\selenium\selenium-remote-driver\4.8.1\selenium-remote-driver-4.8.1.jar;C:\Users\F3K8U4L\.m2\repository\io\netty\netty-buffer\4.1.87.Final\netty-buffer-4.1.87.Final.jar;C:\Users\F3K8U4L\.m2\repository\io\netty\netty-codec-http\4.1.87.Final\netty-codec-http-4.1.87.Final.jar;C:\Users\F3K8U4L\.m2\repository\io\netty\netty-codec\4.1.87.Final\netty-codec-4.1.87.Final.jar;C:\Users\F3K8U4L\.m2\repository\io\netty\netty-handler\4.1.87.Final\netty-handler-4.1.87.Final.jar;C:\Users\F3K8U4L\.m2\repository\io\netty\netty-common\4.1.87.Final\netty-common-4.1.87.Final.jar;C:\Users\F3K8U4L\.m2\repository\io\netty\netty-transport-classes-epoll\4.1.87.Final\netty-transport-classes-epoll-4.1.87.Final.jar;C:\Users\F3K8U4L\.m2\repository\io\netty\netty-transport-classes-kqueue\4.1.87.Final\netty-transport-classes-kqueue-4.1.87.Final.jar;C:\Users\F3K8U4L\.m2\repository\io\netty\netty-transport-native-epoll\4.1.87.Final\netty-transport-native-epoll-4.1.87.Final.jar;C:\Users\F3K8U4L\.m2\repository\io\netty\netty-transport-native-kqueue\4.1.87.Final\netty-transport-native-kqueue-4.1.87.Final.jar;C:\Users\F3K8U4L\.m2\repository\io\netty\netty-transport-native-unix-common\4.1.87.Final\netty-transport-native-unix-common-4.1.87.Final.jar;C:\Users\F3K8U4L\.m2\repository\io\netty\netty-transport\4.1.87.Final\netty-transport-4.1.87.Final.jar;C:\Users\F3K8U4L\.m2\repository\io\netty\netty-resolver\4.1.87.Final\netty-resolver-4.1.87.Final.jar;C:\Users\F3K8U4L\.m2\repository\io\opentelemetry\opentelemetry-api\1.22.0\opentelemetry-api-1.22.0.jar;C:\Users\F3K8U4L\.m2\repository\io\opentelemetry\opentelemetry-context\1.22.0\opentelemetry-context-1.22.0.jar;C:\Users\F3K8U4L\.m2\repository\io\opentelemetry\opentelemetry-exporter-logging\1.22.0\opentelemetry-exporter-logging-1.22.0.jar;C:\Users\F3K8U4L\.m2\repository\io\opentelemetry\opentelemetry-sdk-metrics\1.22.0\opentelemetry-sdk-metrics-1.22.0.jar;C:\Users\F3K8U4L\.m2\repository\io\opentelemetry\opentelemetry-sdk-logs\1.22.0-alpha\opentelemetry-sdk-logs-1.22.0-alpha.jar;C:\Users\F3K8U4L\.m2\repository\io\opentelemetry\opentelemetry-api-logs\1.22.0-alpha\opentelemetry-api-logs-1.22.0-alpha.jar;C:\Users\F3K8U4L\.m2\repository\io\opentelemetry\opentelemetry-sdk-common\1.22.0\opentelemetry-sdk-common-1.22.0.jar;C:\Users\F3K8U4L\.m2\repository\io\opentelemetry\opentelemetry-sdk-extension-autoconfigure-spi\1.22.0\opentelemetry-sdk-extension-autoconfigure-spi-1.22.0.jar;C:\Users\F3K8U4L\.m2\repository\io\opentelemetry\opentelemetry-sdk-extension-autoconfigure\1.22.0-alpha\opentelemetry-sdk-extension-autoconfigure-1.22.0-alpha.jar;C:\Users\F3K8U4L\.m2\repository\io\opentelemetry\opentelemetry-sdk-trace\1.22.0\opentelemetry-sdk-trace-1.22.0.jar;C:\Users\F3K8U4L\.m2\repository\io\opentelemetry\opentelemetry-sdk\1.22.0\opentelemetry-sdk-1.22.0.jar;C:\Users\F3K8U4L\.m2\repository\io\opentelemetry\opentelemetry-semconv\1.22.0-alpha\opentelemetry-semconv-1.22.0-alpha.jar;C:\Users\F3K8U4L\.m2\repository\io\ous\jtoml\2.0.0\jtoml-2.0.0.jar;C:\Users\F3K8U4L\.m2\repository\net\bytebuddy\byte-buddy\1.12.22\byte-buddy-1.12.22.jar;C:\Users\F3K8U4L\.m2\repository\org\apache\commons\commons-exec\1.3\commons-exec-1.3.jar;C:\Users\F3K8U4L\.m2\repository\org\asynchttpclient\async-http-client\2.12.3\async-http-client-2.12.3.jar;C:\Users\F3K8U4L\.m2\repository\org\asynchttpclient\async-http-client-netty-utils\2.12.3\async-http-client-netty-utils-2.12.3.jar;C:\Users\F3K8U4L\.m2\repository\io\netty\netty-codec-socks\4.1.60.Final\netty-codec-socks-4.1.60.Final.jar;C:\Users\F3K8U4L\.m2\repository\io\netty\netty-handler-proxy\4.1.60.Final\netty-handler-proxy-4.1.60.Final.jar;C:\Users\F3K8U4L\.m2\repository\io\netty\netty-transport-native-epoll\4.1.60.Final\netty-transport-native-epoll-4.1.60.Final-linux-x86_64.jar;C:\Users\F3K8U4L\.m2\repository\io\netty\netty-transport-native-kqueue\4.1.60.Final\netty-transport-native-kqueue-4.1.60.Final-osx-x86_64.jar;C:\Users\F3K8U4L\.m2\repository\com\typesafe\netty\netty-reactive-streams\2.0.4\netty-reactive-streams-2.0.4.jar;C:\Users\F3K8U4L\.m2\repository\org\slf4j\slf4j-api\1.7.30\slf4j-api-1.7.30.jar;C:\Users\F3K8U4L\.m2\repository\com\sun\activation\jakarta.activation\1.2.2\jakarta.activation-1.2.2.jar;C:\Users\F3K8U4L\.m2\repository\org\seleniumhq\selenium\selenium-manager\4.8.1\selenium-manager-4.8.1.jar;C:\Users\F3K8U4L\.m2\repository\org\seleniumhq\selenium\selenium-safari-driver\4.8.1\selenium-safari-driver-4.8.1.jar;C:\Users\F3K8U4L\.m2\repository\org\seleniumhq\selenium\selenium-support\4.8.1\selenium-support-4.8.1.jar;C:\Users\F3K8U4L\.m2\repository\io\cucumber\cucumber-java\7.11.1\cucumber-java-7.11.1.jar;C:\Users\F3K8U4L\.m2\repository\io\cucumber\cucumber-core\7.11.1\cucumber-core-7.11.1.jar;C:\Users\F3K8U4L\.m2\repository\io\cucumber\cucumber-gherkin\7.11.1\cucumber-gherkin-7.11.1.jar;C:\Users\F3K8U4L\.m2\repository\io\cucumber\cucumber-gherkin-messages\7.11.1\cucumber-gherkin-messages-7.11.1.jar;C:\Users\F3K8U4L\.m2\repository\io\cucumber\gherkin\26.0.3\gherkin-26.0.3.jar;C:\Users\F3K8U4L\.m2\repository\io\cucumber\messages\21.0.1\messages-21.0.1.jar;C:\Users\F3K8U4L\.m2\repository\io\cucumber\tag-expressions\5.0.1\tag-expressions-5.0.1.jar;C:\Users\F3K8U4L\.m2\repository\io\cucumber\cucumber-expressions\16.1.2\cucumber-expressions-16.1.2.jar;C:\Users\F3K8U4L\.m2\repository\io\cucumber\datatable\7.11.1\datatable-7.11.1.jar;C:\Users\F3K8U4L\.m2\repository\io\cucumber\cucumber-plugin\7.11.1\cucumber-plugin-7.11.1.jar;C:\Users\F3K8U4L\.m2\repository\io\cucumber\docstring\7.11.1\docstring-7.11.1.jar;C:\Users\F3K8U4L\.m2\repository\io\cucumber\html-formatter\20.2.1\html-formatter-20.2.1.jar;C:\Users\F3K8U4L\.m2\repository\io\cucumber\junit-xml-formatter\0.1.0\junit-xml-formatter-0.1.0.jar;C:\Users\F3K8U4L\.m2\repository\io\cucumber\ci-environment\9.1.0\ci-environment-9.1.0.jar;C:\Users\F3K8U4L\.m2\repository\org\apiguardian\apiguardian-api\1.1.2\apiguardian-api-1.1.2.jar;C:\Users\F3K8U4L\.m2\repository\io\cucumber\cucumber-testng\7.11.1\cucumber-testng-7.11.1.jar;C:\Users\F3K8U4L\.m2\repository\org\testng\testng\7.4.0\testng-7.4.0.jar;C:\Users\F3K8U4L\.m2\repository\com\beust\jcommander\1.78\jcommander-1.78.jar;C:\Users\F3K8U4L\.m2\repository\org\webjars\jquery\3.5.1\jquery-3.5.1.jar;C:\Users\F3K8U4L\.m2\repository\tech\grasshopper\extentreports-cucumber7-adapter\1.10.1\extentreports-cucumber7-adapter-1.10.1.jar;C:\Users\F3K8U4L\.m2\repository\tech\grasshopper\extent-pdf-report\2.9.1\extent-pdf-report-2.9.1.jar;C:\Users\F3K8U4L\.m2\repository\tech\grasshopper\cucumber-pdf-report\2.11.1\cucumber-pdf-report-2.11.1.jar;C:\Users\F3K8U4L\.m2\repository\org\apache\pdfbox\pdfbox\2.0.26\pdfbox-2.0.26.jar;C:\Users\F3K8U4L\.m2\repository\org\apache\pdfbox\fontbox\2.0.26\fontbox-2.0.26.jar;C:\Users\F3K8U4L\.m2\repository\org\knowm\xchart\xchart\3.8.0\xchart-3.8.0.jar;C:\Users\F3K8U4L\.m2\repository\de\erichseifert\vectorgraphics2d\VectorGraphics2D\0.13\VectorGraphics2D-0.13.jar;C:\Users\F3K8U4L\.m2\repository\de\rototor\pdfbox\graphics2d\0.30\graphics2d-0.30.jar;C:\Users\F3K8U4L\.m2\repository\com\madgag\animated-gif-lib\1.4\animated-gif-lib-1.4.jar;C:\Users\F3K8U4L\.m2\repository\org\yaml\snakeyaml\1.28\snakeyaml-1.28.jar;C:\Users\F3K8U4L\.m2\repository\tech\grasshopper\table-layout\1.5.1\table-layout-1.5.1.jar;C:\Users\F3K8U4L\.m2\repository\tech\grasshopper\rest-assured-cucumber-pdf-report\1.4.1\rest-assured-cucumber-pdf-report-1.4.1.jar;C:\Users\F3K8U4L\.m2\repository\org\jsoup\jsoup\1.15.3\jsoup-1.15.3.jar;C:\Users\F3K8U4L\.m2\repository\com\aventstack\klov-reporter\5.0.9\klov-reporter-5.0.9.jar;C:\Users\F3K8U4L\.m2\repository\org\mongodb\mongodb-driver\3.6.4\mongodb-driver-3.6.4.jar;C:\Users\F3K8U4L\.m2\repository\org\mongodb\mongodb-driver-core\3.6.4\mongodb-driver-core-3.6.4.jar;C:\Users\F3K8U4L\.m2\repository\org\mongodb\bson\3.6.4\bson-3.6.4.jar;C:\Users\F3K8U4L\.m2\repository\org\apache\httpcomponents\httpclient\4.5.13\httpclient-4.5.13.jar;C:\Users\F3K8U4L\.m2\repository\org\apache\httpcomponents\httpcore\4.4.13\httpcore-4.4.13.jar;C:\Users\F3K8U4L\.m2\repository\commons-logging\commons-logging\1.2\commons-logging-1.2.jar;C:\Users\F3K8U4L\.m2\repository\commons-codec\commons-codec\1.11\commons-codec-1.11.jar;C:\Users\F3K8U4L\.m2\repository\org\apache\httpcomponents\httpmime\4.5.13\httpmime-4.5.13.jar;C:\Users\F3K8U4L\.m2\repository\tech\grasshopper\htmlextentreporter\1.0.1\htmlextentreporter-1.0.1.jar;C:\Users\F3K8U4L\.m2\repository\tech\grasshopper\extent-excel-report\1.3.0\extent-excel-report-1.3.0.jar;C:\Users\F3K8U4L\.m2\repository\org\apache\poi\poi\5.2.3\poi-5.2.3.jar;C:\Users\F3K8U4L\.m2\repository\org\apache\commons\commons-collections4\4.4\commons-collections4-4.4.jar;C:\Users\F3K8U4L\.m2\repository\org\apache\commons\commons-math3\3.6.1\commons-math3-3.6.1.jar;C:\Users\F3K8U4L\.m2\repository\com\zaxxer\SparseBitSet\1.2\SparseBitSet-1.2.jar;C:\Users\F3K8U4L\.m2\repository\org\apache\logging\log4j\log4j-api\2.18.0\log4j-api-2.18.0.jar;C:\Users\F3K8U4L\.m2\repository\org\apache\poi\poi-ooxml\5.2.3\poi-ooxml-5.2.3.jar;C:\Users\F3K8U4L\.m2\repository\org\apache\poi\poi-ooxml-lite\5.2.3\poi-ooxml-lite-5.2.3.jar;C:\Users\F3K8U4L\.m2\repository\org\apache\xmlbeans\xmlbeans\5.1.1\xmlbeans-5.1.1.jar;C:\Users\F3K8U4L\.m2\repository\xml-apis\xml-apis\1.4.01\xml-apis-1.4.01.jar;C:\Users\F3K8U4L\.m2\repository\org\apache\commons\commons-compress\1.21\commons-compress-1.21.jar;C:\Users\F3K8U4L\.m2\repository\com\github\virtuald\curvesapi\1.07\curvesapi-1.07.jar;C:\Users\F3K8U4L\.m2\repository\com\aventstack\extentreports\5.0.9\extentreports-5.0.9.jar;C:\Users\F3K8U4L\.m2\repository\io\reactivex\rxjava3\rxjava\3.0.4\rxjava-3.0.4.jar;C:\Users\F3K8U4L\.m2\repository\org\reactivestreams\reactive-streams\1.0.3\reactive-streams-1.0.3.jar;C:\Users\F3K8U4L\.m2\repository\org\freemarker\freemarker\2.3.30\freemarker-2.3.30.jar;C:\Users\F3K8U4L\.m2\repository\org\projectlombok\lombok\1.18.12\lombok-1.18.12.jar;C:\Users\F3K8U4L\.m2\repository\com\google\code\gson\gson\2.8.6\gson-2.8.6.jar;C:\Users\F3K8U4L\.m2\repository\io\cucumber\cucumber-picocontainer\7.11.1\cucumber-picocontainer-7.11.1.jar;C:\Users\F3K8U4L\.m2\repository\org\picocontainer\picocontainer\2.15\picocontainer-2.15.jar;C:\Users\F3K8U4L\.m2\repository\commons-io\commons-io\2.11.0\commons-io-2.11.0.jar;"/>
    <property name="java.vm.vendor" value="Oracle Corporation"/>
    <property name="sun.arch.data.model" value="64"/>
    <property name="user.variant" value=""/>
    <property name="java.vendor.url" value="http://java.oracle.com/"/>
    <property name="user.timezone" value="America/New_York"/>
    <property name="java.vm.specification.version" value="1.8"/>
    <property name="os.name" value="Windows Server 2012 R2"/>
    <property name="user.country" value="US"/>
    <property name="sun.java.launcher" value="SUN_STANDARD"/>
    <property name="sun.boot.library.path" value="C:\Program Files\Java\jdk1.8.0_60\jre\bin"/>
    <property name="sun.java.command" value="C:\Users\F3K8U4L\AppData\Local\Temp\surefire5144174056182107825\surefirebooter-20230405063608866_3.jar C:\Users\F3K8U4L\AppData\Local\Temp\surefire5144174056182107825 2023-04-05T06-36-08_013-jvmRun1 surefire-20230405063608866_1tmp surefire_0-20230405063608866_2tmp"/>
    <property name="surefire.test.class.path" value="F:\SumitWorkspace_new\Cucumber_ATF\target\test-classes;F:\SumitWorkspace_new\Cucumber_ATF\target\classes;C:\Users\F3K8U4L\.m2\repository\org\seleniumhq\selenium\selenium-java\4.8.1\selenium-java-4.8.1.jar;C:\Users\F3K8U4L\.m2\repository\org\seleniumhq\selenium\selenium-api\4.8.1\selenium-api-4.8.1.jar;C:\Users\F3K8U4L\.m2\repository\org\seleniumhq\selenium\selenium-chrome-driver\4.8.1\selenium-chrome-driver-4.8.1.jar;C:\Users\F3K8U4L\.m2\repository\com\google\auto\service\auto-service-annotations\1.0.1\auto-service-annotations-1.0.1.jar;C:\Users\F3K8U4L\.m2\repository\com\google\auto\service\auto-service\1.0.1\auto-service-1.0.1.jar;C:\Users\F3K8U4L\.m2\repository\com\google\auto\auto-common\1.2\auto-common-1.2.jar;C:\Users\F3K8U4L\.m2\repository\com\google\guava\guava\31.1-jre\guava-31.1-jre.jar;C:\Users\F3K8U4L\.m2\repository\com\google\guava\failureaccess\1.0.1\failureaccess-1.0.1.jar;C:\Users\F3K8U4L\.m2\repository\com\google\guava\listenablefuture\9999.0-empty-to-avoid-conflict-with-guava\listenablefuture-9999.0-empty-to-avoid-conflict-with-guava.jar;C:\Users\F3K8U4L\.m2\repository\com\google\code\findbugs\jsr305\3.0.2\jsr305-3.0.2.jar;C:\Users\F3K8U4L\.m2\repository\org\checkerframework\checker-qual\3.12.0\checker-qual-3.12.0.jar;C:\Users\F3K8U4L\.m2\repository\com\google\errorprone\error_prone_annotations\2.11.0\error_prone_annotations-2.11.0.jar;C:\Users\F3K8U4L\.m2\repository\com\google\j2objc\j2objc-annotations\1.3\j2objc-annotations-1.3.jar;C:\Users\F3K8U4L\.m2\repository\org\seleniumhq\selenium\selenium-chromium-driver\4.8.1\selenium-chromium-driver-4.8.1.jar;C:\Users\F3K8U4L\.m2\repository\org\seleniumhq\selenium\selenium-json\4.8.1\selenium-json-4.8.1.jar;C:\Users\F3K8U4L\.m2\repository\org\seleniumhq\selenium\selenium-devtools-v108\4.8.1\selenium-devtools-v108-4.8.1.jar;C:\Users\F3K8U4L\.m2\repository\org\seleniumhq\selenium\selenium-devtools-v109\4.8.1\selenium-devtools-v109-4.8.1.jar;C:\Users\F3K8U4L\.m2\repository\org\seleniumhq\selenium\selenium-devtools-v110\4.8.1\selenium-devtools-v110-4.8.1.jar;C:\Users\F3K8U4L\.m2\repository\org\seleniumhq\selenium\selenium-devtools-v85\4.8.1\selenium-devtools-v85-4.8.1.jar;C:\Users\F3K8U4L\.m2\repository\org\seleniumhq\selenium\selenium-edge-driver\4.8.1\selenium-edge-driver-4.8.1.jar;C:\Users\F3K8U4L\.m2\repository\org\seleniumhq\selenium\selenium-firefox-driver\4.8.1\selenium-firefox-driver-4.8.1.jar;C:\Users\F3K8U4L\.m2\repository\org\seleniumhq\selenium\selenium-http\4.8.1\selenium-http-4.8.1.jar;C:\Users\F3K8U4L\.m2\repository\dev\failsafe\failsafe\3.3.0\failsafe-3.3.0.jar;C:\Users\F3K8U4L\.m2\repository\org\seleniumhq\selenium\selenium-ie-driver\4.8.1\selenium-ie-driver-4.8.1.jar;C:\Users\F3K8U4L\.m2\repository\org\seleniumhq\selenium\selenium-remote-driver\4.8.1\selenium-remote-driver-4.8.1.jar;C:\Users\F3K8U4L\.m2\repository\io\netty\netty-buffer\4.1.87.Final\netty-buffer-4.1.87.Final.jar;C:\Users\F3K8U4L\.m2\repository\io\netty\netty-codec-http\4.1.87.Final\netty-codec-http-4.1.87.Final.jar;C:\Users\F3K8U4L\.m2\repository\io\netty\netty-codec\4.1.87.Final\netty-codec-4.1.87.Final.jar;C:\Users\F3K8U4L\.m2\repository\io\netty\netty-handler\4.1.87.Final\netty-handler-4.1.87.Final.jar;C:\Users\F3K8U4L\.m2\repository\io\netty\netty-common\4.1.87.Final\netty-common-4.1.87.Final.jar;C:\Users\F3K8U4L\.m2\repository\io\netty\netty-transport-classes-epoll\4.1.87.Final\netty-transport-classes-epoll-4.1.87.Final.jar;C:\Users\F3K8U4L\.m2\repository\io\netty\netty-transport-classes-kqueue\4.1.87.Final\netty-transport-classes-kqueue-4.1.87.Final.jar;C:\Users\F3K8U4L\.m2\repository\io\netty\netty-transport-native-epoll\4.1.87.Final\netty-transport-native-epoll-4.1.87.Final.jar;C:\Users\F3K8U4L\.m2\repository\io\netty\netty-transport-native-kqueue\4.1.87.Final\netty-transport-native-kqueue-4.1.87.Final.jar;C:\Users\F3K8U4L\.m2\repository\io\netty\netty-transport-native-unix-common\4.1.87.Final\netty-transport-native-unix-common-4.1.87.Final.jar;C:\Users\F3K8U4L\.m2\repository\io\netty\netty-transport\4.1.87.Final\netty-transport-4.1.87.Final.jar;C:\Users\F3K8U4L\.m2\repository\io\netty\netty-resolver\4.1.87.Final\netty-resolver-4.1.87.Final.jar;C:\Users\F3K8U4L\.m2\repository\io\opentelemetry\opentelemetry-api\1.22.0\opentelemetry-api-1.22.0.jar;C:\Users\F3K8U4L\.m2\repository\io\opentelemetry\opentelemetry-context\1.22.0\opentelemetry-context-1.22.0.jar;C:\Users\F3K8U4L\.m2\repository\io\opentelemetry\opentelemetry-exporter-logging\1.22.0\opentelemetry-exporter-logging-1.22.0.jar;C:\Users\F3K8U4L\.m2\repository\io\opentelemetry\opentelemetry-sdk-metrics\1.22.0\opentelemetry-sdk-metrics-1.22.0.jar;C:\Users\F3K8U4L\.m2\repository\io\opentelemetry\opentelemetry-sdk-logs\1.22.0-alpha\opentelemetry-sdk-logs-1.22.0-alpha.jar;C:\Users\F3K8U4L\.m2\repository\io\opentelemetry\opentelemetry-api-logs\1.22.0-alpha\opentelemetry-api-logs-1.22.0-alpha.jar;C:\Users\F3K8U4L\.m2\repository\io\opentelemetry\opentelemetry-sdk-common\1.22.0\opentelemetry-sdk-common-1.22.0.jar;C:\Users\F3K8U4L\.m2\repository\io\opentelemetry\opentelemetry-sdk-extension-autoconfigure-spi\1.22.0\opentelemetry-sdk-extension-autoconfigure-spi-1.22.0.jar;C:\Users\F3K8U4L\.m2\repository\io\opentelemetry\opentelemetry-sdk-extension-autoconfigure\1.22.0-alpha\opentelemetry-sdk-extension-autoconfigure-1.22.0-alpha.jar;C:\Users\F3K8U4L\.m2\repository\io\opentelemetry\opentelemetry-sdk-trace\1.22.0\opentelemetry-sdk-trace-1.22.0.jar;C:\Users\F3K8U4L\.m2\repository\io\opentelemetry\opentelemetry-sdk\1.22.0\opentelemetry-sdk-1.22.0.jar;C:\Users\F3K8U4L\.m2\repository\io\opentelemetry\opentelemetry-semconv\1.22.0-alpha\opentelemetry-semconv-1.22.0-alpha.jar;C:\Users\F3K8U4L\.m2\repository\io\ous\jtoml\2.0.0\jtoml-2.0.0.jar;C:\Users\F3K8U4L\.m2\repository\net\bytebuddy\byte-buddy\1.12.22\byte-buddy-1.12.22.jar;C:\Users\F3K8U4L\.m2\repository\org\apache\commons\commons-exec\1.3\commons-exec-1.3.jar;C:\Users\F3K8U4L\.m2\repository\org\asynchttpclient\async-http-client\2.12.3\async-http-client-2.12.3.jar;C:\Users\F3K8U4L\.m2\repository\org\asynchttpclient\async-http-client-netty-utils\2.12.3\async-http-client-netty-utils-2.12.3.jar;C:\Users\F3K8U4L\.m2\repository\io\netty\netty-codec-socks\4.1.60.Final\netty-codec-socks-4.1.60.Final.jar;C:\Users\F3K8U4L\.m2\repository\io\netty\netty-handler-proxy\4.1.60.Final\netty-handler-proxy-4.1.60.Final.jar;C:\Users\F3K8U4L\.m2\repository\io\netty\netty-transport-native-epoll\4.1.60.Final\netty-transport-native-epoll-4.1.60.Final-linux-x86_64.jar;C:\Users\F3K8U4L\.m2\repository\io\netty\netty-transport-native-kqueue\4.1.60.Final\netty-transport-native-kqueue-4.1.60.Final-osx-x86_64.jar;C:\Users\F3K8U4L\.m2\repository\com\typesafe\netty\netty-reactive-streams\2.0.4\netty-reactive-streams-2.0.4.jar;C:\Users\F3K8U4L\.m2\repository\org\slf4j\slf4j-api\1.7.30\slf4j-api-1.7.30.jar;C:\Users\F3K8U4L\.m2\repository\com\sun\activation\jakarta.activation\1.2.2\jakarta.activation-1.2.2.jar;C:\Users\F3K8U4L\.m2\repository\org\seleniumhq\selenium\selenium-manager\4.8.1\selenium-manager-4.8.1.jar;C:\Users\F3K8U4L\.m2\repository\org\seleniumhq\selenium\selenium-safari-driver\4.8.1\selenium-safari-driver-4.8.1.jar;C:\Users\F3K8U4L\.m2\repository\org\seleniumhq\selenium\selenium-support\4.8.1\selenium-support-4.8.1.jar;C:\Users\F3K8U4L\.m2\repository\io\cucumber\cucumber-java\7.11.1\cucumber-java-7.11.1.jar;C:\Users\F3K8U4L\.m2\repository\io\cucumber\cucumber-core\7.11.1\cucumber-core-7.11.1.jar;C:\Users\F3K8U4L\.m2\repository\io\cucumber\cucumber-gherkin\7.11.1\cucumber-gherkin-7.11.1.jar;C:\Users\F3K8U4L\.m2\repository\io\cucumber\cucumber-gherkin-messages\7.11.1\cucumber-gherkin-messages-7.11.1.jar;C:\Users\F3K8U4L\.m2\repository\io\cucumber\gherkin\26.0.3\gherkin-26.0.3.jar;C:\Users\F3K8U4L\.m2\repository\io\cucumber\messages\21.0.1\messages-21.0.1.jar;C:\Users\F3K8U4L\.m2\repository\io\cucumber\tag-expressions\5.0.1\tag-expressions-5.0.1.jar;C:\Users\F3K8U4L\.m2\repository\io\cucumber\cucumber-expressions\16.1.2\cucumber-expressions-16.1.2.jar;C:\Users\F3K8U4L\.m2\repository\io\cucumber\datatable\7.11.1\datatable-7.11.1.jar;C:\Users\F3K8U4L\.m2\repository\io\cucumber\cucumber-plugin\7.11.1\cucumber-plugin-7.11.1.jar;C:\Users\F3K8U4L\.m2\repository\io\cucumber\docstring\7.11.1\docstring-7.11.1.jar;C:\Users\F3K8U4L\.m2\repository\io\cucumber\html-formatter\20.2.1\html-formatter-20.2.1.jar;C:\Users\F3K8U4L\.m2\repository\io\cucumber\junit-xml-formatter\0.1.0\junit-xml-formatter-0.1.0.jar;C:\Users\F3K8U4L\.m2\repository\io\cucumber\ci-environment\9.1.0\ci-environment-9.1.0.jar;C:\Users\F3K8U4L\.m2\repository\org\apiguardian\apiguardian-api\1.1.2\apiguardian-api-1.1.2.jar;C:\Users\F3K8U4L\.m2\repository\io\cucumber\cucumber-testng\7.11.1\cucumber-testng-7.11.1.jar;C:\Users\F3K8U4L\.m2\repository\org\testng\testng\7.4.0\testng-7.4.0.jar;C:\Users\F3K8U4L\.m2\repository\com\beust\jcommander\1.78\jcommander-1.78.jar;C:\Users\F3K8U4L\.m2\repository\org\webjars\jquery\3.5.1\jquery-3.5.1.jar;C:\Users\F3K8U4L\.m2\repository\tech\grasshopper\extentreports-cucumber7-adapter\1.10.1\extentreports-cucumber7-adapter-1.10.1.jar;C:\Users\F3K8U4L\.m2\repository\tech\grasshopper\extent-pdf-report\2.9.1\extent-pdf-report-2.9.1.jar;C:\Users\F3K8U4L\.m2\repository\tech\grasshopper\cucumber-pdf-report\2.11.1\cucumber-pdf-report-2.11.1.jar;C:\Users\F3K8U4L\.m2\repository\org\apache\pdfbox\pdfbox\2.0.26\pdfbox-2.0.26.jar;C:\Users\F3K8U4L\.m2\repository\org\apache\pdfbox\fontbox\2.0.26\fontbox-2.0.26.jar;C:\Users\F3K8U4L\.m2\repository\org\knowm\xchart\xchart\3.8.0\xchart-3.8.0.jar;C:\Users\F3K8U4L\.m2\repository\de\erichseifert\vectorgraphics2d\VectorGraphics2D\0.13\VectorGraphics2D-0.13.jar;C:\Users\F3K8U4L\.m2\repository\de\rototor\pdfbox\graphics2d\0.30\graphics2d-0.30.jar;C:\Users\F3K8U4L\.m2\repository\com\madgag\animated-gif-lib\1.4\animated-gif-lib-1.4.jar;C:\Users\F3K8U4L\.m2\repository\org\yaml\snakeyaml\1.28\snakeyaml-1.28.jar;C:\Users\F3K8U4L\.m2\repository\tech\grasshopper\table-layout\1.5.1\table-layout-1.5.1.jar;C:\Users\F3K8U4L\.m2\repository\tech\grasshopper\rest-assured-cucumber-pdf-report\1.4.1\rest-assured-cucumber-pdf-report-1.4.1.jar;C:\Users\F3K8U4L\.m2\repository\org\jsoup\jsoup\1.15.3\jsoup-1.15.3.jar;C:\Users\F3K8U4L\.m2\repository\com\aventstack\klov-reporter\5.0.9\klov-reporter-5.0.9.jar;C:\Users\F3K8U4L\.m2\repository\org\mongodb\mongodb-driver\3.6.4\mongodb-driver-3.6.4.jar;C:\Users\F3K8U4L\.m2\repository\org\mongodb\mongodb-driver-core\3.6.4\mongodb-driver-core-3.6.4.jar;C:\Users\F3K8U4L\.m2\repository\org\mongodb\bson\3.6.4\bson-3.6.4.jar;C:\Users\F3K8U4L\.m2\repository\org\apache\httpcomponents\httpclient\4.5.13\httpclient-4.5.13.jar;C:\Users\F3K8U4L\.m2\repository\org\apache\httpcomponents\httpcore\4.4.13\httpcore-4.4.13.jar;C:\Users\F3K8U4L\.m2\repository\commons-logging\commons-logging\1.2\commons-logging-1.2.jar;C:\Users\F3K8U4L\.m2\repository\commons-codec\commons-codec\1.11\commons-codec-1.11.jar;C:\Users\F3K8U4L\.m2\repository\org\apache\httpcomponents\httpmime\4.5.13\httpmime-4.5.13.jar;C:\Users\F3K8U4L\.m2\repository\tech\grasshopper\htmlextentreporter\1.0.1\htmlextentreporter-1.0.1.jar;C:\Users\F3K8U4L\.m2\repository\tech\grasshopper\extent-excel-report\1.3.0\extent-excel-report-1.3.0.jar;C:\Users\F3K8U4L\.m2\repository\org\apache\poi\poi\5.2.3\poi-5.2.3.jar;C:\Users\F3K8U4L\.m2\repository\org\apache\commons\commons-collections4\4.4\commons-collections4-4.4.jar;C:\Users\F3K8U4L\.m2\repository\org\apache\commons\commons-math3\3.6.1\commons-math3-3.6.1.jar;C:\Users\F3K8U4L\.m2\repository\com\zaxxer\SparseBitSet\1.2\SparseBitSet-1.2.jar;C:\Users\F3K8U4L\.m2\repository\org\apache\logging\log4j\log4j-api\2.18.0\log4j-api-2.18.0.jar;C:\Users\F3K8U4L\.m2\repository\org\apache\poi\poi-ooxml\5.2.3\poi-ooxml-5.2.3.jar;C:\Users\F3K8U4L\.m2\repository\org\apache\poi\poi-ooxml-lite\5.2.3\poi-ooxml-lite-5.2.3.jar;C:\Users\F3K8U4L\.m2\repository\org\apache\xmlbeans\xmlbeans\5.1.1\xmlbeans-5.1.1.jar;C:\Users\F3K8U4L\.m2\repository\xml-apis\xml-apis\1.4.01\xml-apis-1.4.01.jar;C:\Users\F3K8U4L\.m2\repository\org\apache\commons\commons-compress\1.21\commons-compress-1.21.jar;C:\Users\F3K8U4L\.m2\repository\com\github\virtuald\curvesapi\1.07\curvesapi-1.07.jar;C:\Users\F3K8U4L\.m2\repository\com\aventstack\extentreports\5.0.9\extentreports-5.0.9.jar;C:\Users\F3K8U4L\.m2\repository\io\reactivex\rxjava3\rxjava\3.0.4\rxjava-3.0.4.jar;C:\Users\F3K8U4L\.m2\repository\org\reactivestreams\reactive-streams\1.0.3\reactive-streams-1.0.3.jar;C:\Users\F3K8U4L\.m2\repository\org\freemarker\freemarker\2.3.30\freemarker-2.3.30.jar;C:\Users\F3K8U4L\.m2\repository\org\projectlombok\lombok\1.18.12\lombok-1.18.12.jar;C:\Users\F3K8U4L\.m2\repository\com\google\code\gson\gson\2.8.6\gson-2.8.6.jar;C:\Users\F3K8U4L\.m2\repository\io\cucumber\cucumber-picocontainer\7.11.1\cucumber-picocontainer-7.11.1.jar;C:\Users\F3K8U4L\.m2\repository\org\picocontainer\picocontainer\2.15\picocontainer-2.15.jar;C:\Users\F3K8U4L\.m2\repository\commons-io\commons-io\2.11.0\commons-io-2.11.0.jar;"/>
    <property name="sun.cpu.endian" value="little"/>
    <property name="user.home" value="C:\Users\F3K8U4L"/>
    <property name="user.language" value="en"/>
    <property name="java.specification.vendor" value="Oracle Corporation"/>
    <property name="java.home" value="C:\Program Files\Java\jdk1.8.0_60\jre"/>
    <property name="basedir" value="F:\SumitWorkspace_new\Cucumber_ATF"/>
    <property name="file.separator" value="\"/>
    <property name="line.separator" value="&#10;"/>
    <property name="java.vm.specification.vendor" value="Oracle Corporation"/>
    <property name="java.specification.name" value="Java Platform API Specification"/>
    <property name="java.awt.graphicsenv" value="sun.awt.Win32GraphicsEnvironment"/>
    <property name="surefire.real.class.path" value="C:\Users\F3K8U4L\AppData\Local\Temp\surefire5144174056182107825\surefirebooter-20230405063608866_3.jar"/>
    <property name="sun.boot.class.path" value="C:\Program Files\Java\jdk1.8.0_60\jre\lib\resources.jar;C:\Program Files\Java\jdk1.8.0_60\jre\lib\rt.jar;C:\Program Files\Java\jdk1.8.0_60\jre\lib\sunrsasign.jar;C:\Program Files\Java\jdk1.8.0_60\jre\lib\jsse.jar;C:\Program Files\Java\jdk1.8.0_60\jre\lib\jce.jar;C:\Program Files\Java\jdk1.8.0_60\jre\lib\charsets.jar;C:\Program Files\Java\jdk1.8.0_60\jre\lib\jfr.jar;C:\Program Files\Java\jdk1.8.0_60\jre\classes"/>
    <property name="user.script" value=""/>
    <property name="sun.management.compiler" value="HotSpot 64-Bit Tiered Compilers"/>
    <property name="java.runtime.version" value="1.8.0_60-b27"/>
    <property name="user.name" value="F3K8U4L"/>
    <property name="path.separator" value=";"/>
    <property name="os.version" value="6.3"/>
    <property name="java.endorsed.dirs" value="C:\Program Files\Java\jdk1.8.0_60\jre\lib\endorsed"/>
    <property name="java.runtime.name" value="Java(TM) SE Runtime Environment"/>
    <property name="extent.reporter.pdf.start" value="true"/>
    <property name="file.encoding" value="Cp1252"/>
    <property name="java.vm.name" value="Java HotSpot(TM) 64-Bit Server VM"/>
    <property name="extent.reporter.pdf.out" value="test-output/PdfReport/ExtentPdf.pdf"/>
    <property name="localRepository" value="C:\Users\F3K8U4L\.m2\repository"/>
    <property name="java.vendor.url.bug" value="http://bugreport.sun.com/bugreport/"/>
    <property name="java.io.tmpdir" value="C:\Users\F3K8U4L\AppData\Local\Temp\"/>
    <property name="java.version" value="1.8.0_60"/>
    <property name="user.dir" value="F:\SumitWorkspace_new\Cucumber_ATF"/>
    <property name="os.arch" value="amd64"/>
    <property name="java.vm.specification.name" value="Java Virtual Machine Specification"/>
    <property name="java.awt.printerjob" value="sun.awt.windows.WPrinterJob"/>
    <property name="sun.os.patch.level" value=""/>
    <property name="java.library.path" value="C:\Program Files\Java\jdk1.8.0_60\jre\bin;C:\Windows\Sun\Java\bin;C:\Windows\system32;C:\Windows;C:/Program Files/Java/jre1.8.0_251/bin/server;C:/Program Files/Java/jre1.8.0_251/bin;C:/Program Files/Java/jre1.8.0_251/lib/amd64;C:\Python310\Scripts\;C:\Python310\;C:\Program Files (x86)\Common Files\Oracle\Java\javapath;C:\Program Files\IBM\MQ\java\lib;C:\Program Files\IBM\MQ\java\lib64;f:\programdata\IBM\VisualAge\Runtime;C:\Program Files (x86)\Common Files\ISIS\isiscomm\w3\lib;C:\ProgramData\Oracle\Java\javapath;C:\Windows\system32;C:\Windows;C:\Windows\System32\Wbem;C:\Windows\System32\WindowsPowerShell\v1.0\;C:\Program Files\ibm\gsk8\lib64;C:\Program Files (x86)\ibm\gsk8\lib;F:\Program Files\IDM Computer Solutions\UltraEdit;C:\Program Files\TortoiseSVN\bin;C:\Program Files\IBM\MQ\bin64;C:\Program Files\IBM\MQ\bin;C:\Program Files\IBM\MQ\tools\c\samples\bin64;C:\Program Files\IBM\MQ\tools\c\samples\bin;F:\Program Files\Java\jdk1.8.0_60\bin;F:\ProgramData\Fiserv\CSMF_V310\api\bin;F:\PROGRA~2\IBM\sqllib\BIN;F:\PROGRA~2\IBM\sqllib\FUNCTION;F:\PROGRA~2\IBM\sqllib\SAMPLES\REPL;C:\Program Files\Java\jdk1.8.0_60\bin;;F:\Akshay Workspace\Repository\apache-maven-3.6.0\bin;F:\Program Files\IBM\WebSphere\AppServer\bin;C:\ATF\apache-ant-1.9.15-bin\apache-ant-1.9.15\bin;C:\Program Files\nodejs\;C:\ProgramData\chocolatey\bin;;F:\eclipse;;."/>
    <property name="java.vm.info" value="mixed mode"/>
    <property name="java.vendor" value="Oracle Corporation"/>
    <property name="java.vm.version" value="25.60-b23"/>
    <property name="java.ext.dirs" value="C:\Program Files\Java\jdk1.8.0_60\jre\lib\ext;C:\Windows\Sun\Java\lib\ext"/>
    <property name="sun.io.unicode.encoding" value="UnicodeLittle"/>
    <property name="java.class.version" value="52.0"/>
  </properties>
  <testcase name="runScenario[&quot;IR001&quot;, &quot;InBoundReturn scenario check&quot;](1)" classname="TestRunner.TestNGTestRunner" time="6.431">
    <system-out><![CDATA[
Scenario: IR001                                    # src/test/resources/features/InBoundReturn.feature:8
  Given user is on application home page           # StepDefinations.IncomingStepDef.user_is_on_application_home_page()
  When user click on InBoundReturn                 # StepDefinations.InBoundReturnStepDef.user_click_on_inboundreturn()
  And user enter process startdate as "10/23/2008" # StepDefinations.InreturnCAshlettrsStepDef.user_enter_process_startdate_as_something(java.lang.String)
  And user enter RBamount as "20.00" and "5000.00" # StepDefinations.InBoundReturnStepDef.user_enter_amount_as_something_and_something(java.lang.String,java.lang.String)
  And user click on Cashlettrs                     # StepDefinations.InreturnCAshlettrsStepDef.user_click_on_cashlettrs()
  Then verify "100" items are displyed on screen   # StepDefinations.IncomingStepDef.verify_something_items_are_displyed_on_screen(java.lang.String)
  And user log out of application                  # StepDefinations.logincheck.user_log_out_of_application()
]]></system-out>
    <system-err><![CDATA[SLF4J: Failed to load class "org.slf4j.impl.StaticLoggerBinder".
SLF4J: Defaulting to no-operation (NOP) logger implementation
SLF4J: See http://www.slf4j.org/codes.html#StaticLoggerBinder for further details.
ERROR StatusLogger Log4j2 could not find a logging implementation. Please add log4j-core to the classpath. Using SimpleLogger to log to the console...
Starting ChromeDriver 108.0.5359.71 (1e0e3868ee06e91ad636a874420e3ca3ae3756ac-refs/branch-heads/5359@{#1016}) on port 32112
Only local connections are allowed.
Please see https://chromedriver.chromium.org/security-considerations for suggestions on keeping ChromeDriver safe.
ChromeDriver was started successfully.
[1680690975.848][WARNING]: This version of ChromeDriver has not been tested with Chrome version 109.
]]></system-err>
  </testcase>
  <testcase name="runScenario[&quot;IR002&quot;, &quot;InBoundReturn scenario check&quot;](2)" classname="TestRunner.TestNGTestRunner" time="4.329">
    <system-out><![CDATA[
Scenario: IR002                                      # src/test/resources/features/InBoundReturn.feature:15
  Given user is on application home page             # StepDefinations.IncomingStepDef.user_is_on_application_home_page()
  When user click on InBoundReturn                   # StepDefinations.InBoundReturnStepDef.user_click_on_inboundreturn()
  And user enter process startdate as "10/23/2008"   # StepDefinations.InreturnCAshlettrsStepDef.user_enter_process_startdate_as_something(java.lang.String)
  And user enter RBamount as "002000" and "00500000" # StepDefinations.InBoundReturnStepDef.user_enter_amount_as_something_and_something(java.lang.String,java.lang.String)
  And user click on Cashlettrs                       # StepDefinations.InreturnCAshlettrsStepDef.user_click_on_cashlettrs()
  And user nevigate to back page                     # StepDefinations.InreturnCAshlettrsStepDef.user_nevigate_back_to_inreturn_cashletter_page()
  And user log out of application                    # StepDefinations.logincheck.user_log_out_of_application()
]]></system-out>
    <system-err><![CDATA[Starting ChromeDriver 108.0.5359.71 (1e0e3868ee06e91ad636a874420e3ca3ae3756ac-refs/branch-heads/5359@{#1016}) on port 1568
Only local connections are allowed.
Please see https://chromedriver.chromium.org/security-considerations for suggestions on keeping ChromeDriver safe.
ChromeDriver was started successfully.
[1680690980.921][WARNING]: This version of ChromeDriver has not been tested with Chrome version 109.
]]></system-err>
  </testcase>
  <testcase name="runScenario[&quot;IR006 to IR0036&quot;, &quot;InBoundReturn scenario check&quot;](3)" classname="TestRunner.TestNGTestRunner" time="4.452">
    <system-out><![CDATA[
Scenario Outline: IR006 to IR0036                       # src/test/resources/features/InBoundReturn.feature:31
  Given user is on application home page                # StepDefinations.IncomingStepDef.user_is_on_application_home_page()
  When user click on InBoundReturn                      # StepDefinations.InBoundReturnStepDef.user_click_on_inboundreturn()
  When user enter startdate as 2008-10-23               # StepDefinations.InreturnCAshlettrsStepDef.user_enter_startdate_as(java.lang.String)
  And user click on Cashlettrs                          # StepDefinations.InreturnCAshlettrsStepDef.user_click_on_cashlettrs()
  Then verify auto generated date formate as 2008-10-23 # StepDefinations.InreturnCAshlettrsStepDef.verify_auto_generated_date_formate_as(java.lang.String)
  And user log out of application                       # StepDefinations.logincheck.user_log_out_of_application()
]]></system-out>
    <system-err><![CDATA[Starting ChromeDriver 108.0.5359.71 (1e0e3868ee06e91ad636a874420e3ca3ae3756ac-refs/branch-heads/5359@{#1016}) on port 20913
Only local connections are allowed.
Please see https://chromedriver.chromium.org/security-considerations for suggestions on keeping ChromeDriver safe.
ChromeDriver was started successfully.
[1680690985.244][WARNING]: This version of ChromeDriver has not been tested with Chrome version 109.
]]></system-err>
  </testcase>
  <testcase name="runScenario[&quot;IR006 to IR0036&quot;, &quot;InBoundReturn scenario check&quot;](4)" classname="TestRunner.TestNGTestRunner" time="4.625">
    <system-out><![CDATA[
Scenario Outline: IR006 to IR0036                       # src/test/resources/features/InBoundReturn.feature:32
  Given user is on application home page                # StepDefinations.IncomingStepDef.user_is_on_application_home_page()
  When user click on InBoundReturn                      # StepDefinations.InBoundReturnStepDef.user_click_on_inboundreturn()
  When user enter startdate as 2008/10/23               # StepDefinations.InreturnCAshlettrsStepDef.user_enter_startdate_as(java.lang.String)
  And user click on Cashlettrs                          # StepDefinations.InreturnCAshlettrsStepDef.user_click_on_cashlettrs()
  Then verify auto generated date formate as 2008-10-23 # StepDefinations.InreturnCAshlettrsStepDef.verify_auto_generated_date_formate_as(java.lang.String)
  And user log out of application                       # StepDefinations.logincheck.user_log_out_of_application()
]]></system-out>
    <system-err><![CDATA[Starting ChromeDriver 108.0.5359.71 (1e0e3868ee06e91ad636a874420e3ca3ae3756ac-refs/branch-heads/5359@{#1016}) on port 15748
Only local connections are allowed.
Please see https://chromedriver.chromium.org/security-considerations for suggestions on keeping ChromeDriver safe.
ChromeDriver was started successfully.
[1680690990.129][WARNING]: This version of ChromeDriver has not been tested with Chrome version 109.
]]></system-err>
  </testcase>
  <testcase name="runScenario[&quot;IR006 to IR0036&quot;, &quot;InBoundReturn scenario check&quot;](5)" classname="TestRunner.TestNGTestRunner" time="4.474">
    <system-out><![CDATA[
Scenario Outline: IR006 to IR0036                       # src/test/resources/features/InBoundReturn.feature:33
  Given user is on application home page                # StepDefinations.IncomingStepDef.user_is_on_application_home_page()
  When user click on InBoundReturn                      # StepDefinations.InBoundReturnStepDef.user_click_on_inboundreturn()
  When user enter startdate as 2008.10.23               # StepDefinations.InreturnCAshlettrsStepDef.user_enter_startdate_as(java.lang.String)
  And user click on Cashlettrs                          # StepDefinations.InreturnCAshlettrsStepDef.user_click_on_cashlettrs()
  Then verify auto generated date formate as 2008-10-23 # StepDefinations.InreturnCAshlettrsStepDef.verify_auto_generated_date_formate_as(java.lang.String)
  And user log out of application                       # StepDefinations.logincheck.user_log_out_of_application()
]]></system-out>
    <system-err><![CDATA[Starting ChromeDriver 108.0.5359.71 (1e0e3868ee06e91ad636a874420e3ca3ae3756ac-refs/branch-heads/5359@{#1016}) on port 30406
Only local connections are allowed.
Please see https://chromedriver.chromium.org/security-considerations for suggestions on keeping ChromeDriver safe.
ChromeDriver was started successfully.
[1680690994.546][WARNING]: This version of ChromeDriver has not been tested with Chrome version 109.
]]></system-err>
  </testcase>
  <testcase name="runScenario[&quot;IR006 to IR0036&quot;, &quot;InBoundReturn scenario check&quot;](6)" classname="TestRunner.TestNGTestRunner" time="4.882">
    <system-out><![CDATA[
Scenario Outline: IR006 to IR0036                       # src/test/resources/features/InBoundReturn.feature:34
  Given user is on application home page                # StepDefinations.IncomingStepDef.user_is_on_application_home_page()
  When user click on InBoundReturn                      # StepDefinations.InBoundReturnStepDef.user_click_on_inboundreturn()
  When user enter startdate as 2008 10 23               # StepDefinations.InreturnCAshlettrsStepDef.user_enter_startdate_as(java.lang.String)
  And user click on Cashlettrs                          # StepDefinations.InreturnCAshlettrsStepDef.user_click_on_cashlettrs()
  Then verify auto generated date formate as 2008-10-23 # StepDefinations.InreturnCAshlettrsStepDef.verify_auto_generated_date_formate_as(java.lang.String)
  And user log out of application                       # StepDefinations.logincheck.user_log_out_of_application()
]]></system-out>
    <system-err><![CDATA[Starting ChromeDriver 108.0.5359.71 (1e0e3868ee06e91ad636a874420e3ca3ae3756ac-refs/branch-heads/5359@{#1016}) on port 9871
Only local connections are allowed.
Please see https://chromedriver.chromium.org/security-considerations for suggestions on keeping ChromeDriver safe.
ChromeDriver was started successfully.
[1680690998.798][WARNING]: This version of ChromeDriver has not been tested with Chrome version 109.
]]></system-err>
  </testcase>
  <testcase name="runScenario[&quot;IR006 to IR0036&quot;, &quot;InBoundReturn scenario check&quot;](7)" classname="TestRunner.TestNGTestRunner" time="4.168">
    <system-out><![CDATA[
Scenario Outline: IR006 to IR0036                       # src/test/resources/features/InBoundReturn.feature:35
  Given user is on application home page                # StepDefinations.IncomingStepDef.user_is_on_application_home_page()
  When user click on InBoundReturn                      # StepDefinations.InBoundReturnStepDef.user_click_on_inboundreturn()
  When user enter startdate as 2008 Oct 23              # StepDefinations.InreturnCAshlettrsStepDef.user_enter_startdate_as(java.lang.String)
  And user click on Cashlettrs                          # StepDefinations.InreturnCAshlettrsStepDef.user_click_on_cashlettrs()
  Then verify auto generated date formate as 2008-10-23 # StepDefinations.InreturnCAshlettrsStepDef.verify_auto_generated_date_formate_as(java.lang.String)
  And user log out of application                       # StepDefinations.logincheck.user_log_out_of_application()
]]></system-out>
    <system-err><![CDATA[Starting ChromeDriver 108.0.5359.71 (1e0e3868ee06e91ad636a874420e3ca3ae3756ac-refs/branch-heads/5359@{#1016}) on port 28663
Only local connections are allowed.
Please see https://chromedriver.chromium.org/security-considerations for suggestions on keeping ChromeDriver safe.
ChromeDriver was started successfully.
[1680691003.562][WARNING]: This version of ChromeDriver has not been tested with Chrome version 109.
]]></system-err>
  </testcase>
  <testcase name="runScenario[&quot;IR006 to IR0036&quot;, &quot;InBoundReturn scenario check&quot;](8)" classname="TestRunner.TestNGTestRunner" time="4.565">
    <system-out><![CDATA[
Scenario Outline: IR006 to IR0036                       # src/test/resources/features/InBoundReturn.feature:36
  Given user is on application home page                # StepDefinations.IncomingStepDef.user_is_on_application_home_page()
  When user click on InBoundReturn                      # StepDefinations.InBoundReturnStepDef.user_click_on_inboundreturn()
  When user enter startdate as 10-23-2008               # StepDefinations.InreturnCAshlettrsStepDef.user_enter_startdate_as(java.lang.String)
  And user click on Cashlettrs                          # StepDefinations.InreturnCAshlettrsStepDef.user_click_on_cashlettrs()
  Then verify auto generated date formate as 2008-10-23 # StepDefinations.InreturnCAshlettrsStepDef.verify_auto_generated_date_formate_as(java.lang.String)
  And user log out of application                       # StepDefinations.logincheck.user_log_out_of_application()
]]></system-out>
    <system-err><![CDATA[Starting ChromeDriver 108.0.5359.71 (1e0e3868ee06e91ad636a874420e3ca3ae3756ac-refs/branch-heads/5359@{#1016}) on port 18934
Only local connections are allowed.
Please see https://chromedriver.chromium.org/security-considerations for suggestions on keeping ChromeDriver safe.
ChromeDriver was started successfully.
[1680691008.068][WARNING]: This version of ChromeDriver has not been tested with Chrome version 109.
]]></system-err>
  </testcase>
  <testcase name="runScenario[&quot;IR006 to IR0036&quot;, &quot;InBoundReturn scenario check&quot;](9)" classname="TestRunner.TestNGTestRunner" time="5.562">
    <system-out><![CDATA[
Scenario Outline: IR006 to IR0036                       # src/test/resources/features/InBoundReturn.feature:37
  Given user is on application home page                # StepDefinations.IncomingStepDef.user_is_on_application_home_page()
  When user click on InBoundReturn                      # StepDefinations.InBoundReturnStepDef.user_click_on_inboundreturn()
  When user enter startdate as 10.23.2008               # StepDefinations.InreturnCAshlettrsStepDef.user_enter_startdate_as(java.lang.String)
  And user click on Cashlettrs                          # StepDefinations.InreturnCAshlettrsStepDef.user_click_on_cashlettrs()
  Then verify auto generated date formate as 2008-10-23 # StepDefinations.InreturnCAshlettrsStepDef.verify_auto_generated_date_formate_as(java.lang.String)
  And user log out of application                       # StepDefinations.logincheck.user_log_out_of_application()
]]></system-out>
    <system-err><![CDATA[Starting ChromeDriver 108.0.5359.71 (1e0e3868ee06e91ad636a874420e3ca3ae3756ac-refs/branch-heads/5359@{#1016}) on port 36863
Only local connections are allowed.
Please see https://chromedriver.chromium.org/security-considerations for suggestions on keeping ChromeDriver safe.
ChromeDriver was started successfully.
[1680691012.828][WARNING]: This version of ChromeDriver has not been tested with Chrome version 109.
]]></system-err>
  </testcase>
  <testcase name="runScenario[&quot;IR006 to IR0036&quot;, &quot;InBoundReturn scenario check&quot;](10)" classname="TestRunner.TestNGTestRunner" time="4.428">
    <system-out><![CDATA[
Scenario Outline: IR006 to IR0036                       # src/test/resources/features/InBoundReturn.feature:38
  Given user is on application home page                # StepDefinations.IncomingStepDef.user_is_on_application_home_page()
  When user click on InBoundReturn                      # StepDefinations.InBoundReturnStepDef.user_click_on_inboundreturn()
  When user enter startdate as 10 23 2008               # StepDefinations.InreturnCAshlettrsStepDef.user_enter_startdate_as(java.lang.String)
  And user click on Cashlettrs                          # StepDefinations.InreturnCAshlettrsStepDef.user_click_on_cashlettrs()
  Then verify auto generated date formate as 2008-10-23 # StepDefinations.InreturnCAshlettrsStepDef.verify_auto_generated_date_formate_as(java.lang.String)
  And user log out of application                       # StepDefinations.logincheck.user_log_out_of_application()
]]></system-out>
    <system-err><![CDATA[Starting ChromeDriver 108.0.5359.71 (1e0e3868ee06e91ad636a874420e3ca3ae3756ac-refs/branch-heads/5359@{#1016}) on port 33443
Only local connections are allowed.
Please see https://chromedriver.chromium.org/security-considerations for suggestions on keeping ChromeDriver safe.
ChromeDriver was started successfully.
[1680691017.777][WARNING]: This version of ChromeDriver has not been tested with Chrome version 109.
]]></system-err>
  </testcase>
  <testcase name="runScenario[&quot;IR006 to IR0036&quot;, &quot;InBoundReturn scenario check&quot;](11)" classname="TestRunner.TestNGTestRunner" time="5.039">
    <system-out><![CDATA[
Scenario Outline: IR006 to IR0036                       # src/test/resources/features/InBoundReturn.feature:39
  Given user is on application home page                # StepDefinations.IncomingStepDef.user_is_on_application_home_page()
  When user click on InBoundReturn                      # StepDefinations.InBoundReturnStepDef.user_click_on_inboundreturn()
  When user enter startdate as Oct 23 2008              # StepDefinations.InreturnCAshlettrsStepDef.user_enter_startdate_as(java.lang.String)
  And user click on Cashlettrs                          # StepDefinations.InreturnCAshlettrsStepDef.user_click_on_cashlettrs()
  Then verify auto generated date formate as 2008-10-23 # StepDefinations.InreturnCAshlettrsStepDef.verify_auto_generated_date_formate_as(java.lang.String)
  And user log out of application                       # StepDefinations.logincheck.user_log_out_of_application()
]]></system-out>
    <system-err><![CDATA[Starting ChromeDriver 108.0.5359.71 (1e0e3868ee06e91ad636a874420e3ca3ae3756ac-refs/branch-heads/5359@{#1016}) on port 6097
Only local connections are allowed.
Please see https://chromedriver.chromium.org/security-considerations for suggestions on keeping ChromeDriver safe.
ChromeDriver was started successfully.
[1680691022.245][WARNING]: This version of ChromeDriver has not been tested with Chrome version 109.
]]></system-err>
  </testcase>
  <testcase name="runScenario[&quot;IR006 to IR0036&quot;, &quot;InBoundReturn scenario check&quot;](12)" classname="TestRunner.TestNGTestRunner" time="5.136">
    <system-out><![CDATA[
Scenario Outline: IR006 to IR0036                       # src/test/resources/features/InBoundReturn.feature:40
  Given user is on application home page                # StepDefinations.IncomingStepDef.user_is_on_application_home_page()
  When user click on InBoundReturn                      # StepDefinations.InBoundReturnStepDef.user_click_on_inboundreturn()
  When user enter startdate as 10-23-08                 # StepDefinations.InreturnCAshlettrsStepDef.user_enter_startdate_as(java.lang.String)
  And user click on Cashlettrs                          # StepDefinations.InreturnCAshlettrsStepDef.user_click_on_cashlettrs()
  Then verify auto generated date formate as 2008-10-23 # StepDefinations.InreturnCAshlettrsStepDef.verify_auto_generated_date_formate_as(java.lang.String)
  And user log out of application                       # StepDefinations.logincheck.user_log_out_of_application()
]]></system-out>
    <system-err><![CDATA[Starting ChromeDriver 108.0.5359.71 (1e0e3868ee06e91ad636a874420e3ca3ae3756ac-refs/branch-heads/5359@{#1016}) on port 1247
Only local connections are allowed.
Please see https://chromedriver.chromium.org/security-considerations for suggestions on keeping ChromeDriver safe.
ChromeDriver was started successfully.
[1680691027.675][WARNING]: This version of ChromeDriver has not been tested with Chrome version 109.
]]></system-err>
  </testcase>
  <testcase name="runScenario[&quot;IR006 to IR0036&quot;, &quot;InBoundReturn scenario check&quot;](13)" classname="TestRunner.TestNGTestRunner" time="4.546">
    <system-out><![CDATA[
Scenario Outline: IR006 to IR0036                       # src/test/resources/features/InBoundReturn.feature:41
  Given user is on application home page                # StepDefinations.IncomingStepDef.user_is_on_application_home_page()
  When user click on InBoundReturn                      # StepDefinations.InBoundReturnStepDef.user_click_on_inboundreturn()
  When user enter startdate as 10/23/08                 # StepDefinations.InreturnCAshlettrsStepDef.user_enter_startdate_as(java.lang.String)
  And user click on Cashlettrs                          # StepDefinations.InreturnCAshlettrsStepDef.user_click_on_cashlettrs()
  Then verify auto generated date formate as 2008-10-23 # StepDefinations.InreturnCAshlettrsStepDef.verify_auto_generated_date_formate_as(java.lang.String)
  And user log out of application                       # StepDefinations.logincheck.user_log_out_of_application()
]]></system-out>
    <system-err><![CDATA[Starting ChromeDriver 108.0.5359.71 (1e0e3868ee06e91ad636a874420e3ca3ae3756ac-refs/branch-heads/5359@{#1016}) on port 40187
Only local connections are allowed.
Please see https://chromedriver.chromium.org/security-considerations for suggestions on keeping ChromeDriver safe.
ChromeDriver was started successfully.
[1680691032.690][WARNING]: This version of ChromeDriver has not been tested with Chrome version 109.
]]></system-err>
  </testcase>
  <testcase name="runScenario[&quot;IR006 to IR0036&quot;, &quot;InBoundReturn scenario check&quot;](14)" classname="TestRunner.TestNGTestRunner" time="5.388">
    <system-out><![CDATA[
Scenario Outline: IR006 to IR0036                       # src/test/resources/features/InBoundReturn.feature:42
  Given user is on application home page                # StepDefinations.IncomingStepDef.user_is_on_application_home_page()
  When user click on InBoundReturn                      # StepDefinations.InBoundReturnStepDef.user_click_on_inboundreturn()
  When user enter startdate as 10.23.08                 # StepDefinations.InreturnCAshlettrsStepDef.user_enter_startdate_as(java.lang.String)
  And user click on Cashlettrs                          # StepDefinations.InreturnCAshlettrsStepDef.user_click_on_cashlettrs()
  Then verify auto generated date formate as 2008-10-23 # StepDefinations.InreturnCAshlettrsStepDef.verify_auto_generated_date_formate_as(java.lang.String)
  And user log out of application                       # StepDefinations.logincheck.user_log_out_of_application()
]]></system-out>
    <system-err><![CDATA[Starting ChromeDriver 108.0.5359.71 (1e0e3868ee06e91ad636a874420e3ca3ae3756ac-refs/branch-heads/5359@{#1016}) on port 48187
Only local connections are allowed.
Please see https://chromedriver.chromium.org/security-considerations for suggestions on keeping ChromeDriver safe.
ChromeDriver was started successfully.
[1680691037.028][WARNING]: This version of ChromeDriver has not been tested with Chrome version 109.
]]></system-err>
  </testcase>
  <testcase name="runScenario[&quot;IR006 to IR0036&quot;, &quot;InBoundReturn scenario check&quot;](15)" classname="TestRunner.TestNGTestRunner" time="4.169">
    <system-out><![CDATA[
Scenario Outline: IR006 to IR0036                       # src/test/resources/features/InBoundReturn.feature:43
  Given user is on application home page                # StepDefinations.IncomingStepDef.user_is_on_application_home_page()
  When user click on InBoundReturn                      # StepDefinations.InBoundReturnStepDef.user_click_on_inboundreturn()
  When user enter startdate as Oct 23 08                # StepDefinations.InreturnCAshlettrsStepDef.user_enter_startdate_as(java.lang.String)
  And user click on Cashlettrs                          # StepDefinations.InreturnCAshlettrsStepDef.user_click_on_cashlettrs()
  Then verify auto generated date formate as 2008-10-23 # StepDefinations.InreturnCAshlettrsStepDef.verify_auto_generated_date_formate_as(java.lang.String)
  And user log out of application                       # StepDefinations.logincheck.user_log_out_of_application()
]]></system-out>
    <system-err><![CDATA[Starting ChromeDriver 108.0.5359.71 (1e0e3868ee06e91ad636a874420e3ca3ae3756ac-refs/branch-heads/5359@{#1016}) on port 32298
Only local connections are allowed.
Please see https://chromedriver.chromium.org/security-considerations for suggestions on keeping ChromeDriver safe.
ChromeDriver was started successfully.
[1680691042.542][WARNING]: This version of ChromeDriver has not been tested with Chrome version 109.
]]></system-err>
  </testcase>
  <testcase name="runScenario[&quot;IR006 to IR0036&quot;, &quot;InBoundReturn scenario check&quot;](16)" classname="TestRunner.TestNGTestRunner" time="4.873">
    <system-out><![CDATA[
Scenario Outline: IR006 to IR0036                       # src/test/resources/features/InBoundReturn.feature:44
  Given user is on application home page                # StepDefinations.IncomingStepDef.user_is_on_application_home_page()
  When user click on InBoundReturn                      # StepDefinations.InBoundReturnStepDef.user_click_on_inboundreturn()
  When user enter startdate as 10 23 2008               # StepDefinations.InreturnCAshlettrsStepDef.user_enter_startdate_as(java.lang.String)
  And user click on Cashlettrs                          # StepDefinations.InreturnCAshlettrsStepDef.user_click_on_cashlettrs()
  Then verify auto generated date formate as 2008-10-23 # StepDefinations.InreturnCAshlettrsStepDef.verify_auto_generated_date_formate_as(java.lang.String)
  And user log out of application                       # StepDefinations.logincheck.user_log_out_of_application()
]]></system-out>
    <system-err><![CDATA[Starting ChromeDriver 108.0.5359.71 (1e0e3868ee06e91ad636a874420e3ca3ae3756ac-refs/branch-heads/5359@{#1016}) on port 29281
Only local connections are allowed.
Please see https://chromedriver.chromium.org/security-considerations for suggestions on keeping ChromeDriver safe.
ChromeDriver was started successfully.
[1680691046.634][WARNING]: This version of ChromeDriver has not been tested with Chrome version 109.
]]></system-err>
  </testcase>
  <testcase name="runScenario[&quot;IR006 to IR0036&quot;, &quot;InBoundReturn scenario check&quot;](17)" classname="TestRunner.TestNGTestRunner" time="5.716">
    <system-out><![CDATA[
Scenario Outline: IR006 to IR0036                       # src/test/resources/features/InBoundReturn.feature:45
  Given user is on application home page                # StepDefinations.IncomingStepDef.user_is_on_application_home_page()
  When user click on InBoundReturn                      # StepDefinations.InBoundReturnStepDef.user_click_on_inboundreturn()
  When user enter startdate as 10 23 08                 # StepDefinations.InreturnCAshlettrsStepDef.user_enter_startdate_as(java.lang.String)
  And user click on Cashlettrs                          # StepDefinations.InreturnCAshlettrsStepDef.user_click_on_cashlettrs()
  Then verify auto generated date formate as 2008-10-23 # StepDefinations.InreturnCAshlettrsStepDef.verify_auto_generated_date_formate_as(java.lang.String)
  And user log out of application                       # StepDefinations.logincheck.user_log_out_of_application()
]]></system-out>
    <system-err><![CDATA[Starting ChromeDriver 108.0.5359.71 (1e0e3868ee06e91ad636a874420e3ca3ae3756ac-refs/branch-heads/5359@{#1016}) on port 4624
Only local connections are allowed.
Please see https://chromedriver.chromium.org/security-considerations for suggestions on keeping ChromeDriver safe.
ChromeDriver was started successfully.
[1680691051.994][WARNING]: This version of ChromeDriver has not been tested with Chrome version 109.
]]></system-err>
  </testcase>
  <testcase name="runScenario[&quot;IR006 to IR0036&quot;, &quot;InBoundReturn scenario check&quot;](18)" classname="TestRunner.TestNGTestRunner" time="4.348">
    <system-out><![CDATA[
Scenario Outline: IR006 to IR0036                       # src/test/resources/features/InBoundReturn.feature:46
  Given user is on application home page                # StepDefinations.IncomingStepDef.user_is_on_application_home_page()
  When user click on InBoundReturn                      # StepDefinations.InBoundReturnStepDef.user_click_on_inboundreturn()
  When user enter startdate as 10-23-2008               # StepDefinations.InreturnCAshlettrsStepDef.user_enter_startdate_as(java.lang.String)
  And user click on Cashlettrs                          # StepDefinations.InreturnCAshlettrsStepDef.user_click_on_cashlettrs()
  Then verify auto generated date formate as 2008-10-23 # StepDefinations.InreturnCAshlettrsStepDef.verify_auto_generated_date_formate_as(java.lang.String)
  And user log out of application                       # StepDefinations.logincheck.user_log_out_of_application()
]]></system-out>
    <system-err><![CDATA[Starting ChromeDriver 108.0.5359.71 (1e0e3868ee06e91ad636a874420e3ca3ae3756ac-refs/branch-heads/5359@{#1016}) on port 35372
Only local connections are allowed.
Please see https://chromedriver.chromium.org/security-considerations for suggestions on keeping ChromeDriver safe.
ChromeDriver was started successfully.
[1680691057.324][WARNING]: This version of ChromeDriver has not been tested with Chrome version 109.
]]></system-err>
  </testcase>
  <testcase name="runScenario[&quot;IR006 to IR0036&quot;, &quot;InBoundReturn scenario check&quot;](19)" classname="TestRunner.TestNGTestRunner" time="4.16">
    <system-out><![CDATA[
Scenario Outline: IR006 to IR0036                       # src/test/resources/features/InBoundReturn.feature:47
  Given user is on application home page                # StepDefinations.IncomingStepDef.user_is_on_application_home_page()
  When user click on InBoundReturn                      # StepDefinations.InBoundReturnStepDef.user_click_on_inboundreturn()
  When user enter startdate as 10/23/2008               # StepDefinations.InreturnCAshlettrsStepDef.user_enter_startdate_as(java.lang.String)
  And user click on Cashlettrs                          # StepDefinations.InreturnCAshlettrsStepDef.user_click_on_cashlettrs()
  Then verify auto generated date formate as 2008-10-23 # StepDefinations.InreturnCAshlettrsStepDef.verify_auto_generated_date_formate_as(java.lang.String)
  And user log out of application                       # StepDefinations.logincheck.user_log_out_of_application()
]]></system-out>
    <system-err><![CDATA[Starting ChromeDriver 108.0.5359.71 (1e0e3868ee06e91ad636a874420e3ca3ae3756ac-refs/branch-heads/5359@{#1016}) on port 34317
Only local connections are allowed.
Please see https://chromedriver.chromium.org/security-considerations for suggestions on keeping ChromeDriver safe.
ChromeDriver was started successfully.
[1680691061.590][WARNING]: This version of ChromeDriver has not been tested with Chrome version 109.
]]></system-err>
  </testcase>
  <testcase name="runScenario[&quot;IR006 to IR0036&quot;, &quot;InBoundReturn scenario check&quot;](20)" classname="TestRunner.TestNGTestRunner" time="4.291">
    <system-out><![CDATA[
Scenario Outline: IR006 to IR0036                       # src/test/resources/features/InBoundReturn.feature:48
  Given user is on application home page                # StepDefinations.IncomingStepDef.user_is_on_application_home_page()
  When user click on InBoundReturn                      # StepDefinations.InBoundReturnStepDef.user_click_on_inboundreturn()
  When user enter startdate as 10.23.2008               # StepDefinations.InreturnCAshlettrsStepDef.user_enter_startdate_as(java.lang.String)
  And user click on Cashlettrs                          # StepDefinations.InreturnCAshlettrsStepDef.user_click_on_cashlettrs()
  Then verify auto generated date formate as 2008-10-23 # StepDefinations.InreturnCAshlettrsStepDef.verify_auto_generated_date_formate_as(java.lang.String)
  And user log out of application                       # StepDefinations.logincheck.user_log_out_of_application()
]]></system-out>
    <system-err><![CDATA[Starting ChromeDriver 108.0.5359.71 (1e0e3868ee06e91ad636a874420e3ca3ae3756ac-refs/branch-heads/5359@{#1016}) on port 19672
Only local connections are allowed.
Please see https://chromedriver.chromium.org/security-considerations for suggestions on keeping ChromeDriver safe.
ChromeDriver was started successfully.
[1680691065.783][WARNING]: This version of ChromeDriver has not been tested with Chrome version 109.
]]></system-err>
  </testcase>
  <testcase name="runScenario[&quot;IR006 to IR0036&quot;, &quot;InBoundReturn scenario check&quot;](21)" classname="TestRunner.TestNGTestRunner" time="4.325">
    <system-out><![CDATA[
Scenario Outline: IR006 to IR0036                       # src/test/resources/features/InBoundReturn.feature:49
  Given user is on application home page                # StepDefinations.IncomingStepDef.user_is_on_application_home_page()
  When user click on InBoundReturn                      # StepDefinations.InBoundReturnStepDef.user_click_on_inboundreturn()
  When user enter startdate as 10.23.2008               # StepDefinations.InreturnCAshlettrsStepDef.user_enter_startdate_as(java.lang.String)
  And user click on Cashlettrs                          # StepDefinations.InreturnCAshlettrsStepDef.user_click_on_cashlettrs()
  Then verify auto generated date formate as 2008-10-23 # StepDefinations.InreturnCAshlettrsStepDef.verify_auto_generated_date_formate_as(java.lang.String)
  And user log out of application                       # StepDefinations.logincheck.user_log_out_of_application()
]]></system-out>
    <system-err><![CDATA[Starting ChromeDriver 108.0.5359.71 (1e0e3868ee06e91ad636a874420e3ca3ae3756ac-refs/branch-heads/5359@{#1016}) on port 43694
Only local connections are allowed.
Please see https://chromedriver.chromium.org/security-considerations for suggestions on keeping ChromeDriver safe.
ChromeDriver was started successfully.
[1680691070.104][WARNING]: This version of ChromeDriver has not been tested with Chrome version 109.
]]></system-err>
  </testcase>
  <testcase name="runScenario[&quot;IR006 to IR0036&quot;, &quot;InBoundReturn scenario check&quot;](22)" classname="TestRunner.TestNGTestRunner" time="4.508">
    <system-out><![CDATA[
Scenario Outline: IR006 to IR0036                       # src/test/resources/features/InBoundReturn.feature:50
  Given user is on application home page                # StepDefinations.IncomingStepDef.user_is_on_application_home_page()
  When user click on InBoundReturn                      # StepDefinations.InBoundReturnStepDef.user_click_on_inboundreturn()
  When user enter startdate as 10 23 2008               # StepDefinations.InreturnCAshlettrsStepDef.user_enter_startdate_as(java.lang.String)
  And user click on Cashlettrs                          # StepDefinations.InreturnCAshlettrsStepDef.user_click_on_cashlettrs()
  Then verify auto generated date formate as 2008-10-23 # StepDefinations.InreturnCAshlettrsStepDef.verify_auto_generated_date_formate_as(java.lang.String)
  And user log out of application                       # StepDefinations.logincheck.user_log_out_of_application()
]]></system-out>
    <system-err><![CDATA[Starting ChromeDriver 108.0.5359.71 (1e0e3868ee06e91ad636a874420e3ca3ae3756ac-refs/branch-heads/5359@{#1016}) on port 33856
Only local connections are allowed.
Please see https://chromedriver.chromium.org/security-considerations for suggestions on keeping ChromeDriver safe.
ChromeDriver was started successfully.
[1680691074.370][WARNING]: This version of ChromeDriver has not been tested with Chrome version 109.
]]></system-err>
  </testcase>
  <testcase name="runScenario[&quot;IR006 to IR0036&quot;, &quot;InBoundReturn scenario check&quot;](23)" classname="TestRunner.TestNGTestRunner" time="4.207">
    <system-out><![CDATA[
Scenario Outline: IR006 to IR0036                       # src/test/resources/features/InBoundReturn.feature:51
  Given user is on application home page                # StepDefinations.IncomingStepDef.user_is_on_application_home_page()
  When user click on InBoundReturn                      # StepDefinations.InBoundReturnStepDef.user_click_on_inboundreturn()
  When user enter startdate as 10.23.08                 # StepDefinations.InreturnCAshlettrsStepDef.user_enter_startdate_as(java.lang.String)
  And user click on Cashlettrs                          # StepDefinations.InreturnCAshlettrsStepDef.user_click_on_cashlettrs()
  Then verify auto generated date formate as 2008-10-23 # StepDefinations.InreturnCAshlettrsStepDef.verify_auto_generated_date_formate_as(java.lang.String)
  And user log out of application                       # StepDefinations.logincheck.user_log_out_of_application()
]]></system-out>
    <system-err><![CDATA[Starting ChromeDriver 108.0.5359.71 (1e0e3868ee06e91ad636a874420e3ca3ae3756ac-refs/branch-heads/5359@{#1016}) on port 11288
Only local connections are allowed.
Please see https://chromedriver.chromium.org/security-considerations for suggestions on keeping ChromeDriver safe.
ChromeDriver was started successfully.
[1680691078.683][WARNING]: This version of ChromeDriver has not been tested with Chrome version 109.
]]></system-err>
  </testcase>
  <testcase name="runScenario[&quot;IR006 to IR0036&quot;, &quot;InBoundReturn scenario check&quot;](24)" classname="TestRunner.TestNGTestRunner" time="4.349">
    <system-out><![CDATA[
Scenario Outline: IR006 to IR0036                       # src/test/resources/features/InBoundReturn.feature:52
  Given user is on application home page                # StepDefinations.IncomingStepDef.user_is_on_application_home_page()
  When user click on InBoundReturn                      # StepDefinations.InBoundReturnStepDef.user_click_on_inboundreturn()
  When user enter startdate as Oct 23 08                # StepDefinations.InreturnCAshlettrsStepDef.user_enter_startdate_as(java.lang.String)
  And user click on Cashlettrs                          # StepDefinations.InreturnCAshlettrsStepDef.user_click_on_cashlettrs()
  Then verify auto generated date formate as 2008-10-23 # StepDefinations.InreturnCAshlettrsStepDef.verify_auto_generated_date_formate_as(java.lang.String)
  And user log out of application                       # StepDefinations.logincheck.user_log_out_of_application()
]]></system-out>
    <system-err><![CDATA[Starting ChromeDriver 108.0.5359.71 (1e0e3868ee06e91ad636a874420e3ca3ae3756ac-refs/branch-heads/5359@{#1016}) on port 5961
Only local connections are allowed.
Please see https://chromedriver.chromium.org/security-considerations for suggestions on keeping ChromeDriver safe.
ChromeDriver was started successfully.
[1680691083.141][WARNING]: This version of ChromeDriver has not been tested with Chrome version 109.
]]></system-err>
  </testcase>
  <testcase name="runScenario[&quot;IC001&quot;, &quot;InReturn Cashletters scenario check&quot;](25)" classname="TestRunner.TestNGTestRunner" time="6.391">
    <system-out><![CDATA[
Scenario: IC001                                                       # src/test/resources/features/InReturnCashlettrs.feature:8
  Given user is on application home page                              # StepDefinations.IncomingStepDef.user_is_on_application_home_page()
  When user click on InreturnCashletters                              # StepDefinations.InreturnCAshlettrsStepDef.user_click_on_inreturncashletters()
  And user click on Cashlettrs                                        # StepDefinations.InreturnCAshlettrsStepDef.user_click_on_cashlettrs()
  Then popup alert check "Process Date is required for all searches." # StepDefinations.InreturnCAshlettrsStepDef.popup_alert_check_something(java.lang.String)
  And user log out of application                                     # StepDefinations.logincheck.user_log_out_of_application()
]]></system-out>
    <system-err><![CDATA[Starting ChromeDriver 108.0.5359.71 (1e0e3868ee06e91ad636a874420e3ca3ae3756ac-refs/branch-heads/5359@{#1016}) on port 25801
Only local connections are allowed.
Please see https://chromedriver.chromium.org/security-considerations for suggestions on keeping ChromeDriver safe.
ChromeDriver was started successfully.
[1680691087.909][WARNING]: This version of ChromeDriver has not been tested with Chrome version 109.
]]></system-err>
  </testcase>
  <testcase name="runScenario[&quot;IC002&quot;, &quot;InReturn Cashletters scenario check&quot;](26)" classname="TestRunner.TestNGTestRunner" time="4.075">
    <system-out><![CDATA[
Scenario: IC002                                    # src/test/resources/features/InReturnCashlettrs.feature:13
  Given user is on application home page           # StepDefinations.IncomingStepDef.user_is_on_application_home_page()
  When user click on InreturnCashletters           # StepDefinations.InreturnCAshlettrsStepDef.user_click_on_inreturncashletters()
  And user enter max result details as " "         # StepDefinations.InreturnCAshlettrsStepDef.user_enter_max_result_details_as_something(java.lang.String)
  And user enter process startdate as "10/23/2008" # StepDefinations.InreturnCAshlettrsStepDef.user_enter_process_startdate_as_something(java.lang.String)
  And user click on Cashlettrs                     # StepDefinations.InreturnCAshlettrsStepDef.user_click_on_cashlettrs()
  Then verify "50" items are displyed on screen    # StepDefinations.IncomingStepDef.verify_something_items_are_displyed_on_screen(java.lang.String)
  And user log out of application                  # StepDefinations.logincheck.user_log_out_of_application()
]]></system-out>
    <system-err><![CDATA[Starting ChromeDriver 108.0.5359.71 (1e0e3868ee06e91ad636a874420e3ca3ae3756ac-refs/branch-heads/5359@{#1016}) on port 33364
Only local connections are allowed.
Please see https://chromedriver.chromium.org/security-considerations for suggestions on keeping ChromeDriver safe.
ChromeDriver was started successfully.
[1680691093.873][WARNING]: This version of ChromeDriver has not been tested with Chrome version 109.
]]></system-err>
  </testcase>
  <testcase name="runScenario[&quot;IC003&quot;, &quot;InReturn Cashletters scenario check&quot;](27)" classname="TestRunner.TestNGTestRunner" time="4.297">
    <system-out><![CDATA[
Scenario: IC003                                    # src/test/resources/features/InReturnCashlettrs.feature:20
  Given user is on application home page           # StepDefinations.IncomingStepDef.user_is_on_application_home_page()
  When user click on InreturnCashletters           # StepDefinations.InreturnCAshlettrsStepDef.user_click_on_inreturncashletters()
  And user enter max result details as "10"        # StepDefinations.InreturnCAshlettrsStepDef.user_enter_max_result_details_as_something(java.lang.String)
  And user enter process startdate as "10/23/2008" # StepDefinations.InreturnCAshlettrsStepDef.user_enter_process_startdate_as_something(java.lang.String)
  And user click on Cashlettrs                     # StepDefinations.InreturnCAshlettrsStepDef.user_click_on_cashlettrs()
  Then verify "10" items are displyed on screen    # StepDefinations.IncomingStepDef.verify_something_items_are_displyed_on_screen(java.lang.String)
  And user log out of application                  # StepDefinations.logincheck.user_log_out_of_application()
]]></system-out>
    <system-err><![CDATA[Starting ChromeDriver 108.0.5359.71 (1e0e3868ee06e91ad636a874420e3ca3ae3756ac-refs/branch-heads/5359@{#1016}) on port 30712
Only local connections are allowed.
Please see https://chromedriver.chromium.org/security-considerations for suggestions on keeping ChromeDriver safe.
ChromeDriver was started successfully.
[1680691097.883][WARNING]: This version of ChromeDriver has not been tested with Chrome version 109.
]]></system-err>
  </testcase>
  <testcase name="runScenario[&quot;IC004 IC005&quot;, &quot;InReturn Cashletters scenario check&quot;](28)" classname="TestRunner.TestNGTestRunner" time="5.038">
    <system-out><![CDATA[
Scenario: IC004 IC005                              # src/test/resources/features/InReturnCashlettrs.feature:27
  Given user is on application home page           # StepDefinations.IncomingStepDef.user_is_on_application_home_page()
  When user click on InreturnCashletters           # StepDefinations.InreturnCAshlettrsStepDef.user_click_on_inreturncashletters()
  And user enter max result details as "50"        # StepDefinations.InreturnCAshlettrsStepDef.user_enter_max_result_details_as_something(java.lang.String)
  And user enter process startdate as "10/23/2008" # StepDefinations.InreturnCAshlettrsStepDef.user_enter_process_startdate_as_something(java.lang.String)
  And user click on Cashlettrs                     # StepDefinations.InreturnCAshlettrsStepDef.user_click_on_cashlettrs()
  Then verify "50" items are displyed on screen    # StepDefinations.IncomingStepDef.verify_something_items_are_displyed_on_screen(java.lang.String)
  And user nevigate to back page                   # StepDefinations.InreturnCAshlettrsStepDef.user_nevigate_back_to_inreturn_cashletter_page()
  And user enter amount as "500.00" and ""         # StepDefinations.InreturnCAshlettrsStepDef.user_enter_amount_as_something_and_something(java.lang.String,java.lang.String)
  And user click on Cashlettrs                     # StepDefinations.InreturnCAshlettrsStepDef.user_click_on_cashlettrs()
  Then verify "1" items are displyed on screen     # StepDefinations.IncomingStepDef.verify_something_items_are_displyed_on_screen(java.lang.String)
  And user log out of application                  # StepDefinations.logincheck.user_log_out_of_application()
]]></system-out>
    <system-err><![CDATA[Starting ChromeDriver 108.0.5359.71 (1e0e3868ee06e91ad636a874420e3ca3ae3756ac-refs/branch-heads/5359@{#1016}) on port 34516
Only local connections are allowed.
Please see https://chromedriver.chromium.org/security-considerations for suggestions on keeping ChromeDriver safe.
ChromeDriver was started successfully.
[1680691102.260][WARNING]: This version of ChromeDriver has not been tested with Chrome version 109.
]]></system-err>
  </testcase>
  <testcase name="runScenario[&quot;IC0033&quot;, &quot;InReturn Cashletters scenario check&quot;](29)" classname="TestRunner.TestNGTestRunner" time="4.628">
    <system-out><![CDATA[
Scenario: IC0033                                   # src/test/resources/features/InReturnCashlettrs.feature:38
  Given user is on application home page           # StepDefinations.IncomingStepDef.user_is_on_application_home_page()
  When user click on InreturnCashletters           # StepDefinations.InreturnCAshlettrsStepDef.user_click_on_inreturncashletters()
  And user enter max result details as "50"        # StepDefinations.InreturnCAshlettrsStepDef.user_enter_max_result_details_as_something(java.lang.String)
  And user enter process startdate as "10/23/2008" # StepDefinations.InreturnCAshlettrsStepDef.user_enter_process_startdate_as_something(java.lang.String)
  And user click on Cashlettrs                     # StepDefinations.InreturnCAshlettrsStepDef.user_click_on_cashlettrs()
  Then verify "50" items are displyed on screen    # StepDefinations.IncomingStepDef.verify_something_items_are_displyed_on_screen(java.lang.String)
List is Scrollable
  And verify result list is scrollable             # StepDefinations.InreturnCAshlettrsStepDef.verify_result_list_is_scrollable()
  And user log out of application                  # StepDefinations.logincheck.user_log_out_of_application()
]]></system-out>
    <system-err><![CDATA[Starting ChromeDriver 108.0.5359.71 (1e0e3868ee06e91ad636a874420e3ca3ae3756ac-refs/branch-heads/5359@{#1016}) on port 19873
Only local connections are allowed.
Please see https://chromedriver.chromium.org/security-considerations for suggestions on keeping ChromeDriver safe.
ChromeDriver was started successfully.
[1680691107.278][WARNING]: This version of ChromeDriver has not been tested with Chrome version 109.
]]></system-err>
  </testcase>
  <testcase name="runScenario[&quot;IC0034&quot;, &quot;InReturn Cashletters scenario check&quot;](30)" classname="TestRunner.TestNGTestRunner" time="5.457">
    <system-out><![CDATA[
Scenario: IC0034                                                   # src/test/resources/features/InReturnCashlettrs.feature:46
  Given user is on application home page                           # StepDefinations.IncomingStepDef.user_is_on_application_home_page()
  When user click on InreturnCashletters                           # StepDefinations.InreturnCAshlettrsStepDef.user_click_on_inreturncashletters()
  And user enter max result details as "50"                        # StepDefinations.InreturnCAshlettrsStepDef.user_enter_max_result_details_as_something(java.lang.String)
  And user enter process startdate as "10/23/2008"                 # StepDefinations.InreturnCAshlettrsStepDef.user_enter_process_startdate_as_something(java.lang.String)
  And user click on Cashlettrs                                     # StepDefinations.InreturnCAshlettrsStepDef.user_click_on_cashlettrs()
  Then verify coloum heading should scroll with the items by pages # StepDefinations.InreturnCAshlettrsStepDef.verify_coloum_heading_should_scroll_with_the_items_by_pages()
  And user log out of application                                  # StepDefinations.logincheck.user_log_out_of_application()
]]></system-out>
    <system-err><![CDATA[Starting ChromeDriver 108.0.5359.71 (1e0e3868ee06e91ad636a874420e3ca3ae3756ac-refs/branch-heads/5359@{#1016}) on port 39667
Only local connections are allowed.
Please see https://chromedriver.chromium.org/security-considerations for suggestions on keeping ChromeDriver safe.
ChromeDriver was started successfully.
[1680691112.127][WARNING]: This version of ChromeDriver has not been tested with Chrome version 109.
]]></system-err>
  </testcase>
  <testcase name="runScenario[&quot;IC0035&quot;, &quot;InReturn Cashletters scenario check&quot;](31)" classname="TestRunner.TestNGTestRunner" time="4.273">
    <system-out><![CDATA[
Scenario: IC0035                                   # src/test/resources/features/InReturnCashlettrs.feature:53
  Given user is on application home page           # StepDefinations.IncomingStepDef.user_is_on_application_home_page()
  When user click on InreturnCashletters           # StepDefinations.InreturnCAshlettrsStepDef.user_click_on_inreturncashletters()
  And user enter max result details as "50"        # StepDefinations.InreturnCAshlettrsStepDef.user_enter_max_result_details_as_something(java.lang.String)
  And user enter process startdate as "10/23/2008" # StepDefinations.InreturnCAshlettrsStepDef.user_enter_process_startdate_as_something(java.lang.String)
  And user click on Cashlettrs                     # StepDefinations.InreturnCAshlettrsStepDef.user_click_on_cashlettrs()
  And user log out of application                  # StepDefinations.logincheck.user_log_out_of_application()
]]></system-out>
    <system-err><![CDATA[Starting ChromeDriver 108.0.5359.71 (1e0e3868ee06e91ad636a874420e3ca3ae3756ac-refs/branch-heads/5359@{#1016}) on port 45664
Only local connections are allowed.
Please see https://chromedriver.chromium.org/security-considerations for suggestions on keeping ChromeDriver safe.
ChromeDriver was started successfully.
[1680691117.044][WARNING]: This version of ChromeDriver has not been tested with Chrome version 109.
]]></system-err>
  </testcase>
  <testcase name="runScenario[&quot;IC038&quot;, &quot;InReturn Cashletters scenario check&quot;](32)" classname="TestRunner.TestNGTestRunner" time="4.515">
    <system-out><![CDATA[
Scenario: IC038                                                  # src/test/resources/features/InReturnCashlettrs.feature:67
  Given user is on application home page                         # StepDefinations.IncomingStepDef.user_is_on_application_home_page()
  When user click on InreturnCashletters                         # StepDefinations.InreturnCAshlettrsStepDef.user_click_on_inreturncashletters()
  When user enter process date from "10/23/2008" to "10/24/2008" # StepDefinations.InreturnCAshlettrsStepDef.user_enter_process_date_from_something_to_something(java.lang.String,java.lang.String)
  And user click on Cashlettrs                                   # StepDefinations.InreturnCAshlettrsStepDef.user_click_on_cashlettrs()
  And user nevigate to back page                                 # StepDefinations.InreturnCAshlettrsStepDef.user_nevigate_back_to_inreturn_cashletter_page()
  Then opertaor field changes to "range"                         # StepDefinations.InreturnCAshlettrsStepDef.opertaor_field_changes_to_something(java.lang.String)
  And user log out of application                                # StepDefinations.logincheck.user_log_out_of_application()
]]></system-out>
    <system-err><![CDATA[Starting ChromeDriver 108.0.5359.71 (1e0e3868ee06e91ad636a874420e3ca3ae3756ac-refs/branch-heads/5359@{#1016}) on port 31862
Only local connections are allowed.
Please see https://chromedriver.chromium.org/security-considerations for suggestions on keeping ChromeDriver safe.
ChromeDriver was started successfully.
[1680691121.948][WARNING]: This version of ChromeDriver has not been tested with Chrome version 109.
]]></system-err>
  </testcase>
  <testcase name="runScenario[&quot;IC006 to IC0036&quot;, &quot;InReturn Cashletters scenario check&quot;](33)" classname="TestRunner.TestNGTestRunner" time="4.186">
    <system-out><![CDATA[
Scenario Outline: IC006 to IC0036                       # src/test/resources/features/InReturnCashlettrs.feature:83
  Given user is on application home page                # StepDefinations.IncomingStepDef.user_is_on_application_home_page()
  When user click on InreturnCashletters                # StepDefinations.InreturnCAshlettrsStepDef.user_click_on_inreturncashletters()
  When user enter startdate as 2008-10-23               # StepDefinations.InreturnCAshlettrsStepDef.user_enter_startdate_as(java.lang.String)
  And user click on Cashlettrs                          # StepDefinations.InreturnCAshlettrsStepDef.user_click_on_cashlettrs()
  Then verify auto generated date formate as 2008-10-23 # StepDefinations.InreturnCAshlettrsStepDef.verify_auto_generated_date_formate_as(java.lang.String)
  And user log out of application                       # StepDefinations.logincheck.user_log_out_of_application()
]]></system-out>
    <system-err><![CDATA[Starting ChromeDriver 108.0.5359.71 (1e0e3868ee06e91ad636a874420e3ca3ae3756ac-refs/branch-heads/5359@{#1016}) on port 40468
Only local connections are allowed.
Please see https://chromedriver.chromium.org/security-considerations for suggestions on keeping ChromeDriver safe.
ChromeDriver was started successfully.
[1680691126.063][WARNING]: This version of ChromeDriver has not been tested with Chrome version 109.
]]></system-err>
  </testcase>
  <testcase name="runScenario[&quot;IC006 to IC0036&quot;, &quot;InReturn Cashletters scenario check&quot;](34)" classname="TestRunner.TestNGTestRunner" time="4.038">
    <system-out><![CDATA[
Scenario Outline: IC006 to IC0036                       # src/test/resources/features/InReturnCashlettrs.feature:84
  Given user is on application home page                # StepDefinations.IncomingStepDef.user_is_on_application_home_page()
  When user click on InreturnCashletters                # StepDefinations.InreturnCAshlettrsStepDef.user_click_on_inreturncashletters()
  When user enter startdate as 2008/10/23               # StepDefinations.InreturnCAshlettrsStepDef.user_enter_startdate_as(java.lang.String)
  And user click on Cashlettrs                          # StepDefinations.InreturnCAshlettrsStepDef.user_click_on_cashlettrs()
  Then verify auto generated date formate as 2008-10-23 # StepDefinations.InreturnCAshlettrsStepDef.verify_auto_generated_date_formate_as(java.lang.String)
  And user log out of application                       # StepDefinations.logincheck.user_log_out_of_application()
]]></system-out>
    <system-err><![CDATA[Starting ChromeDriver 108.0.5359.71 (1e0e3868ee06e91ad636a874420e3ca3ae3756ac-refs/branch-heads/5359@{#1016}) on port 44257
Only local connections are allowed.
Please see https://chromedriver.chromium.org/security-considerations for suggestions on keeping ChromeDriver safe.
ChromeDriver was started successfully.
[1680691130.280][WARNING]: This version of ChromeDriver has not been tested with Chrome version 109.
]]></system-err>
  </testcase>
  <testcase name="runScenario[&quot;IC006 to IC0036&quot;, &quot;InReturn Cashletters scenario check&quot;](35)" classname="TestRunner.TestNGTestRunner" time="4.379">
    <system-out><![CDATA[
Scenario Outline: IC006 to IC0036                       # src/test/resources/features/InReturnCashlettrs.feature:85
  Given user is on application home page                # StepDefinations.IncomingStepDef.user_is_on_application_home_page()
  When user click on InreturnCashletters                # StepDefinations.InreturnCAshlettrsStepDef.user_click_on_inreturncashletters()
  When user enter startdate as 2008.10.23               # StepDefinations.InreturnCAshlettrsStepDef.user_enter_startdate_as(java.lang.String)
  And user click on Cashlettrs                          # StepDefinations.InreturnCAshlettrsStepDef.user_click_on_cashlettrs()
  Then verify auto generated date formate as 2008-10-23 # StepDefinations.InreturnCAshlettrsStepDef.verify_auto_generated_date_formate_as(java.lang.String)
  And user log out of application                       # StepDefinations.logincheck.user_log_out_of_application()
]]></system-out>
    <system-err><![CDATA[Starting ChromeDriver 108.0.5359.71 (1e0e3868ee06e91ad636a874420e3ca3ae3756ac-refs/branch-heads/5359@{#1016}) on port 42791
Only local connections are allowed.
Please see https://chromedriver.chromium.org/security-considerations for suggestions on keeping ChromeDriver safe.
ChromeDriver was started successfully.
[1680691134.462][WARNING]: This version of ChromeDriver has not been tested with Chrome version 109.
]]></system-err>
  </testcase>
  <testcase name="runScenario[&quot;IC006 to IC0036&quot;, &quot;InReturn Cashletters scenario check&quot;](36)" classname="TestRunner.TestNGTestRunner" time="4.563">
    <system-out><![CDATA[
Scenario Outline: IC006 to IC0036                       # src/test/resources/features/InReturnCashlettrs.feature:86
  Given user is on application home page                # StepDefinations.IncomingStepDef.user_is_on_application_home_page()
  When user click on InreturnCashletters                # StepDefinations.InreturnCAshlettrsStepDef.user_click_on_inreturncashletters()
  When user enter startdate as 2008 10 23               # StepDefinations.InreturnCAshlettrsStepDef.user_enter_startdate_as(java.lang.String)
  And user click on Cashlettrs                          # StepDefinations.InreturnCAshlettrsStepDef.user_click_on_cashlettrs()
  Then verify auto generated date formate as 2008-10-23 # StepDefinations.InreturnCAshlettrsStepDef.verify_auto_generated_date_formate_as(java.lang.String)
  And user log out of application                       # StepDefinations.logincheck.user_log_out_of_application()
]]></system-out>
    <system-err><![CDATA[Starting ChromeDriver 108.0.5359.71 (1e0e3868ee06e91ad636a874420e3ca3ae3756ac-refs/branch-heads/5359@{#1016}) on port 43036
Only local connections are allowed.
Please see https://chromedriver.chromium.org/security-considerations for suggestions on keeping ChromeDriver safe.
ChromeDriver was started successfully.
[1680691138.757][WARNING]: This version of ChromeDriver has not been tested with Chrome version 109.
]]></system-err>
  </testcase>
  <testcase name="runScenario[&quot;IC006 to IC0036&quot;, &quot;InReturn Cashletters scenario check&quot;](37)" classname="TestRunner.TestNGTestRunner" time="4.89">
    <system-out><![CDATA[
Scenario Outline: IC006 to IC0036                       # src/test/resources/features/InReturnCashlettrs.feature:87
  Given user is on application home page                # StepDefinations.IncomingStepDef.user_is_on_application_home_page()
  When user click on InreturnCashletters                # StepDefinations.InreturnCAshlettrsStepDef.user_click_on_inreturncashletters()
  When user enter startdate as 2008 Oct 23              # StepDefinations.InreturnCAshlettrsStepDef.user_enter_startdate_as(java.lang.String)
  And user click on Cashlettrs                          # StepDefinations.InreturnCAshlettrsStepDef.user_click_on_cashlettrs()
  Then verify auto generated date formate as 2008-10-23 # StepDefinations.InreturnCAshlettrsStepDef.verify_auto_generated_date_formate_as(java.lang.String)
  And user log out of application                       # StepDefinations.logincheck.user_log_out_of_application()
]]></system-out>
    <system-err><![CDATA[Starting ChromeDriver 108.0.5359.71 (1e0e3868ee06e91ad636a874420e3ca3ae3756ac-refs/branch-heads/5359@{#1016}) on port 36479
Only local connections are allowed.
Please see https://chromedriver.chromium.org/security-considerations for suggestions on keeping ChromeDriver safe.
ChromeDriver was started successfully.
[1680691143.976][WARNING]: This version of ChromeDriver has not been tested with Chrome version 109.
]]></system-err>
  </testcase>
  <testcase name="runScenario[&quot;IC006 to IC0036&quot;, &quot;InReturn Cashletters scenario check&quot;](38)" classname="TestRunner.TestNGTestRunner" time="5.017">
    <system-out><![CDATA[
Scenario Outline: IC006 to IC0036                       # src/test/resources/features/InReturnCashlettrs.feature:88
  Given user is on application home page                # StepDefinations.IncomingStepDef.user_is_on_application_home_page()
  When user click on InreturnCashletters                # StepDefinations.InreturnCAshlettrsStepDef.user_click_on_inreturncashletters()
  When user enter startdate as 10-23-2008               # StepDefinations.InreturnCAshlettrsStepDef.user_enter_startdate_as(java.lang.String)
  And user click on Cashlettrs                          # StepDefinations.InreturnCAshlettrsStepDef.user_click_on_cashlettrs()
  Then verify auto generated date formate as 2008-10-23 # StepDefinations.InreturnCAshlettrsStepDef.verify_auto_generated_date_formate_as(java.lang.String)
  And user log out of application                       # StepDefinations.logincheck.user_log_out_of_application()
]]></system-out>
    <system-err><![CDATA[Starting ChromeDriver 108.0.5359.71 (1e0e3868ee06e91ad636a874420e3ca3ae3756ac-refs/branch-heads/5359@{#1016}) on port 40313
Only local connections are allowed.
Please see https://chromedriver.chromium.org/security-considerations for suggestions on keeping ChromeDriver safe.
ChromeDriver was started successfully.
[1680691148.411][WARNING]: This version of ChromeDriver has not been tested with Chrome version 109.
]]></system-err>
  </testcase>
  <testcase name="runScenario[&quot;IC006 to IC0036&quot;, &quot;InReturn Cashletters scenario check&quot;](39)" classname="TestRunner.TestNGTestRunner" time="4.125">
    <system-out><![CDATA[
Scenario Outline: IC006 to IC0036                       # src/test/resources/features/InReturnCashlettrs.feature:89
  Given user is on application home page                # StepDefinations.IncomingStepDef.user_is_on_application_home_page()
  When user click on InreturnCashletters                # StepDefinations.InreturnCAshlettrsStepDef.user_click_on_inreturncashletters()
  When user enter startdate as 10.23.2008               # StepDefinations.InreturnCAshlettrsStepDef.user_enter_startdate_as(java.lang.String)
  And user click on Cashlettrs                          # StepDefinations.InreturnCAshlettrsStepDef.user_click_on_cashlettrs()
  Then verify auto generated date formate as 2008-10-23 # StepDefinations.InreturnCAshlettrsStepDef.verify_auto_generated_date_formate_as(java.lang.String)
  And user log out of application                       # StepDefinations.logincheck.user_log_out_of_application()
]]></system-out>
    <system-err><![CDATA[Starting ChromeDriver 108.0.5359.71 (1e0e3868ee06e91ad636a874420e3ca3ae3756ac-refs/branch-heads/5359@{#1016}) on port 32038
Only local connections are allowed.
Please see https://chromedriver.chromium.org/security-considerations for suggestions on keeping ChromeDriver safe.
ChromeDriver was started successfully.
[1680691153.256][WARNING]: This version of ChromeDriver has not been tested with Chrome version 109.
]]></system-err>
  </testcase>
  <testcase name="runScenario[&quot;IC006 to IC0036&quot;, &quot;InReturn Cashletters scenario check&quot;](40)" classname="TestRunner.TestNGTestRunner" time="4.162">
    <system-out><![CDATA[
Scenario Outline: IC006 to IC0036                       # src/test/resources/features/InReturnCashlettrs.feature:90
  Given user is on application home page                # StepDefinations.IncomingStepDef.user_is_on_application_home_page()
  When user click on InreturnCashletters                # StepDefinations.InreturnCAshlettrsStepDef.user_click_on_inreturncashletters()
  When user enter startdate as 10 23 2008               # StepDefinations.InreturnCAshlettrsStepDef.user_enter_startdate_as(java.lang.String)
  And user click on Cashlettrs                          # StepDefinations.InreturnCAshlettrsStepDef.user_click_on_cashlettrs()
  Then verify auto generated date formate as 2008-10-23 # StepDefinations.InreturnCAshlettrsStepDef.verify_auto_generated_date_formate_as(java.lang.String)
  And user log out of application                       # StepDefinations.logincheck.user_log_out_of_application()
]]></system-out>
    <system-err><![CDATA[Starting ChromeDriver 108.0.5359.71 (1e0e3868ee06e91ad636a874420e3ca3ae3756ac-refs/branch-heads/5359@{#1016}) on port 22480
Only local connections are allowed.
Please see https://chromedriver.chromium.org/security-considerations for suggestions on keeping ChromeDriver safe.
ChromeDriver was started successfully.
[1680691157.315][WARNING]: This version of ChromeDriver has not been tested with Chrome version 109.
]]></system-err>
  </testcase>
  <testcase name="runScenario[&quot;IC006 to IC0036&quot;, &quot;InReturn Cashletters scenario check&quot;](41)" classname="TestRunner.TestNGTestRunner" time="5.077">
    <system-out><![CDATA[
Scenario Outline: IC006 to IC0036                       # src/test/resources/features/InReturnCashlettrs.feature:91
  Given user is on application home page                # StepDefinations.IncomingStepDef.user_is_on_application_home_page()
  When user click on InreturnCashletters                # StepDefinations.InreturnCAshlettrsStepDef.user_click_on_inreturncashletters()
  When user enter startdate as Oct 23 2008              # StepDefinations.InreturnCAshlettrsStepDef.user_enter_startdate_as(java.lang.String)
  And user click on Cashlettrs                          # StepDefinations.InreturnCAshlettrsStepDef.user_click_on_cashlettrs()
  Then verify auto generated date formate as 2008-10-23 # StepDefinations.InreturnCAshlettrsStepDef.verify_auto_generated_date_formate_as(java.lang.String)
  And user log out of application                       # StepDefinations.logincheck.user_log_out_of_application()
]]></system-out>
    <system-err><![CDATA[Starting ChromeDriver 108.0.5359.71 (1e0e3868ee06e91ad636a874420e3ca3ae3756ac-refs/branch-heads/5359@{#1016}) on port 8901
Only local connections are allowed.
Please see https://chromedriver.chromium.org/security-considerations for suggestions on keeping ChromeDriver safe.
ChromeDriver was started successfully.
[1680691161.738][WARNING]: This version of ChromeDriver has not been tested with Chrome version 109.
]]></system-err>
  </testcase>
  <testcase name="runScenario[&quot;IC006 to IC0036&quot;, &quot;InReturn Cashletters scenario check&quot;](42)" classname="TestRunner.TestNGTestRunner" time="4.075">
    <system-out><![CDATA[
Scenario Outline: IC006 to IC0036                       # src/test/resources/features/InReturnCashlettrs.feature:92
  Given user is on application home page                # StepDefinations.IncomingStepDef.user_is_on_application_home_page()
  When user click on InreturnCashletters                # StepDefinations.InreturnCAshlettrsStepDef.user_click_on_inreturncashletters()
  When user enter startdate as 10-23-08                 # StepDefinations.InreturnCAshlettrsStepDef.user_enter_startdate_as(java.lang.String)
  And user click on Cashlettrs                          # StepDefinations.InreturnCAshlettrsStepDef.user_click_on_cashlettrs()
  Then verify auto generated date formate as 2008-10-23 # StepDefinations.InreturnCAshlettrsStepDef.verify_auto_generated_date_formate_as(java.lang.String)
  And user log out of application                       # StepDefinations.logincheck.user_log_out_of_application()
]]></system-out>
    <system-err><![CDATA[Starting ChromeDriver 108.0.5359.71 (1e0e3868ee06e91ad636a874420e3ca3ae3756ac-refs/branch-heads/5359@{#1016}) on port 46242
Only local connections are allowed.
Please see https://chromedriver.chromium.org/security-considerations for suggestions on keeping ChromeDriver safe.
ChromeDriver was started successfully.
[1680691166.571][WARNING]: This version of ChromeDriver has not been tested with Chrome version 109.
]]></system-err>
  </testcase>
  <testcase name="runScenario[&quot;IC006 to IC0036&quot;, &quot;InReturn Cashletters scenario check&quot;](43)" classname="TestRunner.TestNGTestRunner" time="4.051">
    <system-out><![CDATA[
Scenario Outline: IC006 to IC0036                       # src/test/resources/features/InReturnCashlettrs.feature:93
  Given user is on application home page                # StepDefinations.IncomingStepDef.user_is_on_application_home_page()
  When user click on InreturnCashletters                # StepDefinations.InreturnCAshlettrsStepDef.user_click_on_inreturncashletters()
  When user enter startdate as 10/23/08                 # StepDefinations.InreturnCAshlettrsStepDef.user_enter_startdate_as(java.lang.String)
  And user click on Cashlettrs                          # StepDefinations.InreturnCAshlettrsStepDef.user_click_on_cashlettrs()
  Then verify auto generated date formate as 2008-10-23 # StepDefinations.InreturnCAshlettrsStepDef.verify_auto_generated_date_formate_as(java.lang.String)
  And user log out of application                       # StepDefinations.logincheck.user_log_out_of_application()
]]></system-out>
    <system-err><![CDATA[Starting ChromeDriver 108.0.5359.71 (1e0e3868ee06e91ad636a874420e3ca3ae3756ac-refs/branch-heads/5359@{#1016}) on port 41530
Only local connections are allowed.
Please see https://chromedriver.chromium.org/security-considerations for suggestions on keeping ChromeDriver safe.
ChromeDriver was started successfully.
[1680691170.530][WARNING]: This version of ChromeDriver has not been tested with Chrome version 109.
]]></system-err>
  </testcase>
  <testcase name="runScenario[&quot;IC006 to IC0036&quot;, &quot;InReturn Cashletters scenario check&quot;](44)" classname="TestRunner.TestNGTestRunner" time="4.324">
    <system-out><![CDATA[
Scenario Outline: IC006 to IC0036                       # src/test/resources/features/InReturnCashlettrs.feature:94
  Given user is on application home page                # StepDefinations.IncomingStepDef.user_is_on_application_home_page()
  When user click on InreturnCashletters                # StepDefinations.InreturnCAshlettrsStepDef.user_click_on_inreturncashletters()
  When user enter startdate as 10.23.08                 # StepDefinations.InreturnCAshlettrsStepDef.user_enter_startdate_as(java.lang.String)
  And user click on Cashlettrs                          # StepDefinations.InreturnCAshlettrsStepDef.user_click_on_cashlettrs()
  Then verify auto generated date formate as 2008-10-23 # StepDefinations.InreturnCAshlettrsStepDef.verify_auto_generated_date_formate_as(java.lang.String)
  And user log out of application                       # StepDefinations.logincheck.user_log_out_of_application()
]]></system-out>
    <system-err><![CDATA[Starting ChromeDriver 108.0.5359.71 (1e0e3868ee06e91ad636a874420e3ca3ae3756ac-refs/branch-heads/5359@{#1016}) on port 42813
Only local connections are allowed.
Please see https://chromedriver.chromium.org/security-considerations for suggestions on keeping ChromeDriver safe.
ChromeDriver was started successfully.
[1680691175.035][WARNING]: This version of ChromeDriver has not been tested with Chrome version 109.
]]></system-err>
  </testcase>
  <testcase name="runScenario[&quot;IC006 to IC0036&quot;, &quot;InReturn Cashletters scenario check&quot;](45)" classname="TestRunner.TestNGTestRunner" time="4.047">
    <system-out><![CDATA[
Scenario Outline: IC006 to IC0036                       # src/test/resources/features/InReturnCashlettrs.feature:95
  Given user is on application home page                # StepDefinations.IncomingStepDef.user_is_on_application_home_page()
  When user click on InreturnCashletters                # StepDefinations.InreturnCAshlettrsStepDef.user_click_on_inreturncashletters()
  When user enter startdate as Oct 23 08                # StepDefinations.InreturnCAshlettrsStepDef.user_enter_startdate_as(java.lang.String)
  And user click on Cashlettrs                          # StepDefinations.InreturnCAshlettrsStepDef.user_click_on_cashlettrs()
  Then verify auto generated date formate as 2008-10-23 # StepDefinations.InreturnCAshlettrsStepDef.verify_auto_generated_date_formate_as(java.lang.String)
  And user log out of application                       # StepDefinations.logincheck.user_log_out_of_application()
]]></system-out>
    <system-err><![CDATA[Starting ChromeDriver 108.0.5359.71 (1e0e3868ee06e91ad636a874420e3ca3ae3756ac-refs/branch-heads/5359@{#1016}) on port 48346
Only local connections are allowed.
Please see https://chromedriver.chromium.org/security-considerations for suggestions on keeping ChromeDriver safe.
ChromeDriver was started successfully.
[1680691178.912][WARNING]: This version of ChromeDriver has not been tested with Chrome version 109.
]]></system-err>
  </testcase>
  <testcase name="runScenario[&quot;IC006 to IC0036&quot;, &quot;InReturn Cashletters scenario check&quot;](46)" classname="TestRunner.TestNGTestRunner" time="4.087">
    <system-out><![CDATA[
Scenario Outline: IC006 to IC0036                       # src/test/resources/features/InReturnCashlettrs.feature:96
  Given user is on application home page                # StepDefinations.IncomingStepDef.user_is_on_application_home_page()
  When user click on InreturnCashletters                # StepDefinations.InreturnCAshlettrsStepDef.user_click_on_inreturncashletters()
  When user enter startdate as 10 23 2008               # StepDefinations.InreturnCAshlettrsStepDef.user_enter_startdate_as(java.lang.String)
  And user click on Cashlettrs                          # StepDefinations.InreturnCAshlettrsStepDef.user_click_on_cashlettrs()
  Then verify auto generated date formate as 2008-10-23 # StepDefinations.InreturnCAshlettrsStepDef.verify_auto_generated_date_formate_as(java.lang.String)
  And user log out of application                       # StepDefinations.logincheck.user_log_out_of_application()
]]></system-out>
    <system-err><![CDATA[Starting ChromeDriver 108.0.5359.71 (1e0e3868ee06e91ad636a874420e3ca3ae3756ac-refs/branch-heads/5359@{#1016}) on port 33236
Only local connections are allowed.
Please see https://chromedriver.chromium.org/security-considerations for suggestions on keeping ChromeDriver safe.
ChromeDriver was started successfully.
[1680691183.070][WARNING]: This version of ChromeDriver has not been tested with Chrome version 109.
]]></system-err>
  </testcase>
  <testcase name="runScenario[&quot;IC006 to IC0036&quot;, &quot;InReturn Cashletters scenario check&quot;](47)" classname="TestRunner.TestNGTestRunner" time="4.491">
    <system-out><![CDATA[
Scenario Outline: IC006 to IC0036                       # src/test/resources/features/InReturnCashlettrs.feature:97
  Given user is on application home page                # StepDefinations.IncomingStepDef.user_is_on_application_home_page()
  When user click on InreturnCashletters                # StepDefinations.InreturnCAshlettrsStepDef.user_click_on_inreturncashletters()
  When user enter startdate as 10 23 08                 # StepDefinations.InreturnCAshlettrsStepDef.user_enter_startdate_as(java.lang.String)
  And user click on Cashlettrs                          # StepDefinations.InreturnCAshlettrsStepDef.user_click_on_cashlettrs()
  Then verify auto generated date formate as 2008-10-23 # StepDefinations.InreturnCAshlettrsStepDef.verify_auto_generated_date_formate_as(java.lang.String)
  And user log out of application                       # StepDefinations.logincheck.user_log_out_of_application()
]]></system-out>
    <system-err><![CDATA[Starting ChromeDriver 108.0.5359.71 (1e0e3868ee06e91ad636a874420e3ca3ae3756ac-refs/branch-heads/5359@{#1016}) on port 16934
Only local connections are allowed.
Please see https://chromedriver.chromium.org/security-considerations for suggestions on keeping ChromeDriver safe.
ChromeDriver was started successfully.
[1680691187.115][WARNING]: This version of ChromeDriver has not been tested with Chrome version 109.
]]></system-err>
  </testcase>
  <testcase name="runScenario[&quot;IC006 to IC0036&quot;, &quot;InReturn Cashletters scenario check&quot;](48)" classname="TestRunner.TestNGTestRunner" time="4.193">
    <system-out><![CDATA[
Scenario Outline: IC006 to IC0036                       # src/test/resources/features/InReturnCashlettrs.feature:98
  Given user is on application home page                # StepDefinations.IncomingStepDef.user_is_on_application_home_page()
  When user click on InreturnCashletters                # StepDefinations.InreturnCAshlettrsStepDef.user_click_on_inreturncashletters()
  When user enter startdate as 10-23-2008               # StepDefinations.InreturnCAshlettrsStepDef.user_enter_startdate_as(java.lang.String)
  And user click on Cashlettrs                          # StepDefinations.InreturnCAshlettrsStepDef.user_click_on_cashlettrs()
  Then verify auto generated date formate as 2008-10-23 # StepDefinations.InreturnCAshlettrsStepDef.verify_auto_generated_date_formate_as(java.lang.String)
  And user log out of application                       # StepDefinations.logincheck.user_log_out_of_application()
]]></system-out>
    <system-err><![CDATA[Starting ChromeDriver 108.0.5359.71 (1e0e3868ee06e91ad636a874420e3ca3ae3756ac-refs/branch-heads/5359@{#1016}) on port 18146
Only local connections are allowed.
Please see https://chromedriver.chromium.org/security-considerations for suggestions on keeping ChromeDriver safe.
ChromeDriver was started successfully.
[1680691191.656][WARNING]: This version of ChromeDriver has not been tested with Chrome version 109.
]]></system-err>
  </testcase>
  <testcase name="runScenario[&quot;IC006 to IC0036&quot;, &quot;InReturn Cashletters scenario check&quot;](49)" classname="TestRunner.TestNGTestRunner" time="4.562">
    <system-out><![CDATA[
Scenario Outline: IC006 to IC0036                       # src/test/resources/features/InReturnCashlettrs.feature:99
  Given user is on application home page                # StepDefinations.IncomingStepDef.user_is_on_application_home_page()
  When user click on InreturnCashletters                # StepDefinations.InreturnCAshlettrsStepDef.user_click_on_inreturncashletters()
  When user enter startdate as 10/23/2008               # StepDefinations.InreturnCAshlettrsStepDef.user_enter_startdate_as(java.lang.String)
  And user click on Cashlettrs                          # StepDefinations.InreturnCAshlettrsStepDef.user_click_on_cashlettrs()
  Then verify auto generated date formate as 2008-10-23 # StepDefinations.InreturnCAshlettrsStepDef.verify_auto_generated_date_formate_as(java.lang.String)
  And user log out of application                       # StepDefinations.logincheck.user_log_out_of_application()
]]></system-out>
    <system-err><![CDATA[Starting ChromeDriver 108.0.5359.71 (1e0e3868ee06e91ad636a874420e3ca3ae3756ac-refs/branch-heads/5359@{#1016}) on port 17879
Only local connections are allowed.
Please see https://chromedriver.chromium.org/security-considerations for suggestions on keeping ChromeDriver safe.
ChromeDriver was started successfully.
[1680691196.078][WARNING]: This version of ChromeDriver has not been tested with Chrome version 109.
]]></system-err>
  </testcase>
  <testcase name="runScenario[&quot;IC006 to IC0036&quot;, &quot;InReturn Cashletters scenario check&quot;](50)" classname="TestRunner.TestNGTestRunner" time="4.666">
    <system-out><![CDATA[
Scenario Outline: IC006 to IC0036                       # src/test/resources/features/InReturnCashlettrs.feature:100
  Given user is on application home page                # StepDefinations.IncomingStepDef.user_is_on_application_home_page()
  When user click on InreturnCashletters                # StepDefinations.InreturnCAshlettrsStepDef.user_click_on_inreturncashletters()
  When user enter startdate as 10.23.2008               # StepDefinations.InreturnCAshlettrsStepDef.user_enter_startdate_as(java.lang.String)
  And user click on Cashlettrs                          # StepDefinations.InreturnCAshlettrsStepDef.user_click_on_cashlettrs()
  Then verify auto generated date formate as 2008-10-23 # StepDefinations.InreturnCAshlettrsStepDef.verify_auto_generated_date_formate_as(java.lang.String)
  And user log out of application                       # StepDefinations.logincheck.user_log_out_of_application()
]]></system-out>
    <system-err><![CDATA[Starting ChromeDriver 108.0.5359.71 (1e0e3868ee06e91ad636a874420e3ca3ae3756ac-refs/branch-heads/5359@{#1016}) on port 26291
Only local connections are allowed.
Please see https://chromedriver.chromium.org/security-considerations for suggestions on keeping ChromeDriver safe.
ChromeDriver was started successfully.
[1680691200.635][WARNING]: This version of ChromeDriver has not been tested with Chrome version 109.
]]></system-err>
  </testcase>
  <testcase name="runScenario[&quot;IC006 to IC0036&quot;, &quot;InReturn Cashletters scenario check&quot;](51)" classname="TestRunner.TestNGTestRunner" time="4.565">
    <system-out><![CDATA[
Scenario Outline: IC006 to IC0036                       # src/test/resources/features/InReturnCashlettrs.feature:101
  Given user is on application home page                # StepDefinations.IncomingStepDef.user_is_on_application_home_page()
  When user click on InreturnCashletters                # StepDefinations.InreturnCAshlettrsStepDef.user_click_on_inreturncashletters()
  When user enter startdate as 10.23.2008               # StepDefinations.InreturnCAshlettrsStepDef.user_enter_startdate_as(java.lang.String)
  And user click on Cashlettrs                          # StepDefinations.InreturnCAshlettrsStepDef.user_click_on_cashlettrs()
  Then verify auto generated date formate as 2008-10-23 # StepDefinations.InreturnCAshlettrsStepDef.verify_auto_generated_date_formate_as(java.lang.String)
  And user log out of application                       # StepDefinations.logincheck.user_log_out_of_application()
]]></system-out>
    <system-err><![CDATA[Starting ChromeDriver 108.0.5359.71 (1e0e3868ee06e91ad636a874420e3ca3ae3756ac-refs/branch-heads/5359@{#1016}) on port 29673
Only local connections are allowed.
Please see https://chromedriver.chromium.org/security-considerations for suggestions on keeping ChromeDriver safe.
ChromeDriver was started successfully.
[1680691204.996][WARNING]: This version of ChromeDriver has not been tested with Chrome version 109.
]]></system-err>
  </testcase>
  <testcase name="runScenario[&quot;IC006 to IC0036&quot;, &quot;InReturn Cashletters scenario check&quot;](52)" classname="TestRunner.TestNGTestRunner" time="5.267">
    <system-out><![CDATA[
Scenario Outline: IC006 to IC0036                       # src/test/resources/features/InReturnCashlettrs.feature:102
  Given user is on application home page                # StepDefinations.IncomingStepDef.user_is_on_application_home_page()
  When user click on InreturnCashletters                # StepDefinations.InreturnCAshlettrsStepDef.user_click_on_inreturncashletters()
  When user enter startdate as 10 23 2008               # StepDefinations.InreturnCAshlettrsStepDef.user_enter_startdate_as(java.lang.String)
  And user click on Cashlettrs                          # StepDefinations.InreturnCAshlettrsStepDef.user_click_on_cashlettrs()
  Then verify auto generated date formate as 2008-10-23 # StepDefinations.InreturnCAshlettrsStepDef.verify_auto_generated_date_formate_as(java.lang.String)
  And user log out of application                       # StepDefinations.logincheck.user_log_out_of_application()
]]></system-out>
    <system-err><![CDATA[Starting ChromeDriver 108.0.5359.71 (1e0e3868ee06e91ad636a874420e3ca3ae3756ac-refs/branch-heads/5359@{#1016}) on port 27287
Only local connections are allowed.
Please see https://chromedriver.chromium.org/security-considerations for suggestions on keeping ChromeDriver safe.
ChromeDriver was started successfully.
[1680691209.546][WARNING]: This version of ChromeDriver has not been tested with Chrome version 109.
]]></system-err>
  </testcase>
  <testcase name="runScenario[&quot;IC006 to IC0036&quot;, &quot;InReturn Cashletters scenario check&quot;](53)" classname="TestRunner.TestNGTestRunner" time="3.977">
    <system-out><![CDATA[
Scenario Outline: IC006 to IC0036                       # src/test/resources/features/InReturnCashlettrs.feature:103
  Given user is on application home page                # StepDefinations.IncomingStepDef.user_is_on_application_home_page()
  When user click on InreturnCashletters                # StepDefinations.InreturnCAshlettrsStepDef.user_click_on_inreturncashletters()
  When user enter startdate as 10.23.08                 # StepDefinations.InreturnCAshlettrsStepDef.user_enter_startdate_as(java.lang.String)
  And user click on Cashlettrs                          # StepDefinations.InreturnCAshlettrsStepDef.user_click_on_cashlettrs()
  Then verify auto generated date formate as 2008-10-23 # StepDefinations.InreturnCAshlettrsStepDef.verify_auto_generated_date_formate_as(java.lang.String)
  And user log out of application                       # StepDefinations.logincheck.user_log_out_of_application()
]]></system-out>
    <system-err><![CDATA[Starting ChromeDriver 108.0.5359.71 (1e0e3868ee06e91ad636a874420e3ca3ae3756ac-refs/branch-heads/5359@{#1016}) on port 18616
Only local connections are allowed.
Please see https://chromedriver.chromium.org/security-considerations for suggestions on keeping ChromeDriver safe.
ChromeDriver was started successfully.
[1680691214.662][WARNING]: This version of ChromeDriver has not been tested with Chrome version 109.
]]></system-err>
  </testcase>
  <testcase name="runScenario[&quot;IC006 to IC0036&quot;, &quot;InReturn Cashletters scenario check&quot;](54)" classname="TestRunner.TestNGTestRunner" time="3.984">
    <system-out><![CDATA[
Scenario Outline: IC006 to IC0036                       # src/test/resources/features/InReturnCashlettrs.feature:104
  Given user is on application home page                # StepDefinations.IncomingStepDef.user_is_on_application_home_page()
  When user click on InreturnCashletters                # StepDefinations.InreturnCAshlettrsStepDef.user_click_on_inreturncashletters()
  When user enter startdate as Oct 23 08                # StepDefinations.InreturnCAshlettrsStepDef.user_enter_startdate_as(java.lang.String)
  And user click on Cashlettrs                          # StepDefinations.InreturnCAshlettrsStepDef.user_click_on_cashlettrs()
  Then verify auto generated date formate as 2008-10-23 # StepDefinations.InreturnCAshlettrsStepDef.verify_auto_generated_date_formate_as(java.lang.String)
  And user log out of application                       # StepDefinations.logincheck.user_log_out_of_application()
]]></system-out>
    <system-err><![CDATA[Starting ChromeDriver 108.0.5359.71 (1e0e3868ee06e91ad636a874420e3ca3ae3756ac-refs/branch-heads/5359@{#1016}) on port 48208
Only local connections are allowed.
Please see https://chromedriver.chromium.org/security-considerations for suggestions on keeping ChromeDriver safe.
ChromeDriver was started successfully.
[1680691218.591][WARNING]: This version of ChromeDriver has not been tested with Chrome version 109.
]]></system-err>
  </testcase>
  <testcase name="runScenario[&quot;IC006 to IC0036&quot;, &quot;InReturn Cashletters scenario check&quot;](55)" classname="TestRunner.TestNGTestRunner" time="3.94">
    <system-out><![CDATA[
Scenario Outline: IC006 to IC0036                       # src/test/resources/features/InReturnCashlettrs.feature:105
  Given user is on application home page                # StepDefinations.IncomingStepDef.user_is_on_application_home_page()
  When user click on InreturnCashletters                # StepDefinations.InreturnCAshlettrsStepDef.user_click_on_inreturncashletters()
  When user enter startdate as Oct 23 08                # StepDefinations.InreturnCAshlettrsStepDef.user_enter_startdate_as(java.lang.String)
  And user click on Cashlettrs                          # StepDefinations.InreturnCAshlettrsStepDef.user_click_on_cashlettrs()
  Then verify auto generated date formate as 2008-10-23 # StepDefinations.InreturnCAshlettrsStepDef.verify_auto_generated_date_formate_as(java.lang.String)
  And user log out of application                       # StepDefinations.logincheck.user_log_out_of_application()
]]></system-out>
    <system-err><![CDATA[Starting ChromeDriver 108.0.5359.71 (1e0e3868ee06e91ad636a874420e3ca3ae3756ac-refs/branch-heads/5359@{#1016}) on port 40723
Only local connections are allowed.
Please see https://chromedriver.chromium.org/security-considerations for suggestions on keeping ChromeDriver safe.
ChromeDriver was started successfully.
[1680691222.826][WARNING]: This version of ChromeDriver has not been tested with Chrome version 109.
]]></system-err>
  </testcase>
  <testcase name="runScenario[&quot;IC006 to IC0036&quot;, &quot;InReturn Cashletters scenario check&quot;](56)" classname="TestRunner.TestNGTestRunner" time="4.158">
    <system-out><![CDATA[
Scenario Outline: IC006 to IC0036                       # src/test/resources/features/InReturnCashlettrs.feature:106
  Given user is on application home page                # StepDefinations.IncomingStepDef.user_is_on_application_home_page()
  When user click on InreturnCashletters                # StepDefinations.InreturnCAshlettrsStepDef.user_click_on_inreturncashletters()
  When user enter startdate as 10 23 2008               # StepDefinations.InreturnCAshlettrsStepDef.user_enter_startdate_as(java.lang.String)
  And user click on Cashlettrs                          # StepDefinations.InreturnCAshlettrsStepDef.user_click_on_cashlettrs()
  Then verify auto generated date formate as 2008-10-23 # StepDefinations.InreturnCAshlettrsStepDef.verify_auto_generated_date_formate_as(java.lang.String)
  And user log out of application                       # StepDefinations.logincheck.user_log_out_of_application()
]]></system-out>
    <system-err><![CDATA[Starting ChromeDriver 108.0.5359.71 (1e0e3868ee06e91ad636a874420e3ca3ae3756ac-refs/branch-heads/5359@{#1016}) on port 13384
Only local connections are allowed.
Please see https://chromedriver.chromium.org/security-considerations for suggestions on keeping ChromeDriver safe.
ChromeDriver was started successfully.
[1680691226.741][WARNING]: This version of ChromeDriver has not been tested with Chrome version 109.
]]></system-err>
  </testcase>
  <testcase name="runScenario[&quot;IC006 to IC0036&quot;, &quot;InReturn Cashletters scenario check&quot;](57)" classname="TestRunner.TestNGTestRunner" time="4.921">
    <system-out><![CDATA[
Scenario Outline: IC006 to IC0036                       # src/test/resources/features/InReturnCashlettrs.feature:107
  Given user is on application home page                # StepDefinations.IncomingStepDef.user_is_on_application_home_page()
  When user click on InreturnCashletters                # StepDefinations.InreturnCAshlettrsStepDef.user_click_on_inreturncashletters()
  When user enter startdate as 10 23 08                 # StepDefinations.InreturnCAshlettrsStepDef.user_enter_startdate_as(java.lang.String)
  And user click on Cashlettrs                          # StepDefinations.InreturnCAshlettrsStepDef.user_click_on_cashlettrs()
  Then verify auto generated date formate as 2008-10-23 # StepDefinations.InreturnCAshlettrsStepDef.verify_auto_generated_date_formate_as(java.lang.String)
  And user log out of application                       # StepDefinations.logincheck.user_log_out_of_application()
]]></system-out>
    <system-err><![CDATA[Starting ChromeDriver 108.0.5359.71 (1e0e3868ee06e91ad636a874420e3ca3ae3756ac-refs/branch-heads/5359@{#1016}) on port 47488
Only local connections are allowed.
Please see https://chromedriver.chromium.org/security-considerations for suggestions on keeping ChromeDriver safe.
ChromeDriver was started successfully.
[1680691231.311][WARNING]: This version of ChromeDriver has not been tested with Chrome version 109.
]]></system-err>
  </testcase>
  <testcase name="runScenario[&quot;IC006 to IC0036&quot;, &quot;InReturn Cashletters scenario check&quot;](58)" classname="TestRunner.TestNGTestRunner" time="4.014">
    <system-out><![CDATA[
Scenario Outline: IC006 to IC0036                       # src/test/resources/features/InReturnCashlettrs.feature:108
  Given user is on application home page                # StepDefinations.IncomingStepDef.user_is_on_application_home_page()
  When user click on InreturnCashletters                # StepDefinations.InreturnCAshlettrsStepDef.user_click_on_inreturncashletters()
  When user enter startdate as 10-23-2008               # StepDefinations.InreturnCAshlettrsStepDef.user_enter_startdate_as(java.lang.String)
  And user click on Cashlettrs                          # StepDefinations.InreturnCAshlettrsStepDef.user_click_on_cashlettrs()
  Then verify auto generated date formate as 2008-10-23 # StepDefinations.InreturnCAshlettrsStepDef.verify_auto_generated_date_formate_as(java.lang.String)
  And user log out of application                       # StepDefinations.logincheck.user_log_out_of_application()
]]></system-out>
    <system-err><![CDATA[Starting ChromeDriver 108.0.5359.71 (1e0e3868ee06e91ad636a874420e3ca3ae3756ac-refs/branch-heads/5359@{#1016}) on port 8128
Only local connections are allowed.
Please see https://chromedriver.chromium.org/security-considerations for suggestions on keeping ChromeDriver safe.
ChromeDriver was started successfully.
[1680691235.892][WARNING]: This version of ChromeDriver has not been tested with Chrome version 109.
]]></system-err>
  </testcase>
  <testcase name="runScenario[&quot;INC001&quot;, &quot;Incoming scenario check&quot;](59)" classname="TestRunner.TestNGTestRunner" time="4.613">
    <system-out><![CDATA[
Scenario: INC001                                                                  # src/test/resources/features/Incoming.feature:7
  Given user is on application home page                                          # StepDefinations.IncomingStepDef.user_is_on_application_home_page()
  When user click on incoming field                                               # StepDefinations.IncomingStepDef.user_click_on_incomming_field()
  And user click on searchAll button                                              # StepDefinations.IncomingStepDef.user_click_on_searchall_button()
  Then verify popup alert message as "Process Date is required for all searches." # StepDefinations.IncomingStepDef.verify_popup_alert_message_as_something(java.lang.String)
  And user log out of application                                                 # StepDefinations.logincheck.user_log_out_of_application()
]]></system-out>
    <system-err><![CDATA[Starting ChromeDriver 108.0.5359.71 (1e0e3868ee06e91ad636a874420e3ca3ae3756ac-refs/branch-heads/5359@{#1016}) on port 10827
Only local connections are allowed.
Please see https://chromedriver.chromium.org/security-considerations for suggestions on keeping ChromeDriver safe.
ChromeDriver was started successfully.
[1680691239.789][WARNING]: This version of ChromeDriver has not been tested with Chrome version 109.
]]></system-err>
  </testcase>
  <testcase name="runScenario[&quot;INC002&quot;, &quot;Incoming scenario check&quot;](60)" classname="TestRunner.TestNGTestRunner" time="4.962">
    <system-out><![CDATA[
Scenario: INC002                                # src/test/resources/features/Incoming.feature:12
  Given user is on application home page        # StepDefinations.IncomingStepDef.user_is_on_application_home_page()
  When user click on incoming field             # StepDefinations.IncomingStepDef.user_click_on_incomming_field()
  And user enter process date                   # StepDefinations.IncomingStepDef.user_enter_process_date()
  And user enetr Account number details         # StepDefinations.IncomingStepDef.user_enetr_account_number_details()
  And user enetrs Ammount details               # StepDefinations.IncomingStepDef.user_enetrs_ammount_details()
  And user click on searchAll button            # StepDefinations.IncomingStepDef.user_click_on_searchall_button()
  Then verify "56" items are displyed on screen # StepDefinations.IncomingStepDef.verify_something_items_are_displyed_on_screen(java.lang.String)
  And user log out of application               # StepDefinations.logincheck.user_log_out_of_application()
]]></system-out>
    <system-err><![CDATA[Starting ChromeDriver 108.0.5359.71 (1e0e3868ee06e91ad636a874420e3ca3ae3756ac-refs/branch-heads/5359@{#1016}) on port 42598
Only local connections are allowed.
Please see https://chromedriver.chromium.org/security-considerations for suggestions on keeping ChromeDriver safe.
ChromeDriver was started successfully.
[1680691244.529][WARNING]: This version of ChromeDriver has not been tested with Chrome version 109.
]]></system-err>
  </testcase>
  <testcase name="runScenario[&quot;INC003&quot;, &quot;Incoming scenario check&quot;](61)" classname="TestRunner.TestNGTestRunner" time="5.762">
    <system-out><![CDATA[
Scenario: INC003                                 # src/test/resources/features/Incoming.feature:20
  Given user is on application home page         # StepDefinations.IncomingStepDef.user_is_on_application_home_page()
  When user click on incoming field              # StepDefinations.IncomingStepDef.user_click_on_incomming_field()
  And user enter process date                    # StepDefinations.IncomingStepDef.user_enter_process_date()
  And user enter Differance Amount details       # StepDefinations.IncomingStepDef.user_enter_differance_amount_details()
  And user click on searchAll button             # StepDefinations.IncomingStepDef.user_click_on_searchall_button()
  Then verify "100" items are displyed on screen # StepDefinations.IncomingStepDef.verify_something_items_are_displyed_on_screen(java.lang.String)
  And user log out of application                # StepDefinations.logincheck.user_log_out_of_application()
]]></system-out>
    <system-err><![CDATA[Starting ChromeDriver 108.0.5359.71 (1e0e3868ee06e91ad636a874420e3ca3ae3756ac-refs/branch-heads/5359@{#1016}) on port 45152
Only local connections are allowed.
Please see https://chromedriver.chromium.org/security-considerations for suggestions on keeping ChromeDriver safe.
ChromeDriver was started successfully.
[1680691249.324][WARNING]: This version of ChromeDriver has not been tested with Chrome version 109.
]]></system-err>
  </testcase>
  <testcase name="runScenario[&quot;INC004&quot;, &quot;Incoming scenario check&quot;](62)" classname="TestRunner.TestNGTestRunner" time="4.636">
    <system-out><![CDATA[
Scenario: INC004                                # src/test/resources/features/Incoming.feature:27
  Given user is on application home page        # StepDefinations.IncomingStepDef.user_is_on_application_home_page()
  When user click on incoming field             # StepDefinations.IncomingStepDef.user_click_on_incomming_field()
  And user enter process date                   # StepDefinations.IncomingStepDef.user_enter_process_date()
  And user enter sequence number details        # StepDefinations.IncomingStepDef.user_enter_sequence_number_details()
  And user click on searchAll button            # StepDefinations.IncomingStepDef.user_click_on_searchall_button()
  Then verify "72" items are displyed on screen # StepDefinations.IncomingStepDef.verify_something_items_are_displyed_on_screen(java.lang.String)
  And user log out of application               # StepDefinations.logincheck.user_log_out_of_application()
]]></system-out>
    <system-err><![CDATA[Starting ChromeDriver 108.0.5359.71 (1e0e3868ee06e91ad636a874420e3ca3ae3756ac-refs/branch-heads/5359@{#1016}) on port 8389
Only local connections are allowed.
Please see https://chromedriver.chromium.org/security-considerations for suggestions on keeping ChromeDriver safe.
ChromeDriver was started successfully.
[1680691255.280][WARNING]: This version of ChromeDriver has not been tested with Chrome version 109.
]]></system-err>
  </testcase>
  <testcase name="runScenario[&quot;INC005&quot;, &quot;Incoming scenario check&quot;](63)" classname="TestRunner.TestNGTestRunner" time="5.272">
    <system-out><![CDATA[
Scenario: INC005                                # src/test/resources/features/Incoming.feature:34
  Given user is on application home page        # StepDefinations.IncomingStepDef.user_is_on_application_home_page()
  When user click on incoming field             # StepDefinations.IncomingStepDef.user_click_on_incomming_field()
  And user enter process date                   # StepDefinations.IncomingStepDef.user_enter_process_date()
  And user enter checkno details                # StepDefinations.IncomingStepDef.user_enter_checkno_details()
  And user click on searchAll button            # StepDefinations.IncomingStepDef.user_click_on_searchall_button()
  Then verify "26" items are displyed on screen # StepDefinations.IncomingStepDef.verify_something_items_are_displyed_on_screen(java.lang.String)
  And user log out of application               # StepDefinations.logincheck.user_log_out_of_application()
]]></system-out>
    <system-err><![CDATA[Starting ChromeDriver 108.0.5359.71 (1e0e3868ee06e91ad636a874420e3ca3ae3756ac-refs/branch-heads/5359@{#1016}) on port 27674
Only local connections are allowed.
Please see https://chromedriver.chromium.org/security-considerations for suggestions on keeping ChromeDriver safe.
ChromeDriver was started successfully.
[1680691260.538][WARNING]: This version of ChromeDriver has not been tested with Chrome version 109.
]]></system-err>
  </testcase>
  <testcase name="runScenario[&quot;INC007&quot;, &quot;Incoming scenario check&quot;](64)" classname="TestRunner.TestNGTestRunner" time="8.291">
    <system-out><![CDATA[
Scenario: INC007                                                  # src/test/resources/features/Incoming.feature:41
  Given user is on application home page                          # StepDefinations.IncomingStepDef.user_is_on_application_home_page()
  When user click on incoming field                               # StepDefinations.IncomingStepDef.user_click_on_incomming_field()
  And user enter process date                                     # StepDefinations.IncomingStepDef.user_enter_process_date()
  And user enter routinetransite no from "20742294" to "20742302" # StepDefinations.IncomingStepDef.user_enter_routinetransite_no_from_something_to_something(java.lang.String,java.lang.String)
range
  And verify operator field changes to "range"                    # StepDefinations.IncomingStepDef.verify_operator_field_changes_to_something(java.lang.String)
  And user click on searchAll button                              # StepDefinations.IncomingStepDef.user_click_on_searchall_button()
  Then verify "30" items are displyed on screen                   # StepDefinations.IncomingStepDef.verify_something_items_are_displyed_on_screen(java.lang.String)
  And user log out of application                                 # StepDefinations.logincheck.user_log_out_of_application()
]]></system-out>
    <system-err><![CDATA[Starting ChromeDriver 108.0.5359.71 (1e0e3868ee06e91ad636a874420e3ca3ae3756ac-refs/branch-heads/5359@{#1016}) on port 47466
Only local connections are allowed.
Please see https://chromedriver.chromium.org/security-considerations for suggestions on keeping ChromeDriver safe.
ChromeDriver was started successfully.
[1680691264.947][WARNING]: This version of ChromeDriver has not been tested with Chrome version 109.
]]></system-err>
  </testcase>
  <testcase name="runScenario[&quot;OC001&quot;, &quot;Outbond return Cashletters&quot;](65)" classname="TestRunner.TestNGTestRunner" time="4.036">
    <system-out><![CDATA[
Scenario: OC001                                                                   # src/test/resources/features/OutbondreturnCasletters.feature:7
  Given user is on application home page                                          # StepDefinations.IncomingStepDef.user_is_on_application_home_page()
  When user click on Outbond return Cashletters                                   # StepDefinations.OutbondreturnCashlettersStep.user_click_on_outbond_return_cashletters()
  And user click on searchAll button                                              # StepDefinations.IncomingStepDef.user_click_on_searchall_button()
  Then verify popup alert message as "Process Date is required for all searches." # StepDefinations.IncomingStepDef.verify_popup_alert_message_as_something(java.lang.String)
  And user log out of application                                                 # StepDefinations.logincheck.user_log_out_of_application()
]]></system-out>
    <system-err><![CDATA[Starting ChromeDriver 108.0.5359.71 (1e0e3868ee06e91ad636a874420e3ca3ae3756ac-refs/branch-heads/5359@{#1016}) on port 36274
Only local connections are allowed.
Please see https://chromedriver.chromium.org/security-considerations for suggestions on keeping ChromeDriver safe.
ChromeDriver was started successfully.
[1680691273.426][WARNING]: This version of ChromeDriver has not been tested with Chrome version 109.
]]></system-err>
  </testcase>
  <testcase name="runScenario[&quot;OC002&quot;, &quot;Outbond return Cashletters&quot;](66)" classname="TestRunner.TestNGTestRunner" time="4.222">
    <system-out><![CDATA[
Scenario: OC002                                 # src/test/resources/features/OutbondreturnCasletters.feature:12
  Given user is on application home page        # StepDefinations.IncomingStepDef.user_is_on_application_home_page()
  When user click on Outbond return Cashletters # StepDefinations.OutbondreturnCashlettersStep.user_click_on_outbond_return_cashletters()
  And user enter max result details as " "      # StepDefinations.InreturnCAshlettrsStepDef.user_enter_max_result_details_as_something(java.lang.String)
  And user enter process startdate as "022306"  # StepDefinations.InreturnCAshlettrsStepDef.user_enter_process_startdate_as_something(java.lang.String)
  And user click on Cashlettrs                  # StepDefinations.InreturnCAshlettrsStepDef.user_click_on_cashlettrs()
  Then verify "2" items are displyed on screen  # StepDefinations.IncomingStepDef.verify_something_items_are_displyed_on_screen(java.lang.String)
  And user log out of application               # StepDefinations.logincheck.user_log_out_of_application()
]]></system-out>
    <system-err><![CDATA[Starting ChromeDriver 108.0.5359.71 (1e0e3868ee06e91ad636a874420e3ca3ae3756ac-refs/branch-heads/5359@{#1016}) on port 28350
Only local connections are allowed.
Please see https://chromedriver.chromium.org/security-considerations for suggestions on keeping ChromeDriver safe.
ChromeDriver was started successfully.
[1680691277.495][WARNING]: This version of ChromeDriver has not been tested with Chrome version 109.
]]></system-err>
  </testcase>
  <testcase name="runScenario[&quot;OC003&quot;, &quot;Outbond return Cashletters&quot;](67)" classname="TestRunner.TestNGTestRunner" time="4.313">
    <system-out><![CDATA[
Scenario: OC003                                 # src/test/resources/features/OutbondreturnCasletters.feature:19
  Given user is on application home page        # StepDefinations.IncomingStepDef.user_is_on_application_home_page()
  When user click on Outbond return Cashletters # StepDefinations.OutbondreturnCashlettersStep.user_click_on_outbond_return_cashletters()
  And user enter max result details as "10"     # StepDefinations.InreturnCAshlettrsStepDef.user_enter_max_result_details_as_something(java.lang.String)
  And user enter process startdate as "022306"  # StepDefinations.InreturnCAshlettrsStepDef.user_enter_process_startdate_as_something(java.lang.String)
  And user click on Cashlettrs                  # StepDefinations.InreturnCAshlettrsStepDef.user_click_on_cashlettrs()
  Then verify "2" items are displyed on screen  # StepDefinations.IncomingStepDef.verify_something_items_are_displyed_on_screen(java.lang.String)
  And user log out of application               # StepDefinations.logincheck.user_log_out_of_application()
]]></system-out>
    <system-err><![CDATA[Starting ChromeDriver 108.0.5359.71 (1e0e3868ee06e91ad636a874420e3ca3ae3756ac-refs/branch-heads/5359@{#1016}) on port 18823
Only local connections are allowed.
Please see https://chromedriver.chromium.org/security-considerations for suggestions on keeping ChromeDriver safe.
ChromeDriver was started successfully.
[1680691281.856][WARNING]: This version of ChromeDriver has not been tested with Chrome version 109.
]]></system-err>
  </testcase>
  <testcase name="runScenario[&quot;OC004&quot;, &quot;Outbond return Cashletters&quot;](68)" classname="TestRunner.TestNGTestRunner" time="4.142">
    <system-out><![CDATA[
Scenario: OC004                                 # src/test/resources/features/OutbondreturnCasletters.feature:26
  Given user is on application home page        # StepDefinations.IncomingStepDef.user_is_on_application_home_page()
  When user click on Outbond return Cashletters # StepDefinations.OutbondreturnCashlettersStep.user_click_on_outbond_return_cashletters()
  And user enter max result details as "200"    # StepDefinations.InreturnCAshlettrsStepDef.user_enter_max_result_details_as_something(java.lang.String)
  And user enter process startdate as "022306"  # StepDefinations.InreturnCAshlettrsStepDef.user_enter_process_startdate_as_something(java.lang.String)
  And user click on Cashlettrs                  # StepDefinations.InreturnCAshlettrsStepDef.user_click_on_cashlettrs()
  Then verify "2" items are displyed on screen  # StepDefinations.IncomingStepDef.verify_something_items_are_displyed_on_screen(java.lang.String)
  And user log out of application               # StepDefinations.logincheck.user_log_out_of_application()
]]></system-out>
    <system-err><![CDATA[Starting ChromeDriver 108.0.5359.71 (1e0e3868ee06e91ad636a874420e3ca3ae3756ac-refs/branch-heads/5359@{#1016}) on port 24522
Only local connections are allowed.
Please see https://chromedriver.chromium.org/security-considerations for suggestions on keeping ChromeDriver safe.
ChromeDriver was started successfully.
[1680691285.909][WARNING]: This version of ChromeDriver has not been tested with Chrome version 109.
]]></system-err>
  </testcase>
  <testcase name="runScenario[&quot;OC005&quot;, &quot;Outbond return Cashletters&quot;](69)" classname="TestRunner.TestNGTestRunner" time="4.656">
    <system-out><![CDATA[
Scenario: OC005                                   # src/test/resources/features/OutbondreturnCasletters.feature:33
  Given user is on application home page          # StepDefinations.IncomingStepDef.user_is_on_application_home_page()
  When user click on Outbond return Cashletters   # StepDefinations.OutbondreturnCashlettersStep.user_click_on_outbond_return_cashletters()
  And user enter max result details as "200"      # StepDefinations.InreturnCAshlettrsStepDef.user_enter_max_result_details_as_something(java.lang.String)
  And user enter process startdate as "022306"    # StepDefinations.InreturnCAshlettrsStepDef.user_enter_process_startdate_as_something(java.lang.String)
  And user click on Cashlettrs                    # StepDefinations.InreturnCAshlettrsStepDef.user_click_on_cashlettrs()
  And user nevigate to back page                  # StepDefinations.InreturnCAshlettrsStepDef.user_nevigate_back_to_inreturn_cashletter_page()
  And user enter OB Amount as "1436696.06" and "" # StepDefinations.OutbondreturnCashlettersStep.user_enter_ob_amount_as_something_and_something(java.lang.String,java.lang.String)
  And user click on Cashlettrs                    # StepDefinations.InreturnCAshlettrsStepDef.user_click_on_cashlettrs()
  Then verify "1" items are displyed on screen    # StepDefinations.IncomingStepDef.verify_something_items_are_displyed_on_screen(java.lang.String)
  And user log out of application                 # StepDefinations.logincheck.user_log_out_of_application()
]]></system-out>
    <system-err><![CDATA[Starting ChromeDriver 108.0.5359.71 (1e0e3868ee06e91ad636a874420e3ca3ae3756ac-refs/branch-heads/5359@{#1016}) on port 44920
Only local connections are allowed.
Please see https://chromedriver.chromium.org/security-considerations for suggestions on keeping ChromeDriver safe.
ChromeDriver was started successfully.
[1680691290.118][WARNING]: This version of ChromeDriver has not been tested with Chrome version 109.
]]></system-err>
  </testcase>
  <testcase name="runScenario[&quot;OC006 to IC0036&quot;, &quot;Outbond return Cashletters&quot;](70)" classname="TestRunner.TestNGTestRunner" time="4.486">
    <system-out><![CDATA[
Scenario Outline: OC006 to IC0036                       # src/test/resources/features/OutbondreturnCasletters.feature:53
  Given user is on application home page                # StepDefinations.IncomingStepDef.user_is_on_application_home_page()
  When user click on Outbond return Cashletters         # StepDefinations.OutbondreturnCashlettersStep.user_click_on_outbond_return_cashletters()
  When user enter startdate as 2008-10-23               # StepDefinations.InreturnCAshlettrsStepDef.user_enter_startdate_as(java.lang.String)
  And user click on Cashlettrs                          # StepDefinations.InreturnCAshlettrsStepDef.user_click_on_cashlettrs()
  Then verify auto generated date formate as 2008-10-23 # StepDefinations.InreturnCAshlettrsStepDef.verify_auto_generated_date_formate_as(java.lang.String)
  And user log out of application                       # StepDefinations.logincheck.user_log_out_of_application()
]]></system-out>
    <system-err><![CDATA[Starting ChromeDriver 108.0.5359.71 (1e0e3868ee06e91ad636a874420e3ca3ae3756ac-refs/branch-heads/5359@{#1016}) on port 23861
Only local connections are allowed.
Please see https://chromedriver.chromium.org/security-considerations for suggestions on keeping ChromeDriver safe.
ChromeDriver was started successfully.
[1680691294.867][WARNING]: This version of ChromeDriver has not been tested with Chrome version 109.
]]></system-err>
  </testcase>
  <testcase name="runScenario[&quot;OC006 to IC0036&quot;, &quot;Outbond return Cashletters&quot;](71)" classname="TestRunner.TestNGTestRunner" time="4.263">
    <system-out><![CDATA[
Scenario Outline: OC006 to IC0036                       # src/test/resources/features/OutbondreturnCasletters.feature:54
  Given user is on application home page                # StepDefinations.IncomingStepDef.user_is_on_application_home_page()
  When user click on Outbond return Cashletters         # StepDefinations.OutbondreturnCashlettersStep.user_click_on_outbond_return_cashletters()
  When user enter startdate as 2008/10/23               # StepDefinations.InreturnCAshlettrsStepDef.user_enter_startdate_as(java.lang.String)
  And user click on Cashlettrs                          # StepDefinations.InreturnCAshlettrsStepDef.user_click_on_cashlettrs()
  Then verify auto generated date formate as 2008-10-23 # StepDefinations.InreturnCAshlettrsStepDef.verify_auto_generated_date_formate_as(java.lang.String)
  And user log out of application                       # StepDefinations.logincheck.user_log_out_of_application()
]]></system-out>
    <system-err><![CDATA[Starting ChromeDriver 108.0.5359.71 (1e0e3868ee06e91ad636a874420e3ca3ae3756ac-refs/branch-heads/5359@{#1016}) on port 37960
Only local connections are allowed.
Please see https://chromedriver.chromium.org/security-considerations for suggestions on keeping ChromeDriver safe.
ChromeDriver was started successfully.
[1680691299.397][WARNING]: This version of ChromeDriver has not been tested with Chrome version 109.
]]></system-err>
  </testcase>
  <testcase name="runScenario[&quot;OC006 to IC0036&quot;, &quot;Outbond return Cashletters&quot;](72)" classname="TestRunner.TestNGTestRunner" time="4.73">
    <system-out><![CDATA[
Scenario Outline: OC006 to IC0036                       # src/test/resources/features/OutbondreturnCasletters.feature:55
  Given user is on application home page                # StepDefinations.IncomingStepDef.user_is_on_application_home_page()
  When user click on Outbond return Cashletters         # StepDefinations.OutbondreturnCashlettersStep.user_click_on_outbond_return_cashletters()
  When user enter startdate as 2008.10.23               # StepDefinations.InreturnCAshlettrsStepDef.user_enter_startdate_as(java.lang.String)
  And user click on Cashlettrs                          # StepDefinations.InreturnCAshlettrsStepDef.user_click_on_cashlettrs()
  Then verify auto generated date formate as 2008-10-23 # StepDefinations.InreturnCAshlettrsStepDef.verify_auto_generated_date_formate_as(java.lang.String)
  And user log out of application                       # StepDefinations.logincheck.user_log_out_of_application()
]]></system-out>
    <system-err><![CDATA[Starting ChromeDriver 108.0.5359.71 (1e0e3868ee06e91ad636a874420e3ca3ae3756ac-refs/branch-heads/5359@{#1016}) on port 16024
Only local connections are allowed.
Please see https://chromedriver.chromium.org/security-considerations for suggestions on keeping ChromeDriver safe.
ChromeDriver was started successfully.
[1680691303.493][WARNING]: This version of ChromeDriver has not been tested with Chrome version 109.
]]></system-err>
  </testcase>
  <testcase name="runScenario[&quot;OC006 to IC0036&quot;, &quot;Outbond return Cashletters&quot;](73)" classname="TestRunner.TestNGTestRunner" time="4.842">
    <system-out><![CDATA[
Scenario Outline: OC006 to IC0036                       # src/test/resources/features/OutbondreturnCasletters.feature:56
  Given user is on application home page                # StepDefinations.IncomingStepDef.user_is_on_application_home_page()
  When user click on Outbond return Cashletters         # StepDefinations.OutbondreturnCashlettersStep.user_click_on_outbond_return_cashletters()
  When user enter startdate as 2008 10 23               # StepDefinations.InreturnCAshlettrsStepDef.user_enter_startdate_as(java.lang.String)
  And user click on Cashlettrs                          # StepDefinations.InreturnCAshlettrsStepDef.user_click_on_cashlettrs()
  Then verify auto generated date formate as 2008-10-23 # StepDefinations.InreturnCAshlettrsStepDef.verify_auto_generated_date_formate_as(java.lang.String)
  And user log out of application                       # StepDefinations.logincheck.user_log_out_of_application()
]]></system-out>
    <system-err><![CDATA[Starting ChromeDriver 108.0.5359.71 (1e0e3868ee06e91ad636a874420e3ca3ae3756ac-refs/branch-heads/5359@{#1016}) on port 27397
Only local connections are allowed.
Please see https://chromedriver.chromium.org/security-considerations for suggestions on keeping ChromeDriver safe.
ChromeDriver was started successfully.
[1680691308.147][WARNING]: This version of ChromeDriver has not been tested with Chrome version 109.
]]></system-err>
  </testcase>
  <testcase name="runScenario[&quot;OC006 to IC0036&quot;, &quot;Outbond return Cashletters&quot;](74)" classname="TestRunner.TestNGTestRunner" time="5.149">
    <system-out><![CDATA[
Scenario Outline: OC006 to IC0036                       # src/test/resources/features/OutbondreturnCasletters.feature:57
  Given user is on application home page                # StepDefinations.IncomingStepDef.user_is_on_application_home_page()
  When user click on Outbond return Cashletters         # StepDefinations.OutbondreturnCashlettersStep.user_click_on_outbond_return_cashletters()
  When user enter startdate as 2008 Oct 23              # StepDefinations.InreturnCAshlettrsStepDef.user_enter_startdate_as(java.lang.String)
  And user click on Cashlettrs                          # StepDefinations.InreturnCAshlettrsStepDef.user_click_on_cashlettrs()
  Then verify auto generated date formate as 2008-10-23 # StepDefinations.InreturnCAshlettrsStepDef.verify_auto_generated_date_formate_as(java.lang.String)
  And user log out of application                       # StepDefinations.logincheck.user_log_out_of_application()
]]></system-out>
    <system-err><![CDATA[Starting ChromeDriver 108.0.5359.71 (1e0e3868ee06e91ad636a874420e3ca3ae3756ac-refs/branch-heads/5359@{#1016}) on port 23082
Only local connections are allowed.
Please see https://chromedriver.chromium.org/security-considerations for suggestions on keeping ChromeDriver safe.
ChromeDriver was started successfully.
[1680691313.094][WARNING]: This version of ChromeDriver has not been tested with Chrome version 109.
]]></system-err>
  </testcase>
  <testcase name="runScenario[&quot;OC006 to IC0036&quot;, &quot;Outbond return Cashletters&quot;](75)" classname="TestRunner.TestNGTestRunner" time="4.319">
    <system-out><![CDATA[
Scenario Outline: OC006 to IC0036                       # src/test/resources/features/OutbondreturnCasletters.feature:58
  Given user is on application home page                # StepDefinations.IncomingStepDef.user_is_on_application_home_page()
  When user click on Outbond return Cashletters         # StepDefinations.OutbondreturnCashlettersStep.user_click_on_outbond_return_cashletters()
  When user enter startdate as 10-23-2008               # StepDefinations.InreturnCAshlettrsStepDef.user_enter_startdate_as(java.lang.String)
  And user click on Cashlettrs                          # StepDefinations.InreturnCAshlettrsStepDef.user_click_on_cashlettrs()
  Then verify auto generated date formate as 2008-10-23 # StepDefinations.InreturnCAshlettrsStepDef.verify_auto_generated_date_formate_as(java.lang.String)
  And user log out of application                       # StepDefinations.logincheck.user_log_out_of_application()
]]></system-out>
    <system-err><![CDATA[Starting ChromeDriver 108.0.5359.71 (1e0e3868ee06e91ad636a874420e3ca3ae3756ac-refs/branch-heads/5359@{#1016}) on port 24425
Only local connections are allowed.
Please see https://chromedriver.chromium.org/security-considerations for suggestions on keeping ChromeDriver safe.
ChromeDriver was started successfully.
[1680691318.401][WARNING]: This version of ChromeDriver has not been tested with Chrome version 109.
]]></system-err>
  </testcase>
  <testcase name="runScenario[&quot;OC006 to IC0036&quot;, &quot;Outbond return Cashletters&quot;](76)" classname="TestRunner.TestNGTestRunner" time="3.647">
    <system-out><![CDATA[
Scenario Outline: OC006 to IC0036                       # src/test/resources/features/OutbondreturnCasletters.feature:59
  Given user is on application home page                # StepDefinations.IncomingStepDef.user_is_on_application_home_page()
  When user click on Outbond return Cashletters         # StepDefinations.OutbondreturnCashlettersStep.user_click_on_outbond_return_cashletters()
  When user enter startdate as 10.23.2008               # StepDefinations.InreturnCAshlettrsStepDef.user_enter_startdate_as(java.lang.String)
  And user click on Cashlettrs                          # StepDefinations.InreturnCAshlettrsStepDef.user_click_on_cashlettrs()
  Then verify auto generated date formate as 2008-10-23 # StepDefinations.InreturnCAshlettrsStepDef.verify_auto_generated_date_formate_as(java.lang.String)
  And user log out of application                       # StepDefinations.logincheck.user_log_out_of_application()
]]></system-out>
    <system-err><![CDATA[Starting ChromeDriver 108.0.5359.71 (1e0e3868ee06e91ad636a874420e3ca3ae3756ac-refs/branch-heads/5359@{#1016}) on port 17239
Only local connections are allowed.
Please see https://chromedriver.chromium.org/security-considerations for suggestions on keeping ChromeDriver safe.
ChromeDriver was started successfully.
[1680691322.172][WARNING]: This version of ChromeDriver has not been tested with Chrome version 109.
]]></system-err>
  </testcase>
  <testcase name="runScenario[&quot;OC006 to IC0036&quot;, &quot;Outbond return Cashletters&quot;](77)" classname="TestRunner.TestNGTestRunner" time="5.398">
    <system-out><![CDATA[
Scenario Outline: OC006 to IC0036                       # src/test/resources/features/OutbondreturnCasletters.feature:60
  Given user is on application home page                # StepDefinations.IncomingStepDef.user_is_on_application_home_page()
  When user click on Outbond return Cashletters         # StepDefinations.OutbondreturnCashlettersStep.user_click_on_outbond_return_cashletters()
  When user enter startdate as 10 23 2008               # StepDefinations.InreturnCAshlettrsStepDef.user_enter_startdate_as(java.lang.String)
  And user click on Cashlettrs                          # StepDefinations.InreturnCAshlettrsStepDef.user_click_on_cashlettrs()
  Then verify auto generated date formate as 2008-10-23 # StepDefinations.InreturnCAshlettrsStepDef.verify_auto_generated_date_formate_as(java.lang.String)
  And user log out of application                       # StepDefinations.logincheck.user_log_out_of_application()
]]></system-out>
    <system-err><![CDATA[Starting ChromeDriver 108.0.5359.71 (1e0e3868ee06e91ad636a874420e3ca3ae3756ac-refs/branch-heads/5359@{#1016}) on port 38222
Only local connections are allowed.
Please see https://chromedriver.chromium.org/security-considerations for suggestions on keeping ChromeDriver safe.
ChromeDriver was started successfully.
[1680691326.244][WARNING]: This version of ChromeDriver has not been tested with Chrome version 109.
]]></system-err>
  </testcase>
  <testcase name="runScenario[&quot;OC006 to IC0036&quot;, &quot;Outbond return Cashletters&quot;](78)" classname="TestRunner.TestNGTestRunner" time="4.63">
    <system-out><![CDATA[
Scenario Outline: OC006 to IC0036                       # src/test/resources/features/OutbondreturnCasletters.feature:61
  Given user is on application home page                # StepDefinations.IncomingStepDef.user_is_on_application_home_page()
  When user click on Outbond return Cashletters         # StepDefinations.OutbondreturnCashlettersStep.user_click_on_outbond_return_cashletters()
  When user enter startdate as Oct 23 2008              # StepDefinations.InreturnCAshlettrsStepDef.user_enter_startdate_as(java.lang.String)
  And user click on Cashlettrs                          # StepDefinations.InreturnCAshlettrsStepDef.user_click_on_cashlettrs()
  Then verify auto generated date formate as 2008-10-23 # StepDefinations.InreturnCAshlettrsStepDef.verify_auto_generated_date_formate_as(java.lang.String)
  And user log out of application                       # StepDefinations.logincheck.user_log_out_of_application()
]]></system-out>
    <system-err><![CDATA[Starting ChromeDriver 108.0.5359.71 (1e0e3868ee06e91ad636a874420e3ca3ae3756ac-refs/branch-heads/5359@{#1016}) on port 48520
Only local connections are allowed.
Please see https://chromedriver.chromium.org/security-considerations for suggestions on keeping ChromeDriver safe.
ChromeDriver was started successfully.
[1680691331.921][WARNING]: This version of ChromeDriver has not been tested with Chrome version 109.
]]></system-err>
  </testcase>
  <testcase name="runScenario[&quot;OC006 to IC0036&quot;, &quot;Outbond return Cashletters&quot;](79)" classname="TestRunner.TestNGTestRunner" time="4.262">
    <system-out><![CDATA[
Scenario Outline: OC006 to IC0036                       # src/test/resources/features/OutbondreturnCasletters.feature:62
  Given user is on application home page                # StepDefinations.IncomingStepDef.user_is_on_application_home_page()
  When user click on Outbond return Cashletters         # StepDefinations.OutbondreturnCashlettersStep.user_click_on_outbond_return_cashletters()
  When user enter startdate as 10-23-08                 # StepDefinations.InreturnCAshlettrsStepDef.user_enter_startdate_as(java.lang.String)
  And user click on Cashlettrs                          # StepDefinations.InreturnCAshlettrsStepDef.user_click_on_cashlettrs()
  Then verify auto generated date formate as 2008-10-23 # StepDefinations.InreturnCAshlettrsStepDef.verify_auto_generated_date_formate_as(java.lang.String)
  And user log out of application                       # StepDefinations.logincheck.user_log_out_of_application()
]]></system-out>
    <system-err><![CDATA[Starting ChromeDriver 108.0.5359.71 (1e0e3868ee06e91ad636a874420e3ca3ae3756ac-refs/branch-heads/5359@{#1016}) on port 25457
Only local connections are allowed.
Please see https://chromedriver.chromium.org/security-considerations for suggestions on keeping ChromeDriver safe.
ChromeDriver was started successfully.
[1680691336.259][WARNING]: This version of ChromeDriver has not been tested with Chrome version 109.
]]></system-err>
  </testcase>
  <testcase name="runScenario[&quot;OC006 to IC0036&quot;, &quot;Outbond return Cashletters&quot;](80)" classname="TestRunner.TestNGTestRunner" time="4.543">
    <system-out><![CDATA[
Scenario Outline: OC006 to IC0036                       # src/test/resources/features/OutbondreturnCasletters.feature:63
  Given user is on application home page                # StepDefinations.IncomingStepDef.user_is_on_application_home_page()
  When user click on Outbond return Cashletters         # StepDefinations.OutbondreturnCashlettersStep.user_click_on_outbond_return_cashletters()
  When user enter startdate as 10/23/08                 # StepDefinations.InreturnCAshlettrsStepDef.user_enter_startdate_as(java.lang.String)
  And user click on Cashlettrs                          # StepDefinations.InreturnCAshlettrsStepDef.user_click_on_cashlettrs()
  Then verify auto generated date formate as 2008-10-23 # StepDefinations.InreturnCAshlettrsStepDef.verify_auto_generated_date_formate_as(java.lang.String)
  And user log out of application                       # StepDefinations.logincheck.user_log_out_of_application()
]]></system-out>
    <system-err><![CDATA[Starting ChromeDriver 108.0.5359.71 (1e0e3868ee06e91ad636a874420e3ca3ae3756ac-refs/branch-heads/5359@{#1016}) on port 40810
Only local connections are allowed.
Please see https://chromedriver.chromium.org/security-considerations for suggestions on keeping ChromeDriver safe.
ChromeDriver was started successfully.
[1680691340.550][WARNING]: This version of ChromeDriver has not been tested with Chrome version 109.
]]></system-err>
  </testcase>
  <testcase name="runScenario[&quot;OC006 to IC0036&quot;, &quot;Outbond return Cashletters&quot;](81)" classname="TestRunner.TestNGTestRunner" time="4.083">
    <system-out><![CDATA[
Scenario Outline: OC006 to IC0036                       # src/test/resources/features/OutbondreturnCasletters.feature:64
  Given user is on application home page                # StepDefinations.IncomingStepDef.user_is_on_application_home_page()
  When user click on Outbond return Cashletters         # StepDefinations.OutbondreturnCashlettersStep.user_click_on_outbond_return_cashletters()
  When user enter startdate as 10.23.08                 # StepDefinations.InreturnCAshlettrsStepDef.user_enter_startdate_as(java.lang.String)
  And user click on Cashlettrs                          # StepDefinations.InreturnCAshlettrsStepDef.user_click_on_cashlettrs()
  Then verify auto generated date formate as 2008-10-23 # StepDefinations.InreturnCAshlettrsStepDef.verify_auto_generated_date_formate_as(java.lang.String)
  And user log out of application                       # StepDefinations.logincheck.user_log_out_of_application()
]]></system-out>
    <system-err><![CDATA[Starting ChromeDriver 108.0.5359.71 (1e0e3868ee06e91ad636a874420e3ca3ae3756ac-refs/branch-heads/5359@{#1016}) on port 37941
Only local connections are allowed.
Please see https://chromedriver.chromium.org/security-considerations for suggestions on keeping ChromeDriver safe.
ChromeDriver was started successfully.
[1680691345.052][WARNING]: This version of ChromeDriver has not been tested with Chrome version 109.
]]></system-err>
  </testcase>
  <testcase name="runScenario[&quot;OC006 to IC0036&quot;, &quot;Outbond return Cashletters&quot;](82)" classname="TestRunner.TestNGTestRunner" time="3.948">
    <system-out><![CDATA[
Scenario Outline: OC006 to IC0036                       # src/test/resources/features/OutbondreturnCasletters.feature:65
  Given user is on application home page                # StepDefinations.IncomingStepDef.user_is_on_application_home_page()
  When user click on Outbond return Cashletters         # StepDefinations.OutbondreturnCashlettersStep.user_click_on_outbond_return_cashletters()
  When user enter startdate as Oct 23 08                # StepDefinations.InreturnCAshlettrsStepDef.user_enter_startdate_as(java.lang.String)
  And user click on Cashlettrs                          # StepDefinations.InreturnCAshlettrsStepDef.user_click_on_cashlettrs()
  Then verify auto generated date formate as 2008-10-23 # StepDefinations.InreturnCAshlettrsStepDef.verify_auto_generated_date_formate_as(java.lang.String)
  And user log out of application                       # StepDefinations.logincheck.user_log_out_of_application()
]]></system-out>
    <system-err><![CDATA[Starting ChromeDriver 108.0.5359.71 (1e0e3868ee06e91ad636a874420e3ca3ae3756ac-refs/branch-heads/5359@{#1016}) on port 32755
Only local connections are allowed.
Please see https://chromedriver.chromium.org/security-considerations for suggestions on keeping ChromeDriver safe.
ChromeDriver was started successfully.
[1680691349.043][WARNING]: This version of ChromeDriver has not been tested with Chrome version 109.
]]></system-err>
  </testcase>
  <testcase name="runScenario[&quot;OC006 to IC0036&quot;, &quot;Outbond return Cashletters&quot;](83)" classname="TestRunner.TestNGTestRunner" time="4.674">
    <system-out><![CDATA[
Scenario Outline: OC006 to IC0036                       # src/test/resources/features/OutbondreturnCasletters.feature:66
  Given user is on application home page                # StepDefinations.IncomingStepDef.user_is_on_application_home_page()
  When user click on Outbond return Cashletters         # StepDefinations.OutbondreturnCashlettersStep.user_click_on_outbond_return_cashletters()
  When user enter startdate as 10 23 2008               # StepDefinations.InreturnCAshlettrsStepDef.user_enter_startdate_as(java.lang.String)
  And user click on Cashlettrs                          # StepDefinations.InreturnCAshlettrsStepDef.user_click_on_cashlettrs()
  Then verify auto generated date formate as 2008-10-23 # StepDefinations.InreturnCAshlettrsStepDef.verify_auto_generated_date_formate_as(java.lang.String)
  And user log out of application                       # StepDefinations.logincheck.user_log_out_of_application()
]]></system-out>
    <system-err><![CDATA[Starting ChromeDriver 108.0.5359.71 (1e0e3868ee06e91ad636a874420e3ca3ae3756ac-refs/branch-heads/5359@{#1016}) on port 20711
Only local connections are allowed.
Please see https://chromedriver.chromium.org/security-considerations for suggestions on keeping ChromeDriver safe.
ChromeDriver was started successfully.
[1680691353.050][WARNING]: This version of ChromeDriver has not been tested with Chrome version 109.
]]></system-err>
  </testcase>
  <testcase name="runScenario[&quot;OC006 to IC0036&quot;, &quot;Outbond return Cashletters&quot;](84)" classname="TestRunner.TestNGTestRunner" time="4.381">
    <system-out><![CDATA[
Scenario Outline: OC006 to IC0036                       # src/test/resources/features/OutbondreturnCasletters.feature:67
  Given user is on application home page                # StepDefinations.IncomingStepDef.user_is_on_application_home_page()
  When user click on Outbond return Cashletters         # StepDefinations.OutbondreturnCashlettersStep.user_click_on_outbond_return_cashletters()
  When user enter startdate as 10 23 08                 # StepDefinations.InreturnCAshlettrsStepDef.user_enter_startdate_as(java.lang.String)
  And user click on Cashlettrs                          # StepDefinations.InreturnCAshlettrsStepDef.user_click_on_cashlettrs()
  Then verify auto generated date formate as 2008-10-23 # StepDefinations.InreturnCAshlettrsStepDef.verify_auto_generated_date_formate_as(java.lang.String)
  And user log out of application                       # StepDefinations.logincheck.user_log_out_of_application()
]]></system-out>
    <system-err><![CDATA[Starting ChromeDriver 108.0.5359.71 (1e0e3868ee06e91ad636a874420e3ca3ae3756ac-refs/branch-heads/5359@{#1016}) on port 1743
Only local connections are allowed.
Please see https://chromedriver.chromium.org/security-considerations for suggestions on keeping ChromeDriver safe.
ChromeDriver was started successfully.
[1680691357.560][WARNING]: This version of ChromeDriver has not been tested with Chrome version 109.
]]></system-err>
  </testcase>
  <testcase name="runScenario[&quot;OC006 to IC0036&quot;, &quot;Outbond return Cashletters&quot;](85)" classname="TestRunner.TestNGTestRunner" time="4.328">
    <system-out><![CDATA[
Scenario Outline: OC006 to IC0036                       # src/test/resources/features/OutbondreturnCasletters.feature:68
  Given user is on application home page                # StepDefinations.IncomingStepDef.user_is_on_application_home_page()
  When user click on Outbond return Cashletters         # StepDefinations.OutbondreturnCashlettersStep.user_click_on_outbond_return_cashletters()
  When user enter startdate as 10-23-2008               # StepDefinations.InreturnCAshlettrsStepDef.user_enter_startdate_as(java.lang.String)
  And user click on Cashlettrs                          # StepDefinations.InreturnCAshlettrsStepDef.user_click_on_cashlettrs()
  Then verify auto generated date formate as 2008-10-23 # StepDefinations.InreturnCAshlettrsStepDef.verify_auto_generated_date_formate_as(java.lang.String)
  And user log out of application                       # StepDefinations.logincheck.user_log_out_of_application()
]]></system-out>
    <system-err><![CDATA[Starting ChromeDriver 108.0.5359.71 (1e0e3868ee06e91ad636a874420e3ca3ae3756ac-refs/branch-heads/5359@{#1016}) on port 20912
Only local connections are allowed.
Please see https://chromedriver.chromium.org/security-considerations for suggestions on keeping ChromeDriver safe.
ChromeDriver was started successfully.
[1680691362.158][WARNING]: This version of ChromeDriver has not been tested with Chrome version 109.
]]></system-err>
  </testcase>
  <testcase name="runScenario[&quot;OC006 to IC0036&quot;, &quot;Outbond return Cashletters&quot;](86)" classname="TestRunner.TestNGTestRunner" time="4.817">
    <system-out><![CDATA[
Scenario Outline: OC006 to IC0036                       # src/test/resources/features/OutbondreturnCasletters.feature:69
  Given user is on application home page                # StepDefinations.IncomingStepDef.user_is_on_application_home_page()
  When user click on Outbond return Cashletters         # StepDefinations.OutbondreturnCashlettersStep.user_click_on_outbond_return_cashletters()
  When user enter startdate as 10/23/2008               # StepDefinations.InreturnCAshlettrsStepDef.user_enter_startdate_as(java.lang.String)
  And user click on Cashlettrs                          # StepDefinations.InreturnCAshlettrsStepDef.user_click_on_cashlettrs()
  Then verify auto generated date formate as 2008-10-23 # StepDefinations.InreturnCAshlettrsStepDef.verify_auto_generated_date_formate_as(java.lang.String)
  And user log out of application                       # StepDefinations.logincheck.user_log_out_of_application()
]]></system-out>
    <system-err><![CDATA[Starting ChromeDriver 108.0.5359.71 (1e0e3868ee06e91ad636a874420e3ca3ae3756ac-refs/branch-heads/5359@{#1016}) on port 38486
Only local connections are allowed.
Please see https://chromedriver.chromium.org/security-considerations for suggestions on keeping ChromeDriver safe.
ChromeDriver was started successfully.
[1680691366.491][WARNING]: This version of ChromeDriver has not been tested with Chrome version 109.
]]></system-err>
  </testcase>
  <testcase name="runScenario[&quot;OC006 to IC0036&quot;, &quot;Outbond return Cashletters&quot;](87)" classname="TestRunner.TestNGTestRunner" time="4.281">
    <system-out><![CDATA[
Scenario Outline: OC006 to IC0036                       # src/test/resources/features/OutbondreturnCasletters.feature:70
  Given user is on application home page                # StepDefinations.IncomingStepDef.user_is_on_application_home_page()
  When user click on Outbond return Cashletters         # StepDefinations.OutbondreturnCashlettersStep.user_click_on_outbond_return_cashletters()
  When user enter startdate as 10.23.2008               # StepDefinations.InreturnCAshlettrsStepDef.user_enter_startdate_as(java.lang.String)
  And user click on Cashlettrs                          # StepDefinations.InreturnCAshlettrsStepDef.user_click_on_cashlettrs()
  Then verify auto generated date formate as 2008-10-23 # StepDefinations.InreturnCAshlettrsStepDef.verify_auto_generated_date_formate_as(java.lang.String)
  And user log out of application                       # StepDefinations.logincheck.user_log_out_of_application()
]]></system-out>
    <system-err><![CDATA[Starting ChromeDriver 108.0.5359.71 (1e0e3868ee06e91ad636a874420e3ca3ae3756ac-refs/branch-heads/5359@{#1016}) on port 46419
Only local connections are allowed.
Please see https://chromedriver.chromium.org/security-considerations for suggestions on keeping ChromeDriver safe.
ChromeDriver was started successfully.
[1680691371.176][WARNING]: This version of ChromeDriver has not been tested with Chrome version 109.
]]></system-err>
  </testcase>
  <testcase name="runScenario[&quot;OC006 to IC0036&quot;, &quot;Outbond return Cashletters&quot;](88)" classname="TestRunner.TestNGTestRunner" time="4.223">
    <system-out><![CDATA[
Scenario Outline: OC006 to IC0036                       # src/test/resources/features/OutbondreturnCasletters.feature:71
  Given user is on application home page                # StepDefinations.IncomingStepDef.user_is_on_application_home_page()
  When user click on Outbond return Cashletters         # StepDefinations.OutbondreturnCashlettersStep.user_click_on_outbond_return_cashletters()
  When user enter startdate as 10.23.2008               # StepDefinations.InreturnCAshlettrsStepDef.user_enter_startdate_as(java.lang.String)
  And user click on Cashlettrs                          # StepDefinations.InreturnCAshlettrsStepDef.user_click_on_cashlettrs()
  Then verify auto generated date formate as 2008-10-23 # StepDefinations.InreturnCAshlettrsStepDef.verify_auto_generated_date_formate_as(java.lang.String)
  And user log out of application                       # StepDefinations.logincheck.user_log_out_of_application()
]]></system-out>
    <system-err><![CDATA[Starting ChromeDriver 108.0.5359.71 (1e0e3868ee06e91ad636a874420e3ca3ae3756ac-refs/branch-heads/5359@{#1016}) on port 1340
Only local connections are allowed.
Please see https://chromedriver.chromium.org/security-considerations for suggestions on keeping ChromeDriver safe.
ChromeDriver was started successfully.
[1680691375.757][WARNING]: This version of ChromeDriver has not been tested with Chrome version 109.
]]></system-err>
  </testcase>
  <testcase name="runScenario[&quot;OC006 to IC0036&quot;, &quot;Outbond return Cashletters&quot;](89)" classname="TestRunner.TestNGTestRunner" time="4.224">
    <system-out><![CDATA[
Scenario Outline: OC006 to IC0036                       # src/test/resources/features/OutbondreturnCasletters.feature:72
  Given user is on application home page                # StepDefinations.IncomingStepDef.user_is_on_application_home_page()
  When user click on Outbond return Cashletters         # StepDefinations.OutbondreturnCashlettersStep.user_click_on_outbond_return_cashletters()
  When user enter startdate as 10 23 2008               # StepDefinations.InreturnCAshlettrsStepDef.user_enter_startdate_as(java.lang.String)
  And user click on Cashlettrs                          # StepDefinations.InreturnCAshlettrsStepDef.user_click_on_cashlettrs()
  Then verify auto generated date formate as 2008-10-23 # StepDefinations.InreturnCAshlettrsStepDef.verify_auto_generated_date_formate_as(java.lang.String)
  And user log out of application                       # StepDefinations.logincheck.user_log_out_of_application()
]]></system-out>
    <system-err><![CDATA[Starting ChromeDriver 108.0.5359.71 (1e0e3868ee06e91ad636a874420e3ca3ae3756ac-refs/branch-heads/5359@{#1016}) on port 3637
Only local connections are allowed.
Please see https://chromedriver.chromium.org/security-considerations for suggestions on keeping ChromeDriver safe.
ChromeDriver was started successfully.
[1680691379.789][WARNING]: This version of ChromeDriver has not been tested with Chrome version 109.
]]></system-err>
  </testcase>
  <testcase name="runScenario[&quot;OC006 to IC0036&quot;, &quot;Outbond return Cashletters&quot;](90)" classname="TestRunner.TestNGTestRunner" time="4.452">
    <system-out><![CDATA[
Scenario Outline: OC006 to IC0036                       # src/test/resources/features/OutbondreturnCasletters.feature:73
  Given user is on application home page                # StepDefinations.IncomingStepDef.user_is_on_application_home_page()
  When user click on Outbond return Cashletters         # StepDefinations.OutbondreturnCashlettersStep.user_click_on_outbond_return_cashletters()
  When user enter startdate as 10.23.08                 # StepDefinations.InreturnCAshlettrsStepDef.user_enter_startdate_as(java.lang.String)
  And user click on Cashlettrs                          # StepDefinations.InreturnCAshlettrsStepDef.user_click_on_cashlettrs()
  Then verify auto generated date formate as 2008-10-23 # StepDefinations.InreturnCAshlettrsStepDef.verify_auto_generated_date_formate_as(java.lang.String)
  And user log out of application                       # StepDefinations.logincheck.user_log_out_of_application()
]]></system-out>
    <system-err><![CDATA[Starting ChromeDriver 108.0.5359.71 (1e0e3868ee06e91ad636a874420e3ca3ae3756ac-refs/branch-heads/5359@{#1016}) on port 46061
Only local connections are allowed.
Please see https://chromedriver.chromium.org/security-considerations for suggestions on keeping ChromeDriver safe.
ChromeDriver was started successfully.
[1680691383.871][WARNING]: This version of ChromeDriver has not been tested with Chrome version 109.
]]></system-err>
  </testcase>
  <testcase name="runScenario[&quot;OC006 to IC0036&quot;, &quot;Outbond return Cashletters&quot;](91)" classname="TestRunner.TestNGTestRunner" time="4.814">
    <system-out><![CDATA[
Scenario Outline: OC006 to IC0036                       # src/test/resources/features/OutbondreturnCasletters.feature:74
  Given user is on application home page                # StepDefinations.IncomingStepDef.user_is_on_application_home_page()
  When user click on Outbond return Cashletters         # StepDefinations.OutbondreturnCashlettersStep.user_click_on_outbond_return_cashletters()
  When user enter startdate as Oct 23 08                # StepDefinations.InreturnCAshlettrsStepDef.user_enter_startdate_as(java.lang.String)
  And user click on Cashlettrs                          # StepDefinations.InreturnCAshlettrsStepDef.user_click_on_cashlettrs()
  Then verify auto generated date formate as 2008-10-23 # StepDefinations.InreturnCAshlettrsStepDef.verify_auto_generated_date_formate_as(java.lang.String)
  And user log out of application                       # StepDefinations.logincheck.user_log_out_of_application()
]]></system-out>
    <system-err><![CDATA[Starting ChromeDriver 108.0.5359.71 (1e0e3868ee06e91ad636a874420e3ca3ae3756ac-refs/branch-heads/5359@{#1016}) on port 4721
Only local connections are allowed.
Please see https://chromedriver.chromium.org/security-considerations for suggestions on keeping ChromeDriver safe.
ChromeDriver was started successfully.
[1680691388.731][WARNING]: This version of ChromeDriver has not been tested with Chrome version 109.
]]></system-err>
  </testcase>
  <testcase name="runScenario[&quot;OC006 to IC0036&quot;, &quot;Outbond return Cashletters&quot;](92)" classname="TestRunner.TestNGTestRunner" time="4.217">
    <system-out><![CDATA[
Scenario Outline: OC006 to IC0036                       # src/test/resources/features/OutbondreturnCasletters.feature:75
  Given user is on application home page                # StepDefinations.IncomingStepDef.user_is_on_application_home_page()
  When user click on Outbond return Cashletters         # StepDefinations.OutbondreturnCashlettersStep.user_click_on_outbond_return_cashletters()
  When user enter startdate as Oct 23 2008              # StepDefinations.InreturnCAshlettrsStepDef.user_enter_startdate_as(java.lang.String)
  And user click on Cashlettrs                          # StepDefinations.InreturnCAshlettrsStepDef.user_click_on_cashlettrs()
  Then verify auto generated date formate as 2008-10-23 # StepDefinations.InreturnCAshlettrsStepDef.verify_auto_generated_date_formate_as(java.lang.String)
  And user log out of application                       # StepDefinations.logincheck.user_log_out_of_application()
]]></system-out>
    <system-err><![CDATA[Starting ChromeDriver 108.0.5359.71 (1e0e3868ee06e91ad636a874420e3ca3ae3756ac-refs/branch-heads/5359@{#1016}) on port 13496
Only local connections are allowed.
Please see https://chromedriver.chromium.org/security-considerations for suggestions on keeping ChromeDriver safe.
ChromeDriver was started successfully.
[1680691393.293][WARNING]: This version of ChromeDriver has not been tested with Chrome version 109.
]]></system-err>
  </testcase>
  <testcase name="runScenario[&quot;OC006 to IC0036&quot;, &quot;Outbond return Cashletters&quot;](93)" classname="TestRunner.TestNGTestRunner" time="4.037">
    <system-out><![CDATA[
Scenario Outline: OC006 to IC0036                       # src/test/resources/features/OutbondreturnCasletters.feature:76
  Given user is on application home page                # StepDefinations.IncomingStepDef.user_is_on_application_home_page()
  When user click on Outbond return Cashletters         # StepDefinations.OutbondreturnCashlettersStep.user_click_on_outbond_return_cashletters()
  When user enter startdate as 10-23-08                 # StepDefinations.InreturnCAshlettrsStepDef.user_enter_startdate_as(java.lang.String)
  And user click on Cashlettrs                          # StepDefinations.InreturnCAshlettrsStepDef.user_click_on_cashlettrs()
  Then verify auto generated date formate as 2008-10-23 # StepDefinations.InreturnCAshlettrsStepDef.verify_auto_generated_date_formate_as(java.lang.String)
  And user log out of application                       # StepDefinations.logincheck.user_log_out_of_application()
]]></system-out>
    <system-err><![CDATA[Starting ChromeDriver 108.0.5359.71 (1e0e3868ee06e91ad636a874420e3ca3ae3756ac-refs/branch-heads/5359@{#1016}) on port 20040
Only local connections are allowed.
Please see https://chromedriver.chromium.org/security-considerations for suggestions on keeping ChromeDriver safe.
ChromeDriver was started successfully.
[1680691397.597][WARNING]: This version of ChromeDriver has not been tested with Chrome version 109.
]]></system-err>
  </testcase>
  <testcase name="runScenario[&quot;OC006 to IC0036&quot;, &quot;Outbond return Cashletters&quot;](94)" classname="TestRunner.TestNGTestRunner" time="4.493">
    <system-out><![CDATA[
Scenario Outline: OC006 to IC0036                       # src/test/resources/features/OutbondreturnCasletters.feature:77
  Given user is on application home page                # StepDefinations.IncomingStepDef.user_is_on_application_home_page()
  When user click on Outbond return Cashletters         # StepDefinations.OutbondreturnCashlettersStep.user_click_on_outbond_return_cashletters()
  When user enter startdate as 10/23/08                 # StepDefinations.InreturnCAshlettrsStepDef.user_enter_startdate_as(java.lang.String)
  And user click on Cashlettrs                          # StepDefinations.InreturnCAshlettrsStepDef.user_click_on_cashlettrs()
  Then verify auto generated date formate as 2008-10-23 # StepDefinations.InreturnCAshlettrsStepDef.verify_auto_generated_date_formate_as(java.lang.String)
  And user log out of application                       # StepDefinations.logincheck.user_log_out_of_application()
]]></system-out>
    <system-err><![CDATA[Starting ChromeDriver 108.0.5359.71 (1e0e3868ee06e91ad636a874420e3ca3ae3756ac-refs/branch-heads/5359@{#1016}) on port 40779
Only local connections are allowed.
Please see https://chromedriver.chromium.org/security-considerations for suggestions on keeping ChromeDriver safe.
ChromeDriver was started successfully.
[1680691401.557][WARNING]: This version of ChromeDriver has not been tested with Chrome version 109.
]]></system-err>
  </testcase>
  <testcase name="runScenario[&quot;OC039&quot;, &quot;Outbond return Cashletters&quot;](95)" classname="TestRunner.TestNGTestRunner" time="4.373">
    <system-out><![CDATA[
Scenario: OC039                                         # src/test/resources/features/OutbondreturnCasletters.feature:81
  Given user is on application home page                # StepDefinations.IncomingStepDef.user_is_on_application_home_page()
  When user click on Outbond return Cashletters         # StepDefinations.OutbondreturnCashlettersStep.user_click_on_outbond_return_cashletters()
  And user enter process startdate as "022306"          # StepDefinations.InreturnCAshlettrsStepDef.user_enter_process_startdate_as_something(java.lang.String)
  And user enter OB Amount as "900.00" and "1436696.06" # StepDefinations.OutbondreturnCashlettersStep.user_enter_ob_amount_as_something_and_something(java.lang.String,java.lang.String)
  And user click on Cashlettrs                          # StepDefinations.InreturnCAshlettrsStepDef.user_click_on_cashlettrs()
  And user nevigate to back page                        # StepDefinations.InreturnCAshlettrsStepDef.user_nevigate_back_to_inreturn_cashletter_page()
range
  Then verify Drop down field changes to "range"        # StepDefinations.OutbondreturnCashlettersStep.verify_drop_down_field_changes_to_something(java.lang.String)
  And user log out of application                       # StepDefinations.logincheck.user_log_out_of_application()
]]></system-out>
    <system-err><![CDATA[Starting ChromeDriver 108.0.5359.71 (1e0e3868ee06e91ad636a874420e3ca3ae3756ac-refs/branch-heads/5359@{#1016}) on port 46443
Only local connections are allowed.
Please see https://chromedriver.chromium.org/security-considerations for suggestions on keeping ChromeDriver safe.
ChromeDriver was started successfully.
[1680691406.174][WARNING]: This version of ChromeDriver has not been tested with Chrome version 109.
]]></system-err>
  </testcase>
  <testcase name="runScenario[&quot;OC040&quot;, &quot;Outbond return Cashletters&quot;](96)" classname="TestRunner.TestNGTestRunner" time="5.355">
    <system-out><![CDATA[
Scenario: OC040                                             # src/test/resources/features/OutbondreturnCasletters.feature:90
  Given user is on application home page                    # StepDefinations.IncomingStepDef.user_is_on_application_home_page()
  When user click on Outbond return Cashletters             # StepDefinations.OutbondreturnCashlettersStep.user_click_on_outbond_return_cashletters()
  And user enter process startdate as "022306"              # StepDefinations.InreturnCAshlettrsStepDef.user_enter_process_startdate_as_something(java.lang.String)
  And user enter OB Amount as "900.00" and "1436696.06"     # StepDefinations.OutbondreturnCashlettersStep.user_enter_ob_amount_as_something_and_something(java.lang.String,java.lang.String)
  And user set the operator field to "="                    # StepDefinations.OutbondreturnCashlettersStep.user_set_the_operator_field_to_something(java.lang.String)
  And user click on Cashlettrs                              # StepDefinations.InreturnCAshlettrsStepDef.user_click_on_cashlettrs()
  And user nevigate to back page                            # StepDefinations.InreturnCAshlettrsStepDef.user_nevigate_back_to_inreturn_cashletter_page()
.......
  Then verify upper range field of "amountField" is cleared # StepDefinations.OutbondreturnCashlettersStep.verify_upper_range_field_of_something_is_cleared(java.lang.String)
  And user log out of application                           # StepDefinations.logincheck.user_log_out_of_application()
]]></system-out>
    <system-err><![CDATA[Starting ChromeDriver 108.0.5359.71 (1e0e3868ee06e91ad636a874420e3ca3ae3756ac-refs/branch-heads/5359@{#1016}) on port 29727
Only local connections are allowed.
Please see https://chromedriver.chromium.org/security-considerations for suggestions on keeping ChromeDriver safe.
ChromeDriver was started successfully.
[1680691410.510][WARNING]: This version of ChromeDriver has not been tested with Chrome version 109.
]]></system-err>
  </testcase>
  <testcase name="runScenario[&quot;OC041&quot;, &quot;Outbond return Cashletters&quot;](97)" classname="TestRunner.TestNGTestRunner" time="6.21">
    <system-out><![CDATA[
Scenario: OC041                                                          # src/test/resources/features/OutbondreturnCasletters.feature:99
  Given user is on application home page                                 # StepDefinations.IncomingStepDef.user_is_on_application_home_page()
  When user click on Outbond return Cashletters                          # StepDefinations.OutbondreturnCashlettersStep.user_click_on_outbond_return_cashletters()
  And user enter process start date as "012306" and end date as "102308" # StepDefinations.OutbondreturnCashlettersStep.user_enter_process_start_date_as_something_and_end_date_as_something(java.lang.String,java.lang.String)
  And user click on Cashlettrs                                           # StepDefinations.InreturnCAshlettrsStepDef.user_click_on_cashlettrs()
  And user nevigate to back page                                         # StepDefinations.InreturnCAshlettrsStepDef.user_nevigate_back_to_inreturn_cashletter_page()
range
  Then verify opertor field changes to "range" in process date           # StepDefinations.OutbondreturnCashlettersStep.verify_opertor_field_changes_to_something_in_process_date(java.lang.String)
  And user log out of application                                        # StepDefinations.logincheck.user_log_out_of_application()
]]></system-out>
    <system-err><![CDATA[Starting ChromeDriver 108.0.5359.71 (1e0e3868ee06e91ad636a874420e3ca3ae3756ac-refs/branch-heads/5359@{#1016}) on port 31003
Only local connections are allowed.
Please see https://chromedriver.chromium.org/security-considerations for suggestions on keeping ChromeDriver safe.
ChromeDriver was started successfully.
[1680691415.830][WARNING]: This version of ChromeDriver has not been tested with Chrome version 109.
]]></system-err>
  </testcase>
  <testcase name="runScenario[&quot;OC042&quot;, &quot;Outbond return Cashletters&quot;](98)" classname="TestRunner.TestNGTestRunner" time="4.837">
    <system-out><![CDATA[
Scenario: OC042                                                          # src/test/resources/features/OutbondreturnCasletters.feature:106
  Given user is on application home page                                 # StepDefinations.IncomingStepDef.user_is_on_application_home_page()
  When user click on Outbond return Cashletters                          # StepDefinations.OutbondreturnCashlettersStep.user_click_on_outbond_return_cashletters()
  And user enter process start date as "012306" and end date as "102308" # StepDefinations.OutbondreturnCashlettersStep.user_enter_process_start_date_as_something_and_end_date_as_something(java.lang.String,java.lang.String)
  And user set the operator field to "="                                 # StepDefinations.OutbondreturnCashlettersStep.user_set_the_operator_field_to_something(java.lang.String)
  And user click on Cashlettrs                                           # StepDefinations.InreturnCAshlettrsStepDef.user_click_on_cashlettrs()
  And user nevigate to back page                                         # StepDefinations.InreturnCAshlettrsStepDef.user_nevigate_back_to_inreturn_cashletter_page()
.......
  Then verify upper range field of processdate "date" is cleared         # StepDefinations.OutbondreturnCashlettersStep.verify_upper_range_field_of_processdate_something_is_cleared(java.lang.String)
  And user log out of application                                        # StepDefinations.logincheck.user_log_out_of_application()
]]></system-out>
    <system-err><![CDATA[Starting ChromeDriver 108.0.5359.71 (1e0e3868ee06e91ad636a874420e3ca3ae3756ac-refs/branch-heads/5359@{#1016}) on port 44320
Only local connections are allowed.
Please see https://chromedriver.chromium.org/security-considerations for suggestions on keeping ChromeDriver safe.
ChromeDriver was started successfully.
[1680691422.282][WARNING]: This version of ChromeDriver has not been tested with Chrome version 109.
]]></system-err>
  </testcase>
  <testcase name="runScenario[&quot;OC0044&quot;, &quot;Outbond return Cashletters&quot;](99)" classname="TestRunner.TestNGTestRunner" time="4.329">
    <system-out><![CDATA[
Scenario: OC0044                                                                                         # src/test/resources/features/OutbondreturnCasletters.feature:122
  Given user is on application home page                                                                 # StepDefinations.IncomingStepDef.user_is_on_application_home_page()
  When user click on Outbond return Cashletters                                                          # StepDefinations.OutbondreturnCashlettersStep.user_click_on_outbond_return_cashletters()
  And user enter process startdate as "022306"                                                           # StepDefinations.InreturnCAshlettrsStepDef.user_enter_process_startdate_as_something(java.lang.String)
  And user enter OB Amount as "5000.00" and "1000.00"                                                    # StepDefinations.OutbondreturnCashlettersStep.user_enter_ob_amount_as_something_and_something(java.lang.String,java.lang.String)
  And user click on Cashlettrs                                                                           # StepDefinations.InreturnCAshlettrsStepDef.user_click_on_cashlettrs()
  Then verify popup alert message as "The Amount Begin Value must be smaller than the Amount End Value." # StepDefinations.IncomingStepDef.verify_popup_alert_message_as_something(java.lang.String)
  And user log out of application                                                                        # StepDefinations.logincheck.user_log_out_of_application()
]]></system-out>
    <system-err><![CDATA[Starting ChromeDriver 108.0.5359.71 (1e0e3868ee06e91ad636a874420e3ca3ae3756ac-refs/branch-heads/5359@{#1016}) on port 25017
Only local connections are allowed.
Please see https://chromedriver.chromium.org/security-considerations for suggestions on keeping ChromeDriver safe.
ChromeDriver was started successfully.
[1680691426.803][WARNING]: This version of ChromeDriver has not been tested with Chrome version 109.
]]></system-err>
  </testcase>
  <testcase name="runScenario[&quot;valid login check&quot;, &quot;ATF login check&quot;](100)" classname="TestRunner.TestNGTestRunner" time="3.523">
    <system-out><![CDATA[
Scenario: valid login check                                           # src/test/resources/features/login.feature:3
  Given user is on ATF login Page                                     # StepDefinations.logincheck.user_is_on_atf_login_page()
  When user enter valid username as "manager" and password "P@ssw0rd" # StepDefinations.logincheck.user_enter_valid_username_as_something_and_password_something(java.lang.String,java.lang.String)
  Then user nevigate to home page                                     # StepDefinations.logincheck.user_nevigate_to_home_page()
  And user log out of application                                     # StepDefinations.logincheck.user_log_out_of_application()
]]></system-out>
    <system-err><![CDATA[Starting ChromeDriver 108.0.5359.71 (1e0e3868ee06e91ad636a874420e3ca3ae3756ac-refs/branch-heads/5359@{#1016}) on port 15908
Only local connections are allowed.
Please see https://chromedriver.chromium.org/security-considerations for suggestions on keeping ChromeDriver safe.
ChromeDriver was started successfully.
[1680691431.265][WARNING]: This version of ChromeDriver has not been tested with Chrome version 109.
]]></system-err>
  </testcase>
  <testcase name="runScenario[&quot;invalid user check&quot;, &quot;ATF login check&quot;](101)" classname="TestRunner.TestNGTestRunner" time="3.345">
    <system-out><![CDATA[
Scenario Outline: invalid user check                            # src/test/resources/features/login.feature:17
  Given user is on ATF login Page                               # StepDefinations.logincheck.user_is_on_atf_login_page()
  When user enter Invalid username  user and password  password # StepDefinations.logincheck.user_enter_invalid_username_and_password(java.lang.String,java.lang.String)
  Then error msg occurs on login page                           # StepDefinations.logincheck.error_msg_occurs_on_login_page()
]]></system-out>
    <system-err><![CDATA[Starting ChromeDriver 108.0.5359.71 (1e0e3868ee06e91ad636a874420e3ca3ae3756ac-refs/branch-heads/5359@{#1016}) on port 46322
Only local connections are allowed.
Please see https://chromedriver.chromium.org/security-considerations for suggestions on keeping ChromeDriver safe.
ChromeDriver was started successfully.
[1680691434.581][WARNING]: This version of ChromeDriver has not been tested with Chrome version 109.
]]></system-err>
  </testcase>
  <testcase name="runScenario[&quot;invalid user check&quot;, &quot;ATF login check&quot;](102)" classname="TestRunner.TestNGTestRunner" time="3.53">
    <system-out><![CDATA[
Scenario Outline: invalid user check                            # src/test/resources/features/login.feature:18
  Given user is on ATF login Page                               # StepDefinations.logincheck.user_is_on_atf_login_page()
  When user enter Invalid username  username and password  user # StepDefinations.logincheck.user_enter_invalid_username_and_password(java.lang.String,java.lang.String)
  Then error msg occurs on login page                           # StepDefinations.logincheck.error_msg_occurs_on_login_page()
]]></system-out>
    <system-err><![CDATA[Starting ChromeDriver 108.0.5359.71 (1e0e3868ee06e91ad636a874420e3ca3ae3756ac-refs/branch-heads/5359@{#1016}) on port 4193
Only local connections are allowed.
Please see https://chromedriver.chromium.org/security-considerations for suggestions on keeping ChromeDriver safe.
ChromeDriver was started successfully.
[1680691437.944][WARNING]: This version of ChromeDriver has not been tested with Chrome version 109.
]]></system-err>
  </testcase>
  <testcase name="runScenario[&quot;OC043&quot;, &quot;test feature&quot;](103)" classname="TestRunner.TestNGTestRunner" time="3.681">
    <failure message="element not interactable&#10;  (Session info: chrome=109.0.5414.129)&#10;Build info: version: &apos;4.8.1&apos;, revision: &apos;8ebccac989&apos;&#10;System info: os.name: &apos;Windows Server 2012 R2&apos;, os.arch: &apos;amd64&apos;, os.version: &apos;6.3&apos;, java.version: &apos;1.8.0_60&apos;&#10;Driver info: org.openqa.selenium.chrome.ChromeDriver&#10;Command: [8e483ac1c89de0042871b03397b05356, sendKeysToElement {id=cef1cdab-26e7-4f49-9884-b980f93474b4, value=[Ljava.lang.CharSequence;@aa1b9ef}]&#10;Capabilities {acceptInsecureCerts: true, browserName: chrome, browserVersion: 109.0.5414.129, chrome: {chromedriverVersion: 108.0.5359.71 (1e0e3868ee06..., userDataDir: C:\Users\F3K8U4L\AppData\Lo...}, goog:chromeOptions: {debuggerAddress: localhost:54733}, networkConnectionEnabled: false, pageLoadStrategy: normal, platformName: WINDOWS, proxy: Proxy(), se:cdp: ws://localhost:54733/devtoo..., se:cdpVersion: 109.0.5414.129, setWindowRect: true, strictFileInteractability: false, timeouts: {implicit: 0, pageLoad: 300000, script: 30000}, unhandledPromptBehavior: dismiss and notify, webauthn:extension:credBlob: true, webauthn:extension:largeBlob: true, webauthn:virtualAuthenticators: true}&#10;Element: [[ChromeDriver: chrome on WINDOWS (8e483ac1c89de0042871b03397b05356)] -&gt; name: RCEndpointNumber_to]&#10;Session ID: 8e483ac1c89de0042871b03397b05356" type="org.openqa.selenium.ElementNotInteractableException"><![CDATA[org.openqa.selenium.ElementNotInteractableException: 
element not interactable
  (Session info: chrome=109.0.5414.129)
Build info: version: '4.8.1', revision: '8ebccac989'
System info: os.name: 'Windows Server 2012 R2', os.arch: 'amd64', os.version: '6.3', java.version: '1.8.0_60'
Driver info: org.openqa.selenium.chrome.ChromeDriver
Command: [8e483ac1c89de0042871b03397b05356, sendKeysToElement {id=cef1cdab-26e7-4f49-9884-b980f93474b4, value=[Ljava.lang.CharSequence;@aa1b9ef}]
Capabilities {acceptInsecureCerts: true, browserName: chrome, browserVersion: 109.0.5414.129, chrome: {chromedriverVersion: 108.0.5359.71 (1e0e3868ee06..., userDataDir: C:\Users\F3K8U4L\AppData\Lo...}, goog:chromeOptions: {debuggerAddress: localhost:54733}, networkConnectionEnabled: false, pageLoadStrategy: normal, platformName: WINDOWS, proxy: Proxy(), se:cdp: ws://localhost:54733/devtoo..., se:cdpVersion: 109.0.5414.129, setWindowRect: true, strictFileInteractability: false, timeouts: {implicit: 0, pageLoad: 300000, script: 30000}, unhandledPromptBehavior: dismiss and notify, webauthn:extension:credBlob: true, webauthn:extension:largeBlob: true, webauthn:virtualAuthenticators: true}
Element: [[ChromeDriver: chrome on WINDOWS (8e483ac1c89de0042871b03397b05356)] -> name: RCEndpointNumber_to]
Session ID: 8e483ac1c89de0042871b03397b05356
	at sun.reflect.NativeConstructorAccessorImpl.newInstance0(Native Method)
	at sun.reflect.NativeConstructorAccessorImpl.newInstance(NativeConstructorAccessorImpl.java:62)
	at sun.reflect.DelegatingConstructorAccessorImpl.newInstance(DelegatingConstructorAccessorImpl.java:45)
	at java.lang.reflect.Constructor.newInstance(Constructor.java:422)
	at org.openqa.selenium.remote.codec.w3c.W3CHttpResponseCodec.createException(W3CHttpResponseCodec.java:200)
	at org.openqa.selenium.remote.codec.w3c.W3CHttpResponseCodec.decode(W3CHttpResponseCodec.java:133)
	at org.openqa.selenium.remote.codec.w3c.W3CHttpResponseCodec.decode(W3CHttpResponseCodec.java:53)
	at org.openqa.selenium.remote.HttpCommandExecutor.execute(HttpCommandExecutor.java:184)
	at org.openqa.selenium.remote.service.DriverCommandExecutor.invokeExecute(DriverCommandExecutor.java:167)
	at org.openqa.selenium.remote.service.DriverCommandExecutor.execute(DriverCommandExecutor.java:142)
	at org.openqa.selenium.remote.RemoteWebDriver.execute(RemoteWebDriver.java:543)
	at org.openqa.selenium.remote.RemoteWebElement.execute(RemoteWebElement.java:257)
	at org.openqa.selenium.remote.RemoteWebElement.sendKeys(RemoteWebElement.java:113)
	at sun.reflect.GeneratedMethodAccessor81.invoke(Unknown Source)
	at sun.reflect.DelegatingMethodAccessorImpl.invoke(DelegatingMethodAccessorImpl.java:43)
	at java.lang.reflect.Method.invoke(Method.java:497)
	at org.openqa.selenium.support.pagefactory.internal.LocatingElementHandler.invoke(LocatingElementHandler.java:52)
	at com.sun.proxy.$Proxy24.sendKeys(Unknown Source)
	at pageObjects.OutboundReturnCashlettesPage.EnterEndpointdetails(OutboundReturnCashlettesPage.java:54)
	at StepDefinations.OutbondreturnCashlettersStep.user_enter_ob_endpoint_details_as_something_and_something(OutbondreturnCashlettersStep.java:97)
	at .user enter OB Endpoint details as "5000.00" and "1000.00"(file:///F:/SumitWorkspace_new/Cucumber_ATF/src/test/resources/features/test.feature:10)
]]></failure>
    <system-out><![CDATA[
Scenario: OC043                                                                                                            # src/test/resources/features/test.feature:8
  Given user is on application home page                                                                                   # StepDefinations.IncomingStepDef.user_is_on_application_home_page()
  When user click on Outbond return Cashletters                                                                            # StepDefinations.OutbondreturnCashlettersStep.user_click_on_outbond_return_cashletters()
  And user enter process startdate as "022306"                                                                             # StepDefinations.InreturnCAshlettrsStepDef.user_enter_process_startdate_as_something(java.lang.String)
  And user enter OB Endpoint details as "5000.00" and "1000.00"                                                            # StepDefinations.OutbondreturnCashlettersStep.user_enter_ob_endpoint_details_as_something_and_something(java.lang.String,java.lang.String)
      org.openqa.selenium.ElementNotInteractableException: element not interactable
  (Session info: chrome=109.0.5414.129)
Build info: version: '4.8.1', revision: '8ebccac989'
System info: os.name: 'Windows Server 2012 R2', os.arch: 'amd64', os.version: '6.3', java.version: '1.8.0_60'
Driver info: org.openqa.selenium.chrome.ChromeDriver
Command: [8e483ac1c89de0042871b03397b05356, sendKeysToElement {id=cef1cdab-26e7-4f49-9884-b980f93474b4, value=[Ljava.lang.CharSequence;@aa1b9ef}]
Capabilities {acceptInsecureCerts: true, browserName: chrome, browserVersion: 109.0.5414.129, chrome: {chromedriverVersion: 108.0.5359.71 (1e0e3868ee06..., userDataDir: C:\Users\F3K8U4L\AppData\Lo...}, goog:chromeOptions: {debuggerAddress: localhost:54733}, networkConnectionEnabled: false, pageLoadStrategy: normal, platformName: WINDOWS, proxy: Proxy(), se:cdp: ws://localhost:54733/devtoo..., se:cdpVersion: 109.0.5414.129, setWindowRect: true, strictFileInteractability: false, timeouts: {implicit: 0, pageLoad: 300000, script: 30000}, unhandledPromptBehavior: dismiss and notify, webauthn:extension:credBlob: true, webauthn:extension:largeBlob: true, webauthn:virtualAuthenticators: true}
Element: [[ChromeDriver: chrome on WINDOWS (8e483ac1c89de0042871b03397b05356)] -> name: RCEndpointNumber_to]
Session ID: 8e483ac1c89de0042871b03397b05356
	at sun.reflect.NativeConstructorAccessorImpl.newInstance0(Native Method)
	at sun.reflect.NativeConstructorAccessorImpl.newInstance(NativeConstructorAccessorImpl.java:62)
	at sun.reflect.DelegatingConstructorAccessorImpl.newInstance(DelegatingConstructorAccessorImpl.java:45)
	at java.lang.reflect.Constructor.newInstance(Constructor.java:422)
	at org.openqa.selenium.remote.codec.w3c.W3CHttpResponseCodec.createException(W3CHttpResponseCodec.java:200)
	at org.openqa.selenium.remote.codec.w3c.W3CHttpResponseCodec.decode(W3CHttpResponseCodec.java:133)
	at org.openqa.selenium.remote.codec.w3c.W3CHttpResponseCodec.decode(W3CHttpResponseCodec.java:53)
	at org.openqa.selenium.remote.HttpCommandExecutor.execute(HttpCommandExecutor.java:184)
	at org.openqa.selenium.remote.service.DriverCommandExecutor.invokeExecute(DriverCommandExecutor.java:167)
	at org.openqa.selenium.remote.service.DriverCommandExecutor.execute(DriverCommandExecutor.java:142)
	at org.openqa.selenium.remote.RemoteWebDriver.execute(RemoteWebDriver.java:543)
	at org.openqa.selenium.remote.RemoteWebElement.execute(RemoteWebElement.java:257)
	at org.openqa.selenium.remote.RemoteWebElement.sendKeys(RemoteWebElement.java:113)
	at sun.reflect.GeneratedMethodAccessor81.invoke(Unknown Source)
	at sun.reflect.DelegatingMethodAccessorImpl.invoke(DelegatingMethodAccessorImpl.java:43)
	at java.lang.reflect.Method.invoke(Method.java:497)
	at org.openqa.selenium.support.pagefactory.internal.LocatingElementHandler.invoke(LocatingElementHandler.java:52)
	at com.sun.proxy.$Proxy24.sendKeys(Unknown Source)
	at pageObjects.OutboundReturnCashlettesPage.EnterEndpointdetails(OutboundReturnCashlettesPage.java:54)
	at StepDefinations.OutbondreturnCashlettersStep.user_enter_ob_endpoint_details_as_something_and_something(OutbondreturnCashlettersStep.java:97)
	at .user enter OB Endpoint details as "5000.00" and "1000.00"(file:///F:/SumitWorkspace_new/Cucumber_ATF/src/test/resources/features/test.feature:10)

      org.openqa.selenium.UnhandledAlertException: unexpected alert open: {Alert text : Please enter a valid number.}
  (Session info: chrome=109.0.5414.129): Please enter a valid number.
Build info: version: '4.8.1', revision: '8ebccac989'
System info: os.name: 'Windows Server 2012 R2', os.arch: 'amd64', os.version: '6.3', java.version: '1.8.0_60'
Driver info: org.openqa.selenium.chrome.ChromeDriver
Command: [8e483ac1c89de0042871b03397b05356, screenshot {}]
Capabilities {acceptInsecureCerts: true, browserName: chrome, browserVersion: 109.0.5414.129, chrome: {chromedriverVersion: 108.0.5359.71 (1e0e3868ee06..., userDataDir: C:\Users\F3K8U4L\AppData\Lo...}, goog:chromeOptions: {debuggerAddress: localhost:54733}, networkConnectionEnabled: false, pageLoadStrategy: normal, platformName: WINDOWS, proxy: Proxy(), se:cdp: ws://localhost:54733/devtoo..., se:cdpVersion: 109.0.5414.129, setWindowRect: true, strictFileInteractability: false, timeouts: {implicit: 0, pageLoad: 300000, script: 30000}, unhandledPromptBehavior: dismiss and notify, webauthn:extension:credBlob: true, webauthn:extension:largeBlob: true, webauthn:virtualAuthenticators: true}
Session ID: 8e483ac1c89de0042871b03397b05356
	at org.openqa.selenium.remote.codec.w3c.W3CHttpResponseCodec.decode(W3CHttpResponseCodec.java:131)
	at org.openqa.selenium.remote.codec.w3c.W3CHttpResponseCodec.decode(W3CHttpResponseCodec.java:53)
	at org.openqa.selenium.remote.HttpCommandExecutor.execute(HttpCommandExecutor.java:184)
	at org.openqa.selenium.remote.service.DriverCommandExecutor.invokeExecute(DriverCommandExecutor.java:167)
	at org.openqa.selenium.remote.service.DriverCommandExecutor.execute(DriverCommandExecutor.java:142)
	at org.openqa.selenium.remote.RemoteWebDriver.execute(RemoteWebDriver.java:543)
	at org.openqa.selenium.remote.RemoteWebDriver.execute(RemoteWebDriver.java:598)
	at org.openqa.selenium.remote.RemoteWebDriver.execute(RemoteWebDriver.java:602)
	at org.openqa.selenium.remote.RemoteWebDriver.getScreenshotAs(RemoteWebDriver.java:318)
	at StepDefinations.Hooks.getScreenshots(Hooks.java:35)

  And user click on Cashlettrs                                                                                             # StepDefinations.InreturnCAshlettrsStepDef.user_click_on_cashlettrs()
  Then verify popup alert message as "The Endpoint number Begin Value must be smaller then the Endpoint Number End Value." # StepDefinations.IncomingStepDef.verify_popup_alert_message_as_something(java.lang.String)
  And user log out of application                                                                                          # StepDefinations.logincheck.user_log_out_of_application()
]]></system-out>
    <system-err><![CDATA[Starting ChromeDriver 108.0.5359.71 (1e0e3868ee06e91ad636a874420e3ca3ae3756ac-refs/branch-heads/5359@{#1016}) on port 30192
Only local connections are allowed.
Please see https://chromedriver.chromium.org/security-considerations for suggestions on keeping ChromeDriver safe.
ChromeDriver was started successfully.
[1680691441.526][WARNING]: This version of ChromeDriver has not been tested with Chrome version 109.
]]></system-err>
  </testcase>
</testsuite>