<?xml version="1.0" encoding="UTF-8"?>
<testng-results skipped="0" failed="1" total="45" passed="44">
  <reporter-output>
  </reporter-output>
  <suite name="Default suite" duration-ms="227304" started-at="2023-04-03T10:00:25Z" finished-at="2023-04-03T10:04:12Z">
    <groups>
      <group name="cucumber">
        <method signature="AbstractTestNGCucumberTests.runScenario(io.cucumber.testng.PickleWrapper, io.cucumber.testng.FeatureWrapper)[pri:0, instance:TestRunner.TestNGTestRunner@23ceabc1]" name="runScenario" class="io.cucumber.testng.AbstractTestNGCucumberTests"/>
      </group> <!-- cucumber -->
    </groups>
    <test name="Default test" duration-ms="227304" started-at="2023-04-03T10:00:25Z" finished-at="2023-04-03T10:04:12Z">
      <class name="TestRunner.TestNGTestRunner">
        <test-method status="PASS" signature="setUpClass(org.testng.ITestContext)[pri:0, instance:TestRunner.TestNGTestRunner@23ceabc1]" name="setUpClass" is-config="true" duration-ms="887" started-at="2023-04-03T06:00:25Z" finished-at="2023-04-03T06:00:26Z">
          <params>
            <param index="0">
              <value>
                <![CDATA[org.testng.TestRunner@6859080d]]>
              </value>
            </param>
          </params>
          <reporter-output>
          </reporter-output>
        </test-method> <!-- setUpClass -->
        <test-method status="PASS" signature="runScenario(io.cucumber.testng.PickleWrapper, io.cucumber.testng.FeatureWrapper)[pri:0, instance:TestRunner.TestNGTestRunner@23ceabc1]" name="runScenario" duration-ms="7330" started-at="2023-04-03T06:00:26Z" description="Runs Cucumber Scenarios" data-provider="scenarios" finished-at="2023-04-03T06:00:33Z">
          <params>
            <param index="0">
              <value>
                <![CDATA["IR001"]]>
              </value>
            </param>
            <param index="1">
              <value>
                <![CDATA["InBoundReturn scenario check"]]>
              </value>
            </param>
          </params>
          <reporter-output>
          </reporter-output>
        </test-method> <!-- runScenario -->
        <test-method status="PASS" signature="runScenario(io.cucumber.testng.PickleWrapper, io.cucumber.testng.FeatureWrapper)[pri:0, instance:TestRunner.TestNGTestRunner@23ceabc1]" name="runScenario" duration-ms="4307" started-at="2023-04-03T06:00:33Z" description="Runs Cucumber Scenarios" data-provider="scenarios" finished-at="2023-04-03T06:00:37Z">
          <params>
            <param index="0">
              <value>
                <![CDATA["IR002"]]>
              </value>
            </param>
            <param index="1">
              <value>
                <![CDATA["InBoundReturn scenario check"]]>
              </value>
            </param>
          </params>
          <reporter-output>
          </reporter-output>
        </test-method> <!-- runScenario -->
        <test-method status="PASS" signature="runScenario(io.cucumber.testng.PickleWrapper, io.cucumber.testng.FeatureWrapper)[pri:0, instance:TestRunner.TestNGTestRunner@23ceabc1]" name="runScenario" duration-ms="4276" started-at="2023-04-03T06:00:37Z" description="Runs Cucumber Scenarios" data-provider="scenarios" finished-at="2023-04-03T06:00:42Z">
          <params>
            <param index="0">
              <value>
                <![CDATA["IC001"]]>
              </value>
            </param>
            <param index="1">
              <value>
                <![CDATA["InReturn Cashletters scenario check"]]>
              </value>
            </param>
          </params>
          <reporter-output>
          </reporter-output>
        </test-method> <!-- runScenario -->
        <test-method status="PASS" signature="runScenario(io.cucumber.testng.PickleWrapper, io.cucumber.testng.FeatureWrapper)[pri:0, instance:TestRunner.TestNGTestRunner@23ceabc1]" name="runScenario" duration-ms="4726" started-at="2023-04-03T06:00:42Z" description="Runs Cucumber Scenarios" data-provider="scenarios" finished-at="2023-04-03T06:00:46Z">
          <params>
            <param index="0">
              <value>
                <![CDATA["IC002"]]>
              </value>
            </param>
            <param index="1">
              <value>
                <![CDATA["InReturn Cashletters scenario check"]]>
              </value>
            </param>
          </params>
          <reporter-output>
          </reporter-output>
        </test-method> <!-- runScenario -->
        <test-method status="PASS" signature="runScenario(io.cucumber.testng.PickleWrapper, io.cucumber.testng.FeatureWrapper)[pri:0, instance:TestRunner.TestNGTestRunner@23ceabc1]" name="runScenario" duration-ms="5263" started-at="2023-04-03T06:00:46Z" description="Runs Cucumber Scenarios" data-provider="scenarios" finished-at="2023-04-03T06:00:52Z">
          <params>
            <param index="0">
              <value>
                <![CDATA["IC003"]]>
              </value>
            </param>
            <param index="1">
              <value>
                <![CDATA["InReturn Cashletters scenario check"]]>
              </value>
            </param>
          </params>
          <reporter-output>
          </reporter-output>
        </test-method> <!-- runScenario -->
        <test-method status="PASS" signature="runScenario(io.cucumber.testng.PickleWrapper, io.cucumber.testng.FeatureWrapper)[pri:0, instance:TestRunner.TestNGTestRunner@23ceabc1]" name="runScenario" duration-ms="5912" started-at="2023-04-03T06:00:52Z" description="Runs Cucumber Scenarios" data-provider="scenarios" finished-at="2023-04-03T06:00:57Z">
          <params>
            <param index="0">
              <value>
                <![CDATA["IC004 IC005"]]>
              </value>
            </param>
            <param index="1">
              <value>
                <![CDATA["InReturn Cashletters scenario check"]]>
              </value>
            </param>
          </params>
          <reporter-output>
          </reporter-output>
        </test-method> <!-- runScenario -->
        <test-method status="PASS" signature="runScenario(io.cucumber.testng.PickleWrapper, io.cucumber.testng.FeatureWrapper)[pri:0, instance:TestRunner.TestNGTestRunner@23ceabc1]" name="runScenario" duration-ms="4243" started-at="2023-04-03T06:00:57Z" description="Runs Cucumber Scenarios" data-provider="scenarios" finished-at="2023-04-03T06:01:02Z">
          <params>
            <param index="0">
              <value>
                <![CDATA["IC0033"]]>
              </value>
            </param>
            <param index="1">
              <value>
                <![CDATA["InReturn Cashletters scenario check"]]>
              </value>
            </param>
          </params>
          <reporter-output>
          </reporter-output>
        </test-method> <!-- runScenario -->
        <test-method status="PASS" signature="runScenario(io.cucumber.testng.PickleWrapper, io.cucumber.testng.FeatureWrapper)[pri:0, instance:TestRunner.TestNGTestRunner@23ceabc1]" name="runScenario" duration-ms="4375" started-at="2023-04-03T06:01:02Z" description="Runs Cucumber Scenarios" data-provider="scenarios" finished-at="2023-04-03T06:01:06Z">
          <params>
            <param index="0">
              <value>
                <![CDATA["IC0034"]]>
              </value>
            </param>
            <param index="1">
              <value>
                <![CDATA["InReturn Cashletters scenario check"]]>
              </value>
            </param>
          </params>
          <reporter-output>
          </reporter-output>
        </test-method> <!-- runScenario -->
        <test-method status="FAIL" signature="runScenario(io.cucumber.testng.PickleWrapper, io.cucumber.testng.FeatureWrapper)[pri:0, instance:TestRunner.TestNGTestRunner@23ceabc1]" name="runScenario" duration-ms="16378" started-at="2023-04-03T06:01:06Z" description="Runs Cucumber Scenarios" data-provider="scenarios" finished-at="2023-04-03T06:01:22Z">
          <params>
            <param index="0">
              <value>
                <![CDATA["IC0035"]]>
              </value>
            </param>
            <param index="1">
              <value>
                <![CDATA["InReturn Cashletters scenario check"]]>
              </value>
            </param>
          </params>
          <exception class="org.openqa.selenium.InvalidArgumentException">
            <message>
              <![CDATA[invalid argument: uniqueContextId not found
  (Session info: chrome=109.0.5414.129)
Build info: version: '4.8.1', revision: '8ebccac989'
System info: os.name: 'Windows Server 2012 R2', os.arch: 'amd64', os.version: '6.3', java.version: '1.8.0_60'
Driver info: org.openqa.selenium.chrome.ChromeDriver
Command: [71826026d85351cfb375cb1ed6766be8, findElements {using=xpath, value=//tr[@class="topbody"]//tr[14]/td}]
Capabilities {acceptInsecureCerts: true, browserName: chrome, browserVersion: 109.0.5414.129, chrome: {chromedriverVersion: 108.0.5359.71 (1e0e3868ee06..., userDataDir: C:\Users\F3K8U4L\AppData\Lo...}, goog:chromeOptions: {debuggerAddress: localhost:60504}, networkConnectionEnabled: false, pageLoadStrategy: normal, platformName: WINDOWS, proxy: Proxy(), se:cdp: ws://localhost:60504/devtoo..., se:cdpVersion: 109.0.5414.129, setWindowRect: true, strictFileInteractability: false, timeouts: {implicit: 0, pageLoad: 300000, script: 30000}, unhandledPromptBehavior: dismiss and notify, webauthn:extension:credBlob: true, webauthn:extension:largeBlob: true, webauthn:virtualAuthenticators: true}
Session ID: 71826026d85351cfb375cb1ed6766be8]]>
            </message>
            <full-stacktrace>
              <![CDATA[org.openqa.selenium.InvalidArgumentException: invalid argument: uniqueContextId not found
  (Session info: chrome=109.0.5414.129)
Build info: version: '4.8.1', revision: '8ebccac989'
System info: os.name: 'Windows Server 2012 R2', os.arch: 'amd64', os.version: '6.3', java.version: '1.8.0_60'
Driver info: org.openqa.selenium.chrome.ChromeDriver
Command: [71826026d85351cfb375cb1ed6766be8, findElements {using=xpath, value=//tr[@class="topbody"]//tr[14]/td}]
Capabilities {acceptInsecureCerts: true, browserName: chrome, browserVersion: 109.0.5414.129, chrome: {chromedriverVersion: 108.0.5359.71 (1e0e3868ee06..., userDataDir: C:\Users\F3K8U4L\AppData\Lo...}, goog:chromeOptions: {debuggerAddress: localhost:60504}, networkConnectionEnabled: false, pageLoadStrategy: normal, platformName: WINDOWS, proxy: Proxy(), se:cdp: ws://localhost:60504/devtoo..., se:cdpVersion: 109.0.5414.129, setWindowRect: true, strictFileInteractability: false, timeouts: {implicit: 0, pageLoad: 300000, script: 30000}, unhandledPromptBehavior: dismiss and notify, webauthn:extension:credBlob: true, webauthn:extension:largeBlob: true, webauthn:virtualAuthenticators: true}
Session ID: 71826026d85351cfb375cb1ed6766be8
	at sun.reflect.NativeConstructorAccessorImpl.newInstance0(Native Method)
	at sun.reflect.NativeConstructorAccessorImpl.newInstance(NativeConstructorAccessorImpl.java:62)
	at sun.reflect.DelegatingConstructorAccessorImpl.newInstance(DelegatingConstructorAccessorImpl.java:45)
	at java.lang.reflect.Constructor.newInstance(Constructor.java:422)
	at org.openqa.selenium.remote.codec.w3c.W3CHttpResponseCodec.createException(W3CHttpResponseCodec.java:200)
	at org.openqa.selenium.remote.codec.w3c.W3CHttpResponseCodec.decode(W3CHttpResponseCodec.java:133)
	at org.openqa.selenium.remote.codec.w3c.W3CHttpResponseCodec.decode(W3CHttpResponseCodec.java:53)
	at org.openqa.selenium.remote.HttpCommandExecutor.execute(HttpCommandExecutor.java:184)
	at org.openqa.selenium.remote.service.DriverCommandExecutor.invokeExecute(DriverCommandExecutor.java:167)
	at org.openqa.selenium.remote.service.DriverCommandExecutor.execute(DriverCommandExecutor.java:142)
	at org.openqa.selenium.remote.RemoteWebDriver.execute(RemoteWebDriver.java:543)
	at org.openqa.selenium.remote.ElementLocation$ElementFinder$2.findElements(ElementLocation.java:179)
	at org.openqa.selenium.remote.ElementLocation.findElements(ElementLocation.java:102)
	at org.openqa.selenium.remote.RemoteWebDriver.findElements(RemoteWebDriver.java:367)
	at org.openqa.selenium.remote.RemoteWebDriver.findElements(RemoteWebDriver.java:359)
	at pageObjects.InreturnCashLattersPage.checkbutton(InreturnCashLattersPage.java:118)
	at StepDefinations.InreturnCAshlettrsStepDef.check_the_additional_buttons_available_outside_the_result_screen(InreturnCAshlettrsStepDef.java:113)
	at ✽.Check the additional buttons available outside the result screen(file:///F:/SumitWorkspace_new/Cucumber_ATF/src/test/resources/features/InReturnCashlettrs.feature:57)
]]>
            </full-stacktrace>
          </exception> <!-- org.openqa.selenium.InvalidArgumentException -->
          <reporter-output>
          </reporter-output>
        </test-method> <!-- runScenario -->
        <test-method status="PASS" signature="runScenario(io.cucumber.testng.PickleWrapper, io.cucumber.testng.FeatureWrapper)[pri:0, instance:TestRunner.TestNGTestRunner@23ceabc1]" name="runScenario" duration-ms="4384" started-at="2023-04-03T06:01:22Z" description="Runs Cucumber Scenarios" data-provider="scenarios" finished-at="2023-04-03T06:01:27Z">
          <params>
            <param index="0">
              <value>
                <![CDATA["IC0035"]]>
              </value>
            </param>
            <param index="1">
              <value>
                <![CDATA["InReturn Cashletters scenario check"]]>
              </value>
            </param>
          </params>
          <reporter-output>
          </reporter-output>
        </test-method> <!-- runScenario -->
        <test-method status="PASS" signature="runScenario(io.cucumber.testng.PickleWrapper, io.cucumber.testng.FeatureWrapper)[pri:0, instance:TestRunner.TestNGTestRunner@23ceabc1]" name="runScenario" duration-ms="5153" started-at="2023-04-03T06:01:27Z" description="Runs Cucumber Scenarios" data-provider="scenarios" finished-at="2023-04-03T06:01:32Z">
          <params>
            <param index="0">
              <value>
                <![CDATA["IC038"]]>
              </value>
            </param>
            <param index="1">
              <value>
                <![CDATA["InReturn Cashletters scenario check"]]>
              </value>
            </param>
          </params>
          <reporter-output>
          </reporter-output>
        </test-method> <!-- runScenario -->
        <test-method status="PASS" signature="runScenario(io.cucumber.testng.PickleWrapper, io.cucumber.testng.FeatureWrapper)[pri:0, instance:TestRunner.TestNGTestRunner@23ceabc1]" name="runScenario" duration-ms="4725" started-at="2023-04-03T06:01:32Z" description="Runs Cucumber Scenarios" data-provider="scenarios" finished-at="2023-04-03T06:01:37Z">
          <params>
            <param index="0">
              <value>
                <![CDATA["IC006 to IC0036"]]>
              </value>
            </param>
            <param index="1">
              <value>
                <![CDATA["InReturn Cashletters scenario check"]]>
              </value>
            </param>
          </params>
          <reporter-output>
          </reporter-output>
        </test-method> <!-- runScenario -->
        <test-method status="PASS" signature="runScenario(io.cucumber.testng.PickleWrapper, io.cucumber.testng.FeatureWrapper)[pri:0, instance:TestRunner.TestNGTestRunner@23ceabc1]" name="runScenario" duration-ms="4674" started-at="2023-04-03T06:01:37Z" description="Runs Cucumber Scenarios" data-provider="scenarios" finished-at="2023-04-03T06:01:41Z">
          <params>
            <param index="0">
              <value>
                <![CDATA["IC006 to IC0036"]]>
              </value>
            </param>
            <param index="1">
              <value>
                <![CDATA["InReturn Cashletters scenario check"]]>
              </value>
            </param>
          </params>
          <reporter-output>
          </reporter-output>
        </test-method> <!-- runScenario -->
        <test-method status="PASS" signature="runScenario(io.cucumber.testng.PickleWrapper, io.cucumber.testng.FeatureWrapper)[pri:0, instance:TestRunner.TestNGTestRunner@23ceabc1]" name="runScenario" duration-ms="4134" started-at="2023-04-03T06:01:41Z" description="Runs Cucumber Scenarios" data-provider="scenarios" finished-at="2023-04-03T06:01:46Z">
          <params>
            <param index="0">
              <value>
                <![CDATA["IC006 to IC0036"]]>
              </value>
            </param>
            <param index="1">
              <value>
                <![CDATA["InReturn Cashletters scenario check"]]>
              </value>
            </param>
          </params>
          <reporter-output>
          </reporter-output>
        </test-method> <!-- runScenario -->
        <test-method status="PASS" signature="runScenario(io.cucumber.testng.PickleWrapper, io.cucumber.testng.FeatureWrapper)[pri:0, instance:TestRunner.TestNGTestRunner@23ceabc1]" name="runScenario" duration-ms="4375" started-at="2023-04-03T06:01:46Z" description="Runs Cucumber Scenarios" data-provider="scenarios" finished-at="2023-04-03T06:01:50Z">
          <params>
            <param index="0">
              <value>
                <![CDATA["IC006 to IC0036"]]>
              </value>
            </param>
            <param index="1">
              <value>
                <![CDATA["InReturn Cashletters scenario check"]]>
              </value>
            </param>
          </params>
          <reporter-output>
          </reporter-output>
        </test-method> <!-- runScenario -->
        <test-method status="PASS" signature="runScenario(io.cucumber.testng.PickleWrapper, io.cucumber.testng.FeatureWrapper)[pri:0, instance:TestRunner.TestNGTestRunner@23ceabc1]" name="runScenario" duration-ms="5480" started-at="2023-04-03T06:01:50Z" description="Runs Cucumber Scenarios" data-provider="scenarios" finished-at="2023-04-03T06:01:55Z">
          <params>
            <param index="0">
              <value>
                <![CDATA["IC006 to IC0036"]]>
              </value>
            </param>
            <param index="1">
              <value>
                <![CDATA["InReturn Cashletters scenario check"]]>
              </value>
            </param>
          </params>
          <reporter-output>
          </reporter-output>
        </test-method> <!-- runScenario -->
        <test-method status="PASS" signature="runScenario(io.cucumber.testng.PickleWrapper, io.cucumber.testng.FeatureWrapper)[pri:0, instance:TestRunner.TestNGTestRunner@23ceabc1]" name="runScenario" duration-ms="4323" started-at="2023-04-03T06:01:55Z" description="Runs Cucumber Scenarios" data-provider="scenarios" finished-at="2023-04-03T06:02:00Z">
          <params>
            <param index="0">
              <value>
                <![CDATA["IC006 to IC0036"]]>
              </value>
            </param>
            <param index="1">
              <value>
                <![CDATA["InReturn Cashletters scenario check"]]>
              </value>
            </param>
          </params>
          <reporter-output>
          </reporter-output>
        </test-method> <!-- runScenario -->
        <test-method status="PASS" signature="runScenario(io.cucumber.testng.PickleWrapper, io.cucumber.testng.FeatureWrapper)[pri:0, instance:TestRunner.TestNGTestRunner@23ceabc1]" name="runScenario" duration-ms="5100" started-at="2023-04-03T06:02:00Z" description="Runs Cucumber Scenarios" data-provider="scenarios" finished-at="2023-04-03T06:02:05Z">
          <params>
            <param index="0">
              <value>
                <![CDATA["IC006 to IC0036"]]>
              </value>
            </param>
            <param index="1">
              <value>
                <![CDATA["InReturn Cashletters scenario check"]]>
              </value>
            </param>
          </params>
          <reporter-output>
          </reporter-output>
        </test-method> <!-- runScenario -->
        <test-method status="PASS" signature="runScenario(io.cucumber.testng.PickleWrapper, io.cucumber.testng.FeatureWrapper)[pri:0, instance:TestRunner.TestNGTestRunner@23ceabc1]" name="runScenario" duration-ms="4649" started-at="2023-04-03T06:02:05Z" description="Runs Cucumber Scenarios" data-provider="scenarios" finished-at="2023-04-03T06:02:09Z">
          <params>
            <param index="0">
              <value>
                <![CDATA["IC006 to IC0036"]]>
              </value>
            </param>
            <param index="1">
              <value>
                <![CDATA["InReturn Cashletters scenario check"]]>
              </value>
            </param>
          </params>
          <reporter-output>
          </reporter-output>
        </test-method> <!-- runScenario -->
        <test-method status="PASS" signature="runScenario(io.cucumber.testng.PickleWrapper, io.cucumber.testng.FeatureWrapper)[pri:0, instance:TestRunner.TestNGTestRunner@23ceabc1]" name="runScenario" duration-ms="4192" started-at="2023-04-03T06:02:09Z" description="Runs Cucumber Scenarios" data-provider="scenarios" finished-at="2023-04-03T06:02:14Z">
          <params>
            <param index="0">
              <value>
                <![CDATA["IC006 to IC0036"]]>
              </value>
            </param>
            <param index="1">
              <value>
                <![CDATA["InReturn Cashletters scenario check"]]>
              </value>
            </param>
          </params>
          <reporter-output>
          </reporter-output>
        </test-method> <!-- runScenario -->
        <test-method status="PASS" signature="runScenario(io.cucumber.testng.PickleWrapper, io.cucumber.testng.FeatureWrapper)[pri:0, instance:TestRunner.TestNGTestRunner@23ceabc1]" name="runScenario" duration-ms="4123" started-at="2023-04-03T06:02:14Z" description="Runs Cucumber Scenarios" data-provider="scenarios" finished-at="2023-04-03T06:02:18Z">
          <params>
            <param index="0">
              <value>
                <![CDATA["IC006 to IC0036"]]>
              </value>
            </param>
            <param index="1">
              <value>
                <![CDATA["InReturn Cashletters scenario check"]]>
              </value>
            </param>
          </params>
          <reporter-output>
          </reporter-output>
        </test-method> <!-- runScenario -->
        <test-method status="PASS" signature="runScenario(io.cucumber.testng.PickleWrapper, io.cucumber.testng.FeatureWrapper)[pri:0, instance:TestRunner.TestNGTestRunner@23ceabc1]" name="runScenario" duration-ms="4053" started-at="2023-04-03T06:02:18Z" description="Runs Cucumber Scenarios" data-provider="scenarios" finished-at="2023-04-03T06:02:22Z">
          <params>
            <param index="0">
              <value>
                <![CDATA["IC006 to IC0036"]]>
              </value>
            </param>
            <param index="1">
              <value>
                <![CDATA["InReturn Cashletters scenario check"]]>
              </value>
            </param>
          </params>
          <reporter-output>
          </reporter-output>
        </test-method> <!-- runScenario -->
        <test-method status="PASS" signature="runScenario(io.cucumber.testng.PickleWrapper, io.cucumber.testng.FeatureWrapper)[pri:0, instance:TestRunner.TestNGTestRunner@23ceabc1]" name="runScenario" duration-ms="4696" started-at="2023-04-03T06:02:22Z" description="Runs Cucumber Scenarios" data-provider="scenarios" finished-at="2023-04-03T06:02:27Z">
          <params>
            <param index="0">
              <value>
                <![CDATA["IC006 to IC0036"]]>
              </value>
            </param>
            <param index="1">
              <value>
                <![CDATA["InReturn Cashletters scenario check"]]>
              </value>
            </param>
          </params>
          <reporter-output>
          </reporter-output>
        </test-method> <!-- runScenario -->
        <test-method status="PASS" signature="runScenario(io.cucumber.testng.PickleWrapper, io.cucumber.testng.FeatureWrapper)[pri:0, instance:TestRunner.TestNGTestRunner@23ceabc1]" name="runScenario" duration-ms="5290" started-at="2023-04-03T06:02:27Z" description="Runs Cucumber Scenarios" data-provider="scenarios" finished-at="2023-04-03T06:02:32Z">
          <params>
            <param index="0">
              <value>
                <![CDATA["IC006 to IC0036"]]>
              </value>
            </param>
            <param index="1">
              <value>
                <![CDATA["InReturn Cashletters scenario check"]]>
              </value>
            </param>
          </params>
          <reporter-output>
          </reporter-output>
        </test-method> <!-- runScenario -->
        <test-method status="PASS" signature="runScenario(io.cucumber.testng.PickleWrapper, io.cucumber.testng.FeatureWrapper)[pri:0, instance:TestRunner.TestNGTestRunner@23ceabc1]" name="runScenario" duration-ms="4588" started-at="2023-04-03T06:02:32Z" description="Runs Cucumber Scenarios" data-provider="scenarios" finished-at="2023-04-03T06:02:36Z">
          <params>
            <param index="0">
              <value>
                <![CDATA["IC006 to IC0036"]]>
              </value>
            </param>
            <param index="1">
              <value>
                <![CDATA["InReturn Cashletters scenario check"]]>
              </value>
            </param>
          </params>
          <reporter-output>
          </reporter-output>
        </test-method> <!-- runScenario -->
        <test-method status="PASS" signature="runScenario(io.cucumber.testng.PickleWrapper, io.cucumber.testng.FeatureWrapper)[pri:0, instance:TestRunner.TestNGTestRunner@23ceabc1]" name="runScenario" duration-ms="4280" started-at="2023-04-03T06:02:36Z" description="Runs Cucumber Scenarios" data-provider="scenarios" finished-at="2023-04-03T06:02:41Z">
          <params>
            <param index="0">
              <value>
                <![CDATA["IC006 to IC0036"]]>
              </value>
            </param>
            <param index="1">
              <value>
                <![CDATA["InReturn Cashletters scenario check"]]>
              </value>
            </param>
          </params>
          <reporter-output>
          </reporter-output>
        </test-method> <!-- runScenario -->
        <test-method status="PASS" signature="runScenario(io.cucumber.testng.PickleWrapper, io.cucumber.testng.FeatureWrapper)[pri:0, instance:TestRunner.TestNGTestRunner@23ceabc1]" name="runScenario" duration-ms="4090" started-at="2023-04-03T06:02:41Z" description="Runs Cucumber Scenarios" data-provider="scenarios" finished-at="2023-04-03T06:02:45Z">
          <params>
            <param index="0">
              <value>
                <![CDATA["IC006 to IC0036"]]>
              </value>
            </param>
            <param index="1">
              <value>
                <![CDATA["InReturn Cashletters scenario check"]]>
              </value>
            </param>
          </params>
          <reporter-output>
          </reporter-output>
        </test-method> <!-- runScenario -->
        <test-method status="PASS" signature="runScenario(io.cucumber.testng.PickleWrapper, io.cucumber.testng.FeatureWrapper)[pri:0, instance:TestRunner.TestNGTestRunner@23ceabc1]" name="runScenario" duration-ms="4425" started-at="2023-04-03T06:02:45Z" description="Runs Cucumber Scenarios" data-provider="scenarios" finished-at="2023-04-03T06:02:49Z">
          <params>
            <param index="0">
              <value>
                <![CDATA["IC006 to IC0036"]]>
              </value>
            </param>
            <param index="1">
              <value>
                <![CDATA["InReturn Cashletters scenario check"]]>
              </value>
            </param>
          </params>
          <reporter-output>
          </reporter-output>
        </test-method> <!-- runScenario -->
        <test-method status="PASS" signature="runScenario(io.cucumber.testng.PickleWrapper, io.cucumber.testng.FeatureWrapper)[pri:0, instance:TestRunner.TestNGTestRunner@23ceabc1]" name="runScenario" duration-ms="4431" started-at="2023-04-03T06:02:49Z" description="Runs Cucumber Scenarios" data-provider="scenarios" finished-at="2023-04-03T06:02:54Z">
          <params>
            <param index="0">
              <value>
                <![CDATA["IC006 to IC0036"]]>
              </value>
            </param>
            <param index="1">
              <value>
                <![CDATA["InReturn Cashletters scenario check"]]>
              </value>
            </param>
          </params>
          <reporter-output>
          </reporter-output>
        </test-method> <!-- runScenario -->
        <test-method status="PASS" signature="runScenario(io.cucumber.testng.PickleWrapper, io.cucumber.testng.FeatureWrapper)[pri:0, instance:TestRunner.TestNGTestRunner@23ceabc1]" name="runScenario" duration-ms="4671" started-at="2023-04-03T06:02:54Z" description="Runs Cucumber Scenarios" data-provider="scenarios" finished-at="2023-04-03T06:02:58Z">
          <params>
            <param index="0">
              <value>
                <![CDATA["IC006 to IC0036"]]>
              </value>
            </param>
            <param index="1">
              <value>
                <![CDATA["InReturn Cashletters scenario check"]]>
              </value>
            </param>
          </params>
          <reporter-output>
          </reporter-output>
        </test-method> <!-- runScenario -->
        <test-method status="PASS" signature="runScenario(io.cucumber.testng.PickleWrapper, io.cucumber.testng.FeatureWrapper)[pri:0, instance:TestRunner.TestNGTestRunner@23ceabc1]" name="runScenario" duration-ms="4179" started-at="2023-04-03T06:02:58Z" description="Runs Cucumber Scenarios" data-provider="scenarios" finished-at="2023-04-03T06:03:02Z">
          <params>
            <param index="0">
              <value>
                <![CDATA["IC006 to IC0036"]]>
              </value>
            </param>
            <param index="1">
              <value>
                <![CDATA["InReturn Cashletters scenario check"]]>
              </value>
            </param>
          </params>
          <reporter-output>
          </reporter-output>
        </test-method> <!-- runScenario -->
        <test-method status="PASS" signature="runScenario(io.cucumber.testng.PickleWrapper, io.cucumber.testng.FeatureWrapper)[pri:0, instance:TestRunner.TestNGTestRunner@23ceabc1]" name="runScenario" duration-ms="4115" started-at="2023-04-03T06:03:02Z" description="Runs Cucumber Scenarios" data-provider="scenarios" finished-at="2023-04-03T06:03:07Z">
          <params>
            <param index="0">
              <value>
                <![CDATA["IC006 to IC0036"]]>
              </value>
            </param>
            <param index="1">
              <value>
                <![CDATA["InReturn Cashletters scenario check"]]>
              </value>
            </param>
          </params>
          <reporter-output>
          </reporter-output>
        </test-method> <!-- runScenario -->
        <test-method status="PASS" signature="runScenario(io.cucumber.testng.PickleWrapper, io.cucumber.testng.FeatureWrapper)[pri:0, instance:TestRunner.TestNGTestRunner@23ceabc1]" name="runScenario" duration-ms="5619" started-at="2023-04-03T06:03:07Z" description="Runs Cucumber Scenarios" data-provider="scenarios" finished-at="2023-04-03T06:03:12Z">
          <params>
            <param index="0">
              <value>
                <![CDATA["IC006 to IC0036"]]>
              </value>
            </param>
            <param index="1">
              <value>
                <![CDATA["InReturn Cashletters scenario check"]]>
              </value>
            </param>
          </params>
          <reporter-output>
          </reporter-output>
        </test-method> <!-- runScenario -->
        <test-method status="PASS" signature="runScenario(io.cucumber.testng.PickleWrapper, io.cucumber.testng.FeatureWrapper)[pri:0, instance:TestRunner.TestNGTestRunner@23ceabc1]" name="runScenario" duration-ms="3929" started-at="2023-04-03T06:03:12Z" description="Runs Cucumber Scenarios" data-provider="scenarios" finished-at="2023-04-03T06:03:16Z">
          <params>
            <param index="0">
              <value>
                <![CDATA["INC001"]]>
              </value>
            </param>
            <param index="1">
              <value>
                <![CDATA["Incoming scenario check"]]>
              </value>
            </param>
          </params>
          <reporter-output>
          </reporter-output>
        </test-method> <!-- runScenario -->
        <test-method status="PASS" signature="runScenario(io.cucumber.testng.PickleWrapper, io.cucumber.testng.FeatureWrapper)[pri:0, instance:TestRunner.TestNGTestRunner@23ceabc1]" name="runScenario" duration-ms="5545" started-at="2023-04-03T06:03:16Z" description="Runs Cucumber Scenarios" data-provider="scenarios" finished-at="2023-04-03T06:03:22Z">
          <params>
            <param index="0">
              <value>
                <![CDATA["INC002"]]>
              </value>
            </param>
            <param index="1">
              <value>
                <![CDATA["Incoming scenario check"]]>
              </value>
            </param>
          </params>
          <reporter-output>
          </reporter-output>
        </test-method> <!-- runScenario -->
        <test-method status="PASS" signature="runScenario(io.cucumber.testng.PickleWrapper, io.cucumber.testng.FeatureWrapper)[pri:0, instance:TestRunner.TestNGTestRunner@23ceabc1]" name="runScenario" duration-ms="5427" started-at="2023-04-03T06:03:22Z" description="Runs Cucumber Scenarios" data-provider="scenarios" finished-at="2023-04-03T06:03:27Z">
          <params>
            <param index="0">
              <value>
                <![CDATA["INC003"]]>
              </value>
            </param>
            <param index="1">
              <value>
                <![CDATA["Incoming scenario check"]]>
              </value>
            </param>
          </params>
          <reporter-output>
          </reporter-output>
        </test-method> <!-- runScenario -->
        <test-method status="PASS" signature="runScenario(io.cucumber.testng.PickleWrapper, io.cucumber.testng.FeatureWrapper)[pri:0, instance:TestRunner.TestNGTestRunner@23ceabc1]" name="runScenario" duration-ms="6031" started-at="2023-04-03T06:03:27Z" description="Runs Cucumber Scenarios" data-provider="scenarios" finished-at="2023-04-03T06:03:33Z">
          <params>
            <param index="0">
              <value>
                <![CDATA["INC004"]]>
              </value>
            </param>
            <param index="1">
              <value>
                <![CDATA["Incoming scenario check"]]>
              </value>
            </param>
          </params>
          <reporter-output>
          </reporter-output>
        </test-method> <!-- runScenario -->
        <test-method status="PASS" signature="runScenario(io.cucumber.testng.PickleWrapper, io.cucumber.testng.FeatureWrapper)[pri:0, instance:TestRunner.TestNGTestRunner@23ceabc1]" name="runScenario" duration-ms="4458" started-at="2023-04-03T06:03:33Z" description="Runs Cucumber Scenarios" data-provider="scenarios" finished-at="2023-04-03T06:03:38Z">
          <params>
            <param index="0">
              <value>
                <![CDATA["INC005"]]>
              </value>
            </param>
            <param index="1">
              <value>
                <![CDATA["Incoming scenario check"]]>
              </value>
            </param>
          </params>
          <reporter-output>
          </reporter-output>
        </test-method> <!-- runScenario -->
        <test-method status="PASS" signature="runScenario(io.cucumber.testng.PickleWrapper, io.cucumber.testng.FeatureWrapper)[pri:0, instance:TestRunner.TestNGTestRunner@23ceabc1]" name="runScenario" duration-ms="6768" started-at="2023-04-03T06:03:38Z" description="Runs Cucumber Scenarios" data-provider="scenarios" finished-at="2023-04-03T06:03:44Z">
          <params>
            <param index="0">
              <value>
                <![CDATA["INC007"]]>
              </value>
            </param>
            <param index="1">
              <value>
                <![CDATA["Incoming scenario check"]]>
              </value>
            </param>
          </params>
          <reporter-output>
          </reporter-output>
        </test-method> <!-- runScenario -->
        <test-method status="PASS" signature="runScenario(io.cucumber.testng.PickleWrapper, io.cucumber.testng.FeatureWrapper)[pri:0, instance:TestRunner.TestNGTestRunner@23ceabc1]" name="runScenario" duration-ms="4695" started-at="2023-04-03T06:03:44Z" description="Runs Cucumber Scenarios" data-provider="scenarios" finished-at="2023-04-03T06:03:49Z">
          <params>
            <param index="0">
              <value>
                <![CDATA["OC001"]]>
              </value>
            </param>
            <param index="1">
              <value>
                <![CDATA["Outbond return Cashletters"]]>
              </value>
            </param>
          </params>
          <reporter-output>
          </reporter-output>
        </test-method> <!-- runScenario -->
        <test-method status="PASS" signature="runScenario(io.cucumber.testng.PickleWrapper, io.cucumber.testng.FeatureWrapper)[pri:0, instance:TestRunner.TestNGTestRunner@23ceabc1]" name="runScenario" duration-ms="4452" started-at="2023-04-03T06:03:49Z" description="Runs Cucumber Scenarios" data-provider="scenarios" finished-at="2023-04-03T06:03:54Z">
          <params>
            <param index="0">
              <value>
                <![CDATA["OC002"]]>
              </value>
            </param>
            <param index="1">
              <value>
                <![CDATA["Outbond return Cashletters"]]>
              </value>
            </param>
          </params>
          <reporter-output>
          </reporter-output>
        </test-method> <!-- runScenario -->
        <test-method status="PASS" signature="runScenario(io.cucumber.testng.PickleWrapper, io.cucumber.testng.FeatureWrapper)[pri:0, instance:TestRunner.TestNGTestRunner@23ceabc1]" name="runScenario" duration-ms="5995" started-at="2023-04-03T06:03:54Z" description="Runs Cucumber Scenarios" data-provider="scenarios" finished-at="2023-04-03T06:04:00Z">
          <params>
            <param index="0">
              <value>
                <![CDATA["OC003"]]>
              </value>
            </param>
            <param index="1">
              <value>
                <![CDATA["Outbond return Cashletters"]]>
              </value>
            </param>
          </params>
          <reporter-output>
          </reporter-output>
        </test-method> <!-- runScenario -->
        <test-method status="PASS" signature="runScenario(io.cucumber.testng.PickleWrapper, io.cucumber.testng.FeatureWrapper)[pri:0, instance:TestRunner.TestNGTestRunner@23ceabc1]" name="runScenario" duration-ms="4185" started-at="2023-04-03T06:04:00Z" description="Runs Cucumber Scenarios" data-provider="scenarios" finished-at="2023-04-03T06:04:04Z">
          <params>
            <param index="0">
              <value>
                <![CDATA["valid login check"]]>
              </value>
            </param>
            <param index="1">
              <value>
                <![CDATA["ATF login check"]]>
              </value>
            </param>
          </params>
          <reporter-output>
          </reporter-output>
        </test-method> <!-- runScenario -->
        <test-method status="PASS" signature="runScenario(io.cucumber.testng.PickleWrapper, io.cucumber.testng.FeatureWrapper)[pri:0, instance:TestRunner.TestNGTestRunner@23ceabc1]" name="runScenario" duration-ms="3664" started-at="2023-04-03T06:04:04Z" description="Runs Cucumber Scenarios" data-provider="scenarios" finished-at="2023-04-03T06:04:07Z">
          <params>
            <param index="0">
              <value>
                <![CDATA["invalid user check"]]>
              </value>
            </param>
            <param index="1">
              <value>
                <![CDATA["ATF login check"]]>
              </value>
            </param>
          </params>
          <reporter-output>
          </reporter-output>
        </test-method> <!-- runScenario -->
        <test-method status="PASS" signature="runScenario(io.cucumber.testng.PickleWrapper, io.cucumber.testng.FeatureWrapper)[pri:0, instance:TestRunner.TestNGTestRunner@23ceabc1]" name="runScenario" duration-ms="4500" started-at="2023-04-03T06:04:07Z" description="Runs Cucumber Scenarios" data-provider="scenarios" finished-at="2023-04-03T06:04:12Z">
          <params>
            <param index="0">
              <value>
                <![CDATA["invalid user check"]]>
              </value>
            </param>
            <param index="1">
              <value>
                <![CDATA["ATF login check"]]>
              </value>
            </param>
          </params>
          <reporter-output>
          </reporter-output>
        </test-method> <!-- runScenario -->
        <test-method status="PASS" signature="tearDownClass()[pri:0, instance:TestRunner.TestNGTestRunner@23ceabc1]" name="tearDownClass" is-config="true" duration-ms="173" started-at="2023-04-03T06:04:12Z" finished-at="2023-04-03T06:04:12Z">
          <reporter-output>
          </reporter-output>
        </test-method> <!-- tearDownClass -->
      </class> <!-- TestRunner.TestNGTestRunner -->
    </test> <!-- Default test -->
  </suite> <!-- Default suite -->
</testng-results>
