<?xml version="1.0" encoding="UTF-8"?>
<!-- Generated by org.testng.reporters.JUnitReportReporter -->
<testsuite skipped="0" hostname="CDWAPGST0156" name="TestRunner.TestNGTestRunner" tests="103" failures="0" timestamp="2023-04-05T06:44:07 EDT" time="470.729" errors="1">
  <testcase name="runScenario" time="4.491" classname="TestRunner.TestNGTestRunner"/>
  <system-out/>
  <testcase name="runScenario" time="4.616" classname="TestRunner.TestNGTestRunner"/>
  <system-out/>
  <testcase name="runScenario" time="6.209" classname="TestRunner.TestNGTestRunner"/>
  <system-out/>
  <testcase name="runScenario" time="3.984" classname="TestRunner.TestNGTestRunner"/>
  <system-out/>
  <testcase name="runScenario" time="5.267" classname="TestRunner.TestNGTestRunner"/>
  <system-out/>
  <testcase name="runScenario" time="4.262" classname="TestRunner.TestNGTestRunner"/>
  <system-out/>
  <testcase name="runScenario" time="4.567" classname="TestRunner.TestNGTestRunner"/>
  <system-out/>
  <testcase name="runScenario" time="4.319" classname="TestRunner.TestNGTestRunner"/>
  <system-out/>
  <testcase name="runScenario" time="4.378" classname="TestRunner.TestNGTestRunner"/>
  <system-out/>
  <testcase name="runScenario" time="4.490" classname="TestRunner.TestNGTestRunner"/>
  <system-out/>
  <testcase name="runScenario" time="4.631" classname="TestRunner.TestNGTestRunner"/>
  <system-out/>
  <testcase name="runScenario" time="4.728" classname="TestRunner.TestNGTestRunner"/>
  <system-out/>
  <testcase name="runScenario" time="4.038" classname="TestRunner.TestNGTestRunner"/>
  <system-out/>
  <testcase name="runScenario" time="4.194" classname="TestRunner.TestNGTestRunner"/>
  <system-out/>
  <testcase name="runScenario" time="5.562" classname="TestRunner.TestNGTestRunner"/>
  <system-out/>
  <testcase name="runScenario" time="4.345" classname="TestRunner.TestNGTestRunner"/>
  <system-out/>
  <testcase name="runScenario" time="4.132" classname="TestRunner.TestNGTestRunner"/>
  <system-out/>
  <testcase name="runScenario" time="4.329" classname="TestRunner.TestNGTestRunner"/>
  <system-out/>
  <testcase name="runScenario" time="4.881" classname="TestRunner.TestNGTestRunner"/>
  <system-out/>
  <testcase name="runScenario" time="4.542" classname="TestRunner.TestNGTestRunner"/>
  <system-out/>
  <testcase name="runScenario" time="4.456" classname="TestRunner.TestNGTestRunner"/>
  <system-out/>
  <testcase name="runScenario" time="5.467" classname="TestRunner.TestNGTestRunner"/>
  <system-out/>
  <testcase name="runScenario" time="4.327" classname="TestRunner.TestNGTestRunner"/>
  <system-out/>
  <testcase name="runScenario" time="5.388" classname="TestRunner.TestNGTestRunner"/>
  <system-out/>
  <testcase name="runScenario" time="4.381" classname="TestRunner.TestNGTestRunner"/>
  <system-out/>
  <testcase name="runScenario" time="4.565" classname="TestRunner.TestNGTestRunner"/>
  <system-out/>
  <testcase name="runScenario" time="4.313" classname="TestRunner.TestNGTestRunner"/>
  <system-out/>
  <testcase name="runScenario" time="5.784" classname="TestRunner.TestNGTestRunner"/>
  <system-out/>
  <testcase name="runScenario" time="4.262" classname="TestRunner.TestNGTestRunner"/>
  <system-out/>
  <testcase name="runScenario" time="4.558" classname="TestRunner.TestNGTestRunner"/>
  <system-out/>
  <testcase name="runScenario" time="4.812" classname="TestRunner.TestNGTestRunner"/>
  <system-out/>
  <testcase name="runScenario" time="5.716" classname="TestRunner.TestNGTestRunner"/>
  <system-out/>
  <testcase name="runScenario" time="5.362" classname="TestRunner.TestNGTestRunner"/>
  <system-out/>
  <testcase name="runScenario" time="4.085" classname="TestRunner.TestNGTestRunner"/>
  <system-out/>
  <testcase name="runScenario" time="4.474" classname="TestRunner.TestNGTestRunner"/>
  <system-out/>
  <testcase name="runScenario" time="4.343" classname="TestRunner.TestNGTestRunner"/>
  <system-out/>
  <testcase name="runScenario" time="4.269" classname="TestRunner.TestNGTestRunner"/>
  <system-out/>
  <testcase name="runScenario" time="4.224" classname="TestRunner.TestNGTestRunner"/>
  <system-out/>
  <testcase name="runScenario" time="4.168" classname="TestRunner.TestNGTestRunner"/>
  <system-out/>
  <testcase name="runScenario" time="4.511" classname="TestRunner.TestNGTestRunner"/>
  <system-out/>
  <testcase name="runScenario" time="4.162" classname="TestRunner.TestNGTestRunner"/>
  <system-out/>
  <testcase name="runScenario" time="4.294" classname="TestRunner.TestNGTestRunner"/>
  <system-out/>
  <testcase name="runScenario" time="4.564" classname="TestRunner.TestNGTestRunner"/>
  <system-out/>
  <testcase name="runScenario" time="4.046" classname="TestRunner.TestNGTestRunner"/>
  <system-out/>
  <testcase name="runScenario" time="4.075" classname="TestRunner.TestNGTestRunner"/>
  <system-out/>
  <testcase name="runScenario" time="4.037" classname="TestRunner.TestNGTestRunner"/>
  <system-out/>
  <testcase name="runScenario" time="4.890" classname="TestRunner.TestNGTestRunner"/>
  <system-out/>
  <testcase name="runScenario" time="5.281" classname="TestRunner.TestNGTestRunner"/>
  <system-out/>
  <testcase name="runScenario" time="4.625" classname="TestRunner.TestNGTestRunner"/>
  <system-out/>
  <testcase name="runScenario" time="3.948" classname="TestRunner.TestNGTestRunner"/>
  <system-out/>
  <testcase name="runScenario" time="4.322" classname="TestRunner.TestNGTestRunner"/>
  <system-out/>
  <testcase name="runScenario" time="4.286" classname="TestRunner.TestNGTestRunner"/>
  <system-out/>
  <testcase name="runScenario" time="4.158" classname="TestRunner.TestNGTestRunner"/>
  <system-out/>
  <testcase name="runScenario" time="4.875" classname="TestRunner.TestNGTestRunner"/>
  <system-out/>
  <testcase name="runScenario" time="4.818" classname="TestRunner.TestNGTestRunner"/>
  <system-out/>
  <testcase name="runScenario" time="4.428" classname="TestRunner.TestNGTestRunner"/>
  <system-out/>
  <testcase name="runScenario" time="6.412" classname="TestRunner.TestNGTestRunner"/>
  <system-out/>
  <testcase name="runScenario" time="4.447" classname="TestRunner.TestNGTestRunner"/>
  <system-out/>
  <testcase name="runScenario" time="4.316" classname="TestRunner.TestNGTestRunner"/>
  <system-out/>
  <testcase name="runScenario" time="4.013" classname="TestRunner.TestNGTestRunner"/>
  <system-out/>
  <testcase name="runScenario" time="4.651" classname="TestRunner.TestNGTestRunner"/>
  <system-out/>
  <testcase name="runScenario" time="3.530" classname="TestRunner.TestNGTestRunner"/>
  <system-out/>
  <testcase name="runScenario" time="3.977" classname="TestRunner.TestNGTestRunner"/>
  <system-out/>
  <testcase name="runScenario" time="6.419" classname="TestRunner.TestNGTestRunner"/>
  <system-out/>
  <testcase name="runScenario" time="4.047" classname="TestRunner.TestNGTestRunner"/>
  <system-out/>
  <testcase name="runScenario" time="4.627" classname="TestRunner.TestNGTestRunner"/>
  <system-out/>
  <testcase name="runScenario" time="5.011" classname="TestRunner.TestNGTestRunner"/>
  <system-out/>
  <testcase name="runScenario" time="4.207" classname="TestRunner.TestNGTestRunner"/>
  <system-out/>
  <testcase name="runScenario" time="3.345" classname="TestRunner.TestNGTestRunner"/>
  <system-out/>
  <testcase name="runScenario" time="3.678" classname="TestRunner.TestNGTestRunner">
    <error type="org.openqa.selenium.ElementNotInteractableException" message="element not interactable
  (Session info: chrome=109.0.5414.129)
Build info: version: &#039;4.8.1&#039;, revision: &#039;8ebccac989&#039;
System info: os.name: &#039;Windows Server 2012 R2&#039;, os.arch: &#039;amd64&#039;, os.version: &#039;6.3&#039;, java.version: &#039;1.8.0_60&#039;
Driver info: org.openqa.selenium.chrome.ChromeDriver
Command: [8e483ac1c89de0042871b03397b05356, sendKeysToElement {id=cef1cdab-26e7-4f49-9884-b980f93474b4, value=[Ljava.lang.CharSequence;@aa1b9ef}]
Capabilities {acceptInsecureCerts: true, browserName: chrome, browserVersion: 109.0.5414.129, chrome: {chromedriverVersion: 108.0.5359.71 (1e0e3868ee06..., userDataDir: C:\Users\F3K8U4L\AppData\Lo...}, goog:chromeOptions: {debuggerAddress: localhost:54733}, networkConnectionEnabled: false, pageLoadStrategy: normal, platformName: WINDOWS, proxy: Proxy(), se:cdp: ws://localhost:54733/devtoo..., se:cdpVersion: 109.0.5414.129, setWindowRect: true, strictFileInteractability: false, timeouts: {implicit: 0, pageLoad: 300000, script: 30000}, unhandledPromptBehavior: dismiss and notify, webauthn:extension:credBlob: true, webauthn:extension:largeBlob: true, webauthn:virtualAuthenticators: true}
Element: [[ChromeDriver: chrome on WINDOWS (8e483ac1c89de0042871b03397b05356)] -&gt; name: RCEndpointNumber_to]
Session ID: 8e483ac1c89de0042871b03397b05356">
      <![CDATA[org.openqa.selenium.ElementNotInteractableException: element not interactable
  (Session info: chrome=109.0.5414.129)
Build info: version: '4.8.1', revision: '8ebccac989'
System info: os.name: 'Windows Server 2012 R2', os.arch: 'amd64', os.version: '6.3', java.version: '1.8.0_60'
Driver info: org.openqa.selenium.chrome.ChromeDriver
Command: [8e483ac1c89de0042871b03397b05356, sendKeysToElement {id=cef1cdab-26e7-4f49-9884-b980f93474b4, value=[Ljava.lang.CharSequence;@aa1b9ef}]
Capabilities {acceptInsecureCerts: true, browserName: chrome, browserVersion: 109.0.5414.129, chrome: {chromedriverVersion: 108.0.5359.71 (1e0e3868ee06..., userDataDir: C:\Users\F3K8U4L\AppData\Lo...}, goog:chromeOptions: {debuggerAddress: localhost:54733}, networkConnectionEnabled: false, pageLoadStrategy: normal, platformName: WINDOWS, proxy: Proxy(), se:cdp: ws://localhost:54733/devtoo..., se:cdpVersion: 109.0.5414.129, setWindowRect: true, strictFileInteractability: false, timeouts: {implicit: 0, pageLoad: 300000, script: 30000}, unhandledPromptBehavior: dismiss and notify, webauthn:extension:credBlob: true, webauthn:extension:largeBlob: true, webauthn:virtualAuthenticators: true}
Element: [[ChromeDriver: chrome on WINDOWS (8e483ac1c89de0042871b03397b05356)] -> name: RCEndpointNumber_to]
Session ID: 8e483ac1c89de0042871b03397b05356
at sun.reflect.NativeConstructorAccessorImpl.newInstance0(Native Method)
at sun.reflect.NativeConstructorAccessorImpl.newInstance(NativeConstructorAccessorImpl.java:62)
at sun.reflect.DelegatingConstructorAccessorImpl.newInstance(DelegatingConstructorAccessorImpl.java:45)
at java.lang.reflect.Constructor.newInstance(Constructor.java:422)
at org.openqa.selenium.remote.codec.w3c.W3CHttpResponseCodec.createException(W3CHttpResponseCodec.java:200)
at org.openqa.selenium.remote.codec.w3c.W3CHttpResponseCodec.decode(W3CHttpResponseCodec.java:133)
at org.openqa.selenium.remote.codec.w3c.W3CHttpResponseCodec.decode(W3CHttpResponseCodec.java:53)
at org.openqa.selenium.remote.HttpCommandExecutor.execute(HttpCommandExecutor.java:184)
at org.openqa.selenium.remote.service.DriverCommandExecutor.invokeExecute(DriverCommandExecutor.java:167)
at org.openqa.selenium.remote.service.DriverCommandExecutor.execute(DriverCommandExecutor.java:142)
at org.openqa.selenium.remote.RemoteWebDriver.execute(RemoteWebDriver.java:543)
at org.openqa.selenium.remote.RemoteWebElement.execute(RemoteWebElement.java:257)
at org.openqa.selenium.remote.RemoteWebElement.sendKeys(RemoteWebElement.java:113)
at sun.reflect.GeneratedMethodAccessor81.invoke(Unknown Source)
at sun.reflect.DelegatingMethodAccessorImpl.invoke(DelegatingMethodAccessorImpl.java:43)
at java.lang.reflect.Method.invoke(Method.java:497)
at org.openqa.selenium.support.pagefactory.internal.LocatingElementHandler.invoke(LocatingElementHandler.java:52)
at com.sun.proxy.$Proxy24.sendKeys(Unknown Source)
at pageObjects.OutboundReturnCashlettesPage.EnterEndpointdetails(OutboundReturnCashlettesPage.java:54)
at StepDefinations.OutbondreturnCashlettersStep.user_enter_ob_endpoint_details_as_something_and_something(OutbondreturnCashlettersStep.java:97)
at âœ½.user enter OB Endpoint details as "5000.00" and "1000.00"(file:///F:/SumitWorkspace_new/Cucumber_ATF/src/test/resources/features/test.feature:10)
]]>
    </error>
  </testcase> <!-- runScenario -->
  <system-out/>
  <testcase name="runScenario" time="3.647" classname="TestRunner.TestNGTestRunner"/>
  <system-out/>
  <testcase name="runScenario" time="4.914" classname="TestRunner.TestNGTestRunner"/>
  <system-out/>
  <testcase name="runScenario" time="4.845" classname="TestRunner.TestNGTestRunner"/>
  <system-out/>
  <testcase name="runScenario" time="4.040" classname="TestRunner.TestNGTestRunner"/>
  <system-out/>
  <testcase name="runScenario" time="3.523" classname="TestRunner.TestNGTestRunner"/>
  <system-out/>
  <testcase name="runScenario" time="4.564" classname="TestRunner.TestNGTestRunner"/>
  <system-out/>
  <testcase name="runScenario" time="4.946" classname="TestRunner.TestNGTestRunner"/>
  <system-out/>
  <testcase name="runScenario" time="4.329" classname="TestRunner.TestNGTestRunner"/>
  <system-out/>
  <testcase name="runScenario" time="4.670" classname="TestRunner.TestNGTestRunner"/>
  <system-out/>
  <testcase name="runScenario" time="4.222" classname="TestRunner.TestNGTestRunner"/>
  <system-out/>
  <testcase name="runScenario" time="5.047" classname="TestRunner.TestNGTestRunner"/>
  <system-out/>
  <testcase name="runScenario" time="4.288" classname="TestRunner.TestNGTestRunner"/>
  <system-out/>
  <testcase name="runScenario" time="4.618" classname="TestRunner.TestNGTestRunner"/>
  <system-out/>
  <testcase name="runScenario" time="4.837" classname="TestRunner.TestNGTestRunner"/>
  <system-out/>
  <testcase name="runScenario" time="5.079" classname="TestRunner.TestNGTestRunner"/>
  <system-out/>
  <testcase name="runScenario" time="5.149" classname="TestRunner.TestNGTestRunner"/>
  <system-out/>
  <testcase name="runScenario" time="4.186" classname="TestRunner.TestNGTestRunner"/>
  <system-out/>
  <testcase name="runScenario" time="4.673" classname="TestRunner.TestNGTestRunner"/>
  <system-out/>
  <testcase name="runScenario" time="4.084" classname="TestRunner.TestNGTestRunner"/>
  <system-out/>
  <testcase name="runScenario" time="4.493" classname="TestRunner.TestNGTestRunner"/>
  <system-out/>
  <testcase name="runScenario" time="4.222" classname="TestRunner.TestNGTestRunner"/>
  <system-out/>
  <testcase name="runScenario" time="5.026" classname="TestRunner.TestNGTestRunner"/>
  <system-out/>
  <testcase name="runScenario" time="4.087" classname="TestRunner.TestNGTestRunner"/>
  <system-out/>
  <testcase name="runScenario" time="4.167" classname="TestRunner.TestNGTestRunner"/>
  <system-out/>
  <testcase name="runScenario" time="5.125" classname="TestRunner.TestNGTestRunner"/>
  <system-out/>
  <testcase name="runScenario" time="4.218" classname="TestRunner.TestNGTestRunner"/>
  <system-out/>
  <testcase name="runScenario" time="4.372" classname="TestRunner.TestNGTestRunner"/>
  <system-out/>
  <testcase name="runScenario" time="3.939" classname="TestRunner.TestNGTestRunner"/>
  <system-out/>
  <testcase name="runScenario" time="4.158" classname="TestRunner.TestNGTestRunner"/>
  <system-out/>
  <testcase name="runScenario" time="4.519" classname="TestRunner.TestNGTestRunner"/>
  <system-out/>
  <testcase name="runScenario" time="5.396" classname="TestRunner.TestNGTestRunner"/>
  <system-out/>
  <testcase name="runScenario" time="8.286" classname="TestRunner.TestNGTestRunner"/>
  <system-out/>
  <testcase name="runScenario" time="4.141" classname="TestRunner.TestNGTestRunner"/>
  <system-out/>
</testsuite> <!-- TestRunner.TestNGTestRunner -->
